<?xml version="1.0"?>
<!-- 
  Alarm configuration
  Root: demo
  WARNING: This is an automatically generated file. PLEASE DO NOT MODIFY.
-->

<config name="demo">
 <component name="TEST-BST1" >
    <component name="TEST-BST1">
      <pv name="TEST-BST1:RNDMxB0">
          <description>RNDMxB0 Noise signal Out of Limit</description> <latching>true</latching><annunciating >true</annunciating>
          <guidance><title>Noise out of Limit</title><details>HIHI = 90; HIGH= 80; LOW = 20; LOLO=10</details></guidance>
          <guidance><title>Consequence of deviation</title><details>Too much noise</details></guidance>
          <guidance><title>Corrective action</title><details>Disconnect the signal</details></guidance>
          <guidance><title>Time for response</title><details>5 minutes</details></guidance>
          <display><title>Noise control OPI</title><details>/m-TEST-BEAST/src/main/boy/sdd/TEST-BST1.opi</details></display>
      </pv>
      <pv name="TEST-BST1:RNDMxB1">
          <description>RNDMxB1 Noise signal Out of Limit</description> <latching>true</latching><annunciating >true</annunciating>
          <guidance><title>Noise out of Limit</title><details>HIHI = 90; HIGH= 80; LOW = 20; LOLO=10</details></guidance>
          <guidance><title>Consequence of deviation</title><details>Too much noise</details></guidance>
          <guidance><title>Corrective action</title><details>Disconnect the signal</details></guidance>
          <guidance><title>Time for response</title><details>5 minutes</details></guidance>
          <display><title>Noise control OPI</title><details>/m-TEST-BEAST/src/main/boy/sdd/TEST-BST1.opi</details></display>
      </pv>
      <pv name="TEST-BST1:RNDMxB2">
          <description>RNDMxB2 Noise signal Out of Limit</description> <latching>true</latching><annunciating >true</annunciating>
          <guidance><title>Noise out of Limit</title><details>HIHI = 90; HIGH= 80; LOW = 20; LOLO=10</details></guidance>
          <guidance><title>Consequence of deviation</title><details>Too much noise</details></guidance>
          <guidance><title>Corrective action</title><details>Disconnect the signal</details></guidance>
          <guidance><title>Time for response</title><details>5 minutes</details></guidance>
          <display><title>Noise control OPI</title><details>/m-TEST-BEAST/src/main/boy/sdd/TEST-BST1.opi</details></display>
      </pv>
      <pv name="TEST-BST1:RNDMxB3">
          <description>RNDMxB3 Noise signal Out of Limit</description> <latching>true</latching><annunciating >true</annunciating>
          <guidance><title>Noise out of Limit</title><details>HIHI = 90; HIGH= 80; LOW = 20; LOLO=10</details></guidance>
          <guidance><title>Consequence of deviation</title><details>Too much noise</details></guidance>
          <guidance><title>Corrective action</title><details>Disconnect the signal</details></guidance>
          <guidance><title>Time for response</title><details>5 minutes</details></guidance>
          <display><title>Noise control OPI</title><details>/m-TEST-BEAST/src/main/boy/sdd/TEST-BST1.opi</details></display>
      </pv>
      <pv name="TEST-BST1:RNDMxB4">
          <description>RNDMxB4 Noise signal Out of Limit</description> <latching>true</latching><annunciating >true</annunciating>
          <guidance><title>Noise out of Limit</title><details>HIHI = 90; HIGH= 80; LOW = 20; LOLO=10</details></guidance>
          <guidance><title>Consequence of deviation</title><details>Too much noise</details></guidance>
          <guidance><title>Corrective action</title><details>Disconnect the signal</details></guidance>
          <guidance><title>Time for response</title><details>5 minutes</details></guidance>
          <display><title>Noise control OPI</title><details>/m-TEST-BEAST/src/main/boy/sdd/TEST-BST1.opi</details></display>
      </pv>
      <pv name="TEST-BST1:RNDMxB5">
          <description>RNDMxB5 Noise signal Out of Limit</description> <latching>true</latching><annunciating >true</annunciating>
          <guidance><title>Noise out of Limit</title><details>HIHI = 90; HIGH= 80; LOW = 20; LOLO=10</details></guidance>
          <guidance><title>Consequence of deviation</title><details>Too much noise</details></guidance>
          <guidance><title>Corrective action</title><details>Disconnect the signal</details></guidance>
          <guidance><title>Time for response</title><details>5 minutes</details></guidance>
          <display><title>Noise control OPI</title><details>/m-TEST-BEAST/src/main/boy/sdd/TEST-BST1.opi</details></display>
      </pv>
      <pv name="TEST-BST1:RNDMxB6">
          <description>RNDMxB6 Noise signal Out of Limit</description> <latching>true</latching><annunciating >true</annunciating>
          <guidance><title>Noise out of Limit</title><details>HIHI = 90; HIGH= 80; LOW = 20; LOLO=10</details></guidance>
          <guidance><title>Consequence of deviation</title><details>Too much noise</details></guidance>
          <guidance><title>Corrective action</title><details>Disconnect the signal</details></guidance>
          <guidance><title>Time for response</title><details>5 minutes</details></guidance>
          <display><title>Noise control OPI</title><details>/m-TEST-BEAST/src/main/boy/sdd/TEST-BST1.opi</details></display>
      </pv>
      <pv name="TEST-BST1:RNDMxB7">
          <description>RNDMxB7 Noise signal Out of Limit</description> <latching>true</latching><annunciating >true</annunciating>
          <guidance><title>Noise out of Limit</title><details>HIHI = 90; HIGH= 80; LOW = 20; LOLO=10</details></guidance>
          <guidance><title>Consequence of deviation</title><details>Too much noise</details></guidance>
          <guidance><title>Corrective action</title><details>Disconnect the signal</details></guidance>
          <guidance><title>Time for response</title><details>5 minutes</details></guidance>
          <display><title>Noise control OPI</title><details>/m-TEST-BEAST/src/main/boy/sdd/TEST-BST1.opi</details></display>
      </pv>
      <pv name="TEST-BST1:RNDMxB8">
          <description>RNDMxB8 Noise signal Out of Limit</description> <latching>true</latching><annunciating >true</annunciating>
          <guidance><title>Noise out of Limit</title><details>HIHI = 90; HIGH= 80; LOW = 20; LOLO=10</details></guidance>
          <guidance><title>Consequence of deviation</title><details>Too much noise</details></guidance>
          <guidance><title>Corrective action</title><details>Disconnect the signal</details></guidance>
          <guidance><title>Time for response</title><details>5 minutes</details></guidance>
          <display><title>Noise control OPI</title><details>/m-TEST-BEAST/src/main/boy/sdd/TEST-BST1.opi</details></display>
      </pv>
      <pv name="TEST-BST1:RNDMxB9">
          <description>RNDMxB9 Noise signal Out of Limit</description> <latching>true</latching><annunciating >true</annunciating>
          <guidance><title>Noise out of Limit</title><details>HIHI = 90; HIGH= 80; LOW = 20; LOLO=10</details></guidance>
          <guidance><title>Consequence of deviation</title><details>Too much noise</details></guidance>
          <guidance><title>Corrective action</title><details>Disconnect the signal</details></guidance>
          <guidance><title>Time for response</title><details>5 minutes</details></guidance>
          <display><title>Noise control OPI</title><details>/m-TEST-BEAST/src/main/boy/sdd/TEST-BST1.opi</details></display>
      </pv>
      <pv name="TEST-BST1:RNDMxB10">
          <description>RNDMxB10 Noise signal Out of Limit</description> <latching>true</latching><annunciating >true</annunciating>
          <guidance><title>Noise out of Limit</title><details>HIHI = 90; HIGH= 80; LOW = 20; LOLO=10</details></guidance>
          <guidance><title>Consequence of deviation</title><details>Too much noise</details></guidance>
          <guidance><title>Corrective action</title><details>Disconnect the signal</details></guidance>
          <guidance><title>Time for response</title><details>5 minutes</details></guidance>
          <display><title>Noise control OPI</title><details>/m-TEST-BEAST/src/main/boy/sdd/TEST-BST1.opi</details></display>
      </pv>
      <pv name="TEST-BST1:RNDMxB11">
          <description>RNDMxB11 Noise signal Out of Limit</description> <latching>true</latching><annunciating >true</annunciating>
          <guidance><title>Noise out of Limit</title><details>HIHI = 90; HIGH= 80; LOW = 20; LOLO=10</details></guidance>
          <guidance><title>Consequence of deviation</title><details>Too much noise</details></guidance>
          <guidance><title>Corrective action</title><details>Disconnect the signal</details></guidance>
          <guidance><title>Time for response</title><details>5 minutes</details></guidance>
          <display><title>Noise control OPI</title><details>/m-TEST-BEAST/src/main/boy/sdd/TEST-BST1.opi</details></display>
      </pv>
      <pv name="TEST-BST1:RNDMxB12">
          <description>RNDMxB12 Noise signal Out of Limit</description> <latching>true</latching><annunciating >true</annunciating>
          <guidance><title>Noise out of Limit</title><details>HIHI = 90; HIGH= 80; LOW = 20; LOLO=10</details></guidance>
          <guidance><title>Consequence of deviation</title><details>Too much noise</details></guidance>
          <guidance><title>Corrective action</title><details>Disconnect the signal</details></guidance>
          <guidance><title>Time for response</title><details>5 minutes</details></guidance>
          <display><title>Noise control OPI</title><details>/m-TEST-BEAST/src/main/boy/sdd/TEST-BST1.opi</details></display>
      </pv>
      <pv name="TEST-BST1:RNDMxB13">
          <description>RNDMxB13 Noise signal Out of Limit</description> <latching>true</latching><annunciating >true</annunciating>
          <guidance><title>Noise out of Limit</title><details>HIHI = 90; HIGH= 80; LOW = 20; LOLO=10</details></guidance>
          <guidance><title>Consequence of deviation</title><details>Too much noise</details></guidance>
          <guidance><title>Corrective action</title><details>Disconnect the signal</details></guidance>
          <guidance><title>Time for response</title><details>5 minutes</details></guidance>
          <display><title>Noise control OPI</title><details>/m-TEST-BEAST/src/main/boy/sdd/TEST-BST1.opi</details></display>
      </pv>
      <pv name="TEST-BST1:RNDMxB14">
          <description>RNDMxB14 Noise signal Out of Limit</description> <latching>true</latching><annunciating >true</annunciating>
          <guidance><title>Noise out of Limit</title><details>HIHI = 90; HIGH= 80; LOW = 20; LOLO=10</details></guidance>
          <guidance><title>Consequence of deviation</title><details>Too much noise</details></guidance>
          <guidance><title>Corrective action</title><details>Disconnect the signal</details></guidance>
          <guidance><title>Time for response</title><details>5 minutes</details></guidance>
          <display><title>Noise control OPI</title><details>/m-TEST-BEAST/src/main/boy/sdd/TEST-BST1.opi</details></display>
      </pv>
      <pv name="TEST-BST1:RNDMxB15">
          <description>RNDMxB15 Noise signal Out of Limit</description> <latching>true</latching><annunciating >true</annunciating>
          <guidance><title>Noise out of Limit</title><details>HIHI = 90; HIGH= 80; LOW = 20; LOLO=10</details></guidance>
          <guidance><title>Consequence of deviation</title><details>Too much noise</details></guidance>
          <guidance><title>Corrective action</title><details>Disconnect the signal</details></guidance>
          <guidance><title>Time for response</title><details>5 minutes</details></guidance>
          <display><title>Noise control OPI</title><details>/m-TEST-BEAST/src/main/boy/sdd/TEST-BST1.opi</details></display>
      </pv>
      <pv name="TEST-BST1:RNDMxB16">
          <description>RNDMxB16 Noise signal Out of Limit</description> <latching>true</latching><annunciating >true</annunciating>
          <guidance><title>Noise out of Limit</title><details>HIHI = 90; HIGH= 80; LOW = 20; LOLO=10</details></guidance>
          <guidance><title>Consequence of deviation</title><details>Too much noise</details></guidance>
          <guidance><title>Corrective action</title><details>Disconnect the signal</details></guidance>
          <guidance><title>Time for response</title><details>5 minutes</details></guidance>
          <display><title>Noise control OPI</title><details>/m-TEST-BEAST/src/main/boy/sdd/TEST-BST1.opi</details></display>
      </pv>
      <pv name="TEST-BST1:RNDMxB17">
          <description>RNDMxB17 Noise signal Out of Limit</description> <latching>true</latching><annunciating >true</annunciating>
          <guidance><title>Noise out of Limit</title><details>HIHI = 90; HIGH= 80; LOW = 20; LOLO=10</details></guidance>
          <guidance><title>Consequence of deviation</title><details>Too much noise</details></guidance>
          <guidance><title>Corrective action</title><details>Disconnect the signal</details></guidance>
          <guidance><title>Time for response</title><details>5 minutes</details></guidance>
          <display><title>Noise control OPI</title><details>/m-TEST-BEAST/src/main/boy/sdd/TEST-BST1.opi</details></display>
      </pv>
      <pv name="TEST-BST1:RNDMxB18">
          <description>RNDMxB18 Noise signal Out of Limit</description> <latching>true</latching><annunciating >true</annunciating>
          <guidance><title>Noise out of Limit</title><details>HIHI = 90; HIGH= 80; LOW = 20; LOLO=10</details></guidance>
          <guidance><title>Consequence of deviation</title><details>Too much noise</details></guidance>
          <guidance><title>Corrective action</title><details>Disconnect the signal</details></guidance>
          <guidance><title>Time for response</title><details>5 minutes</details></guidance>
          <display><title>Noise control OPI</title><details>/m-TEST-BEAST/src/main/boy/sdd/TEST-BST1.opi</details></display>
      </pv>
      <pv name="TEST-BST1:RNDMxB19">
          <description>RNDMxB19 Noise signal Out of Limit</description> <latching>true</latching><annunciating >true</annunciating>
          <guidance><title>Noise out of Limit</title><details>HIHI = 90; HIGH= 80; LOW = 20; LOLO=10</details></guidance>
          <guidance><title>Consequence of deviation</title><details>Too much noise</details></guidance>
          <guidance><title>Corrective action</title><details>Disconnect the signal</details></guidance>
          <guidance><title>Time for response</title><details>5 minutes</details></guidance>
          <display><title>Noise control OPI</title><details>/m-TEST-BEAST/src/main/boy/sdd/TEST-BST1.opi</details></display>
      </pv>
      <pv name="TEST-BST1:RNDMxB20">
          <description>RNDMxB20 Noise signal Out of Limit</description> <latching>true</latching><annunciating >true</annunciating>
          <guidance><title>Noise out of Limit</title><details>HIHI = 90; HIGH= 80; LOW = 20; LOLO=10</details></guidance>
          <guidance><title>Consequence of deviation</title><details>Too much noise</details></guidance>
          <guidance><title>Corrective action</title><details>Disconnect the signal</details></guidance>
          <guidance><title>Time for response</title><details>5 minutes</details></guidance>
          <display><title>Noise control OPI</title><details>/m-TEST-BEAST/src/main/boy/sdd/TEST-BST1.opi</details></display>
      </pv>
      <pv name="TEST-BST1:RNDMxB21">
          <description>RNDMxB21 Noise signal Out of Limit</description> <latching>true</latching><annunciating >true</annunciating>
          <guidance><title>Noise out of Limit</title><details>HIHI = 90; HIGH= 80; LOW = 20; LOLO=10</details></guidance>
          <guidance><title>Consequence of deviation</title><details>Too much noise</details></guidance>
          <guidance><title>Corrective action</title><details>Disconnect the signal</details></guidance>
          <guidance><title>Time for response</title><details>5 minutes</details></guidance>
          <display><title>Noise control OPI</title><details>/m-TEST-BEAST/src/main/boy/sdd/TEST-BST1.opi</details></display>
      </pv>
      <pv name="TEST-BST1:RNDMxB22">
          <description>RNDMxB22 Noise signal Out of Limit</description> <latching>true</latching><annunciating >true</annunciating>
          <guidance><title>Noise out of Limit</title><details>HIHI = 90; HIGH= 80; LOW = 20; LOLO=10</details></guidance>
          <guidance><title>Consequence of deviation</title><details>Too much noise</details></guidance>
          <guidance><title>Corrective action</title><details>Disconnect the signal</details></guidance>
          <guidance><title>Time for response</title><details>5 minutes</details></guidance>
          <display><title>Noise control OPI</title><details>/m-TEST-BEAST/src/main/boy/sdd/TEST-BST1.opi</details></display>
      </pv>
      <pv name="TEST-BST1:RNDMxB23">
          <description>RNDMxB23 Noise signal Out of Limit</description> <latching>true</latching><annunciating >true</annunciating>
          <guidance><title>Noise out of Limit</title><details>HIHI = 90; HIGH= 80; LOW = 20; LOLO=10</details></guidance>
          <guidance><title>Consequence of deviation</title><details>Too much noise</details></guidance>
          <guidance><title>Corrective action</title><details>Disconnect the signal</details></guidance>
          <guidance><title>Time for response</title><details>5 minutes</details></guidance>
          <display><title>Noise control OPI</title><details>/m-TEST-BEAST/src/main/boy/sdd/TEST-BST1.opi</details></display>
      </pv>
      <pv name="TEST-BST1:RNDMxB24">
          <description>RNDMxB24 Noise signal Out of Limit</description> <latching>true</latching><annunciating >true</annunciating>
          <guidance><title>Noise out of Limit</title><details>HIHI = 90; HIGH= 80; LOW = 20; LOLO=10</details></guidance>
          <guidance><title>Consequence of deviation</title><details>Too much noise</details></guidance>
          <guidance><title>Corrective action</title><details>Disconnect the signal</details></guidance>
          <guidance><title>Time for response</title><details>5 minutes</details></guidance>
          <display><title>Noise control OPI</title><details>/m-TEST-BEAST/src/main/boy/sdd/TEST-BST1.opi</details></display>
      </pv>
      <pv name="TEST-BST1:RNDMxB25">
          <description>RNDMxB25 Noise signal Out of Limit</description> <latching>true</latching><annunciating >true</annunciating>
          <guidance><title>Noise out of Limit</title><details>HIHI = 90; HIGH= 80; LOW = 20; LOLO=10</details></guidance>
          <guidance><title>Consequence of deviation</title><details>Too much noise</details></guidance>
          <guidance><title>Corrective action</title><details>Disconnect the signal</details></guidance>
          <guidance><title>Time for response</title><details>5 minutes</details></guidance>
          <display><title>Noise control OPI</title><details>/m-TEST-BEAST/src/main/boy/sdd/TEST-BST1.opi</details></display>
      </pv>
      <pv name="TEST-BST1:RNDMxB26">
          <description>RNDMxB26 Noise signal Out of Limit</description> <latching>true</latching><annunciating >true</annunciating>
          <guidance><title>Noise out of Limit</title><details>HIHI = 90; HIGH= 80; LOW = 20; LOLO=10</details></guidance>
          <guidance><title>Consequence of deviation</title><details>Too much noise</details></guidance>
          <guidance><title>Corrective action</title><details>Disconnect the signal</details></guidance>
          <guidance><title>Time for response</title><details>5 minutes</details></guidance>
          <display><title>Noise control OPI</title><details>/m-TEST-BEAST/src/main/boy/sdd/TEST-BST1.opi</details></display>
      </pv>
      <pv name="TEST-BST1:RNDMxB27">
          <description>RNDMxB27 Noise signal Out of Limit</description> <latching>true</latching><annunciating >true</annunciating>
          <guidance><title>Noise out of Limit</title><details>HIHI = 90; HIGH= 80; LOW = 20; LOLO=10</details></guidance>
          <guidance><title>Consequence of deviation</title><details>Too much noise</details></guidance>
          <guidance><title>Corrective action</title><details>Disconnect the signal</details></guidance>
          <guidance><title>Time for response</title><details>5 minutes</details></guidance>
          <display><title>Noise control OPI</title><details>/m-TEST-BEAST/src/main/boy/sdd/TEST-BST1.opi</details></display>
      </pv>
      <pv name="TEST-BST1:RNDMxB28">
          <description>RNDMxB28 Noise signal Out of Limit</description> <latching>true</latching><annunciating >true</annunciating>
          <guidance><title>Noise out of Limit</title><details>HIHI = 90; HIGH= 80; LOW = 20; LOLO=10</details></guidance>
          <guidance><title>Consequence of deviation</title><details>Too much noise</details></guidance>
          <guidance><title>Corrective action</title><details>Disconnect the signal</details></guidance>
          <guidance><title>Time for response</title><details>5 minutes</details></guidance>
          <display><title>Noise control OPI</title><details>/m-TEST-BEAST/src/main/boy/sdd/TEST-BST1.opi</details></display>
      </pv>
      <pv name="TEST-BST1:RNDMxB29">
          <description>RNDMxB29 Noise signal Out of Limit</description> <latching>true</latching><annunciating >true</annunciating>
          <guidance><title>Noise out of Limit</title><details>HIHI = 90; HIGH= 80; LOW = 20; LOLO=10</details></guidance>
          <guidance><title>Consequence of deviation</title><details>Too much noise</details></guidance>
          <guidance><title>Corrective action</title><details>Disconnect the signal</details></guidance>
          <guidance><title>Time for response</title><details>5 minutes</details></guidance>
          <display><title>Noise control OPI</title><details>/m-TEST-BEAST/src/main/boy/sdd/TEST-BST1.opi</details></display>
      </pv>
      <pv name="TEST-BST1:RNDMxB30">
          <description>RNDMxB30 Noise signal Out of Limit</description> <latching>true</latching><annunciating >true</annunciating>
          <guidance><title>Noise out of Limit</title><details>HIHI = 90; HIGH= 80; LOW = 20; LOLO=10</details></guidance>
          <guidance><title>Consequence of deviation</title><details>Too much noise</details></guidance>
          <guidance><title>Corrective action</title><details>Disconnect the signal</details></guidance>
          <guidance><title>Time for response</title><details>5 minutes</details></guidance>
          <display><title>Noise control OPI</title><details>/m-TEST-BEAST/src/main/boy/sdd/TEST-BST1.opi</details></display>
      </pv>
      <pv name="TEST-BST1:RNDMxB31">
          <description>RNDMxB31 Noise signal Out of Limit</description> <latching>true</latching><annunciating >true</annunciating>
          <guidance><title>Noise out of Limit</title><details>HIHI = 90; HIGH= 80; LOW = 20; LOLO=10</details></guidance>
          <guidance><title>Consequence of deviation</title><details>Too much noise</details></guidance>
          <guidance><title>Corrective action</title><details>Disconnect the signal</details></guidance>
          <guidance><title>Time for response</title><details>5 minutes</details></guidance>
          <display><title>Noise control OPI</title><details>/m-TEST-BEAST/src/main/boy/sdd/TEST-BST1.opi</details></display>
      </pv>
      <pv name="TEST-BST1:RNDMxB32">
          <description>RNDMxB32 Noise signal Out of Limit</description> <latching>true</latching><annunciating >true</annunciating>
          <guidance><title>Noise out of Limit</title><details>HIHI = 90; HIGH= 80; LOW = 20; LOLO=10</details></guidance>
          <guidance><title>Consequence of deviation</title><details>Too much noise</details></guidance>
          <guidance><title>Corrective action</title><details>Disconnect the signal</details></guidance>
          <guidance><title>Time for response</title><details>5 minutes</details></guidance>
          <display><title>Noise control OPI</title><details>/m-TEST-BEAST/src/main/boy/sdd/TEST-BST1.opi</details></display>
      </pv>
      <pv name="TEST-BST1:RNDMxB33">
          <description>RNDMxB33 Noise signal Out of Limit</description> <latching>true</latching><annunciating >true</annunciating>
          <guidance><title>Noise out of Limit</title><details>HIHI = 90; HIGH= 80; LOW = 20; LOLO=10</details></guidance>
          <guidance><title>Consequence of deviation</title><details>Too much noise</details></guidance>
          <guidance><title>Corrective action</title><details>Disconnect the signal</details></guidance>
          <guidance><title>Time for response</title><details>5 minutes</details></guidance>
          <display><title>Noise control OPI</title><details>/m-TEST-BEAST/src/main/boy/sdd/TEST-BST1.opi</details></display>
      </pv>
      <pv name="TEST-BST1:RNDMxB34">
          <description>RNDMxB34 Noise signal Out of Limit</description> <latching>true</latching><annunciating >true</annunciating>
          <guidance><title>Noise out of Limit</title><details>HIHI = 90; HIGH= 80; LOW = 20; LOLO=10</details></guidance>
          <guidance><title>Consequence of deviation</title><details>Too much noise</details></guidance>
          <guidance><title>Corrective action</title><details>Disconnect the signal</details></guidance>
          <guidance><title>Time for response</title><details>5 minutes</details></guidance>
          <display><title>Noise control OPI</title><details>/m-TEST-BEAST/src/main/boy/sdd/TEST-BST1.opi</details></display>
      </pv>
      <pv name="TEST-BST1:RNDMxB35">
          <description>RNDMxB35 Noise signal Out of Limit</description> <latching>true</latching><annunciating >true</annunciating>
          <guidance><title>Noise out of Limit</title><details>HIHI = 90; HIGH= 80; LOW = 20; LOLO=10</details></guidance>
          <guidance><title>Consequence of deviation</title><details>Too much noise</details></guidance>
          <guidance><title>Corrective action</title><details>Disconnect the signal</details></guidance>
          <guidance><title>Time for response</title><details>5 minutes</details></guidance>
          <display><title>Noise control OPI</title><details>/m-TEST-BEAST/src/main/boy/sdd/TEST-BST1.opi</details></display>
      </pv>
      <pv name="TEST-BST1:RNDMxB36">
          <description>RNDMxB36 Noise signal Out of Limit</description> <latching>true</latching><annunciating >true</annunciating>
          <guidance><title>Noise out of Limit</title><details>HIHI = 90; HIGH= 80; LOW = 20; LOLO=10</details></guidance>
          <guidance><title>Consequence of deviation</title><details>Too much noise</details></guidance>
          <guidance><title>Corrective action</title><details>Disconnect the signal</details></guidance>
          <guidance><title>Time for response</title><details>5 minutes</details></guidance>
          <display><title>Noise control OPI</title><details>/m-TEST-BEAST/src/main/boy/sdd/TEST-BST1.opi</details></display>
      </pv>
      <pv name="TEST-BST1:RNDMxB37">
          <description>RNDMxB37 Noise signal Out of Limit</description> <latching>true</latching><annunciating >true</annunciating>
          <guidance><title>Noise out of Limit</title><details>HIHI = 90; HIGH= 80; LOW = 20; LOLO=10</details></guidance>
          <guidance><title>Consequence of deviation</title><details>Too much noise</details></guidance>
          <guidance><title>Corrective action</title><details>Disconnect the signal</details></guidance>
          <guidance><title>Time for response</title><details>5 minutes</details></guidance>
          <display><title>Noise control OPI</title><details>/m-TEST-BEAST/src/main/boy/sdd/TEST-BST1.opi</details></display>
      </pv>
      <pv name="TEST-BST1:RNDMxB38">
          <description>RNDMxB38 Noise signal Out of Limit</description> <latching>true</latching><annunciating >true</annunciating>
          <guidance><title>Noise out of Limit</title><details>HIHI = 90; HIGH= 80; LOW = 20; LOLO=10</details></guidance>
          <guidance><title>Consequence of deviation</title><details>Too much noise</details></guidance>
          <guidance><title>Corrective action</title><details>Disconnect the signal</details></guidance>
          <guidance><title>Time for response</title><details>5 minutes</details></guidance>
          <display><title>Noise control OPI</title><details>/m-TEST-BEAST/src/main/boy/sdd/TEST-BST1.opi</details></display>
      </pv>
      <pv name="TEST-BST1:RNDMxB39">
          <description>RNDMxB39 Noise signal Out of Limit</description> <latching>true</latching><annunciating >true</annunciating>
          <guidance><title>Noise out of Limit</title><details>HIHI = 90; HIGH= 80; LOW = 20; LOLO=10</details></guidance>
          <guidance><title>Consequence of deviation</title><details>Too much noise</details></guidance>
          <guidance><title>Corrective action</title><details>Disconnect the signal</details></guidance>
          <guidance><title>Time for response</title><details>5 minutes</details></guidance>
          <display><title>Noise control OPI</title><details>/m-TEST-BEAST/src/main/boy/sdd/TEST-BST1.opi</details></display>
      </pv>
      <pv name="TEST-BST1:RNDMxB40">
          <description>RNDMxB40 Noise signal Out of Limit</description> <latching>true</latching><annunciating >true</annunciating>
          <guidance><title>Noise out of Limit</title><details>HIHI = 90; HIGH= 80; LOW = 20; LOLO=10</details></guidance>
          <guidance><title>Consequence of deviation</title><details>Too much noise</details></guidance>
          <guidance><title>Corrective action</title><details>Disconnect the signal</details></guidance>
          <guidance><title>Time for response</title><details>5 minutes</details></guidance>
          <display><title>Noise control OPI</title><details>/m-TEST-BEAST/src/main/boy/sdd/TEST-BST1.opi</details></display>
      </pv>
      <pv name="TEST-BST1:RNDMxB41">
          <description>RNDMxB41 Noise signal Out of Limit</description> <latching>true</latching><annunciating >true</annunciating>
          <guidance><title>Noise out of Limit</title><details>HIHI = 90; HIGH= 80; LOW = 20; LOLO=10</details></guidance>
          <guidance><title>Consequence of deviation</title><details>Too much noise</details></guidance>
          <guidance><title>Corrective action</title><details>Disconnect the signal</details></guidance>
          <guidance><title>Time for response</title><details>5 minutes</details></guidance>
          <display><title>Noise control OPI</title><details>/m-TEST-BEAST/src/main/boy/sdd/TEST-BST1.opi</details></display>
      </pv>
      <pv name="TEST-BST1:RNDMxB42">
          <description>RNDMxB42 Noise signal Out of Limit</description> <latching>true</latching><annunciating >true</annunciating>
          <guidance><title>Noise out of Limit</title><details>HIHI = 90; HIGH= 80; LOW = 20; LOLO=10</details></guidance>
          <guidance><title>Consequence of deviation</title><details>Too much noise</details></guidance>
          <guidance><title>Corrective action</title><details>Disconnect the signal</details></guidance>
          <guidance><title>Time for response</title><details>5 minutes</details></guidance>
          <display><title>Noise control OPI</title><details>/m-TEST-BEAST/src/main/boy/sdd/TEST-BST1.opi</details></display>
      </pv>
      <pv name="TEST-BST1:RNDMxB43">
          <description>RNDMxB43 Noise signal Out of Limit</description> <latching>true</latching><annunciating >true</annunciating>
          <guidance><title>Noise out of Limit</title><details>HIHI = 90; HIGH= 80; LOW = 20; LOLO=10</details></guidance>
          <guidance><title>Consequence of deviation</title><details>Too much noise</details></guidance>
          <guidance><title>Corrective action</title><details>Disconnect the signal</details></guidance>
          <guidance><title>Time for response</title><details>5 minutes</details></guidance>
          <display><title>Noise control OPI</title><details>/m-TEST-BEAST/src/main/boy/sdd/TEST-BST1.opi</details></display>
      </pv>
      <pv name="TEST-BST1:RNDMxB44">
          <description>RNDMxB44 Noise signal Out of Limit</description> <latching>true</latching><annunciating >true</annunciating>
          <guidance><title>Noise out of Limit</title><details>HIHI = 90; HIGH= 80; LOW = 20; LOLO=10</details></guidance>
          <guidance><title>Consequence of deviation</title><details>Too much noise</details></guidance>
          <guidance><title>Corrective action</title><details>Disconnect the signal</details></guidance>
          <guidance><title>Time for response</title><details>5 minutes</details></guidance>
          <display><title>Noise control OPI</title><details>/m-TEST-BEAST/src/main/boy/sdd/TEST-BST1.opi</details></display>
      </pv>
      <pv name="TEST-BST1:RNDMxB45">
          <description>RNDMxB45 Noise signal Out of Limit</description> <latching>true</latching><annunciating >true</annunciating>
          <guidance><title>Noise out of Limit</title><details>HIHI = 90; HIGH= 80; LOW = 20; LOLO=10</details></guidance>
          <guidance><title>Consequence of deviation</title><details>Too much noise</details></guidance>
          <guidance><title>Corrective action</title><details>Disconnect the signal</details></guidance>
          <guidance><title>Time for response</title><details>5 minutes</details></guidance>
          <display><title>Noise control OPI</title><details>/m-TEST-BEAST/src/main/boy/sdd/TEST-BST1.opi</details></display>
      </pv>
      <pv name="TEST-BST1:RNDMxB46">
          <description>RNDMxB46 Noise signal Out of Limit</description> <latching>true</latching><annunciating >true</annunciating>
          <guidance><title>Noise out of Limit</title><details>HIHI = 90; HIGH= 80; LOW = 20; LOLO=10</details></guidance>
          <guidance><title>Consequence of deviation</title><details>Too much noise</details></guidance>
          <guidance><title>Corrective action</title><details>Disconnect the signal</details></guidance>
          <guidance><title>Time for response</title><details>5 minutes</details></guidance>
          <display><title>Noise control OPI</title><details>/m-TEST-BEAST/src/main/boy/sdd/TEST-BST1.opi</details></display>
      </pv>
      <pv name="TEST-BST1:RNDMxB47">
          <description>RNDMxB47 Noise signal Out of Limit</description> <latching>true</latching><annunciating >true</annunciating>
          <guidance><title>Noise out of Limit</title><details>HIHI = 90; HIGH= 80; LOW = 20; LOLO=10</details></guidance>
          <guidance><title>Consequence of deviation</title><details>Too much noise</details></guidance>
          <guidance><title>Corrective action</title><details>Disconnect the signal</details></guidance>
          <guidance><title>Time for response</title><details>5 minutes</details></guidance>
          <display><title>Noise control OPI</title><details>/m-TEST-BEAST/src/main/boy/sdd/TEST-BST1.opi</details></display>
      </pv>
      <pv name="TEST-BST1:RNDMxB48">
          <description>RNDMxB48 Noise signal Out of Limit</description> <latching>true</latching><annunciating >true</annunciating>
          <guidance><title>Noise out of Limit</title><details>HIHI = 90; HIGH= 80; LOW = 20; LOLO=10</details></guidance>
          <guidance><title>Consequence of deviation</title><details>Too much noise</details></guidance>
          <guidance><title>Corrective action</title><details>Disconnect the signal</details></guidance>
          <guidance><title>Time for response</title><details>5 minutes</details></guidance>
          <display><title>Noise control OPI</title><details>/m-TEST-BEAST/src/main/boy/sdd/TEST-BST1.opi</details></display>
      </pv>
      <pv name="TEST-BST1:RNDMxB49">
          <description>RNDMxB49 Noise signal Out of Limit</description> <latching>true</latching><annunciating >true</annunciating>
          <guidance><title>Noise out of Limit</title><details>HIHI = 90; HIGH= 80; LOW = 20; LOLO=10</details></guidance>
          <guidance><title>Consequence of deviation</title><details>Too much noise</details></guidance>
          <guidance><title>Corrective action</title><details>Disconnect the signal</details></guidance>
          <guidance><title>Time for response</title><details>5 minutes</details></guidance>
          <display><title>Noise control OPI</title><details>/m-TEST-BEAST/src/main/boy/sdd/TEST-BST1.opi</details></display>
      </pv>
      <pv name="TEST-BST1:RNDMxB50">
          <description>RNDMxB50 Noise signal Out of Limit</description> <latching>true</latching><annunciating >true</annunciating>
          <guidance><title>Noise out of Limit</title><details>HIHI = 90; HIGH= 80; LOW = 20; LOLO=10</details></guidance>
          <guidance><title>Consequence of deviation</title><details>Too much noise</details></guidance>
          <guidance><title>Corrective action</title><details>Disconnect the signal</details></guidance>
          <guidance><title>Time for response</title><details>5 minutes</details></guidance>
          <display><title>Noise control OPI</title><details>/m-TEST-BEAST/src/main/boy/sdd/TEST-BST1.opi</details></display>
      </pv>
      <pv name="TEST-BST1:RNDMxB51">
          <description>RNDMxB51 Noise signal Out of Limit</description> <latching>true</latching><annunciating >true</annunciating>
          <guidance><title>Noise out of Limit</title><details>HIHI = 90; HIGH= 80; LOW = 20; LOLO=10</details></guidance>
          <guidance><title>Consequence of deviation</title><details>Too much noise</details></guidance>
          <guidance><title>Corrective action</title><details>Disconnect the signal</details></guidance>
          <guidance><title>Time for response</title><details>5 minutes</details></guidance>
          <display><title>Noise control OPI</title><details>/m-TEST-BEAST/src/main/boy/sdd/TEST-BST1.opi</details></display>
      </pv>
      <pv name="TEST-BST1:RNDMxB52">
          <description>RNDMxB52 Noise signal Out of Limit</description> <latching>true</latching><annunciating >true</annunciating>
          <guidance><title>Noise out of Limit</title><details>HIHI = 90; HIGH= 80; LOW = 20; LOLO=10</details></guidance>
          <guidance><title>Consequence of deviation</title><details>Too much noise</details></guidance>
          <guidance><title>Corrective action</title><details>Disconnect the signal</details></guidance>
          <guidance><title>Time for response</title><details>5 minutes</details></guidance>
          <display><title>Noise control OPI</title><details>/m-TEST-BEAST/src/main/boy/sdd/TEST-BST1.opi</details></display>
      </pv>
      <pv name="TEST-BST1:RNDMxB53">
          <description>RNDMxB53 Noise signal Out of Limit</description> <latching>true</latching><annunciating >true</annunciating>
          <guidance><title>Noise out of Limit</title><details>HIHI = 90; HIGH= 80; LOW = 20; LOLO=10</details></guidance>
          <guidance><title>Consequence of deviation</title><details>Too much noise</details></guidance>
          <guidance><title>Corrective action</title><details>Disconnect the signal</details></guidance>
          <guidance><title>Time for response</title><details>5 minutes</details></guidance>
          <display><title>Noise control OPI</title><details>/m-TEST-BEAST/src/main/boy/sdd/TEST-BST1.opi</details></display>
      </pv>
      <pv name="TEST-BST1:RNDMxB54">
          <description>RNDMxB54 Noise signal Out of Limit</description> <latching>true</latching><annunciating >true</annunciating>
          <guidance><title>Noise out of Limit</title><details>HIHI = 90; HIGH= 80; LOW = 20; LOLO=10</details></guidance>
          <guidance><title>Consequence of deviation</title><details>Too much noise</details></guidance>
          <guidance><title>Corrective action</title><details>Disconnect the signal</details></guidance>
          <guidance><title>Time for response</title><details>5 minutes</details></guidance>
          <display><title>Noise control OPI</title><details>/m-TEST-BEAST/src/main/boy/sdd/TEST-BST1.opi</details></display>
      </pv>
      <pv name="TEST-BST1:RNDMxB55">
          <description>RNDMxB55 Noise signal Out of Limit</description> <latching>true</latching><annunciating >true</annunciating>
          <guidance><title>Noise out of Limit</title><details>HIHI = 90; HIGH= 80; LOW = 20; LOLO=10</details></guidance>
          <guidance><title>Consequence of deviation</title><details>Too much noise</details></guidance>
          <guidance><title>Corrective action</title><details>Disconnect the signal</details></guidance>
          <guidance><title>Time for response</title><details>5 minutes</details></guidance>
          <display><title>Noise control OPI</title><details>/m-TEST-BEAST/src/main/boy/sdd/TEST-BST1.opi</details></display>
      </pv>
      <pv name="TEST-BST1:RNDMxB56">
          <description>RNDMxB56 Noise signal Out of Limit</description> <latching>true</latching><annunciating >true</annunciating>
          <guidance><title>Noise out of Limit</title><details>HIHI = 90; HIGH= 80; LOW = 20; LOLO=10</details></guidance>
          <guidance><title>Consequence of deviation</title><details>Too much noise</details></guidance>
          <guidance><title>Corrective action</title><details>Disconnect the signal</details></guidance>
          <guidance><title>Time for response</title><details>5 minutes</details></guidance>
          <display><title>Noise control OPI</title><details>/m-TEST-BEAST/src/main/boy/sdd/TEST-BST1.opi</details></display>
      </pv>
      <pv name="TEST-BST1:RNDMxB57">
          <description>RNDMxB57 Noise signal Out of Limit</description> <latching>true</latching><annunciating >true</annunciating>
          <guidance><title>Noise out of Limit</title><details>HIHI = 90; HIGH= 80; LOW = 20; LOLO=10</details></guidance>
          <guidance><title>Consequence of deviation</title><details>Too much noise</details></guidance>
          <guidance><title>Corrective action</title><details>Disconnect the signal</details></guidance>
          <guidance><title>Time for response</title><details>5 minutes</details></guidance>
          <display><title>Noise control OPI</title><details>/m-TEST-BEAST/src/main/boy/sdd/TEST-BST1.opi</details></display>
      </pv>
      <pv name="TEST-BST1:RNDMxB58">
          <description>RNDMxB58 Noise signal Out of Limit</description> <latching>true</latching><annunciating >true</annunciating>
          <guidance><title>Noise out of Limit</title><details>HIHI = 90; HIGH= 80; LOW = 20; LOLO=10</details></guidance>
          <guidance><title>Consequence of deviation</title><details>Too much noise</details></guidance>
          <guidance><title>Corrective action</title><details>Disconnect the signal</details></guidance>
          <guidance><title>Time for response</title><details>5 minutes</details></guidance>
          <display><title>Noise control OPI</title><details>/m-TEST-BEAST/src/main/boy/sdd/TEST-BST1.opi</details></display>
      </pv>
      <pv name="TEST-BST1:RNDMxB59">
          <description>RNDMxB59 Noise signal Out of Limit</description> <latching>true</latching><annunciating >true</annunciating>
          <guidance><title>Noise out of Limit</title><details>HIHI = 90; HIGH= 80; LOW = 20; LOLO=10</details></guidance>
          <guidance><title>Consequence of deviation</title><details>Too much noise</details></guidance>
          <guidance><title>Corrective action</title><details>Disconnect the signal</details></guidance>
          <guidance><title>Time for response</title><details>5 minutes</details></guidance>
          <display><title>Noise control OPI</title><details>/m-TEST-BEAST/src/main/boy/sdd/TEST-BST1.opi</details></display>
      </pv>
      <pv name="TEST-BST1:RNDMxB60">
          <description>RNDMxB60 Noise signal Out of Limit</description> <latching>true</latching><annunciating >true</annunciating>
          <guidance><title>Noise out of Limit</title><details>HIHI = 90; HIGH= 80; LOW = 20; LOLO=10</details></guidance>
          <guidance><title>Consequence of deviation</title><details>Too much noise</details></guidance>
          <guidance><title>Corrective action</title><details>Disconnect the signal</details></guidance>
          <guidance><title>Time for response</title><details>5 minutes</details></guidance>
          <display><title>Noise control OPI</title><details>/m-TEST-BEAST/src/main/boy/sdd/TEST-BST1.opi</details></display>
      </pv>
      <pv name="TEST-BST1:RNDMxB61">
          <description>RNDMxB61 Noise signal Out of Limit</description> <latching>true</latching><annunciating >true</annunciating>
          <guidance><title>Noise out of Limit</title><details>HIHI = 90; HIGH= 80; LOW = 20; LOLO=10</details></guidance>
          <guidance><title>Consequence of deviation</title><details>Too much noise</details></guidance>
          <guidance><title>Corrective action</title><details>Disconnect the signal</details></guidance>
          <guidance><title>Time for response</title><details>5 minutes</details></guidance>
          <display><title>Noise control OPI</title><details>/m-TEST-BEAST/src/main/boy/sdd/TEST-BST1.opi</details></display>
      </pv>
      <pv name="TEST-BST1:RNDMxB62">
          <description>RNDMxB62 Noise signal Out of Limit</description> <latching>true</latching><annunciating >true</annunciating>
          <guidance><title>Noise out of Limit</title><details>HIHI = 90; HIGH= 80; LOW = 20; LOLO=10</details></guidance>
          <guidance><title>Consequence of deviation</title><details>Too much noise</details></guidance>
          <guidance><title>Corrective action</title><details>Disconnect the signal</details></guidance>
          <guidance><title>Time for response</title><details>5 minutes</details></guidance>
          <display><title>Noise control OPI</title><details>/m-TEST-BEAST/src/main/boy/sdd/TEST-BST1.opi</details></display>
      </pv>
      <pv name="TEST-BST1:RNDMxB63">
          <description>RNDMxB63 Noise signal Out of Limit</description> <latching>true</latching><annunciating >true</annunciating>
          <guidance><title>Noise out of Limit</title><details>HIHI = 90; HIGH= 80; LOW = 20; LOLO=10</details></guidance>
          <guidance><title>Consequence of deviation</title><details>Too much noise</details></guidance>
          <guidance><title>Corrective action</title><details>Disconnect the signal</details></guidance>
          <guidance><title>Time for response</title><details>5 minutes</details></guidance>
          <display><title>Noise control OPI</title><details>/m-TEST-BEAST/src/main/boy/sdd/TEST-BST1.opi</details></display>
      </pv>
      <pv name="TEST-BST1:RNDMxB64">
          <description>RNDMxB64 Noise signal Out of Limit</description> <latching>true</latching><annunciating >true</annunciating>
          <guidance><title>Noise out of Limit</title><details>HIHI = 90; HIGH= 80; LOW = 20; LOLO=10</details></guidance>
          <guidance><title>Consequence of deviation</title><details>Too much noise</details></guidance>
          <guidance><title>Corrective action</title><details>Disconnect the signal</details></guidance>
          <guidance><title>Time for response</title><details>5 minutes</details></guidance>
          <display><title>Noise control OPI</title><details>/m-TEST-BEAST/src/main/boy/sdd/TEST-BST1.opi</details></display>
      </pv>
      <pv name="TEST-BST1:RNDMxB65">
          <description>RNDMxB65 Noise signal Out of Limit</description> <latching>true</latching><annunciating >true</annunciating>
          <guidance><title>Noise out of Limit</title><details>HIHI = 90; HIGH= 80; LOW = 20; LOLO=10</details></guidance>
          <guidance><title>Consequence of deviation</title><details>Too much noise</details></guidance>
          <guidance><title>Corrective action</title><details>Disconnect the signal</details></guidance>
          <guidance><title>Time for response</title><details>5 minutes</details></guidance>
          <display><title>Noise control OPI</title><details>/m-TEST-BEAST/src/main/boy/sdd/TEST-BST1.opi</details></display>
      </pv>
      <pv name="TEST-BST1:RNDMxB66">
          <description>RNDMxB66 Noise signal Out of Limit</description> <latching>true</latching><annunciating >true</annunciating>
          <guidance><title>Noise out of Limit</title><details>HIHI = 90; HIGH= 80; LOW = 20; LOLO=10</details></guidance>
          <guidance><title>Consequence of deviation</title><details>Too much noise</details></guidance>
          <guidance><title>Corrective action</title><details>Disconnect the signal</details></guidance>
          <guidance><title>Time for response</title><details>5 minutes</details></guidance>
          <display><title>Noise control OPI</title><details>/m-TEST-BEAST/src/main/boy/sdd/TEST-BST1.opi</details></display>
      </pv>
      <pv name="TEST-BST1:RNDMxB67">
          <description>RNDMxB67 Noise signal Out of Limit</description> <latching>true</latching><annunciating >true</annunciating>
          <guidance><title>Noise out of Limit</title><details>HIHI = 90; HIGH= 80; LOW = 20; LOLO=10</details></guidance>
          <guidance><title>Consequence of deviation</title><details>Too much noise</details></guidance>
          <guidance><title>Corrective action</title><details>Disconnect the signal</details></guidance>
          <guidance><title>Time for response</title><details>5 minutes</details></guidance>
          <display><title>Noise control OPI</title><details>/m-TEST-BEAST/src/main/boy/sdd/TEST-BST1.opi</details></display>
      </pv>
      <pv name="TEST-BST1:RNDMxB68">
          <description>RNDMxB68 Noise signal Out of Limit</description> <latching>true</latching><annunciating >true</annunciating>
          <guidance><title>Noise out of Limit</title><details>HIHI = 90; HIGH= 80; LOW = 20; LOLO=10</details></guidance>
          <guidance><title>Consequence of deviation</title><details>Too much noise</details></guidance>
          <guidance><title>Corrective action</title><details>Disconnect the signal</details></guidance>
          <guidance><title>Time for response</title><details>5 minutes</details></guidance>
          <display><title>Noise control OPI</title><details>/m-TEST-BEAST/src/main/boy/sdd/TEST-BST1.opi</details></display>
      </pv>
      <pv name="TEST-BST1:RNDMxB69">
          <description>RNDMxB69 Noise signal Out of Limit</description> <latching>true</latching><annunciating >true</annunciating>
          <guidance><title>Noise out of Limit</title><details>HIHI = 90; HIGH= 80; LOW = 20; LOLO=10</details></guidance>
          <guidance><title>Consequence of deviation</title><details>Too much noise</details></guidance>
          <guidance><title>Corrective action</title><details>Disconnect the signal</details></guidance>
          <guidance><title>Time for response</title><details>5 minutes</details></guidance>
          <display><title>Noise control OPI</title><details>/m-TEST-BEAST/src/main/boy/sdd/TEST-BST1.opi</details></display>
      </pv>
      <pv name="TEST-BST1:RNDMxB70">
          <description>RNDMxB70 Noise signal Out of Limit</description> <latching>true</latching><annunciating >true</annunciating>
          <guidance><title>Noise out of Limit</title><details>HIHI = 90; HIGH= 80; LOW = 20; LOLO=10</details></guidance>
          <guidance><title>Consequence of deviation</title><details>Too much noise</details></guidance>
          <guidance><title>Corrective action</title><details>Disconnect the signal</details></guidance>
          <guidance><title>Time for response</title><details>5 minutes</details></guidance>
          <display><title>Noise control OPI</title><details>/m-TEST-BEAST/src/main/boy/sdd/TEST-BST1.opi</details></display>
      </pv>
      <pv name="TEST-BST1:RNDMxB71">
          <description>RNDMxB71 Noise signal Out of Limit</description> <latching>true</latching><annunciating >true</annunciating>
          <guidance><title>Noise out of Limit</title><details>HIHI = 90; HIGH= 80; LOW = 20; LOLO=10</details></guidance>
          <guidance><title>Consequence of deviation</title><details>Too much noise</details></guidance>
          <guidance><title>Corrective action</title><details>Disconnect the signal</details></guidance>
          <guidance><title>Time for response</title><details>5 minutes</details></guidance>
          <display><title>Noise control OPI</title><details>/m-TEST-BEAST/src/main/boy/sdd/TEST-BST1.opi</details></display>
      </pv>
      <pv name="TEST-BST1:RNDMxB72">
          <description>RNDMxB72 Noise signal Out of Limit</description> <latching>true</latching><annunciating >true</annunciating>
          <guidance><title>Noise out of Limit</title><details>HIHI = 90; HIGH= 80; LOW = 20; LOLO=10</details></guidance>
          <guidance><title>Consequence of deviation</title><details>Too much noise</details></guidance>
          <guidance><title>Corrective action</title><details>Disconnect the signal</details></guidance>
          <guidance><title>Time for response</title><details>5 minutes</details></guidance>
          <display><title>Noise control OPI</title><details>/m-TEST-BEAST/src/main/boy/sdd/TEST-BST1.opi</details></display>
      </pv>
      <pv name="TEST-BST1:RNDMxB73">
          <description>RNDMxB73 Noise signal Out of Limit</description> <latching>true</latching><annunciating >true</annunciating>
          <guidance><title>Noise out of Limit</title><details>HIHI = 90; HIGH= 80; LOW = 20; LOLO=10</details></guidance>
          <guidance><title>Consequence of deviation</title><details>Too much noise</details></guidance>
          <guidance><title>Corrective action</title><details>Disconnect the signal</details></guidance>
          <guidance><title>Time for response</title><details>5 minutes</details></guidance>
          <display><title>Noise control OPI</title><details>/m-TEST-BEAST/src/main/boy/sdd/TEST-BST1.opi</details></display>
      </pv>
      <pv name="TEST-BST1:RNDMxB74">
          <description>RNDMxB74 Noise signal Out of Limit</description> <latching>true</latching><annunciating >true</annunciating>
          <guidance><title>Noise out of Limit</title><details>HIHI = 90; HIGH= 80; LOW = 20; LOLO=10</details></guidance>
          <guidance><title>Consequence of deviation</title><details>Too much noise</details></guidance>
          <guidance><title>Corrective action</title><details>Disconnect the signal</details></guidance>
          <guidance><title>Time for response</title><details>5 minutes</details></guidance>
          <display><title>Noise control OPI</title><details>/m-TEST-BEAST/src/main/boy/sdd/TEST-BST1.opi</details></display>
      </pv>
      <pv name="TEST-BST1:RNDMxB75">
          <description>RNDMxB75 Noise signal Out of Limit</description> <latching>true</latching><annunciating >true</annunciating>
          <guidance><title>Noise out of Limit</title><details>HIHI = 90; HIGH= 80; LOW = 20; LOLO=10</details></guidance>
          <guidance><title>Consequence of deviation</title><details>Too much noise</details></guidance>
          <guidance><title>Corrective action</title><details>Disconnect the signal</details></guidance>
          <guidance><title>Time for response</title><details>5 minutes</details></guidance>
          <display><title>Noise control OPI</title><details>/m-TEST-BEAST/src/main/boy/sdd/TEST-BST1.opi</details></display>
      </pv>
      <pv name="TEST-BST1:RNDMxB76">
          <description>RNDMxB76 Noise signal Out of Limit</description> <latching>true</latching><annunciating >true</annunciating>
          <guidance><title>Noise out of Limit</title><details>HIHI = 90; HIGH= 80; LOW = 20; LOLO=10</details></guidance>
          <guidance><title>Consequence of deviation</title><details>Too much noise</details></guidance>
          <guidance><title>Corrective action</title><details>Disconnect the signal</details></guidance>
          <guidance><title>Time for response</title><details>5 minutes</details></guidance>
          <display><title>Noise control OPI</title><details>/m-TEST-BEAST/src/main/boy/sdd/TEST-BST1.opi</details></display>
      </pv>
      <pv name="TEST-BST1:RNDMxB77">
          <description>RNDMxB77 Noise signal Out of Limit</description> <latching>true</latching><annunciating >true</annunciating>
          <guidance><title>Noise out of Limit</title><details>HIHI = 90; HIGH= 80; LOW = 20; LOLO=10</details></guidance>
          <guidance><title>Consequence of deviation</title><details>Too much noise</details></guidance>
          <guidance><title>Corrective action</title><details>Disconnect the signal</details></guidance>
          <guidance><title>Time for response</title><details>5 minutes</details></guidance>
          <display><title>Noise control OPI</title><details>/m-TEST-BEAST/src/main/boy/sdd/TEST-BST1.opi</details></display>
      </pv>
      <pv name="TEST-BST1:RNDMxB78">
          <description>RNDMxB78 Noise signal Out of Limit</description> <latching>true</latching><annunciating >true</annunciating>
          <guidance><title>Noise out of Limit</title><details>HIHI = 90; HIGH= 80; LOW = 20; LOLO=10</details></guidance>
          <guidance><title>Consequence of deviation</title><details>Too much noise</details></guidance>
          <guidance><title>Corrective action</title><details>Disconnect the signal</details></guidance>
          <guidance><title>Time for response</title><details>5 minutes</details></guidance>
          <display><title>Noise control OPI</title><details>/m-TEST-BEAST/src/main/boy/sdd/TEST-BST1.opi</details></display>
      </pv>
      <pv name="TEST-BST1:RNDMxB79">
          <description>RNDMxB79 Noise signal Out of Limit</description> <latching>true</latching><annunciating >true</annunciating>
          <guidance><title>Noise out of Limit</title><details>HIHI = 90; HIGH= 80; LOW = 20; LOLO=10</details></guidance>
          <guidance><title>Consequence of deviation</title><details>Too much noise</details></guidance>
          <guidance><title>Corrective action</title><details>Disconnect the signal</details></guidance>
          <guidance><title>Time for response</title><details>5 minutes</details></guidance>
          <display><title>Noise control OPI</title><details>/m-TEST-BEAST/src/main/boy/sdd/TEST-BST1.opi</details></display>
      </pv>
      <pv name="TEST-BST1:RNDMxB80">
          <description>RNDMxB80 Noise signal Out of Limit</description> <latching>true</latching><annunciating >true</annunciating>
          <guidance><title>Noise out of Limit</title><details>HIHI = 90; HIGH= 80; LOW = 20; LOLO=10</details></guidance>
          <guidance><title>Consequence of deviation</title><details>Too much noise</details></guidance>
          <guidance><title>Corrective action</title><details>Disconnect the signal</details></guidance>
          <guidance><title>Time for response</title><details>5 minutes</details></guidance>
          <display><title>Noise control OPI</title><details>/m-TEST-BEAST/src/main/boy/sdd/TEST-BST1.opi</details></display>
      </pv>
      <pv name="TEST-BST1:RNDMxB81">
          <description>RNDMxB81 Noise signal Out of Limit</description> <latching>true</latching><annunciating >true</annunciating>
          <guidance><title>Noise out of Limit</title><details>HIHI = 90; HIGH= 80; LOW = 20; LOLO=10</details></guidance>
          <guidance><title>Consequence of deviation</title><details>Too much noise</details></guidance>
          <guidance><title>Corrective action</title><details>Disconnect the signal</details></guidance>
          <guidance><title>Time for response</title><details>5 minutes</details></guidance>
          <display><title>Noise control OPI</title><details>/m-TEST-BEAST/src/main/boy/sdd/TEST-BST1.opi</details></display>
      </pv>
      <pv name="TEST-BST1:RNDMxB82">
          <description>RNDMxB82 Noise signal Out of Limit</description> <latching>true</latching><annunciating >true</annunciating>
          <guidance><title>Noise out of Limit</title><details>HIHI = 90; HIGH= 80; LOW = 20; LOLO=10</details></guidance>
          <guidance><title>Consequence of deviation</title><details>Too much noise</details></guidance>
          <guidance><title>Corrective action</title><details>Disconnect the signal</details></guidance>
          <guidance><title>Time for response</title><details>5 minutes</details></guidance>
          <display><title>Noise control OPI</title><details>/m-TEST-BEAST/src/main/boy/sdd/TEST-BST1.opi</details></display>
      </pv>
      <pv name="TEST-BST1:RNDMxB83">
          <description>RNDMxB83 Noise signal Out of Limit</description> <latching>true</latching><annunciating >true</annunciating>
          <guidance><title>Noise out of Limit</title><details>HIHI = 90; HIGH= 80; LOW = 20; LOLO=10</details></guidance>
          <guidance><title>Consequence of deviation</title><details>Too much noise</details></guidance>
          <guidance><title>Corrective action</title><details>Disconnect the signal</details></guidance>
          <guidance><title>Time for response</title><details>5 minutes</details></guidance>
          <display><title>Noise control OPI</title><details>/m-TEST-BEAST/src/main/boy/sdd/TEST-BST1.opi</details></display>
      </pv>
      <pv name="TEST-BST1:RNDMxB84">
          <description>RNDMxB84 Noise signal Out of Limit</description> <latching>true</latching><annunciating >true</annunciating>
          <guidance><title>Noise out of Limit</title><details>HIHI = 90; HIGH= 80; LOW = 20; LOLO=10</details></guidance>
          <guidance><title>Consequence of deviation</title><details>Too much noise</details></guidance>
          <guidance><title>Corrective action</title><details>Disconnect the signal</details></guidance>
          <guidance><title>Time for response</title><details>5 minutes</details></guidance>
          <display><title>Noise control OPI</title><details>/m-TEST-BEAST/src/main/boy/sdd/TEST-BST1.opi</details></display>
      </pv>
      <pv name="TEST-BST1:RNDMxB85">
          <description>RNDMxB85 Noise signal Out of Limit</description> <latching>true</latching><annunciating >true</annunciating>
          <guidance><title>Noise out of Limit</title><details>HIHI = 90; HIGH= 80; LOW = 20; LOLO=10</details></guidance>
          <guidance><title>Consequence of deviation</title><details>Too much noise</details></guidance>
          <guidance><title>Corrective action</title><details>Disconnect the signal</details></guidance>
          <guidance><title>Time for response</title><details>5 minutes</details></guidance>
          <display><title>Noise control OPI</title><details>/m-TEST-BEAST/src/main/boy/sdd/TEST-BST1.opi</details></display>
      </pv>
      <pv name="TEST-BST1:RNDMxB86">
          <description>RNDMxB86 Noise signal Out of Limit</description> <latching>true</latching><annunciating >true</annunciating>
          <guidance><title>Noise out of Limit</title><details>HIHI = 90; HIGH= 80; LOW = 20; LOLO=10</details></guidance>
          <guidance><title>Consequence of deviation</title><details>Too much noise</details></guidance>
          <guidance><title>Corrective action</title><details>Disconnect the signal</details></guidance>
          <guidance><title>Time for response</title><details>5 minutes</details></guidance>
          <display><title>Noise control OPI</title><details>/m-TEST-BEAST/src/main/boy/sdd/TEST-BST1.opi</details></display>
      </pv>
      <pv name="TEST-BST1:RNDMxB87">
          <description>RNDMxB87 Noise signal Out of Limit</description> <latching>true</latching><annunciating >true</annunciating>
          <guidance><title>Noise out of Limit</title><details>HIHI = 90; HIGH= 80; LOW = 20; LOLO=10</details></guidance>
          <guidance><title>Consequence of deviation</title><details>Too much noise</details></guidance>
          <guidance><title>Corrective action</title><details>Disconnect the signal</details></guidance>
          <guidance><title>Time for response</title><details>5 minutes</details></guidance>
          <display><title>Noise control OPI</title><details>/m-TEST-BEAST/src/main/boy/sdd/TEST-BST1.opi</details></display>
      </pv>
      <pv name="TEST-BST1:RNDMxB88">
          <description>RNDMxB88 Noise signal Out of Limit</description> <latching>true</latching><annunciating >true</annunciating>
          <guidance><title>Noise out of Limit</title><details>HIHI = 90; HIGH= 80; LOW = 20; LOLO=10</details></guidance>
          <guidance><title>Consequence of deviation</title><details>Too much noise</details></guidance>
          <guidance><title>Corrective action</title><details>Disconnect the signal</details></guidance>
          <guidance><title>Time for response</title><details>5 minutes</details></guidance>
          <display><title>Noise control OPI</title><details>/m-TEST-BEAST/src/main/boy/sdd/TEST-BST1.opi</details></display>
      </pv>
      <pv name="TEST-BST1:RNDMxB89">
          <description>RNDMxB89 Noise signal Out of Limit</description> <latching>true</latching><annunciating >true</annunciating>
          <guidance><title>Noise out of Limit</title><details>HIHI = 90; HIGH= 80; LOW = 20; LOLO=10</details></guidance>
          <guidance><title>Consequence of deviation</title><details>Too much noise</details></guidance>
          <guidance><title>Corrective action</title><details>Disconnect the signal</details></guidance>
          <guidance><title>Time for response</title><details>5 minutes</details></guidance>
          <display><title>Noise control OPI</title><details>/m-TEST-BEAST/src/main/boy/sdd/TEST-BST1.opi</details></display>
      </pv>
      <pv name="TEST-BST1:RNDMxB90">
          <description>RNDMxB90 Noise signal Out of Limit</description> <latching>true</latching><annunciating >true</annunciating>
          <guidance><title>Noise out of Limit</title><details>HIHI = 90; HIGH= 80; LOW = 20; LOLO=10</details></guidance>
          <guidance><title>Consequence of deviation</title><details>Too much noise</details></guidance>
          <guidance><title>Corrective action</title><details>Disconnect the signal</details></guidance>
          <guidance><title>Time for response</title><details>5 minutes</details></guidance>
          <display><title>Noise control OPI</title><details>/m-TEST-BEAST/src/main/boy/sdd/TEST-BST1.opi</details></display>
      </pv>
      <pv name="TEST-BST1:RNDMxB91">
          <description>RNDMxB91 Noise signal Out of Limit</description> <latching>true</latching><annunciating >true</annunciating>
          <guidance><title>Noise out of Limit</title><details>HIHI = 90; HIGH= 80; LOW = 20; LOLO=10</details></guidance>
          <guidance><title>Consequence of deviation</title><details>Too much noise</details></guidance>
          <guidance><title>Corrective action</title><details>Disconnect the signal</details></guidance>
          <guidance><title>Time for response</title><details>5 minutes</details></guidance>
          <display><title>Noise control OPI</title><details>/m-TEST-BEAST/src/main/boy/sdd/TEST-BST1.opi</details></display>
      </pv>
      <pv name="TEST-BST1:RNDMxB92">
          <description>RNDMxB92 Noise signal Out of Limit</description> <latching>true</latching><annunciating >true</annunciating>
          <guidance><title>Noise out of Limit</title><details>HIHI = 90; HIGH= 80; LOW = 20; LOLO=10</details></guidance>
          <guidance><title>Consequence of deviation</title><details>Too much noise</details></guidance>
          <guidance><title>Corrective action</title><details>Disconnect the signal</details></guidance>
          <guidance><title>Time for response</title><details>5 minutes</details></guidance>
          <display><title>Noise control OPI</title><details>/m-TEST-BEAST/src/main/boy/sdd/TEST-BST1.opi</details></display>
      </pv>
      <pv name="TEST-BST1:RNDMxB93">
          <description>RNDMxB93 Noise signal Out of Limit</description> <latching>true</latching><annunciating >true</annunciating>
          <guidance><title>Noise out of Limit</title><details>HIHI = 90; HIGH= 80; LOW = 20; LOLO=10</details></guidance>
          <guidance><title>Consequence of deviation</title><details>Too much noise</details></guidance>
          <guidance><title>Corrective action</title><details>Disconnect the signal</details></guidance>
          <guidance><title>Time for response</title><details>5 minutes</details></guidance>
          <display><title>Noise control OPI</title><details>/m-TEST-BEAST/src/main/boy/sdd/TEST-BST1.opi</details></display>
      </pv>
      <pv name="TEST-BST1:RNDMxB94">
          <description>RNDMxB94 Noise signal Out of Limit</description> <latching>true</latching><annunciating >true</annunciating>
          <guidance><title>Noise out of Limit</title><details>HIHI = 90; HIGH= 80; LOW = 20; LOLO=10</details></guidance>
          <guidance><title>Consequence of deviation</title><details>Too much noise</details></guidance>
          <guidance><title>Corrective action</title><details>Disconnect the signal</details></guidance>
          <guidance><title>Time for response</title><details>5 minutes</details></guidance>
          <display><title>Noise control OPI</title><details>/m-TEST-BEAST/src/main/boy/sdd/TEST-BST1.opi</details></display>
      </pv>
      <pv name="TEST-BST1:RNDMxB95">
          <description>RNDMxB95 Noise signal Out of Limit</description> <latching>true</latching><annunciating >true</annunciating>
          <guidance><title>Noise out of Limit</title><details>HIHI = 90; HIGH= 80; LOW = 20; LOLO=10</details></guidance>
          <guidance><title>Consequence of deviation</title><details>Too much noise</details></guidance>
          <guidance><title>Corrective action</title><details>Disconnect the signal</details></guidance>
          <guidance><title>Time for response</title><details>5 minutes</details></guidance>
          <display><title>Noise control OPI</title><details>/m-TEST-BEAST/src/main/boy/sdd/TEST-BST1.opi</details></display>
      </pv>
      <pv name="TEST-BST1:RNDMxB96">
          <description>RNDMxB96 Noise signal Out of Limit</description> <latching>true</latching><annunciating >true</annunciating>
          <guidance><title>Noise out of Limit</title><details>HIHI = 90; HIGH= 80; LOW = 20; LOLO=10</details></guidance>
          <guidance><title>Consequence of deviation</title><details>Too much noise</details></guidance>
          <guidance><title>Corrective action</title><details>Disconnect the signal</details></guidance>
          <guidance><title>Time for response</title><details>5 minutes</details></guidance>
          <display><title>Noise control OPI</title><details>/m-TEST-BEAST/src/main/boy/sdd/TEST-BST1.opi</details></display>
      </pv>
      <pv name="TEST-BST1:RNDMxB97">
          <description>RNDMxB97 Noise signal Out of Limit</description> <latching>true</latching><annunciating >true</annunciating>
          <guidance><title>Noise out of Limit</title><details>HIHI = 90; HIGH= 80; LOW = 20; LOLO=10</details></guidance>
          <guidance><title>Consequence of deviation</title><details>Too much noise</details></guidance>
          <guidance><title>Corrective action</title><details>Disconnect the signal</details></guidance>
          <guidance><title>Time for response</title><details>5 minutes</details></guidance>
          <display><title>Noise control OPI</title><details>/m-TEST-BEAST/src/main/boy/sdd/TEST-BST1.opi</details></display>
      </pv>
      <pv name="TEST-BST1:RNDMxB98">
          <description>RNDMxB98 Noise signal Out of Limit</description> <latching>true</latching><annunciating >true</annunciating>
          <guidance><title>Noise out of Limit</title><details>HIHI = 90; HIGH= 80; LOW = 20; LOLO=10</details></guidance>
          <guidance><title>Consequence of deviation</title><details>Too much noise</details></guidance>
          <guidance><title>Corrective action</title><details>Disconnect the signal</details></guidance>
          <guidance><title>Time for response</title><details>5 minutes</details></guidance>
          <display><title>Noise control OPI</title><details>/m-TEST-BEAST/src/main/boy/sdd/TEST-BST1.opi</details></display>
      </pv>
      <pv name="TEST-BST1:RNDMxB99">
          <description>RNDMxB99 Noise signal Out of Limit</description> <latching>true</latching><annunciating >true</annunciating>
          <guidance><title>Noise out of Limit</title><details>HIHI = 90; HIGH= 80; LOW = 20; LOLO=10</details></guidance>
          <guidance><title>Consequence of deviation</title><details>Too much noise</details></guidance>
          <guidance><title>Corrective action</title><details>Disconnect the signal</details></guidance>
          <guidance><title>Time for response</title><details>5 minutes</details></guidance>
          <display><title>Noise control OPI</title><details>/m-TEST-BEAST/src/main/boy/sdd/TEST-BST1.opi</details></display>
      </pv>
      <pv name="TEST-BST1:RNDMxB100">
          <description>RNDMxB100 Noise signal Out of Limit</description> <latching>true</latching><annunciating >true</annunciating>
          <guidance><title>Noise out of Limit</title><details>HIHI = 90; HIGH= 80; LOW = 20; LOLO=10</details></guidance>
          <guidance><title>Consequence of deviation</title><details>Too much noise</details></guidance>
          <guidance><title>Corrective action</title><details>Disconnect the signal</details></guidance>
          <guidance><title>Time for response</title><details>5 minutes</details></guidance>
          <display><title>Noise control OPI</title><details>/m-TEST-BEAST/src/main/boy/sdd/TEST-BST1.opi</details></display>
      </pv>
      <pv name="TEST-BST1:RNDMxB101">
          <description>RNDMxB101 Noise signal Out of Limit</description> <latching>true</latching><annunciating >true</annunciating>
          <guidance><title>Noise out of Limit</title><details>HIHI = 90; HIGH= 80; LOW = 20; LOLO=10</details></guidance>
          <guidance><title>Consequence of deviation</title><details>Too much noise</details></guidance>
          <guidance><title>Corrective action</title><details>Disconnect the signal</details></guidance>
          <guidance><title>Time for response</title><details>5 minutes</details></guidance>
          <display><title>Noise control OPI</title><details>/m-TEST-BEAST/src/main/boy/sdd/TEST-BST1.opi</details></display>
      </pv>
      <pv name="TEST-BST1:RNDMxB102">
          <description>RNDMxB102 Noise signal Out of Limit</description> <latching>true</latching><annunciating >true</annunciating>
          <guidance><title>Noise out of Limit</title><details>HIHI = 90; HIGH= 80; LOW = 20; LOLO=10</details></guidance>
          <guidance><title>Consequence of deviation</title><details>Too much noise</details></guidance>
          <guidance><title>Corrective action</title><details>Disconnect the signal</details></guidance>
          <guidance><title>Time for response</title><details>5 minutes</details></guidance>
          <display><title>Noise control OPI</title><details>/m-TEST-BEAST/src/main/boy/sdd/TEST-BST1.opi</details></display>
      </pv>
      <pv name="TEST-BST1:RNDMxB103">
          <description>RNDMxB103 Noise signal Out of Limit</description> <latching>true</latching><annunciating >true</annunciating>
          <guidance><title>Noise out of Limit</title><details>HIHI = 90; HIGH= 80; LOW = 20; LOLO=10</details></guidance>
          <guidance><title>Consequence of deviation</title><details>Too much noise</details></guidance>
          <guidance><title>Corrective action</title><details>Disconnect the signal</details></guidance>
          <guidance><title>Time for response</title><details>5 minutes</details></guidance>
          <display><title>Noise control OPI</title><details>/m-TEST-BEAST/src/main/boy/sdd/TEST-BST1.opi</details></display>
      </pv>
      <pv name="TEST-BST1:RNDMxB104">
          <description>RNDMxB104 Noise signal Out of Limit</description> <latching>true</latching><annunciating >true</annunciating>
          <guidance><title>Noise out of Limit</title><details>HIHI = 90; HIGH= 80; LOW = 20; LOLO=10</details></guidance>
          <guidance><title>Consequence of deviation</title><details>Too much noise</details></guidance>
          <guidance><title>Corrective action</title><details>Disconnect the signal</details></guidance>
          <guidance><title>Time for response</title><details>5 minutes</details></guidance>
          <display><title>Noise control OPI</title><details>/m-TEST-BEAST/src/main/boy/sdd/TEST-BST1.opi</details></display>
      </pv>
      <pv name="TEST-BST1:RNDMxB105">
          <description>RNDMxB105 Noise signal Out of Limit</description> <latching>true</latching><annunciating >true</annunciating>
          <guidance><title>Noise out of Limit</title><details>HIHI = 90; HIGH= 80; LOW = 20; LOLO=10</details></guidance>
          <guidance><title>Consequence of deviation</title><details>Too much noise</details></guidance>
          <guidance><title>Corrective action</title><details>Disconnect the signal</details></guidance>
          <guidance><title>Time for response</title><details>5 minutes</details></guidance>
          <display><title>Noise control OPI</title><details>/m-TEST-BEAST/src/main/boy/sdd/TEST-BST1.opi</details></display>
      </pv>
      <pv name="TEST-BST1:RNDMxB106">
          <description>RNDMxB106 Noise signal Out of Limit</description> <latching>true</latching><annunciating >true</annunciating>
          <guidance><title>Noise out of Limit</title><details>HIHI = 90; HIGH= 80; LOW = 20; LOLO=10</details></guidance>
          <guidance><title>Consequence of deviation</title><details>Too much noise</details></guidance>
          <guidance><title>Corrective action</title><details>Disconnect the signal</details></guidance>
          <guidance><title>Time for response</title><details>5 minutes</details></guidance>
          <display><title>Noise control OPI</title><details>/m-TEST-BEAST/src/main/boy/sdd/TEST-BST1.opi</details></display>
      </pv>
      <pv name="TEST-BST1:RNDMxB107">
          <description>RNDMxB107 Noise signal Out of Limit</description> <latching>true</latching><annunciating >true</annunciating>
          <guidance><title>Noise out of Limit</title><details>HIHI = 90; HIGH= 80; LOW = 20; LOLO=10</details></guidance>
          <guidance><title>Consequence of deviation</title><details>Too much noise</details></guidance>
          <guidance><title>Corrective action</title><details>Disconnect the signal</details></guidance>
          <guidance><title>Time for response</title><details>5 minutes</details></guidance>
          <display><title>Noise control OPI</title><details>/m-TEST-BEAST/src/main/boy/sdd/TEST-BST1.opi</details></display>
      </pv>
      <pv name="TEST-BST1:RNDMxB108">
          <description>RNDMxB108 Noise signal Out of Limit</description> <latching>true</latching><annunciating >true</annunciating>
          <guidance><title>Noise out of Limit</title><details>HIHI = 90; HIGH= 80; LOW = 20; LOLO=10</details></guidance>
          <guidance><title>Consequence of deviation</title><details>Too much noise</details></guidance>
          <guidance><title>Corrective action</title><details>Disconnect the signal</details></guidance>
          <guidance><title>Time for response</title><details>5 minutes</details></guidance>
          <display><title>Noise control OPI</title><details>/m-TEST-BEAST/src/main/boy/sdd/TEST-BST1.opi</details></display>
      </pv>
      <pv name="TEST-BST1:RNDMxB109">
          <description>RNDMxB109 Noise signal Out of Limit</description> <latching>true</latching><annunciating >true</annunciating>
          <guidance><title>Noise out of Limit</title><details>HIHI = 90; HIGH= 80; LOW = 20; LOLO=10</details></guidance>
          <guidance><title>Consequence of deviation</title><details>Too much noise</details></guidance>
          <guidance><title>Corrective action</title><details>Disconnect the signal</details></guidance>
          <guidance><title>Time for response</title><details>5 minutes</details></guidance>
          <display><title>Noise control OPI</title><details>/m-TEST-BEAST/src/main/boy/sdd/TEST-BST1.opi</details></display>
      </pv>
      <pv name="TEST-BST1:RNDMxB110">
          <description>RNDMxB110 Noise signal Out of Limit</description> <latching>true</latching><annunciating >true</annunciating>
          <guidance><title>Noise out of Limit</title><details>HIHI = 90; HIGH= 80; LOW = 20; LOLO=10</details></guidance>
          <guidance><title>Consequence of deviation</title><details>Too much noise</details></guidance>
          <guidance><title>Corrective action</title><details>Disconnect the signal</details></guidance>
          <guidance><title>Time for response</title><details>5 minutes</details></guidance>
          <display><title>Noise control OPI</title><details>/m-TEST-BEAST/src/main/boy/sdd/TEST-BST1.opi</details></display>
      </pv>
      <pv name="TEST-BST1:RNDMxB111">
          <description>RNDMxB111 Noise signal Out of Limit</description> <latching>true</latching><annunciating >true</annunciating>
          <guidance><title>Noise out of Limit</title><details>HIHI = 90; HIGH= 80; LOW = 20; LOLO=10</details></guidance>
          <guidance><title>Consequence of deviation</title><details>Too much noise</details></guidance>
          <guidance><title>Corrective action</title><details>Disconnect the signal</details></guidance>
          <guidance><title>Time for response</title><details>5 minutes</details></guidance>
          <display><title>Noise control OPI</title><details>/m-TEST-BEAST/src/main/boy/sdd/TEST-BST1.opi</details></display>
      </pv>
      <pv name="TEST-BST1:RNDMxB112">
          <description>RNDMxB112 Noise signal Out of Limit</description> <latching>true</latching><annunciating >true</annunciating>
          <guidance><title>Noise out of Limit</title><details>HIHI = 90; HIGH= 80; LOW = 20; LOLO=10</details></guidance>
          <guidance><title>Consequence of deviation</title><details>Too much noise</details></guidance>
          <guidance><title>Corrective action</title><details>Disconnect the signal</details></guidance>
          <guidance><title>Time for response</title><details>5 minutes</details></guidance>
          <display><title>Noise control OPI</title><details>/m-TEST-BEAST/src/main/boy/sdd/TEST-BST1.opi</details></display>
      </pv>
      <pv name="TEST-BST1:RNDMxB113">
          <description>RNDMxB113 Noise signal Out of Limit</description> <latching>true</latching><annunciating >true</annunciating>
          <guidance><title>Noise out of Limit</title><details>HIHI = 90; HIGH= 80; LOW = 20; LOLO=10</details></guidance>
          <guidance><title>Consequence of deviation</title><details>Too much noise</details></guidance>
          <guidance><title>Corrective action</title><details>Disconnect the signal</details></guidance>
          <guidance><title>Time for response</title><details>5 minutes</details></guidance>
          <display><title>Noise control OPI</title><details>/m-TEST-BEAST/src/main/boy/sdd/TEST-BST1.opi</details></display>
      </pv>
      <pv name="TEST-BST1:RNDMxB114">
          <description>RNDMxB114 Noise signal Out of Limit</description> <latching>true</latching><annunciating >true</annunciating>
          <guidance><title>Noise out of Limit</title><details>HIHI = 90; HIGH= 80; LOW = 20; LOLO=10</details></guidance>
          <guidance><title>Consequence of deviation</title><details>Too much noise</details></guidance>
          <guidance><title>Corrective action</title><details>Disconnect the signal</details></guidance>
          <guidance><title>Time for response</title><details>5 minutes</details></guidance>
          <display><title>Noise control OPI</title><details>/m-TEST-BEAST/src/main/boy/sdd/TEST-BST1.opi</details></display>
      </pv>
      <pv name="TEST-BST1:RNDMxB115">
          <description>RNDMxB115 Noise signal Out of Limit</description> <latching>true</latching><annunciating >true</annunciating>
          <guidance><title>Noise out of Limit</title><details>HIHI = 90; HIGH= 80; LOW = 20; LOLO=10</details></guidance>
          <guidance><title>Consequence of deviation</title><details>Too much noise</details></guidance>
          <guidance><title>Corrective action</title><details>Disconnect the signal</details></guidance>
          <guidance><title>Time for response</title><details>5 minutes</details></guidance>
          <display><title>Noise control OPI</title><details>/m-TEST-BEAST/src/main/boy/sdd/TEST-BST1.opi</details></display>
      </pv>
      <pv name="TEST-BST1:RNDMxB116">
          <description>RNDMxB116 Noise signal Out of Limit</description> <latching>true</latching><annunciating >true</annunciating>
          <guidance><title>Noise out of Limit</title><details>HIHI = 90; HIGH= 80; LOW = 20; LOLO=10</details></guidance>
          <guidance><title>Consequence of deviation</title><details>Too much noise</details></guidance>
          <guidance><title>Corrective action</title><details>Disconnect the signal</details></guidance>
          <guidance><title>Time for response</title><details>5 minutes</details></guidance>
          <display><title>Noise control OPI</title><details>/m-TEST-BEAST/src/main/boy/sdd/TEST-BST1.opi</details></display>
      </pv>
      <pv name="TEST-BST1:RNDMxB117">
          <description>RNDMxB117 Noise signal Out of Limit</description> <latching>true</latching><annunciating >true</annunciating>
          <guidance><title>Noise out of Limit</title><details>HIHI = 90; HIGH= 80; LOW = 20; LOLO=10</details></guidance>
          <guidance><title>Consequence of deviation</title><details>Too much noise</details></guidance>
          <guidance><title>Corrective action</title><details>Disconnect the signal</details></guidance>
          <guidance><title>Time for response</title><details>5 minutes</details></guidance>
          <display><title>Noise control OPI</title><details>/m-TEST-BEAST/src/main/boy/sdd/TEST-BST1.opi</details></display>
      </pv>
      <pv name="TEST-BST1:RNDMxB118">
          <description>RNDMxB118 Noise signal Out of Limit</description> <latching>true</latching><annunciating >true</annunciating>
          <guidance><title>Noise out of Limit</title><details>HIHI = 90; HIGH= 80; LOW = 20; LOLO=10</details></guidance>
          <guidance><title>Consequence of deviation</title><details>Too much noise</details></guidance>
          <guidance><title>Corrective action</title><details>Disconnect the signal</details></guidance>
          <guidance><title>Time for response</title><details>5 minutes</details></guidance>
          <display><title>Noise control OPI</title><details>/m-TEST-BEAST/src/main/boy/sdd/TEST-BST1.opi</details></display>
      </pv>
      <pv name="TEST-BST1:RNDMxB119">
          <description>RNDMxB119 Noise signal Out of Limit</description> <latching>true</latching><annunciating >true</annunciating>
          <guidance><title>Noise out of Limit</title><details>HIHI = 90; HIGH= 80; LOW = 20; LOLO=10</details></guidance>
          <guidance><title>Consequence of deviation</title><details>Too much noise</details></guidance>
          <guidance><title>Corrective action</title><details>Disconnect the signal</details></guidance>
          <guidance><title>Time for response</title><details>5 minutes</details></guidance>
          <display><title>Noise control OPI</title><details>/m-TEST-BEAST/src/main/boy/sdd/TEST-BST1.opi</details></display>
      </pv>
      <pv name="TEST-BST1:RNDMxB120">
          <description>RNDMxB120 Noise signal Out of Limit</description> <latching>true</latching><annunciating >true</annunciating>
          <guidance><title>Noise out of Limit</title><details>HIHI = 90; HIGH= 80; LOW = 20; LOLO=10</details></guidance>
          <guidance><title>Consequence of deviation</title><details>Too much noise</details></guidance>
          <guidance><title>Corrective action</title><details>Disconnect the signal</details></guidance>
          <guidance><title>Time for response</title><details>5 minutes</details></guidance>
          <display><title>Noise control OPI</title><details>/m-TEST-BEAST/src/main/boy/sdd/TEST-BST1.opi</details></display>
      </pv>
      <pv name="TEST-BST1:RNDMxB121">
          <description>RNDMxB121 Noise signal Out of Limit</description> <latching>true</latching><annunciating >true</annunciating>
          <guidance><title>Noise out of Limit</title><details>HIHI = 90; HIGH= 80; LOW = 20; LOLO=10</details></guidance>
          <guidance><title>Consequence of deviation</title><details>Too much noise</details></guidance>
          <guidance><title>Corrective action</title><details>Disconnect the signal</details></guidance>
          <guidance><title>Time for response</title><details>5 minutes</details></guidance>
          <display><title>Noise control OPI</title><details>/m-TEST-BEAST/src/main/boy/sdd/TEST-BST1.opi</details></display>
      </pv>
      <pv name="TEST-BST1:RNDMxB122">
          <description>RNDMxB122 Noise signal Out of Limit</description> <latching>true</latching><annunciating >true</annunciating>
          <guidance><title>Noise out of Limit</title><details>HIHI = 90; HIGH= 80; LOW = 20; LOLO=10</details></guidance>
          <guidance><title>Consequence of deviation</title><details>Too much noise</details></guidance>
          <guidance><title>Corrective action</title><details>Disconnect the signal</details></guidance>
          <guidance><title>Time for response</title><details>5 minutes</details></guidance>
          <display><title>Noise control OPI</title><details>/m-TEST-BEAST/src/main/boy/sdd/TEST-BST1.opi</details></display>
      </pv>
      <pv name="TEST-BST1:RNDMxB123">
          <description>RNDMxB123 Noise signal Out of Limit</description> <latching>true</latching><annunciating >true</annunciating>
          <guidance><title>Noise out of Limit</title><details>HIHI = 90; HIGH= 80; LOW = 20; LOLO=10</details></guidance>
          <guidance><title>Consequence of deviation</title><details>Too much noise</details></guidance>
          <guidance><title>Corrective action</title><details>Disconnect the signal</details></guidance>
          <guidance><title>Time for response</title><details>5 minutes</details></guidance>
          <display><title>Noise control OPI</title><details>/m-TEST-BEAST/src/main/boy/sdd/TEST-BST1.opi</details></display>
      </pv>
      <pv name="TEST-BST1:RNDMxB124">
          <description>RNDMxB124 Noise signal Out of Limit</description> <latching>true</latching><annunciating >true</annunciating>
          <guidance><title>Noise out of Limit</title><details>HIHI = 90; HIGH= 80; LOW = 20; LOLO=10</details></guidance>
          <guidance><title>Consequence of deviation</title><details>Too much noise</details></guidance>
          <guidance><title>Corrective action</title><details>Disconnect the signal</details></guidance>
          <guidance><title>Time for response</title><details>5 minutes</details></guidance>
          <display><title>Noise control OPI</title><details>/m-TEST-BEAST/src/main/boy/sdd/TEST-BST1.opi</details></display>
      </pv>
      <pv name="TEST-BST1:RNDMxB125">
          <description>RNDMxB125 Noise signal Out of Limit</description> <latching>true</latching><annunciating >true</annunciating>
          <guidance><title>Noise out of Limit</title><details>HIHI = 90; HIGH= 80; LOW = 20; LOLO=10</details></guidance>
          <guidance><title>Consequence of deviation</title><details>Too much noise</details></guidance>
          <guidance><title>Corrective action</title><details>Disconnect the signal</details></guidance>
          <guidance><title>Time for response</title><details>5 minutes</details></guidance>
          <display><title>Noise control OPI</title><details>/m-TEST-BEAST/src/main/boy/sdd/TEST-BST1.opi</details></display>
      </pv>
      <pv name="TEST-BST1:RNDMxB126">
          <description>RNDMxB126 Noise signal Out of Limit</description> <latching>true</latching><annunciating >true</annunciating>
          <guidance><title>Noise out of Limit</title><details>HIHI = 90; HIGH= 80; LOW = 20; LOLO=10</details></guidance>
          <guidance><title>Consequence of deviation</title><details>Too much noise</details></guidance>
          <guidance><title>Corrective action</title><details>Disconnect the signal</details></guidance>
          <guidance><title>Time for response</title><details>5 minutes</details></guidance>
          <display><title>Noise control OPI</title><details>/m-TEST-BEAST/src/main/boy/sdd/TEST-BST1.opi</details></display>
      </pv>
      <pv name="TEST-BST1:RNDMxB127">
          <description>RNDMxB127 Noise signal Out of Limit</description> <latching>true</latching><annunciating >true</annunciating>
          <guidance><title>Noise out of Limit</title><details>HIHI = 90; HIGH= 80; LOW = 20; LOLO=10</details></guidance>
          <guidance><title>Consequence of deviation</title><details>Too much noise</details></guidance>
          <guidance><title>Corrective action</title><details>Disconnect the signal</details></guidance>
          <guidance><title>Time for response</title><details>5 minutes</details></guidance>
          <display><title>Noise control OPI</title><details>/m-TEST-BEAST/src/main/boy/sdd/TEST-BST1.opi</details></display>
      </pv>
      <pv name="TEST-BST1:RNDMxB128">
          <description>RNDMxB128 Noise signal Out of Limit</description> <latching>true</latching><annunciating >true</annunciating>
          <guidance><title>Noise out of Limit</title><details>HIHI = 90; HIGH= 80; LOW = 20; LOLO=10</details></guidance>
          <guidance><title>Consequence of deviation</title><details>Too much noise</details></guidance>
          <guidance><title>Corrective action</title><details>Disconnect the signal</details></guidance>
          <guidance><title>Time for response</title><details>5 minutes</details></guidance>
          <display><title>Noise control OPI</title><details>/m-TEST-BEAST/src/main/boy/sdd/TEST-BST1.opi</details></display>
      </pv>
      <pv name="TEST-BST1:RNDMxB129">
          <description>RNDMxB129 Noise signal Out of Limit</description> <latching>true</latching><annunciating >true</annunciating>
          <guidance><title>Noise out of Limit</title><details>HIHI = 90; HIGH= 80; LOW = 20; LOLO=10</details></guidance>
          <guidance><title>Consequence of deviation</title><details>Too much noise</details></guidance>
          <guidance><title>Corrective action</title><details>Disconnect the signal</details></guidance>
          <guidance><title>Time for response</title><details>5 minutes</details></guidance>
          <display><title>Noise control OPI</title><details>/m-TEST-BEAST/src/main/boy/sdd/TEST-BST1.opi</details></display>
      </pv>
      <pv name="TEST-BST1:RNDMxB130">
          <description>RNDMxB130 Noise signal Out of Limit</description> <latching>true</latching><annunciating >true</annunciating>
          <guidance><title>Noise out of Limit</title><details>HIHI = 90; HIGH= 80; LOW = 20; LOLO=10</details></guidance>
          <guidance><title>Consequence of deviation</title><details>Too much noise</details></guidance>
          <guidance><title>Corrective action</title><details>Disconnect the signal</details></guidance>
          <guidance><title>Time for response</title><details>5 minutes</details></guidance>
          <display><title>Noise control OPI</title><details>/m-TEST-BEAST/src/main/boy/sdd/TEST-BST1.opi</details></display>
      </pv>
      <pv name="TEST-BST1:RNDMxB131">
          <description>RNDMxB131 Noise signal Out of Limit</description> <latching>true</latching><annunciating >true</annunciating>
          <guidance><title>Noise out of Limit</title><details>HIHI = 90; HIGH= 80; LOW = 20; LOLO=10</details></guidance>
          <guidance><title>Consequence of deviation</title><details>Too much noise</details></guidance>
          <guidance><title>Corrective action</title><details>Disconnect the signal</details></guidance>
          <guidance><title>Time for response</title><details>5 minutes</details></guidance>
          <display><title>Noise control OPI</title><details>/m-TEST-BEAST/src/main/boy/sdd/TEST-BST1.opi</details></display>
      </pv>
      <pv name="TEST-BST1:RNDMxB132">
          <description>RNDMxB132 Noise signal Out of Limit</description> <latching>true</latching><annunciating >true</annunciating>
          <guidance><title>Noise out of Limit</title><details>HIHI = 90; HIGH= 80; LOW = 20; LOLO=10</details></guidance>
          <guidance><title>Consequence of deviation</title><details>Too much noise</details></guidance>
          <guidance><title>Corrective action</title><details>Disconnect the signal</details></guidance>
          <guidance><title>Time for response</title><details>5 minutes</details></guidance>
          <display><title>Noise control OPI</title><details>/m-TEST-BEAST/src/main/boy/sdd/TEST-BST1.opi</details></display>
      </pv>
      <pv name="TEST-BST1:RNDMxB133">
          <description>RNDMxB133 Noise signal Out of Limit</description> <latching>true</latching><annunciating >true</annunciating>
          <guidance><title>Noise out of Limit</title><details>HIHI = 90; HIGH= 80; LOW = 20; LOLO=10</details></guidance>
          <guidance><title>Consequence of deviation</title><details>Too much noise</details></guidance>
          <guidance><title>Corrective action</title><details>Disconnect the signal</details></guidance>
          <guidance><title>Time for response</title><details>5 minutes</details></guidance>
          <display><title>Noise control OPI</title><details>/m-TEST-BEAST/src/main/boy/sdd/TEST-BST1.opi</details></display>
      </pv>
      <pv name="TEST-BST1:RNDMxB134">
          <description>RNDMxB134 Noise signal Out of Limit</description> <latching>true</latching><annunciating >true</annunciating>
          <guidance><title>Noise out of Limit</title><details>HIHI = 90; HIGH= 80; LOW = 20; LOLO=10</details></guidance>
          <guidance><title>Consequence of deviation</title><details>Too much noise</details></guidance>
          <guidance><title>Corrective action</title><details>Disconnect the signal</details></guidance>
          <guidance><title>Time for response</title><details>5 minutes</details></guidance>
          <display><title>Noise control OPI</title><details>/m-TEST-BEAST/src/main/boy/sdd/TEST-BST1.opi</details></display>
      </pv>
      <pv name="TEST-BST1:RNDMxB135">
          <description>RNDMxB135 Noise signal Out of Limit</description> <latching>true</latching><annunciating >true</annunciating>
          <guidance><title>Noise out of Limit</title><details>HIHI = 90; HIGH= 80; LOW = 20; LOLO=10</details></guidance>
          <guidance><title>Consequence of deviation</title><details>Too much noise</details></guidance>
          <guidance><title>Corrective action</title><details>Disconnect the signal</details></guidance>
          <guidance><title>Time for response</title><details>5 minutes</details></guidance>
          <display><title>Noise control OPI</title><details>/m-TEST-BEAST/src/main/boy/sdd/TEST-BST1.opi</details></display>
      </pv>
      <pv name="TEST-BST1:RNDMxB136">
          <description>RNDMxB136 Noise signal Out of Limit</description> <latching>true</latching><annunciating >true</annunciating>
          <guidance><title>Noise out of Limit</title><details>HIHI = 90; HIGH= 80; LOW = 20; LOLO=10</details></guidance>
          <guidance><title>Consequence of deviation</title><details>Too much noise</details></guidance>
          <guidance><title>Corrective action</title><details>Disconnect the signal</details></guidance>
          <guidance><title>Time for response</title><details>5 minutes</details></guidance>
          <display><title>Noise control OPI</title><details>/m-TEST-BEAST/src/main/boy/sdd/TEST-BST1.opi</details></display>
      </pv>
      <pv name="TEST-BST1:RNDMxB137">
          <description>RNDMxB137 Noise signal Out of Limit</description> <latching>true</latching><annunciating >true</annunciating>
          <guidance><title>Noise out of Limit</title><details>HIHI = 90; HIGH= 80; LOW = 20; LOLO=10</details></guidance>
          <guidance><title>Consequence of deviation</title><details>Too much noise</details></guidance>
          <guidance><title>Corrective action</title><details>Disconnect the signal</details></guidance>
          <guidance><title>Time for response</title><details>5 minutes</details></guidance>
          <display><title>Noise control OPI</title><details>/m-TEST-BEAST/src/main/boy/sdd/TEST-BST1.opi</details></display>
      </pv>
      <pv name="TEST-BST1:RNDMxB138">
          <description>RNDMxB138 Noise signal Out of Limit</description> <latching>true</latching><annunciating >true</annunciating>
          <guidance><title>Noise out of Limit</title><details>HIHI = 90; HIGH= 80; LOW = 20; LOLO=10</details></guidance>
          <guidance><title>Consequence of deviation</title><details>Too much noise</details></guidance>
          <guidance><title>Corrective action</title><details>Disconnect the signal</details></guidance>
          <guidance><title>Time for response</title><details>5 minutes</details></guidance>
          <display><title>Noise control OPI</title><details>/m-TEST-BEAST/src/main/boy/sdd/TEST-BST1.opi</details></display>
      </pv>
      <pv name="TEST-BST1:RNDMxB139">
          <description>RNDMxB139 Noise signal Out of Limit</description> <latching>true</latching><annunciating >true</annunciating>
          <guidance><title>Noise out of Limit</title><details>HIHI = 90; HIGH= 80; LOW = 20; LOLO=10</details></guidance>
          <guidance><title>Consequence of deviation</title><details>Too much noise</details></guidance>
          <guidance><title>Corrective action</title><details>Disconnect the signal</details></guidance>
          <guidance><title>Time for response</title><details>5 minutes</details></guidance>
          <display><title>Noise control OPI</title><details>/m-TEST-BEAST/src/main/boy/sdd/TEST-BST1.opi</details></display>
      </pv>
      <pv name="TEST-BST1:RNDMxB140">
          <description>RNDMxB140 Noise signal Out of Limit</description> <latching>true</latching><annunciating >true</annunciating>
          <guidance><title>Noise out of Limit</title><details>HIHI = 90; HIGH= 80; LOW = 20; LOLO=10</details></guidance>
          <guidance><title>Consequence of deviation</title><details>Too much noise</details></guidance>
          <guidance><title>Corrective action</title><details>Disconnect the signal</details></guidance>
          <guidance><title>Time for response</title><details>5 minutes</details></guidance>
          <display><title>Noise control OPI</title><details>/m-TEST-BEAST/src/main/boy/sdd/TEST-BST1.opi</details></display>
      </pv>
      <pv name="TEST-BST1:RNDMxB141">
          <description>RNDMxB141 Noise signal Out of Limit</description> <latching>true</latching><annunciating >true</annunciating>
          <guidance><title>Noise out of Limit</title><details>HIHI = 90; HIGH= 80; LOW = 20; LOLO=10</details></guidance>
          <guidance><title>Consequence of deviation</title><details>Too much noise</details></guidance>
          <guidance><title>Corrective action</title><details>Disconnect the signal</details></guidance>
          <guidance><title>Time for response</title><details>5 minutes</details></guidance>
          <display><title>Noise control OPI</title><details>/m-TEST-BEAST/src/main/boy/sdd/TEST-BST1.opi</details></display>
      </pv>
      <pv name="TEST-BST1:RNDMxB142">
          <description>RNDMxB142 Noise signal Out of Limit</description> <latching>true</latching><annunciating >true</annunciating>
          <guidance><title>Noise out of Limit</title><details>HIHI = 90; HIGH= 80; LOW = 20; LOLO=10</details></guidance>
          <guidance><title>Consequence of deviation</title><details>Too much noise</details></guidance>
          <guidance><title>Corrective action</title><details>Disconnect the signal</details></guidance>
          <guidance><title>Time for response</title><details>5 minutes</details></guidance>
          <display><title>Noise control OPI</title><details>/m-TEST-BEAST/src/main/boy/sdd/TEST-BST1.opi</details></display>
      </pv>
      <pv name="TEST-BST1:RNDMxB143">
          <description>RNDMxB143 Noise signal Out of Limit</description> <latching>true</latching><annunciating >true</annunciating>
          <guidance><title>Noise out of Limit</title><details>HIHI = 90; HIGH= 80; LOW = 20; LOLO=10</details></guidance>
          <guidance><title>Consequence of deviation</title><details>Too much noise</details></guidance>
          <guidance><title>Corrective action</title><details>Disconnect the signal</details></guidance>
          <guidance><title>Time for response</title><details>5 minutes</details></guidance>
          <display><title>Noise control OPI</title><details>/m-TEST-BEAST/src/main/boy/sdd/TEST-BST1.opi</details></display>
      </pv>
      <pv name="TEST-BST1:RNDMxB144">
          <description>RNDMxB144 Noise signal Out of Limit</description> <latching>true</latching><annunciating >true</annunciating>
          <guidance><title>Noise out of Limit</title><details>HIHI = 90; HIGH= 80; LOW = 20; LOLO=10</details></guidance>
          <guidance><title>Consequence of deviation</title><details>Too much noise</details></guidance>
          <guidance><title>Corrective action</title><details>Disconnect the signal</details></guidance>
          <guidance><title>Time for response</title><details>5 minutes</details></guidance>
          <display><title>Noise control OPI</title><details>/m-TEST-BEAST/src/main/boy/sdd/TEST-BST1.opi</details></display>
      </pv>
      <pv name="TEST-BST1:RNDMxB145">
          <description>RNDMxB145 Noise signal Out of Limit</description> <latching>true</latching><annunciating >true</annunciating>
          <guidance><title>Noise out of Limit</title><details>HIHI = 90; HIGH= 80; LOW = 20; LOLO=10</details></guidance>
          <guidance><title>Consequence of deviation</title><details>Too much noise</details></guidance>
          <guidance><title>Corrective action</title><details>Disconnect the signal</details></guidance>
          <guidance><title>Time for response</title><details>5 minutes</details></guidance>
          <display><title>Noise control OPI</title><details>/m-TEST-BEAST/src/main/boy/sdd/TEST-BST1.opi</details></display>
      </pv>
      <pv name="TEST-BST1:RNDMxB146">
          <description>RNDMxB146 Noise signal Out of Limit</description> <latching>true</latching><annunciating >true</annunciating>
          <guidance><title>Noise out of Limit</title><details>HIHI = 90; HIGH= 80; LOW = 20; LOLO=10</details></guidance>
          <guidance><title>Consequence of deviation</title><details>Too much noise</details></guidance>
          <guidance><title>Corrective action</title><details>Disconnect the signal</details></guidance>
          <guidance><title>Time for response</title><details>5 minutes</details></guidance>
          <display><title>Noise control OPI</title><details>/m-TEST-BEAST/src/main/boy/sdd/TEST-BST1.opi</details></display>
      </pv>
      <pv name="TEST-BST1:RNDMxB147">
          <description>RNDMxB147 Noise signal Out of Limit</description> <latching>true</latching><annunciating >true</annunciating>
          <guidance><title>Noise out of Limit</title><details>HIHI = 90; HIGH= 80; LOW = 20; LOLO=10</details></guidance>
          <guidance><title>Consequence of deviation</title><details>Too much noise</details></guidance>
          <guidance><title>Corrective action</title><details>Disconnect the signal</details></guidance>
          <guidance><title>Time for response</title><details>5 minutes</details></guidance>
          <display><title>Noise control OPI</title><details>/m-TEST-BEAST/src/main/boy/sdd/TEST-BST1.opi</details></display>
      </pv>
      <pv name="TEST-BST1:RNDMxB148">
          <description>RNDMxB148 Noise signal Out of Limit</description> <latching>true</latching><annunciating >true</annunciating>
          <guidance><title>Noise out of Limit</title><details>HIHI = 90; HIGH= 80; LOW = 20; LOLO=10</details></guidance>
          <guidance><title>Consequence of deviation</title><details>Too much noise</details></guidance>
          <guidance><title>Corrective action</title><details>Disconnect the signal</details></guidance>
          <guidance><title>Time for response</title><details>5 minutes</details></guidance>
          <display><title>Noise control OPI</title><details>/m-TEST-BEAST/src/main/boy/sdd/TEST-BST1.opi</details></display>
      </pv>
      <pv name="TEST-BST1:RNDMxB149">
          <description>RNDMxB149 Noise signal Out of Limit</description> <latching>true</latching><annunciating >true</annunciating>
          <guidance><title>Noise out of Limit</title><details>HIHI = 90; HIGH= 80; LOW = 20; LOLO=10</details></guidance>
          <guidance><title>Consequence of deviation</title><details>Too much noise</details></guidance>
          <guidance><title>Corrective action</title><details>Disconnect the signal</details></guidance>
          <guidance><title>Time for response</title><details>5 minutes</details></guidance>
          <display><title>Noise control OPI</title><details>/m-TEST-BEAST/src/main/boy/sdd/TEST-BST1.opi</details></display>
      </pv>
      <pv name="TEST-BST1:RNDMxB150">
          <description>RNDMxB150 Noise signal Out of Limit</description> <latching>true</latching><annunciating >true</annunciating>
          <guidance><title>Noise out of Limit</title><details>HIHI = 90; HIGH= 80; LOW = 20; LOLO=10</details></guidance>
          <guidance><title>Consequence of deviation</title><details>Too much noise</details></guidance>
          <guidance><title>Corrective action</title><details>Disconnect the signal</details></guidance>
          <guidance><title>Time for response</title><details>5 minutes</details></guidance>
          <display><title>Noise control OPI</title><details>/m-TEST-BEAST/src/main/boy/sdd/TEST-BST1.opi</details></display>
      </pv>
      <pv name="TEST-BST1:RNDMxB151">
          <description>RNDMxB151 Noise signal Out of Limit</description> <latching>true</latching><annunciating >true</annunciating>
          <guidance><title>Noise out of Limit</title><details>HIHI = 90; HIGH= 80; LOW = 20; LOLO=10</details></guidance>
          <guidance><title>Consequence of deviation</title><details>Too much noise</details></guidance>
          <guidance><title>Corrective action</title><details>Disconnect the signal</details></guidance>
          <guidance><title>Time for response</title><details>5 minutes</details></guidance>
          <display><title>Noise control OPI</title><details>/m-TEST-BEAST/src/main/boy/sdd/TEST-BST1.opi</details></display>
      </pv>
      <pv name="TEST-BST1:RNDMxB152">
          <description>RNDMxB152 Noise signal Out of Limit</description> <latching>true</latching><annunciating >true</annunciating>
          <guidance><title>Noise out of Limit</title><details>HIHI = 90; HIGH= 80; LOW = 20; LOLO=10</details></guidance>
          <guidance><title>Consequence of deviation</title><details>Too much noise</details></guidance>
          <guidance><title>Corrective action</title><details>Disconnect the signal</details></guidance>
          <guidance><title>Time for response</title><details>5 minutes</details></guidance>
          <display><title>Noise control OPI</title><details>/m-TEST-BEAST/src/main/boy/sdd/TEST-BST1.opi</details></display>
      </pv>
      <pv name="TEST-BST1:RNDMxB153">
          <description>RNDMxB153 Noise signal Out of Limit</description> <latching>true</latching><annunciating >true</annunciating>
          <guidance><title>Noise out of Limit</title><details>HIHI = 90; HIGH= 80; LOW = 20; LOLO=10</details></guidance>
          <guidance><title>Consequence of deviation</title><details>Too much noise</details></guidance>
          <guidance><title>Corrective action</title><details>Disconnect the signal</details></guidance>
          <guidance><title>Time for response</title><details>5 minutes</details></guidance>
          <display><title>Noise control OPI</title><details>/m-TEST-BEAST/src/main/boy/sdd/TEST-BST1.opi</details></display>
      </pv>
      <pv name="TEST-BST1:RNDMxB154">
          <description>RNDMxB154 Noise signal Out of Limit</description> <latching>true</latching><annunciating >true</annunciating>
          <guidance><title>Noise out of Limit</title><details>HIHI = 90; HIGH= 80; LOW = 20; LOLO=10</details></guidance>
          <guidance><title>Consequence of deviation</title><details>Too much noise</details></guidance>
          <guidance><title>Corrective action</title><details>Disconnect the signal</details></guidance>
          <guidance><title>Time for response</title><details>5 minutes</details></guidance>
          <display><title>Noise control OPI</title><details>/m-TEST-BEAST/src/main/boy/sdd/TEST-BST1.opi</details></display>
      </pv>
      <pv name="TEST-BST1:RNDMxB155">
          <description>RNDMxB155 Noise signal Out of Limit</description> <latching>true</latching><annunciating >true</annunciating>
          <guidance><title>Noise out of Limit</title><details>HIHI = 90; HIGH= 80; LOW = 20; LOLO=10</details></guidance>
          <guidance><title>Consequence of deviation</title><details>Too much noise</details></guidance>
          <guidance><title>Corrective action</title><details>Disconnect the signal</details></guidance>
          <guidance><title>Time for response</title><details>5 minutes</details></guidance>
          <display><title>Noise control OPI</title><details>/m-TEST-BEAST/src/main/boy/sdd/TEST-BST1.opi</details></display>
      </pv>
      <pv name="TEST-BST1:RNDMxB156">
          <description>RNDMxB156 Noise signal Out of Limit</description> <latching>true</latching><annunciating >true</annunciating>
          <guidance><title>Noise out of Limit</title><details>HIHI = 90; HIGH= 80; LOW = 20; LOLO=10</details></guidance>
          <guidance><title>Consequence of deviation</title><details>Too much noise</details></guidance>
          <guidance><title>Corrective action</title><details>Disconnect the signal</details></guidance>
          <guidance><title>Time for response</title><details>5 minutes</details></guidance>
          <display><title>Noise control OPI</title><details>/m-TEST-BEAST/src/main/boy/sdd/TEST-BST1.opi</details></display>
      </pv>
      <pv name="TEST-BST1:RNDMxB157">
          <description>RNDMxB157 Noise signal Out of Limit</description> <latching>true</latching><annunciating >true</annunciating>
          <guidance><title>Noise out of Limit</title><details>HIHI = 90; HIGH= 80; LOW = 20; LOLO=10</details></guidance>
          <guidance><title>Consequence of deviation</title><details>Too much noise</details></guidance>
          <guidance><title>Corrective action</title><details>Disconnect the signal</details></guidance>
          <guidance><title>Time for response</title><details>5 minutes</details></guidance>
          <display><title>Noise control OPI</title><details>/m-TEST-BEAST/src/main/boy/sdd/TEST-BST1.opi</details></display>
      </pv>
      <pv name="TEST-BST1:RNDMxB158">
          <description>RNDMxB158 Noise signal Out of Limit</description> <latching>true</latching><annunciating >true</annunciating>
          <guidance><title>Noise out of Limit</title><details>HIHI = 90; HIGH= 80; LOW = 20; LOLO=10</details></guidance>
          <guidance><title>Consequence of deviation</title><details>Too much noise</details></guidance>
          <guidance><title>Corrective action</title><details>Disconnect the signal</details></guidance>
          <guidance><title>Time for response</title><details>5 minutes</details></guidance>
          <display><title>Noise control OPI</title><details>/m-TEST-BEAST/src/main/boy/sdd/TEST-BST1.opi</details></display>
      </pv>
      <pv name="TEST-BST1:RNDMxB159">
          <description>RNDMxB159 Noise signal Out of Limit</description> <latching>true</latching><annunciating >true</annunciating>
          <guidance><title>Noise out of Limit</title><details>HIHI = 90; HIGH= 80; LOW = 20; LOLO=10</details></guidance>
          <guidance><title>Consequence of deviation</title><details>Too much noise</details></guidance>
          <guidance><title>Corrective action</title><details>Disconnect the signal</details></guidance>
          <guidance><title>Time for response</title><details>5 minutes</details></guidance>
          <display><title>Noise control OPI</title><details>/m-TEST-BEAST/src/main/boy/sdd/TEST-BST1.opi</details></display>
      </pv>
      <pv name="TEST-BST1:RNDMxB160">
          <description>RNDMxB160 Noise signal Out of Limit</description> <latching>true</latching><annunciating >true</annunciating>
          <guidance><title>Noise out of Limit</title><details>HIHI = 90; HIGH= 80; LOW = 20; LOLO=10</details></guidance>
          <guidance><title>Consequence of deviation</title><details>Too much noise</details></guidance>
          <guidance><title>Corrective action</title><details>Disconnect the signal</details></guidance>
          <guidance><title>Time for response</title><details>5 minutes</details></guidance>
          <display><title>Noise control OPI</title><details>/m-TEST-BEAST/src/main/boy/sdd/TEST-BST1.opi</details></display>
      </pv>
      <pv name="TEST-BST1:RNDMxB161">
          <description>RNDMxB161 Noise signal Out of Limit</description> <latching>true</latching><annunciating >true</annunciating>
          <guidance><title>Noise out of Limit</title><details>HIHI = 90; HIGH= 80; LOW = 20; LOLO=10</details></guidance>
          <guidance><title>Consequence of deviation</title><details>Too much noise</details></guidance>
          <guidance><title>Corrective action</title><details>Disconnect the signal</details></guidance>
          <guidance><title>Time for response</title><details>5 minutes</details></guidance>
          <display><title>Noise control OPI</title><details>/m-TEST-BEAST/src/main/boy/sdd/TEST-BST1.opi</details></display>
      </pv>
      <pv name="TEST-BST1:RNDMxB162">
          <description>RNDMxB162 Noise signal Out of Limit</description> <latching>true</latching><annunciating >true</annunciating>
          <guidance><title>Noise out of Limit</title><details>HIHI = 90; HIGH= 80; LOW = 20; LOLO=10</details></guidance>
          <guidance><title>Consequence of deviation</title><details>Too much noise</details></guidance>
          <guidance><title>Corrective action</title><details>Disconnect the signal</details></guidance>
          <guidance><title>Time for response</title><details>5 minutes</details></guidance>
          <display><title>Noise control OPI</title><details>/m-TEST-BEAST/src/main/boy/sdd/TEST-BST1.opi</details></display>
      </pv>
      <pv name="TEST-BST1:RNDMxB163">
          <description>RNDMxB163 Noise signal Out of Limit</description> <latching>true</latching><annunciating >true</annunciating>
          <guidance><title>Noise out of Limit</title><details>HIHI = 90; HIGH= 80; LOW = 20; LOLO=10</details></guidance>
          <guidance><title>Consequence of deviation</title><details>Too much noise</details></guidance>
          <guidance><title>Corrective action</title><details>Disconnect the signal</details></guidance>
          <guidance><title>Time for response</title><details>5 minutes</details></guidance>
          <display><title>Noise control OPI</title><details>/m-TEST-BEAST/src/main/boy/sdd/TEST-BST1.opi</details></display>
      </pv>
      <pv name="TEST-BST1:RNDMxB164">
          <description>RNDMxB164 Noise signal Out of Limit</description> <latching>true</latching><annunciating >true</annunciating>
          <guidance><title>Noise out of Limit</title><details>HIHI = 90; HIGH= 80; LOW = 20; LOLO=10</details></guidance>
          <guidance><title>Consequence of deviation</title><details>Too much noise</details></guidance>
          <guidance><title>Corrective action</title><details>Disconnect the signal</details></guidance>
          <guidance><title>Time for response</title><details>5 minutes</details></guidance>
          <display><title>Noise control OPI</title><details>/m-TEST-BEAST/src/main/boy/sdd/TEST-BST1.opi</details></display>
      </pv>
      <pv name="TEST-BST1:RNDMxB165">
          <description>RNDMxB165 Noise signal Out of Limit</description> <latching>true</latching><annunciating >true</annunciating>
          <guidance><title>Noise out of Limit</title><details>HIHI = 90; HIGH= 80; LOW = 20; LOLO=10</details></guidance>
          <guidance><title>Consequence of deviation</title><details>Too much noise</details></guidance>
          <guidance><title>Corrective action</title><details>Disconnect the signal</details></guidance>
          <guidance><title>Time for response</title><details>5 minutes</details></guidance>
          <display><title>Noise control OPI</title><details>/m-TEST-BEAST/src/main/boy/sdd/TEST-BST1.opi</details></display>
      </pv>
      <pv name="TEST-BST1:RNDMxB166">
          <description>RNDMxB166 Noise signal Out of Limit</description> <latching>true</latching><annunciating >true</annunciating>
          <guidance><title>Noise out of Limit</title><details>HIHI = 90; HIGH= 80; LOW = 20; LOLO=10</details></guidance>
          <guidance><title>Consequence of deviation</title><details>Too much noise</details></guidance>
          <guidance><title>Corrective action</title><details>Disconnect the signal</details></guidance>
          <guidance><title>Time for response</title><details>5 minutes</details></guidance>
          <display><title>Noise control OPI</title><details>/m-TEST-BEAST/src/main/boy/sdd/TEST-BST1.opi</details></display>
      </pv>
      <pv name="TEST-BST1:RNDMxB167">
          <description>RNDMxB167 Noise signal Out of Limit</description> <latching>true</latching><annunciating >true</annunciating>
          <guidance><title>Noise out of Limit</title><details>HIHI = 90; HIGH= 80; LOW = 20; LOLO=10</details></guidance>
          <guidance><title>Consequence of deviation</title><details>Too much noise</details></guidance>
          <guidance><title>Corrective action</title><details>Disconnect the signal</details></guidance>
          <guidance><title>Time for response</title><details>5 minutes</details></guidance>
          <display><title>Noise control OPI</title><details>/m-TEST-BEAST/src/main/boy/sdd/TEST-BST1.opi</details></display>
      </pv>
      <pv name="TEST-BST1:RNDMxB168">
          <description>RNDMxB168 Noise signal Out of Limit</description> <latching>true</latching><annunciating >true</annunciating>
          <guidance><title>Noise out of Limit</title><details>HIHI = 90; HIGH= 80; LOW = 20; LOLO=10</details></guidance>
          <guidance><title>Consequence of deviation</title><details>Too much noise</details></guidance>
          <guidance><title>Corrective action</title><details>Disconnect the signal</details></guidance>
          <guidance><title>Time for response</title><details>5 minutes</details></guidance>
          <display><title>Noise control OPI</title><details>/m-TEST-BEAST/src/main/boy/sdd/TEST-BST1.opi</details></display>
      </pv>
      <pv name="TEST-BST1:RNDMxB169">
          <description>RNDMxB169 Noise signal Out of Limit</description> <latching>true</latching><annunciating >true</annunciating>
          <guidance><title>Noise out of Limit</title><details>HIHI = 90; HIGH= 80; LOW = 20; LOLO=10</details></guidance>
          <guidance><title>Consequence of deviation</title><details>Too much noise</details></guidance>
          <guidance><title>Corrective action</title><details>Disconnect the signal</details></guidance>
          <guidance><title>Time for response</title><details>5 minutes</details></guidance>
          <display><title>Noise control OPI</title><details>/m-TEST-BEAST/src/main/boy/sdd/TEST-BST1.opi</details></display>
      </pv>
      <pv name="TEST-BST1:RNDMxB170">
          <description>RNDMxB170 Noise signal Out of Limit</description> <latching>true</latching><annunciating >true</annunciating>
          <guidance><title>Noise out of Limit</title><details>HIHI = 90; HIGH= 80; LOW = 20; LOLO=10</details></guidance>
          <guidance><title>Consequence of deviation</title><details>Too much noise</details></guidance>
          <guidance><title>Corrective action</title><details>Disconnect the signal</details></guidance>
          <guidance><title>Time for response</title><details>5 minutes</details></guidance>
          <display><title>Noise control OPI</title><details>/m-TEST-BEAST/src/main/boy/sdd/TEST-BST1.opi</details></display>
      </pv>
      <pv name="TEST-BST1:RNDMxB171">
          <description>RNDMxB171 Noise signal Out of Limit</description> <latching>true</latching><annunciating >true</annunciating>
          <guidance><title>Noise out of Limit</title><details>HIHI = 90; HIGH= 80; LOW = 20; LOLO=10</details></guidance>
          <guidance><title>Consequence of deviation</title><details>Too much noise</details></guidance>
          <guidance><title>Corrective action</title><details>Disconnect the signal</details></guidance>
          <guidance><title>Time for response</title><details>5 minutes</details></guidance>
          <display><title>Noise control OPI</title><details>/m-TEST-BEAST/src/main/boy/sdd/TEST-BST1.opi</details></display>
      </pv>
      <pv name="TEST-BST1:RNDMxB172">
          <description>RNDMxB172 Noise signal Out of Limit</description> <latching>true</latching><annunciating >true</annunciating>
          <guidance><title>Noise out of Limit</title><details>HIHI = 90; HIGH= 80; LOW = 20; LOLO=10</details></guidance>
          <guidance><title>Consequence of deviation</title><details>Too much noise</details></guidance>
          <guidance><title>Corrective action</title><details>Disconnect the signal</details></guidance>
          <guidance><title>Time for response</title><details>5 minutes</details></guidance>
          <display><title>Noise control OPI</title><details>/m-TEST-BEAST/src/main/boy/sdd/TEST-BST1.opi</details></display>
      </pv>
      <pv name="TEST-BST1:RNDMxB173">
          <description>RNDMxB173 Noise signal Out of Limit</description> <latching>true</latching><annunciating >true</annunciating>
          <guidance><title>Noise out of Limit</title><details>HIHI = 90; HIGH= 80; LOW = 20; LOLO=10</details></guidance>
          <guidance><title>Consequence of deviation</title><details>Too much noise</details></guidance>
          <guidance><title>Corrective action</title><details>Disconnect the signal</details></guidance>
          <guidance><title>Time for response</title><details>5 minutes</details></guidance>
          <display><title>Noise control OPI</title><details>/m-TEST-BEAST/src/main/boy/sdd/TEST-BST1.opi</details></display>
      </pv>
      <pv name="TEST-BST1:RNDMxB174">
          <description>RNDMxB174 Noise signal Out of Limit</description> <latching>true</latching><annunciating >true</annunciating>
          <guidance><title>Noise out of Limit</title><details>HIHI = 90; HIGH= 80; LOW = 20; LOLO=10</details></guidance>
          <guidance><title>Consequence of deviation</title><details>Too much noise</details></guidance>
          <guidance><title>Corrective action</title><details>Disconnect the signal</details></guidance>
          <guidance><title>Time for response</title><details>5 minutes</details></guidance>
          <display><title>Noise control OPI</title><details>/m-TEST-BEAST/src/main/boy/sdd/TEST-BST1.opi</details></display>
      </pv>
      <pv name="TEST-BST1:RNDMxB175">
          <description>RNDMxB175 Noise signal Out of Limit</description> <latching>true</latching><annunciating >true</annunciating>
          <guidance><title>Noise out of Limit</title><details>HIHI = 90; HIGH= 80; LOW = 20; LOLO=10</details></guidance>
          <guidance><title>Consequence of deviation</title><details>Too much noise</details></guidance>
          <guidance><title>Corrective action</title><details>Disconnect the signal</details></guidance>
          <guidance><title>Time for response</title><details>5 minutes</details></guidance>
          <display><title>Noise control OPI</title><details>/m-TEST-BEAST/src/main/boy/sdd/TEST-BST1.opi</details></display>
      </pv>
      <pv name="TEST-BST1:RNDMxB176">
          <description>RNDMxB176 Noise signal Out of Limit</description> <latching>true</latching><annunciating >true</annunciating>
          <guidance><title>Noise out of Limit</title><details>HIHI = 90; HIGH= 80; LOW = 20; LOLO=10</details></guidance>
          <guidance><title>Consequence of deviation</title><details>Too much noise</details></guidance>
          <guidance><title>Corrective action</title><details>Disconnect the signal</details></guidance>
          <guidance><title>Time for response</title><details>5 minutes</details></guidance>
          <display><title>Noise control OPI</title><details>/m-TEST-BEAST/src/main/boy/sdd/TEST-BST1.opi</details></display>
      </pv>
      <pv name="TEST-BST1:RNDMxB177">
          <description>RNDMxB177 Noise signal Out of Limit</description> <latching>true</latching><annunciating >true</annunciating>
          <guidance><title>Noise out of Limit</title><details>HIHI = 90; HIGH= 80; LOW = 20; LOLO=10</details></guidance>
          <guidance><title>Consequence of deviation</title><details>Too much noise</details></guidance>
          <guidance><title>Corrective action</title><details>Disconnect the signal</details></guidance>
          <guidance><title>Time for response</title><details>5 minutes</details></guidance>
          <display><title>Noise control OPI</title><details>/m-TEST-BEAST/src/main/boy/sdd/TEST-BST1.opi</details></display>
      </pv>
      <pv name="TEST-BST1:RNDMxB178">
          <description>RNDMxB178 Noise signal Out of Limit</description> <latching>true</latching><annunciating >true</annunciating>
          <guidance><title>Noise out of Limit</title><details>HIHI = 90; HIGH= 80; LOW = 20; LOLO=10</details></guidance>
          <guidance><title>Consequence of deviation</title><details>Too much noise</details></guidance>
          <guidance><title>Corrective action</title><details>Disconnect the signal</details></guidance>
          <guidance><title>Time for response</title><details>5 minutes</details></guidance>
          <display><title>Noise control OPI</title><details>/m-TEST-BEAST/src/main/boy/sdd/TEST-BST1.opi</details></display>
      </pv>
      <pv name="TEST-BST1:RNDMxB179">
          <description>RNDMxB179 Noise signal Out of Limit</description> <latching>true</latching><annunciating >true</annunciating>
          <guidance><title>Noise out of Limit</title><details>HIHI = 90; HIGH= 80; LOW = 20; LOLO=10</details></guidance>
          <guidance><title>Consequence of deviation</title><details>Too much noise</details></guidance>
          <guidance><title>Corrective action</title><details>Disconnect the signal</details></guidance>
          <guidance><title>Time for response</title><details>5 minutes</details></guidance>
          <display><title>Noise control OPI</title><details>/m-TEST-BEAST/src/main/boy/sdd/TEST-BST1.opi</details></display>
      </pv>
      <pv name="TEST-BST1:RNDMxB180">
          <description>RNDMxB180 Noise signal Out of Limit</description> <latching>true</latching><annunciating >true</annunciating>
          <guidance><title>Noise out of Limit</title><details>HIHI = 90; HIGH= 80; LOW = 20; LOLO=10</details></guidance>
          <guidance><title>Consequence of deviation</title><details>Too much noise</details></guidance>
          <guidance><title>Corrective action</title><details>Disconnect the signal</details></guidance>
          <guidance><title>Time for response</title><details>5 minutes</details></guidance>
          <display><title>Noise control OPI</title><details>/m-TEST-BEAST/src/main/boy/sdd/TEST-BST1.opi</details></display>
      </pv>
      <pv name="TEST-BST1:RNDMxB181">
          <description>RNDMxB181 Noise signal Out of Limit</description> <latching>true</latching><annunciating >true</annunciating>
          <guidance><title>Noise out of Limit</title><details>HIHI = 90; HIGH= 80; LOW = 20; LOLO=10</details></guidance>
          <guidance><title>Consequence of deviation</title><details>Too much noise</details></guidance>
          <guidance><title>Corrective action</title><details>Disconnect the signal</details></guidance>
          <guidance><title>Time for response</title><details>5 minutes</details></guidance>
          <display><title>Noise control OPI</title><details>/m-TEST-BEAST/src/main/boy/sdd/TEST-BST1.opi</details></display>
      </pv>
      <pv name="TEST-BST1:RNDMxB182">
          <description>RNDMxB182 Noise signal Out of Limit</description> <latching>true</latching><annunciating >true</annunciating>
          <guidance><title>Noise out of Limit</title><details>HIHI = 90; HIGH= 80; LOW = 20; LOLO=10</details></guidance>
          <guidance><title>Consequence of deviation</title><details>Too much noise</details></guidance>
          <guidance><title>Corrective action</title><details>Disconnect the signal</details></guidance>
          <guidance><title>Time for response</title><details>5 minutes</details></guidance>
          <display><title>Noise control OPI</title><details>/m-TEST-BEAST/src/main/boy/sdd/TEST-BST1.opi</details></display>
      </pv>
      <pv name="TEST-BST1:RNDMxB183">
          <description>RNDMxB183 Noise signal Out of Limit</description> <latching>true</latching><annunciating >true</annunciating>
          <guidance><title>Noise out of Limit</title><details>HIHI = 90; HIGH= 80; LOW = 20; LOLO=10</details></guidance>
          <guidance><title>Consequence of deviation</title><details>Too much noise</details></guidance>
          <guidance><title>Corrective action</title><details>Disconnect the signal</details></guidance>
          <guidance><title>Time for response</title><details>5 minutes</details></guidance>
          <display><title>Noise control OPI</title><details>/m-TEST-BEAST/src/main/boy/sdd/TEST-BST1.opi</details></display>
      </pv>
      <pv name="TEST-BST1:RNDMxB184">
          <description>RNDMxB184 Noise signal Out of Limit</description> <latching>true</latching><annunciating >true</annunciating>
          <guidance><title>Noise out of Limit</title><details>HIHI = 90; HIGH= 80; LOW = 20; LOLO=10</details></guidance>
          <guidance><title>Consequence of deviation</title><details>Too much noise</details></guidance>
          <guidance><title>Corrective action</title><details>Disconnect the signal</details></guidance>
          <guidance><title>Time for response</title><details>5 minutes</details></guidance>
          <display><title>Noise control OPI</title><details>/m-TEST-BEAST/src/main/boy/sdd/TEST-BST1.opi</details></display>
      </pv>
      <pv name="TEST-BST1:RNDMxB185">
          <description>RNDMxB185 Noise signal Out of Limit</description> <latching>true</latching><annunciating >true</annunciating>
          <guidance><title>Noise out of Limit</title><details>HIHI = 90; HIGH= 80; LOW = 20; LOLO=10</details></guidance>
          <guidance><title>Consequence of deviation</title><details>Too much noise</details></guidance>
          <guidance><title>Corrective action</title><details>Disconnect the signal</details></guidance>
          <guidance><title>Time for response</title><details>5 minutes</details></guidance>
          <display><title>Noise control OPI</title><details>/m-TEST-BEAST/src/main/boy/sdd/TEST-BST1.opi</details></display>
      </pv>
      <pv name="TEST-BST1:RNDMxB186">
          <description>RNDMxB186 Noise signal Out of Limit</description> <latching>true</latching><annunciating >true</annunciating>
          <guidance><title>Noise out of Limit</title><details>HIHI = 90; HIGH= 80; LOW = 20; LOLO=10</details></guidance>
          <guidance><title>Consequence of deviation</title><details>Too much noise</details></guidance>
          <guidance><title>Corrective action</title><details>Disconnect the signal</details></guidance>
          <guidance><title>Time for response</title><details>5 minutes</details></guidance>
          <display><title>Noise control OPI</title><details>/m-TEST-BEAST/src/main/boy/sdd/TEST-BST1.opi</details></display>
      </pv>
      <pv name="TEST-BST1:RNDMxB187">
          <description>RNDMxB187 Noise signal Out of Limit</description> <latching>true</latching><annunciating >true</annunciating>
          <guidance><title>Noise out of Limit</title><details>HIHI = 90; HIGH= 80; LOW = 20; LOLO=10</details></guidance>
          <guidance><title>Consequence of deviation</title><details>Too much noise</details></guidance>
          <guidance><title>Corrective action</title><details>Disconnect the signal</details></guidance>
          <guidance><title>Time for response</title><details>5 minutes</details></guidance>
          <display><title>Noise control OPI</title><details>/m-TEST-BEAST/src/main/boy/sdd/TEST-BST1.opi</details></display>
      </pv>
      <pv name="TEST-BST1:RNDMxB188">
          <description>RNDMxB188 Noise signal Out of Limit</description> <latching>true</latching><annunciating >true</annunciating>
          <guidance><title>Noise out of Limit</title><details>HIHI = 90; HIGH= 80; LOW = 20; LOLO=10</details></guidance>
          <guidance><title>Consequence of deviation</title><details>Too much noise</details></guidance>
          <guidance><title>Corrective action</title><details>Disconnect the signal</details></guidance>
          <guidance><title>Time for response</title><details>5 minutes</details></guidance>
          <display><title>Noise control OPI</title><details>/m-TEST-BEAST/src/main/boy/sdd/TEST-BST1.opi</details></display>
      </pv>
      <pv name="TEST-BST1:RNDMxB189">
          <description>RNDMxB189 Noise signal Out of Limit</description> <latching>true</latching><annunciating >true</annunciating>
          <guidance><title>Noise out of Limit</title><details>HIHI = 90; HIGH= 80; LOW = 20; LOLO=10</details></guidance>
          <guidance><title>Consequence of deviation</title><details>Too much noise</details></guidance>
          <guidance><title>Corrective action</title><details>Disconnect the signal</details></guidance>
          <guidance><title>Time for response</title><details>5 minutes</details></guidance>
          <display><title>Noise control OPI</title><details>/m-TEST-BEAST/src/main/boy/sdd/TEST-BST1.opi</details></display>
      </pv>
      <pv name="TEST-BST1:RNDMxB190">
          <description>RNDMxB190 Noise signal Out of Limit</description> <latching>true</latching><annunciating >true</annunciating>
          <guidance><title>Noise out of Limit</title><details>HIHI = 90; HIGH= 80; LOW = 20; LOLO=10</details></guidance>
          <guidance><title>Consequence of deviation</title><details>Too much noise</details></guidance>
          <guidance><title>Corrective action</title><details>Disconnect the signal</details></guidance>
          <guidance><title>Time for response</title><details>5 minutes</details></guidance>
          <display><title>Noise control OPI</title><details>/m-TEST-BEAST/src/main/boy/sdd/TEST-BST1.opi</details></display>
      </pv>
      <pv name="TEST-BST1:RNDMxB191">
          <description>RNDMxB191 Noise signal Out of Limit</description> <latching>true</latching><annunciating >true</annunciating>
          <guidance><title>Noise out of Limit</title><details>HIHI = 90; HIGH= 80; LOW = 20; LOLO=10</details></guidance>
          <guidance><title>Consequence of deviation</title><details>Too much noise</details></guidance>
          <guidance><title>Corrective action</title><details>Disconnect the signal</details></guidance>
          <guidance><title>Time for response</title><details>5 minutes</details></guidance>
          <display><title>Noise control OPI</title><details>/m-TEST-BEAST/src/main/boy/sdd/TEST-BST1.opi</details></display>
      </pv>
      <pv name="TEST-BST1:RNDMxB192">
          <description>RNDMxB192 Noise signal Out of Limit</description> <latching>true</latching><annunciating >true</annunciating>
          <guidance><title>Noise out of Limit</title><details>HIHI = 90; HIGH= 80; LOW = 20; LOLO=10</details></guidance>
          <guidance><title>Consequence of deviation</title><details>Too much noise</details></guidance>
          <guidance><title>Corrective action</title><details>Disconnect the signal</details></guidance>
          <guidance><title>Time for response</title><details>5 minutes</details></guidance>
          <display><title>Noise control OPI</title><details>/m-TEST-BEAST/src/main/boy/sdd/TEST-BST1.opi</details></display>
      </pv>
      <pv name="TEST-BST1:RNDMxB193">
          <description>RNDMxB193 Noise signal Out of Limit</description> <latching>true</latching><annunciating >true</annunciating>
          <guidance><title>Noise out of Limit</title><details>HIHI = 90; HIGH= 80; LOW = 20; LOLO=10</details></guidance>
          <guidance><title>Consequence of deviation</title><details>Too much noise</details></guidance>
          <guidance><title>Corrective action</title><details>Disconnect the signal</details></guidance>
          <guidance><title>Time for response</title><details>5 minutes</details></guidance>
          <display><title>Noise control OPI</title><details>/m-TEST-BEAST/src/main/boy/sdd/TEST-BST1.opi</details></display>
      </pv>
      <pv name="TEST-BST1:RNDMxB194">
          <description>RNDMxB194 Noise signal Out of Limit</description> <latching>true</latching><annunciating >true</annunciating>
          <guidance><title>Noise out of Limit</title><details>HIHI = 90; HIGH= 80; LOW = 20; LOLO=10</details></guidance>
          <guidance><title>Consequence of deviation</title><details>Too much noise</details></guidance>
          <guidance><title>Corrective action</title><details>Disconnect the signal</details></guidance>
          <guidance><title>Time for response</title><details>5 minutes</details></guidance>
          <display><title>Noise control OPI</title><details>/m-TEST-BEAST/src/main/boy/sdd/TEST-BST1.opi</details></display>
      </pv>
      <pv name="TEST-BST1:RNDMxB195">
          <description>RNDMxB195 Noise signal Out of Limit</description> <latching>true</latching><annunciating >true</annunciating>
          <guidance><title>Noise out of Limit</title><details>HIHI = 90; HIGH= 80; LOW = 20; LOLO=10</details></guidance>
          <guidance><title>Consequence of deviation</title><details>Too much noise</details></guidance>
          <guidance><title>Corrective action</title><details>Disconnect the signal</details></guidance>
          <guidance><title>Time for response</title><details>5 minutes</details></guidance>
          <display><title>Noise control OPI</title><details>/m-TEST-BEAST/src/main/boy/sdd/TEST-BST1.opi</details></display>
      </pv>
      <pv name="TEST-BST1:RNDMxB196">
          <description>RNDMxB196 Noise signal Out of Limit</description> <latching>true</latching><annunciating >true</annunciating>
          <guidance><title>Noise out of Limit</title><details>HIHI = 90; HIGH= 80; LOW = 20; LOLO=10</details></guidance>
          <guidance><title>Consequence of deviation</title><details>Too much noise</details></guidance>
          <guidance><title>Corrective action</title><details>Disconnect the signal</details></guidance>
          <guidance><title>Time for response</title><details>5 minutes</details></guidance>
          <display><title>Noise control OPI</title><details>/m-TEST-BEAST/src/main/boy/sdd/TEST-BST1.opi</details></display>
      </pv>
      <pv name="TEST-BST1:RNDMxB197">
          <description>RNDMxB197 Noise signal Out of Limit</description> <latching>true</latching><annunciating >true</annunciating>
          <guidance><title>Noise out of Limit</title><details>HIHI = 90; HIGH= 80; LOW = 20; LOLO=10</details></guidance>
          <guidance><title>Consequence of deviation</title><details>Too much noise</details></guidance>
          <guidance><title>Corrective action</title><details>Disconnect the signal</details></guidance>
          <guidance><title>Time for response</title><details>5 minutes</details></guidance>
          <display><title>Noise control OPI</title><details>/m-TEST-BEAST/src/main/boy/sdd/TEST-BST1.opi</details></display>
      </pv>
      <pv name="TEST-BST1:RNDMxB198">
          <description>RNDMxB198 Noise signal Out of Limit</description> <latching>true</latching><annunciating >true</annunciating>
          <guidance><title>Noise out of Limit</title><details>HIHI = 90; HIGH= 80; LOW = 20; LOLO=10</details></guidance>
          <guidance><title>Consequence of deviation</title><details>Too much noise</details></guidance>
          <guidance><title>Corrective action</title><details>Disconnect the signal</details></guidance>
          <guidance><title>Time for response</title><details>5 minutes</details></guidance>
          <display><title>Noise control OPI</title><details>/m-TEST-BEAST/src/main/boy/sdd/TEST-BST1.opi</details></display>
      </pv>
      <pv name="TEST-BST1:RNDMxB199">
          <description>RNDMxB199 Noise signal Out of Limit</description> <latching>true</latching><annunciating >true</annunciating>
          <guidance><title>Noise out of Limit</title><details>HIHI = 90; HIGH= 80; LOW = 20; LOLO=10</details></guidance>
          <guidance><title>Consequence of deviation</title><details>Too much noise</details></guidance>
          <guidance><title>Corrective action</title><details>Disconnect the signal</details></guidance>
          <guidance><title>Time for response</title><details>5 minutes</details></guidance>
          <display><title>Noise control OPI</title><details>/m-TEST-BEAST/src/main/boy/sdd/TEST-BST1.opi</details></display>
      </pv>
      <pv name="TEST-BST1:RNDMxB200">
          <description>RNDMxB200 Noise signal Out of Limit</description> <latching>true</latching><annunciating >true</annunciating>
          <guidance><title>Noise out of Limit</title><details>HIHI = 90; HIGH= 80; LOW = 20; LOLO=10</details></guidance>
          <guidance><title>Consequence of deviation</title><details>Too much noise</details></guidance>
          <guidance><title>Corrective action</title><details>Disconnect the signal</details></guidance>
          <guidance><title>Time for response</title><details>5 minutes</details></guidance>
          <display><title>Noise control OPI</title><details>/m-TEST-BEAST/src/main/boy/sdd/TEST-BST1.opi</details></display>
      </pv>
      <pv name="TEST-BST1:RNDMxB201">
          <description>RNDMxB201 Noise signal Out of Limit</description> <latching>true</latching><annunciating >true</annunciating>
          <guidance><title>Noise out of Limit</title><details>HIHI = 90; HIGH= 80; LOW = 20; LOLO=10</details></guidance>
          <guidance><title>Consequence of deviation</title><details>Too much noise</details></guidance>
          <guidance><title>Corrective action</title><details>Disconnect the signal</details></guidance>
          <guidance><title>Time for response</title><details>5 minutes</details></guidance>
          <display><title>Noise control OPI</title><details>/m-TEST-BEAST/src/main/boy/sdd/TEST-BST1.opi</details></display>
      </pv>
      <pv name="TEST-BST1:RNDMxB202">
          <description>RNDMxB202 Noise signal Out of Limit</description> <latching>true</latching><annunciating >true</annunciating>
          <guidance><title>Noise out of Limit</title><details>HIHI = 90; HIGH= 80; LOW = 20; LOLO=10</details></guidance>
          <guidance><title>Consequence of deviation</title><details>Too much noise</details></guidance>
          <guidance><title>Corrective action</title><details>Disconnect the signal</details></guidance>
          <guidance><title>Time for response</title><details>5 minutes</details></guidance>
          <display><title>Noise control OPI</title><details>/m-TEST-BEAST/src/main/boy/sdd/TEST-BST1.opi</details></display>
      </pv>
      <pv name="TEST-BST1:RNDMxB203">
          <description>RNDMxB203 Noise signal Out of Limit</description> <latching>true</latching><annunciating >true</annunciating>
          <guidance><title>Noise out of Limit</title><details>HIHI = 90; HIGH= 80; LOW = 20; LOLO=10</details></guidance>
          <guidance><title>Consequence of deviation</title><details>Too much noise</details></guidance>
          <guidance><title>Corrective action</title><details>Disconnect the signal</details></guidance>
          <guidance><title>Time for response</title><details>5 minutes</details></guidance>
          <display><title>Noise control OPI</title><details>/m-TEST-BEAST/src/main/boy/sdd/TEST-BST1.opi</details></display>
      </pv>
      <pv name="TEST-BST1:RNDMxB204">
          <description>RNDMxB204 Noise signal Out of Limit</description> <latching>true</latching><annunciating >true</annunciating>
          <guidance><title>Noise out of Limit</title><details>HIHI = 90; HIGH= 80; LOW = 20; LOLO=10</details></guidance>
          <guidance><title>Consequence of deviation</title><details>Too much noise</details></guidance>
          <guidance><title>Corrective action</title><details>Disconnect the signal</details></guidance>
          <guidance><title>Time for response</title><details>5 minutes</details></guidance>
          <display><title>Noise control OPI</title><details>/m-TEST-BEAST/src/main/boy/sdd/TEST-BST1.opi</details></display>
      </pv>
      <pv name="TEST-BST1:RNDMxB205">
          <description>RNDMxB205 Noise signal Out of Limit</description> <latching>true</latching><annunciating >true</annunciating>
          <guidance><title>Noise out of Limit</title><details>HIHI = 90; HIGH= 80; LOW = 20; LOLO=10</details></guidance>
          <guidance><title>Consequence of deviation</title><details>Too much noise</details></guidance>
          <guidance><title>Corrective action</title><details>Disconnect the signal</details></guidance>
          <guidance><title>Time for response</title><details>5 minutes</details></guidance>
          <display><title>Noise control OPI</title><details>/m-TEST-BEAST/src/main/boy/sdd/TEST-BST1.opi</details></display>
      </pv>
      <pv name="TEST-BST1:RNDMxB206">
          <description>RNDMxB206 Noise signal Out of Limit</description> <latching>true</latching><annunciating >true</annunciating>
          <guidance><title>Noise out of Limit</title><details>HIHI = 90; HIGH= 80; LOW = 20; LOLO=10</details></guidance>
          <guidance><title>Consequence of deviation</title><details>Too much noise</details></guidance>
          <guidance><title>Corrective action</title><details>Disconnect the signal</details></guidance>
          <guidance><title>Time for response</title><details>5 minutes</details></guidance>
          <display><title>Noise control OPI</title><details>/m-TEST-BEAST/src/main/boy/sdd/TEST-BST1.opi</details></display>
      </pv>
      <pv name="TEST-BST1:RNDMxB207">
          <description>RNDMxB207 Noise signal Out of Limit</description> <latching>true</latching><annunciating >true</annunciating>
          <guidance><title>Noise out of Limit</title><details>HIHI = 90; HIGH= 80; LOW = 20; LOLO=10</details></guidance>
          <guidance><title>Consequence of deviation</title><details>Too much noise</details></guidance>
          <guidance><title>Corrective action</title><details>Disconnect the signal</details></guidance>
          <guidance><title>Time for response</title><details>5 minutes</details></guidance>
          <display><title>Noise control OPI</title><details>/m-TEST-BEAST/src/main/boy/sdd/TEST-BST1.opi</details></display>
      </pv>
      <pv name="TEST-BST1:RNDMxB208">
          <description>RNDMxB208 Noise signal Out of Limit</description> <latching>true</latching><annunciating >true</annunciating>
          <guidance><title>Noise out of Limit</title><details>HIHI = 90; HIGH= 80; LOW = 20; LOLO=10</details></guidance>
          <guidance><title>Consequence of deviation</title><details>Too much noise</details></guidance>
          <guidance><title>Corrective action</title><details>Disconnect the signal</details></guidance>
          <guidance><title>Time for response</title><details>5 minutes</details></guidance>
          <display><title>Noise control OPI</title><details>/m-TEST-BEAST/src/main/boy/sdd/TEST-BST1.opi</details></display>
      </pv>
      <pv name="TEST-BST1:RNDMxB209">
          <description>RNDMxB209 Noise signal Out of Limit</description> <latching>true</latching><annunciating >true</annunciating>
          <guidance><title>Noise out of Limit</title><details>HIHI = 90; HIGH= 80; LOW = 20; LOLO=10</details></guidance>
          <guidance><title>Consequence of deviation</title><details>Too much noise</details></guidance>
          <guidance><title>Corrective action</title><details>Disconnect the signal</details></guidance>
          <guidance><title>Time for response</title><details>5 minutes</details></guidance>
          <display><title>Noise control OPI</title><details>/m-TEST-BEAST/src/main/boy/sdd/TEST-BST1.opi</details></display>
      </pv>
      <pv name="TEST-BST1:RNDMxB210">
          <description>RNDMxB210 Noise signal Out of Limit</description> <latching>true</latching><annunciating >true</annunciating>
          <guidance><title>Noise out of Limit</title><details>HIHI = 90; HIGH= 80; LOW = 20; LOLO=10</details></guidance>
          <guidance><title>Consequence of deviation</title><details>Too much noise</details></guidance>
          <guidance><title>Corrective action</title><details>Disconnect the signal</details></guidance>
          <guidance><title>Time for response</title><details>5 minutes</details></guidance>
          <display><title>Noise control OPI</title><details>/m-TEST-BEAST/src/main/boy/sdd/TEST-BST1.opi</details></display>
      </pv>
      <pv name="TEST-BST1:RNDMxB211">
          <description>RNDMxB211 Noise signal Out of Limit</description> <latching>true</latching><annunciating >true</annunciating>
          <guidance><title>Noise out of Limit</title><details>HIHI = 90; HIGH= 80; LOW = 20; LOLO=10</details></guidance>
          <guidance><title>Consequence of deviation</title><details>Too much noise</details></guidance>
          <guidance><title>Corrective action</title><details>Disconnect the signal</details></guidance>
          <guidance><title>Time for response</title><details>5 minutes</details></guidance>
          <display><title>Noise control OPI</title><details>/m-TEST-BEAST/src/main/boy/sdd/TEST-BST1.opi</details></display>
      </pv>
      <pv name="TEST-BST1:RNDMxB212">
          <description>RNDMxB212 Noise signal Out of Limit</description> <latching>true</latching><annunciating >true</annunciating>
          <guidance><title>Noise out of Limit</title><details>HIHI = 90; HIGH= 80; LOW = 20; LOLO=10</details></guidance>
          <guidance><title>Consequence of deviation</title><details>Too much noise</details></guidance>
          <guidance><title>Corrective action</title><details>Disconnect the signal</details></guidance>
          <guidance><title>Time for response</title><details>5 minutes</details></guidance>
          <display><title>Noise control OPI</title><details>/m-TEST-BEAST/src/main/boy/sdd/TEST-BST1.opi</details></display>
      </pv>
      <pv name="TEST-BST1:RNDMxB213">
          <description>RNDMxB213 Noise signal Out of Limit</description> <latching>true</latching><annunciating >true</annunciating>
          <guidance><title>Noise out of Limit</title><details>HIHI = 90; HIGH= 80; LOW = 20; LOLO=10</details></guidance>
          <guidance><title>Consequence of deviation</title><details>Too much noise</details></guidance>
          <guidance><title>Corrective action</title><details>Disconnect the signal</details></guidance>
          <guidance><title>Time for response</title><details>5 minutes</details></guidance>
          <display><title>Noise control OPI</title><details>/m-TEST-BEAST/src/main/boy/sdd/TEST-BST1.opi</details></display>
      </pv>
      <pv name="TEST-BST1:RNDMxB214">
          <description>RNDMxB214 Noise signal Out of Limit</description> <latching>true</latching><annunciating >true</annunciating>
          <guidance><title>Noise out of Limit</title><details>HIHI = 90; HIGH= 80; LOW = 20; LOLO=10</details></guidance>
          <guidance><title>Consequence of deviation</title><details>Too much noise</details></guidance>
          <guidance><title>Corrective action</title><details>Disconnect the signal</details></guidance>
          <guidance><title>Time for response</title><details>5 minutes</details></guidance>
          <display><title>Noise control OPI</title><details>/m-TEST-BEAST/src/main/boy/sdd/TEST-BST1.opi</details></display>
      </pv>
      <pv name="TEST-BST1:RNDMxB215">
          <description>RNDMxB215 Noise signal Out of Limit</description> <latching>true</latching><annunciating >true</annunciating>
          <guidance><title>Noise out of Limit</title><details>HIHI = 90; HIGH= 80; LOW = 20; LOLO=10</details></guidance>
          <guidance><title>Consequence of deviation</title><details>Too much noise</details></guidance>
          <guidance><title>Corrective action</title><details>Disconnect the signal</details></guidance>
          <guidance><title>Time for response</title><details>5 minutes</details></guidance>
          <display><title>Noise control OPI</title><details>/m-TEST-BEAST/src/main/boy/sdd/TEST-BST1.opi</details></display>
      </pv>
      <pv name="TEST-BST1:RNDMxB216">
          <description>RNDMxB216 Noise signal Out of Limit</description> <latching>true</latching><annunciating >true</annunciating>
          <guidance><title>Noise out of Limit</title><details>HIHI = 90; HIGH= 80; LOW = 20; LOLO=10</details></guidance>
          <guidance><title>Consequence of deviation</title><details>Too much noise</details></guidance>
          <guidance><title>Corrective action</title><details>Disconnect the signal</details></guidance>
          <guidance><title>Time for response</title><details>5 minutes</details></guidance>
          <display><title>Noise control OPI</title><details>/m-TEST-BEAST/src/main/boy/sdd/TEST-BST1.opi</details></display>
      </pv>
      <pv name="TEST-BST1:RNDMxB217">
          <description>RNDMxB217 Noise signal Out of Limit</description> <latching>true</latching><annunciating >true</annunciating>
          <guidance><title>Noise out of Limit</title><details>HIHI = 90; HIGH= 80; LOW = 20; LOLO=10</details></guidance>
          <guidance><title>Consequence of deviation</title><details>Too much noise</details></guidance>
          <guidance><title>Corrective action</title><details>Disconnect the signal</details></guidance>
          <guidance><title>Time for response</title><details>5 minutes</details></guidance>
          <display><title>Noise control OPI</title><details>/m-TEST-BEAST/src/main/boy/sdd/TEST-BST1.opi</details></display>
      </pv>
      <pv name="TEST-BST1:RNDMxB218">
          <description>RNDMxB218 Noise signal Out of Limit</description> <latching>true</latching><annunciating >true</annunciating>
          <guidance><title>Noise out of Limit</title><details>HIHI = 90; HIGH= 80; LOW = 20; LOLO=10</details></guidance>
          <guidance><title>Consequence of deviation</title><details>Too much noise</details></guidance>
          <guidance><title>Corrective action</title><details>Disconnect the signal</details></guidance>
          <guidance><title>Time for response</title><details>5 minutes</details></guidance>
          <display><title>Noise control OPI</title><details>/m-TEST-BEAST/src/main/boy/sdd/TEST-BST1.opi</details></display>
      </pv>
      <pv name="TEST-BST1:RNDMxB219">
          <description>RNDMxB219 Noise signal Out of Limit</description> <latching>true</latching><annunciating >true</annunciating>
          <guidance><title>Noise out of Limit</title><details>HIHI = 90; HIGH= 80; LOW = 20; LOLO=10</details></guidance>
          <guidance><title>Consequence of deviation</title><details>Too much noise</details></guidance>
          <guidance><title>Corrective action</title><details>Disconnect the signal</details></guidance>
          <guidance><title>Time for response</title><details>5 minutes</details></guidance>
          <display><title>Noise control OPI</title><details>/m-TEST-BEAST/src/main/boy/sdd/TEST-BST1.opi</details></display>
      </pv>
      <pv name="TEST-BST1:RNDMxB220">
          <description>RNDMxB220 Noise signal Out of Limit</description> <latching>true</latching><annunciating >true</annunciating>
          <guidance><title>Noise out of Limit</title><details>HIHI = 90; HIGH= 80; LOW = 20; LOLO=10</details></guidance>
          <guidance><title>Consequence of deviation</title><details>Too much noise</details></guidance>
          <guidance><title>Corrective action</title><details>Disconnect the signal</details></guidance>
          <guidance><title>Time for response</title><details>5 minutes</details></guidance>
          <display><title>Noise control OPI</title><details>/m-TEST-BEAST/src/main/boy/sdd/TEST-BST1.opi</details></display>
      </pv>
      <pv name="TEST-BST1:RNDMxB221">
          <description>RNDMxB221 Noise signal Out of Limit</description> <latching>true</latching><annunciating >true</annunciating>
          <guidance><title>Noise out of Limit</title><details>HIHI = 90; HIGH= 80; LOW = 20; LOLO=10</details></guidance>
          <guidance><title>Consequence of deviation</title><details>Too much noise</details></guidance>
          <guidance><title>Corrective action</title><details>Disconnect the signal</details></guidance>
          <guidance><title>Time for response</title><details>5 minutes</details></guidance>
          <display><title>Noise control OPI</title><details>/m-TEST-BEAST/src/main/boy/sdd/TEST-BST1.opi</details></display>
      </pv>
      <pv name="TEST-BST1:RNDMxB222">
          <description>RNDMxB222 Noise signal Out of Limit</description> <latching>true</latching><annunciating >true</annunciating>
          <guidance><title>Noise out of Limit</title><details>HIHI = 90; HIGH= 80; LOW = 20; LOLO=10</details></guidance>
          <guidance><title>Consequence of deviation</title><details>Too much noise</details></guidance>
          <guidance><title>Corrective action</title><details>Disconnect the signal</details></guidance>
          <guidance><title>Time for response</title><details>5 minutes</details></guidance>
          <display><title>Noise control OPI</title><details>/m-TEST-BEAST/src/main/boy/sdd/TEST-BST1.opi</details></display>
      </pv>
      <pv name="TEST-BST1:RNDMxB223">
          <description>RNDMxB223 Noise signal Out of Limit</description> <latching>true</latching><annunciating >true</annunciating>
          <guidance><title>Noise out of Limit</title><details>HIHI = 90; HIGH= 80; LOW = 20; LOLO=10</details></guidance>
          <guidance><title>Consequence of deviation</title><details>Too much noise</details></guidance>
          <guidance><title>Corrective action</title><details>Disconnect the signal</details></guidance>
          <guidance><title>Time for response</title><details>5 minutes</details></guidance>
          <display><title>Noise control OPI</title><details>/m-TEST-BEAST/src/main/boy/sdd/TEST-BST1.opi</details></display>
      </pv>
      <pv name="TEST-BST1:RNDMxB224">
          <description>RNDMxB224 Noise signal Out of Limit</description> <latching>true</latching><annunciating >true</annunciating>
          <guidance><title>Noise out of Limit</title><details>HIHI = 90; HIGH= 80; LOW = 20; LOLO=10</details></guidance>
          <guidance><title>Consequence of deviation</title><details>Too much noise</details></guidance>
          <guidance><title>Corrective action</title><details>Disconnect the signal</details></guidance>
          <guidance><title>Time for response</title><details>5 minutes</details></guidance>
          <display><title>Noise control OPI</title><details>/m-TEST-BEAST/src/main/boy/sdd/TEST-BST1.opi</details></display>
      </pv>
      <pv name="TEST-BST1:RNDMxB225">
          <description>RNDMxB225 Noise signal Out of Limit</description> <latching>true</latching><annunciating >true</annunciating>
          <guidance><title>Noise out of Limit</title><details>HIHI = 90; HIGH= 80; LOW = 20; LOLO=10</details></guidance>
          <guidance><title>Consequence of deviation</title><details>Too much noise</details></guidance>
          <guidance><title>Corrective action</title><details>Disconnect the signal</details></guidance>
          <guidance><title>Time for response</title><details>5 minutes</details></guidance>
          <display><title>Noise control OPI</title><details>/m-TEST-BEAST/src/main/boy/sdd/TEST-BST1.opi</details></display>
      </pv>
      <pv name="TEST-BST1:RNDMxB226">
          <description>RNDMxB226 Noise signal Out of Limit</description> <latching>true</latching><annunciating >true</annunciating>
          <guidance><title>Noise out of Limit</title><details>HIHI = 90; HIGH= 80; LOW = 20; LOLO=10</details></guidance>
          <guidance><title>Consequence of deviation</title><details>Too much noise</details></guidance>
          <guidance><title>Corrective action</title><details>Disconnect the signal</details></guidance>
          <guidance><title>Time for response</title><details>5 minutes</details></guidance>
          <display><title>Noise control OPI</title><details>/m-TEST-BEAST/src/main/boy/sdd/TEST-BST1.opi</details></display>
      </pv>
      <pv name="TEST-BST1:RNDMxB227">
          <description>RNDMxB227 Noise signal Out of Limit</description> <latching>true</latching><annunciating >true</annunciating>
          <guidance><title>Noise out of Limit</title><details>HIHI = 90; HIGH= 80; LOW = 20; LOLO=10</details></guidance>
          <guidance><title>Consequence of deviation</title><details>Too much noise</details></guidance>
          <guidance><title>Corrective action</title><details>Disconnect the signal</details></guidance>
          <guidance><title>Time for response</title><details>5 minutes</details></guidance>
          <display><title>Noise control OPI</title><details>/m-TEST-BEAST/src/main/boy/sdd/TEST-BST1.opi</details></display>
      </pv>
      <pv name="TEST-BST1:RNDMxB228">
          <description>RNDMxB228 Noise signal Out of Limit</description> <latching>true</latching><annunciating >true</annunciating>
          <guidance><title>Noise out of Limit</title><details>HIHI = 90; HIGH= 80; LOW = 20; LOLO=10</details></guidance>
          <guidance><title>Consequence of deviation</title><details>Too much noise</details></guidance>
          <guidance><title>Corrective action</title><details>Disconnect the signal</details></guidance>
          <guidance><title>Time for response</title><details>5 minutes</details></guidance>
          <display><title>Noise control OPI</title><details>/m-TEST-BEAST/src/main/boy/sdd/TEST-BST1.opi</details></display>
      </pv>
      <pv name="TEST-BST1:RNDMxB229">
          <description>RNDMxB229 Noise signal Out of Limit</description> <latching>true</latching><annunciating >true</annunciating>
          <guidance><title>Noise out of Limit</title><details>HIHI = 90; HIGH= 80; LOW = 20; LOLO=10</details></guidance>
          <guidance><title>Consequence of deviation</title><details>Too much noise</details></guidance>
          <guidance><title>Corrective action</title><details>Disconnect the signal</details></guidance>
          <guidance><title>Time for response</title><details>5 minutes</details></guidance>
          <display><title>Noise control OPI</title><details>/m-TEST-BEAST/src/main/boy/sdd/TEST-BST1.opi</details></display>
      </pv>
      <pv name="TEST-BST1:RNDMxB230">
          <description>RNDMxB230 Noise signal Out of Limit</description> <latching>true</latching><annunciating >true</annunciating>
          <guidance><title>Noise out of Limit</title><details>HIHI = 90; HIGH= 80; LOW = 20; LOLO=10</details></guidance>
          <guidance><title>Consequence of deviation</title><details>Too much noise</details></guidance>
          <guidance><title>Corrective action</title><details>Disconnect the signal</details></guidance>
          <guidance><title>Time for response</title><details>5 minutes</details></guidance>
          <display><title>Noise control OPI</title><details>/m-TEST-BEAST/src/main/boy/sdd/TEST-BST1.opi</details></display>
      </pv>
      <pv name="TEST-BST1:RNDMxB231">
          <description>RNDMxB231 Noise signal Out of Limit</description> <latching>true</latching><annunciating >true</annunciating>
          <guidance><title>Noise out of Limit</title><details>HIHI = 90; HIGH= 80; LOW = 20; LOLO=10</details></guidance>
          <guidance><title>Consequence of deviation</title><details>Too much noise</details></guidance>
          <guidance><title>Corrective action</title><details>Disconnect the signal</details></guidance>
          <guidance><title>Time for response</title><details>5 minutes</details></guidance>
          <display><title>Noise control OPI</title><details>/m-TEST-BEAST/src/main/boy/sdd/TEST-BST1.opi</details></display>
      </pv>
      <pv name="TEST-BST1:RNDMxB232">
          <description>RNDMxB232 Noise signal Out of Limit</description> <latching>true</latching><annunciating >true</annunciating>
          <guidance><title>Noise out of Limit</title><details>HIHI = 90; HIGH= 80; LOW = 20; LOLO=10</details></guidance>
          <guidance><title>Consequence of deviation</title><details>Too much noise</details></guidance>
          <guidance><title>Corrective action</title><details>Disconnect the signal</details></guidance>
          <guidance><title>Time for response</title><details>5 minutes</details></guidance>
          <display><title>Noise control OPI</title><details>/m-TEST-BEAST/src/main/boy/sdd/TEST-BST1.opi</details></display>
      </pv>
      <pv name="TEST-BST1:RNDMxB233">
          <description>RNDMxB233 Noise signal Out of Limit</description> <latching>true</latching><annunciating >true</annunciating>
          <guidance><title>Noise out of Limit</title><details>HIHI = 90; HIGH= 80; LOW = 20; LOLO=10</details></guidance>
          <guidance><title>Consequence of deviation</title><details>Too much noise</details></guidance>
          <guidance><title>Corrective action</title><details>Disconnect the signal</details></guidance>
          <guidance><title>Time for response</title><details>5 minutes</details></guidance>
          <display><title>Noise control OPI</title><details>/m-TEST-BEAST/src/main/boy/sdd/TEST-BST1.opi</details></display>
      </pv>
      <pv name="TEST-BST1:RNDMxB234">
          <description>RNDMxB234 Noise signal Out of Limit</description> <latching>true</latching><annunciating >true</annunciating>
          <guidance><title>Noise out of Limit</title><details>HIHI = 90; HIGH= 80; LOW = 20; LOLO=10</details></guidance>
          <guidance><title>Consequence of deviation</title><details>Too much noise</details></guidance>
          <guidance><title>Corrective action</title><details>Disconnect the signal</details></guidance>
          <guidance><title>Time for response</title><details>5 minutes</details></guidance>
          <display><title>Noise control OPI</title><details>/m-TEST-BEAST/src/main/boy/sdd/TEST-BST1.opi</details></display>
      </pv>
      <pv name="TEST-BST1:RNDMxB235">
          <description>RNDMxB235 Noise signal Out of Limit</description> <latching>true</latching><annunciating >true</annunciating>
          <guidance><title>Noise out of Limit</title><details>HIHI = 90; HIGH= 80; LOW = 20; LOLO=10</details></guidance>
          <guidance><title>Consequence of deviation</title><details>Too much noise</details></guidance>
          <guidance><title>Corrective action</title><details>Disconnect the signal</details></guidance>
          <guidance><title>Time for response</title><details>5 minutes</details></guidance>
          <display><title>Noise control OPI</title><details>/m-TEST-BEAST/src/main/boy/sdd/TEST-BST1.opi</details></display>
      </pv>
      <pv name="TEST-BST1:RNDMxB236">
          <description>RNDMxB236 Noise signal Out of Limit</description> <latching>true</latching><annunciating >true</annunciating>
          <guidance><title>Noise out of Limit</title><details>HIHI = 90; HIGH= 80; LOW = 20; LOLO=10</details></guidance>
          <guidance><title>Consequence of deviation</title><details>Too much noise</details></guidance>
          <guidance><title>Corrective action</title><details>Disconnect the signal</details></guidance>
          <guidance><title>Time for response</title><details>5 minutes</details></guidance>
          <display><title>Noise control OPI</title><details>/m-TEST-BEAST/src/main/boy/sdd/TEST-BST1.opi</details></display>
      </pv>
      <pv name="TEST-BST1:RNDMxB237">
          <description>RNDMxB237 Noise signal Out of Limit</description> <latching>true</latching><annunciating >true</annunciating>
          <guidance><title>Noise out of Limit</title><details>HIHI = 90; HIGH= 80; LOW = 20; LOLO=10</details></guidance>
          <guidance><title>Consequence of deviation</title><details>Too much noise</details></guidance>
          <guidance><title>Corrective action</title><details>Disconnect the signal</details></guidance>
          <guidance><title>Time for response</title><details>5 minutes</details></guidance>
          <display><title>Noise control OPI</title><details>/m-TEST-BEAST/src/main/boy/sdd/TEST-BST1.opi</details></display>
      </pv>
      <pv name="TEST-BST1:RNDMxB238">
          <description>RNDMxB238 Noise signal Out of Limit</description> <latching>true</latching><annunciating >true</annunciating>
          <guidance><title>Noise out of Limit</title><details>HIHI = 90; HIGH= 80; LOW = 20; LOLO=10</details></guidance>
          <guidance><title>Consequence of deviation</title><details>Too much noise</details></guidance>
          <guidance><title>Corrective action</title><details>Disconnect the signal</details></guidance>
          <guidance><title>Time for response</title><details>5 minutes</details></guidance>
          <display><title>Noise control OPI</title><details>/m-TEST-BEAST/src/main/boy/sdd/TEST-BST1.opi</details></display>
      </pv>
      <pv name="TEST-BST1:RNDMxB239">
          <description>RNDMxB239 Noise signal Out of Limit</description> <latching>true</latching><annunciating >true</annunciating>
          <guidance><title>Noise out of Limit</title><details>HIHI = 90; HIGH= 80; LOW = 20; LOLO=10</details></guidance>
          <guidance><title>Consequence of deviation</title><details>Too much noise</details></guidance>
          <guidance><title>Corrective action</title><details>Disconnect the signal</details></guidance>
          <guidance><title>Time for response</title><details>5 minutes</details></guidance>
          <display><title>Noise control OPI</title><details>/m-TEST-BEAST/src/main/boy/sdd/TEST-BST1.opi</details></display>
      </pv>
      <pv name="TEST-BST1:RNDMxB240">
          <description>RNDMxB240 Noise signal Out of Limit</description> <latching>true</latching><annunciating >true</annunciating>
          <guidance><title>Noise out of Limit</title><details>HIHI = 90; HIGH= 80; LOW = 20; LOLO=10</details></guidance>
          <guidance><title>Consequence of deviation</title><details>Too much noise</details></guidance>
          <guidance><title>Corrective action</title><details>Disconnect the signal</details></guidance>
          <guidance><title>Time for response</title><details>5 minutes</details></guidance>
          <display><title>Noise control OPI</title><details>/m-TEST-BEAST/src/main/boy/sdd/TEST-BST1.opi</details></display>
      </pv>
      <pv name="TEST-BST1:RNDMxB241">
          <description>RNDMxB241 Noise signal Out of Limit</description> <latching>true</latching><annunciating >true</annunciating>
          <guidance><title>Noise out of Limit</title><details>HIHI = 90; HIGH= 80; LOW = 20; LOLO=10</details></guidance>
          <guidance><title>Consequence of deviation</title><details>Too much noise</details></guidance>
          <guidance><title>Corrective action</title><details>Disconnect the signal</details></guidance>
          <guidance><title>Time for response</title><details>5 minutes</details></guidance>
          <display><title>Noise control OPI</title><details>/m-TEST-BEAST/src/main/boy/sdd/TEST-BST1.opi</details></display>
      </pv>
      <pv name="TEST-BST1:RNDMxB242">
          <description>RNDMxB242 Noise signal Out of Limit</description> <latching>true</latching><annunciating >true</annunciating>
          <guidance><title>Noise out of Limit</title><details>HIHI = 90; HIGH= 80; LOW = 20; LOLO=10</details></guidance>
          <guidance><title>Consequence of deviation</title><details>Too much noise</details></guidance>
          <guidance><title>Corrective action</title><details>Disconnect the signal</details></guidance>
          <guidance><title>Time for response</title><details>5 minutes</details></guidance>
          <display><title>Noise control OPI</title><details>/m-TEST-BEAST/src/main/boy/sdd/TEST-BST1.opi</details></display>
      </pv>
      <pv name="TEST-BST1:RNDMxB243">
          <description>RNDMxB243 Noise signal Out of Limit</description> <latching>true</latching><annunciating >true</annunciating>
          <guidance><title>Noise out of Limit</title><details>HIHI = 90; HIGH= 80; LOW = 20; LOLO=10</details></guidance>
          <guidance><title>Consequence of deviation</title><details>Too much noise</details></guidance>
          <guidance><title>Corrective action</title><details>Disconnect the signal</details></guidance>
          <guidance><title>Time for response</title><details>5 minutes</details></guidance>
          <display><title>Noise control OPI</title><details>/m-TEST-BEAST/src/main/boy/sdd/TEST-BST1.opi</details></display>
      </pv>
      <pv name="TEST-BST1:RNDMxB244">
          <description>RNDMxB244 Noise signal Out of Limit</description> <latching>true</latching><annunciating >true</annunciating>
          <guidance><title>Noise out of Limit</title><details>HIHI = 90; HIGH= 80; LOW = 20; LOLO=10</details></guidance>
          <guidance><title>Consequence of deviation</title><details>Too much noise</details></guidance>
          <guidance><title>Corrective action</title><details>Disconnect the signal</details></guidance>
          <guidance><title>Time for response</title><details>5 minutes</details></guidance>
          <display><title>Noise control OPI</title><details>/m-TEST-BEAST/src/main/boy/sdd/TEST-BST1.opi</details></display>
      </pv>
      <pv name="TEST-BST1:RNDMxB245">
          <description>RNDMxB245 Noise signal Out of Limit</description> <latching>true</latching><annunciating >true</annunciating>
          <guidance><title>Noise out of Limit</title><details>HIHI = 90; HIGH= 80; LOW = 20; LOLO=10</details></guidance>
          <guidance><title>Consequence of deviation</title><details>Too much noise</details></guidance>
          <guidance><title>Corrective action</title><details>Disconnect the signal</details></guidance>
          <guidance><title>Time for response</title><details>5 minutes</details></guidance>
          <display><title>Noise control OPI</title><details>/m-TEST-BEAST/src/main/boy/sdd/TEST-BST1.opi</details></display>
      </pv>
      <pv name="TEST-BST1:RNDMxB246">
          <description>RNDMxB246 Noise signal Out of Limit</description> <latching>true</latching><annunciating >true</annunciating>
          <guidance><title>Noise out of Limit</title><details>HIHI = 90; HIGH= 80; LOW = 20; LOLO=10</details></guidance>
          <guidance><title>Consequence of deviation</title><details>Too much noise</details></guidance>
          <guidance><title>Corrective action</title><details>Disconnect the signal</details></guidance>
          <guidance><title>Time for response</title><details>5 minutes</details></guidance>
          <display><title>Noise control OPI</title><details>/m-TEST-BEAST/src/main/boy/sdd/TEST-BST1.opi</details></display>
      </pv>
      <pv name="TEST-BST1:RNDMxB247">
          <description>RNDMxB247 Noise signal Out of Limit</description> <latching>true</latching><annunciating >true</annunciating>
          <guidance><title>Noise out of Limit</title><details>HIHI = 90; HIGH= 80; LOW = 20; LOLO=10</details></guidance>
          <guidance><title>Consequence of deviation</title><details>Too much noise</details></guidance>
          <guidance><title>Corrective action</title><details>Disconnect the signal</details></guidance>
          <guidance><title>Time for response</title><details>5 minutes</details></guidance>
          <display><title>Noise control OPI</title><details>/m-TEST-BEAST/src/main/boy/sdd/TEST-BST1.opi</details></display>
      </pv>
      <pv name="TEST-BST1:RNDMxB248">
          <description>RNDMxB248 Noise signal Out of Limit</description> <latching>true</latching><annunciating >true</annunciating>
          <guidance><title>Noise out of Limit</title><details>HIHI = 90; HIGH= 80; LOW = 20; LOLO=10</details></guidance>
          <guidance><title>Consequence of deviation</title><details>Too much noise</details></guidance>
          <guidance><title>Corrective action</title><details>Disconnect the signal</details></guidance>
          <guidance><title>Time for response</title><details>5 minutes</details></guidance>
          <display><title>Noise control OPI</title><details>/m-TEST-BEAST/src/main/boy/sdd/TEST-BST1.opi</details></display>
      </pv>
      <pv name="TEST-BST1:RNDMxB249">
          <description>RNDMxB249 Noise signal Out of Limit</description> <latching>true</latching><annunciating >true</annunciating>
          <guidance><title>Noise out of Limit</title><details>HIHI = 90; HIGH= 80; LOW = 20; LOLO=10</details></guidance>
          <guidance><title>Consequence of deviation</title><details>Too much noise</details></guidance>
          <guidance><title>Corrective action</title><details>Disconnect the signal</details></guidance>
          <guidance><title>Time for response</title><details>5 minutes</details></guidance>
          <display><title>Noise control OPI</title><details>/m-TEST-BEAST/src/main/boy/sdd/TEST-BST1.opi</details></display>
      </pv>
      <pv name="TEST-BST1:RNDMxB250">
          <description>RNDMxB250 Noise signal Out of Limit</description> <latching>true</latching><annunciating >true</annunciating>
          <guidance><title>Noise out of Limit</title><details>HIHI = 90; HIGH= 80; LOW = 20; LOLO=10</details></guidance>
          <guidance><title>Consequence of deviation</title><details>Too much noise</details></guidance>
          <guidance><title>Corrective action</title><details>Disconnect the signal</details></guidance>
          <guidance><title>Time for response</title><details>5 minutes</details></guidance>
          <display><title>Noise control OPI</title><details>/m-TEST-BEAST/src/main/boy/sdd/TEST-BST1.opi</details></display>
      </pv>
      <pv name="TEST-BST1:RNDMxB251">
          <description>RNDMxB251 Noise signal Out of Limit</description> <latching>true</latching><annunciating >true</annunciating>
          <guidance><title>Noise out of Limit</title><details>HIHI = 90; HIGH= 80; LOW = 20; LOLO=10</details></guidance>
          <guidance><title>Consequence of deviation</title><details>Too much noise</details></guidance>
          <guidance><title>Corrective action</title><details>Disconnect the signal</details></guidance>
          <guidance><title>Time for response</title><details>5 minutes</details></guidance>
          <display><title>Noise control OPI</title><details>/m-TEST-BEAST/src/main/boy/sdd/TEST-BST1.opi</details></display>
      </pv>
      <pv name="TEST-BST1:RNDMxB252">
          <description>RNDMxB252 Noise signal Out of Limit</description> <latching>true</latching><annunciating >true</annunciating>
          <guidance><title>Noise out of Limit</title><details>HIHI = 90; HIGH= 80; LOW = 20; LOLO=10</details></guidance>
          <guidance><title>Consequence of deviation</title><details>Too much noise</details></guidance>
          <guidance><title>Corrective action</title><details>Disconnect the signal</details></guidance>
          <guidance><title>Time for response</title><details>5 minutes</details></guidance>
          <display><title>Noise control OPI</title><details>/m-TEST-BEAST/src/main/boy/sdd/TEST-BST1.opi</details></display>
      </pv>
      <pv name="TEST-BST1:RNDMxB253">
          <description>RNDMxB253 Noise signal Out of Limit</description> <latching>true</latching><annunciating >true</annunciating>
          <guidance><title>Noise out of Limit</title><details>HIHI = 90; HIGH= 80; LOW = 20; LOLO=10</details></guidance>
          <guidance><title>Consequence of deviation</title><details>Too much noise</details></guidance>
          <guidance><title>Corrective action</title><details>Disconnect the signal</details></guidance>
          <guidance><title>Time for response</title><details>5 minutes</details></guidance>
          <display><title>Noise control OPI</title><details>/m-TEST-BEAST/src/main/boy/sdd/TEST-BST1.opi</details></display>
      </pv>
      <pv name="TEST-BST1:RNDMxB254">
          <description>RNDMxB254 Noise signal Out of Limit</description> <latching>true</latching><annunciating >true</annunciating>
          <guidance><title>Noise out of Limit</title><details>HIHI = 90; HIGH= 80; LOW = 20; LOLO=10</details></guidance>
          <guidance><title>Consequence of deviation</title><details>Too much noise</details></guidance>
          <guidance><title>Corrective action</title><details>Disconnect the signal</details></guidance>
          <guidance><title>Time for response</title><details>5 minutes</details></guidance>
          <display><title>Noise control OPI</title><details>/m-TEST-BEAST/src/main/boy/sdd/TEST-BST1.opi</details></display>
      </pv>
      <pv name="TEST-BST1:RNDMxB255">
          <description>RNDMxB255 Noise signal Out of Limit</description> <latching>true</latching><annunciating >true</annunciating>
          <guidance><title>Noise out of Limit</title><details>HIHI = 90; HIGH= 80; LOW = 20; LOLO=10</details></guidance>
          <guidance><title>Consequence of deviation</title><details>Too much noise</details></guidance>
          <guidance><title>Corrective action</title><details>Disconnect the signal</details></guidance>
          <guidance><title>Time for response</title><details>5 minutes</details></guidance>
          <display><title>Noise control OPI</title><details>/m-TEST-BEAST/src/main/boy/sdd/TEST-BST1.opi</details></display>
      </pv>
      <pv name="TEST-BST1:RNDMxB256">
          <description>RNDMxB256 Noise signal Out of Limit</description> <latching>true</latching><annunciating >true</annunciating>
          <guidance><title>Noise out of Limit</title><details>HIHI = 90; HIGH= 80; LOW = 20; LOLO=10</details></guidance>
          <guidance><title>Consequence of deviation</title><details>Too much noise</details></guidance>
          <guidance><title>Corrective action</title><details>Disconnect the signal</details></guidance>
          <guidance><title>Time for response</title><details>5 minutes</details></guidance>
          <display><title>Noise control OPI</title><details>/m-TEST-BEAST/src/main/boy/sdd/TEST-BST1.opi</details></display>
      </pv>
      <pv name="TEST-BST1:RNDMxB257">
          <description>RNDMxB257 Noise signal Out of Limit</description> <latching>true</latching><annunciating >true</annunciating>
          <guidance><title>Noise out of Limit</title><details>HIHI = 90; HIGH= 80; LOW = 20; LOLO=10</details></guidance>
          <guidance><title>Consequence of deviation</title><details>Too much noise</details></guidance>
          <guidance><title>Corrective action</title><details>Disconnect the signal</details></guidance>
          <guidance><title>Time for response</title><details>5 minutes</details></guidance>
          <display><title>Noise control OPI</title><details>/m-TEST-BEAST/src/main/boy/sdd/TEST-BST1.opi</details></display>
      </pv>
      <pv name="TEST-BST1:RNDMxB258">
          <description>RNDMxB258 Noise signal Out of Limit</description> <latching>true</latching><annunciating >true</annunciating>
          <guidance><title>Noise out of Limit</title><details>HIHI = 90; HIGH= 80; LOW = 20; LOLO=10</details></guidance>
          <guidance><title>Consequence of deviation</title><details>Too much noise</details></guidance>
          <guidance><title>Corrective action</title><details>Disconnect the signal</details></guidance>
          <guidance><title>Time for response</title><details>5 minutes</details></guidance>
          <display><title>Noise control OPI</title><details>/m-TEST-BEAST/src/main/boy/sdd/TEST-BST1.opi</details></display>
      </pv>
      <pv name="TEST-BST1:RNDMxB259">
          <description>RNDMxB259 Noise signal Out of Limit</description> <latching>true</latching><annunciating >true</annunciating>
          <guidance><title>Noise out of Limit</title><details>HIHI = 90; HIGH= 80; LOW = 20; LOLO=10</details></guidance>
          <guidance><title>Consequence of deviation</title><details>Too much noise</details></guidance>
          <guidance><title>Corrective action</title><details>Disconnect the signal</details></guidance>
          <guidance><title>Time for response</title><details>5 minutes</details></guidance>
          <display><title>Noise control OPI</title><details>/m-TEST-BEAST/src/main/boy/sdd/TEST-BST1.opi</details></display>
      </pv>
      <pv name="TEST-BST1:RNDMxB260">
          <description>RNDMxB260 Noise signal Out of Limit</description> <latching>true</latching><annunciating >true</annunciating>
          <guidance><title>Noise out of Limit</title><details>HIHI = 90; HIGH= 80; LOW = 20; LOLO=10</details></guidance>
          <guidance><title>Consequence of deviation</title><details>Too much noise</details></guidance>
          <guidance><title>Corrective action</title><details>Disconnect the signal</details></guidance>
          <guidance><title>Time for response</title><details>5 minutes</details></guidance>
          <display><title>Noise control OPI</title><details>/m-TEST-BEAST/src/main/boy/sdd/TEST-BST1.opi</details></display>
      </pv>
      <pv name="TEST-BST1:RNDMxB261">
          <description>RNDMxB261 Noise signal Out of Limit</description> <latching>true</latching><annunciating >true</annunciating>
          <guidance><title>Noise out of Limit</title><details>HIHI = 90; HIGH= 80; LOW = 20; LOLO=10</details></guidance>
          <guidance><title>Consequence of deviation</title><details>Too much noise</details></guidance>
          <guidance><title>Corrective action</title><details>Disconnect the signal</details></guidance>
          <guidance><title>Time for response</title><details>5 minutes</details></guidance>
          <display><title>Noise control OPI</title><details>/m-TEST-BEAST/src/main/boy/sdd/TEST-BST1.opi</details></display>
      </pv>
      <pv name="TEST-BST1:RNDMxB262">
          <description>RNDMxB262 Noise signal Out of Limit</description> <latching>true</latching><annunciating >true</annunciating>
          <guidance><title>Noise out of Limit</title><details>HIHI = 90; HIGH= 80; LOW = 20; LOLO=10</details></guidance>
          <guidance><title>Consequence of deviation</title><details>Too much noise</details></guidance>
          <guidance><title>Corrective action</title><details>Disconnect the signal</details></guidance>
          <guidance><title>Time for response</title><details>5 minutes</details></guidance>
          <display><title>Noise control OPI</title><details>/m-TEST-BEAST/src/main/boy/sdd/TEST-BST1.opi</details></display>
      </pv>
      <pv name="TEST-BST1:RNDMxB263">
          <description>RNDMxB263 Noise signal Out of Limit</description> <latching>true</latching><annunciating >true</annunciating>
          <guidance><title>Noise out of Limit</title><details>HIHI = 90; HIGH= 80; LOW = 20; LOLO=10</details></guidance>
          <guidance><title>Consequence of deviation</title><details>Too much noise</details></guidance>
          <guidance><title>Corrective action</title><details>Disconnect the signal</details></guidance>
          <guidance><title>Time for response</title><details>5 minutes</details></guidance>
          <display><title>Noise control OPI</title><details>/m-TEST-BEAST/src/main/boy/sdd/TEST-BST1.opi</details></display>
      </pv>
      <pv name="TEST-BST1:RNDMxB264">
          <description>RNDMxB264 Noise signal Out of Limit</description> <latching>true</latching><annunciating >true</annunciating>
          <guidance><title>Noise out of Limit</title><details>HIHI = 90; HIGH= 80; LOW = 20; LOLO=10</details></guidance>
          <guidance><title>Consequence of deviation</title><details>Too much noise</details></guidance>
          <guidance><title>Corrective action</title><details>Disconnect the signal</details></guidance>
          <guidance><title>Time for response</title><details>5 minutes</details></guidance>
          <display><title>Noise control OPI</title><details>/m-TEST-BEAST/src/main/boy/sdd/TEST-BST1.opi</details></display>
      </pv>
      <pv name="TEST-BST1:RNDMxB265">
          <description>RNDMxB265 Noise signal Out of Limit</description> <latching>true</latching><annunciating >true</annunciating>
          <guidance><title>Noise out of Limit</title><details>HIHI = 90; HIGH= 80; LOW = 20; LOLO=10</details></guidance>
          <guidance><title>Consequence of deviation</title><details>Too much noise</details></guidance>
          <guidance><title>Corrective action</title><details>Disconnect the signal</details></guidance>
          <guidance><title>Time for response</title><details>5 minutes</details></guidance>
          <display><title>Noise control OPI</title><details>/m-TEST-BEAST/src/main/boy/sdd/TEST-BST1.opi</details></display>
      </pv>
      <pv name="TEST-BST1:RNDMxB266">
          <description>RNDMxB266 Noise signal Out of Limit</description> <latching>true</latching><annunciating >true</annunciating>
          <guidance><title>Noise out of Limit</title><details>HIHI = 90; HIGH= 80; LOW = 20; LOLO=10</details></guidance>
          <guidance><title>Consequence of deviation</title><details>Too much noise</details></guidance>
          <guidance><title>Corrective action</title><details>Disconnect the signal</details></guidance>
          <guidance><title>Time for response</title><details>5 minutes</details></guidance>
          <display><title>Noise control OPI</title><details>/m-TEST-BEAST/src/main/boy/sdd/TEST-BST1.opi</details></display>
      </pv>
      <pv name="TEST-BST1:RNDMxB267">
          <description>RNDMxB267 Noise signal Out of Limit</description> <latching>true</latching><annunciating >true</annunciating>
          <guidance><title>Noise out of Limit</title><details>HIHI = 90; HIGH= 80; LOW = 20; LOLO=10</details></guidance>
          <guidance><title>Consequence of deviation</title><details>Too much noise</details></guidance>
          <guidance><title>Corrective action</title><details>Disconnect the signal</details></guidance>
          <guidance><title>Time for response</title><details>5 minutes</details></guidance>
          <display><title>Noise control OPI</title><details>/m-TEST-BEAST/src/main/boy/sdd/TEST-BST1.opi</details></display>
      </pv>
      <pv name="TEST-BST1:RNDMxB268">
          <description>RNDMxB268 Noise signal Out of Limit</description> <latching>true</latching><annunciating >true</annunciating>
          <guidance><title>Noise out of Limit</title><details>HIHI = 90; HIGH= 80; LOW = 20; LOLO=10</details></guidance>
          <guidance><title>Consequence of deviation</title><details>Too much noise</details></guidance>
          <guidance><title>Corrective action</title><details>Disconnect the signal</details></guidance>
          <guidance><title>Time for response</title><details>5 minutes</details></guidance>
          <display><title>Noise control OPI</title><details>/m-TEST-BEAST/src/main/boy/sdd/TEST-BST1.opi</details></display>
      </pv>
      <pv name="TEST-BST1:RNDMxB269">
          <description>RNDMxB269 Noise signal Out of Limit</description> <latching>true</latching><annunciating >true</annunciating>
          <guidance><title>Noise out of Limit</title><details>HIHI = 90; HIGH= 80; LOW = 20; LOLO=10</details></guidance>
          <guidance><title>Consequence of deviation</title><details>Too much noise</details></guidance>
          <guidance><title>Corrective action</title><details>Disconnect the signal</details></guidance>
          <guidance><title>Time for response</title><details>5 minutes</details></guidance>
          <display><title>Noise control OPI</title><details>/m-TEST-BEAST/src/main/boy/sdd/TEST-BST1.opi</details></display>
      </pv>
      <pv name="TEST-BST1:RNDMxB270">
          <description>RNDMxB270 Noise signal Out of Limit</description> <latching>true</latching><annunciating >true</annunciating>
          <guidance><title>Noise out of Limit</title><details>HIHI = 90; HIGH= 80; LOW = 20; LOLO=10</details></guidance>
          <guidance><title>Consequence of deviation</title><details>Too much noise</details></guidance>
          <guidance><title>Corrective action</title><details>Disconnect the signal</details></guidance>
          <guidance><title>Time for response</title><details>5 minutes</details></guidance>
          <display><title>Noise control OPI</title><details>/m-TEST-BEAST/src/main/boy/sdd/TEST-BST1.opi</details></display>
      </pv>
      <pv name="TEST-BST1:RNDMxB271">
          <description>RNDMxB271 Noise signal Out of Limit</description> <latching>true</latching><annunciating >true</annunciating>
          <guidance><title>Noise out of Limit</title><details>HIHI = 90; HIGH= 80; LOW = 20; LOLO=10</details></guidance>
          <guidance><title>Consequence of deviation</title><details>Too much noise</details></guidance>
          <guidance><title>Corrective action</title><details>Disconnect the signal</details></guidance>
          <guidance><title>Time for response</title><details>5 minutes</details></guidance>
          <display><title>Noise control OPI</title><details>/m-TEST-BEAST/src/main/boy/sdd/TEST-BST1.opi</details></display>
      </pv>
      <pv name="TEST-BST1:RNDMxB272">
          <description>RNDMxB272 Noise signal Out of Limit</description> <latching>true</latching><annunciating >true</annunciating>
          <guidance><title>Noise out of Limit</title><details>HIHI = 90; HIGH= 80; LOW = 20; LOLO=10</details></guidance>
          <guidance><title>Consequence of deviation</title><details>Too much noise</details></guidance>
          <guidance><title>Corrective action</title><details>Disconnect the signal</details></guidance>
          <guidance><title>Time for response</title><details>5 minutes</details></guidance>
          <display><title>Noise control OPI</title><details>/m-TEST-BEAST/src/main/boy/sdd/TEST-BST1.opi</details></display>
      </pv>
      <pv name="TEST-BST1:RNDMxB273">
          <description>RNDMxB273 Noise signal Out of Limit</description> <latching>true</latching><annunciating >true</annunciating>
          <guidance><title>Noise out of Limit</title><details>HIHI = 90; HIGH= 80; LOW = 20; LOLO=10</details></guidance>
          <guidance><title>Consequence of deviation</title><details>Too much noise</details></guidance>
          <guidance><title>Corrective action</title><details>Disconnect the signal</details></guidance>
          <guidance><title>Time for response</title><details>5 minutes</details></guidance>
          <display><title>Noise control OPI</title><details>/m-TEST-BEAST/src/main/boy/sdd/TEST-BST1.opi</details></display>
      </pv>
      <pv name="TEST-BST1:RNDMxB274">
          <description>RNDMxB274 Noise signal Out of Limit</description> <latching>true</latching><annunciating >true</annunciating>
          <guidance><title>Noise out of Limit</title><details>HIHI = 90; HIGH= 80; LOW = 20; LOLO=10</details></guidance>
          <guidance><title>Consequence of deviation</title><details>Too much noise</details></guidance>
          <guidance><title>Corrective action</title><details>Disconnect the signal</details></guidance>
          <guidance><title>Time for response</title><details>5 minutes</details></guidance>
          <display><title>Noise control OPI</title><details>/m-TEST-BEAST/src/main/boy/sdd/TEST-BST1.opi</details></display>
      </pv>
      <pv name="TEST-BST1:RNDMxB275">
          <description>RNDMxB275 Noise signal Out of Limit</description> <latching>true</latching><annunciating >true</annunciating>
          <guidance><title>Noise out of Limit</title><details>HIHI = 90; HIGH= 80; LOW = 20; LOLO=10</details></guidance>
          <guidance><title>Consequence of deviation</title><details>Too much noise</details></guidance>
          <guidance><title>Corrective action</title><details>Disconnect the signal</details></guidance>
          <guidance><title>Time for response</title><details>5 minutes</details></guidance>
          <display><title>Noise control OPI</title><details>/m-TEST-BEAST/src/main/boy/sdd/TEST-BST1.opi</details></display>
      </pv>
      <pv name="TEST-BST1:RNDMxB276">
          <description>RNDMxB276 Noise signal Out of Limit</description> <latching>true</latching><annunciating >true</annunciating>
          <guidance><title>Noise out of Limit</title><details>HIHI = 90; HIGH= 80; LOW = 20; LOLO=10</details></guidance>
          <guidance><title>Consequence of deviation</title><details>Too much noise</details></guidance>
          <guidance><title>Corrective action</title><details>Disconnect the signal</details></guidance>
          <guidance><title>Time for response</title><details>5 minutes</details></guidance>
          <display><title>Noise control OPI</title><details>/m-TEST-BEAST/src/main/boy/sdd/TEST-BST1.opi</details></display>
      </pv>
      <pv name="TEST-BST1:RNDMxB277">
          <description>RNDMxB277 Noise signal Out of Limit</description> <latching>true</latching><annunciating >true</annunciating>
          <guidance><title>Noise out of Limit</title><details>HIHI = 90; HIGH= 80; LOW = 20; LOLO=10</details></guidance>
          <guidance><title>Consequence of deviation</title><details>Too much noise</details></guidance>
          <guidance><title>Corrective action</title><details>Disconnect the signal</details></guidance>
          <guidance><title>Time for response</title><details>5 minutes</details></guidance>
          <display><title>Noise control OPI</title><details>/m-TEST-BEAST/src/main/boy/sdd/TEST-BST1.opi</details></display>
      </pv>
      <pv name="TEST-BST1:RNDMxB278">
          <description>RNDMxB278 Noise signal Out of Limit</description> <latching>true</latching><annunciating >true</annunciating>
          <guidance><title>Noise out of Limit</title><details>HIHI = 90; HIGH= 80; LOW = 20; LOLO=10</details></guidance>
          <guidance><title>Consequence of deviation</title><details>Too much noise</details></guidance>
          <guidance><title>Corrective action</title><details>Disconnect the signal</details></guidance>
          <guidance><title>Time for response</title><details>5 minutes</details></guidance>
          <display><title>Noise control OPI</title><details>/m-TEST-BEAST/src/main/boy/sdd/TEST-BST1.opi</details></display>
      </pv>
      <pv name="TEST-BST1:RNDMxB279">
          <description>RNDMxB279 Noise signal Out of Limit</description> <latching>true</latching><annunciating >true</annunciating>
          <guidance><title>Noise out of Limit</title><details>HIHI = 90; HIGH= 80; LOW = 20; LOLO=10</details></guidance>
          <guidance><title>Consequence of deviation</title><details>Too much noise</details></guidance>
          <guidance><title>Corrective action</title><details>Disconnect the signal</details></guidance>
          <guidance><title>Time for response</title><details>5 minutes</details></guidance>
          <display><title>Noise control OPI</title><details>/m-TEST-BEAST/src/main/boy/sdd/TEST-BST1.opi</details></display>
      </pv>
      <pv name="TEST-BST1:RNDMxB280">
          <description>RNDMxB280 Noise signal Out of Limit</description> <latching>true</latching><annunciating >true</annunciating>
          <guidance><title>Noise out of Limit</title><details>HIHI = 90; HIGH= 80; LOW = 20; LOLO=10</details></guidance>
          <guidance><title>Consequence of deviation</title><details>Too much noise</details></guidance>
          <guidance><title>Corrective action</title><details>Disconnect the signal</details></guidance>
          <guidance><title>Time for response</title><details>5 minutes</details></guidance>
          <display><title>Noise control OPI</title><details>/m-TEST-BEAST/src/main/boy/sdd/TEST-BST1.opi</details></display>
      </pv>
      <pv name="TEST-BST1:RNDMxB281">
          <description>RNDMxB281 Noise signal Out of Limit</description> <latching>true</latching><annunciating >true</annunciating>
          <guidance><title>Noise out of Limit</title><details>HIHI = 90; HIGH= 80; LOW = 20; LOLO=10</details></guidance>
          <guidance><title>Consequence of deviation</title><details>Too much noise</details></guidance>
          <guidance><title>Corrective action</title><details>Disconnect the signal</details></guidance>
          <guidance><title>Time for response</title><details>5 minutes</details></guidance>
          <display><title>Noise control OPI</title><details>/m-TEST-BEAST/src/main/boy/sdd/TEST-BST1.opi</details></display>
      </pv>
      <pv name="TEST-BST1:RNDMxB282">
          <description>RNDMxB282 Noise signal Out of Limit</description> <latching>true</latching><annunciating >true</annunciating>
          <guidance><title>Noise out of Limit</title><details>HIHI = 90; HIGH= 80; LOW = 20; LOLO=10</details></guidance>
          <guidance><title>Consequence of deviation</title><details>Too much noise</details></guidance>
          <guidance><title>Corrective action</title><details>Disconnect the signal</details></guidance>
          <guidance><title>Time for response</title><details>5 minutes</details></guidance>
          <display><title>Noise control OPI</title><details>/m-TEST-BEAST/src/main/boy/sdd/TEST-BST1.opi</details></display>
      </pv>
      <pv name="TEST-BST1:RNDMxB283">
          <description>RNDMxB283 Noise signal Out of Limit</description> <latching>true</latching><annunciating >true</annunciating>
          <guidance><title>Noise out of Limit</title><details>HIHI = 90; HIGH= 80; LOW = 20; LOLO=10</details></guidance>
          <guidance><title>Consequence of deviation</title><details>Too much noise</details></guidance>
          <guidance><title>Corrective action</title><details>Disconnect the signal</details></guidance>
          <guidance><title>Time for response</title><details>5 minutes</details></guidance>
          <display><title>Noise control OPI</title><details>/m-TEST-BEAST/src/main/boy/sdd/TEST-BST1.opi</details></display>
      </pv>
      <pv name="TEST-BST1:RNDMxB284">
          <description>RNDMxB284 Noise signal Out of Limit</description> <latching>true</latching><annunciating >true</annunciating>
          <guidance><title>Noise out of Limit</title><details>HIHI = 90; HIGH= 80; LOW = 20; LOLO=10</details></guidance>
          <guidance><title>Consequence of deviation</title><details>Too much noise</details></guidance>
          <guidance><title>Corrective action</title><details>Disconnect the signal</details></guidance>
          <guidance><title>Time for response</title><details>5 minutes</details></guidance>
          <display><title>Noise control OPI</title><details>/m-TEST-BEAST/src/main/boy/sdd/TEST-BST1.opi</details></display>
      </pv>
      <pv name="TEST-BST1:RNDMxB285">
          <description>RNDMxB285 Noise signal Out of Limit</description> <latching>true</latching><annunciating >true</annunciating>
          <guidance><title>Noise out of Limit</title><details>HIHI = 90; HIGH= 80; LOW = 20; LOLO=10</details></guidance>
          <guidance><title>Consequence of deviation</title><details>Too much noise</details></guidance>
          <guidance><title>Corrective action</title><details>Disconnect the signal</details></guidance>
          <guidance><title>Time for response</title><details>5 minutes</details></guidance>
          <display><title>Noise control OPI</title><details>/m-TEST-BEAST/src/main/boy/sdd/TEST-BST1.opi</details></display>
      </pv>
      <pv name="TEST-BST1:RNDMxB286">
          <description>RNDMxB286 Noise signal Out of Limit</description> <latching>true</latching><annunciating >true</annunciating>
          <guidance><title>Noise out of Limit</title><details>HIHI = 90; HIGH= 80; LOW = 20; LOLO=10</details></guidance>
          <guidance><title>Consequence of deviation</title><details>Too much noise</details></guidance>
          <guidance><title>Corrective action</title><details>Disconnect the signal</details></guidance>
          <guidance><title>Time for response</title><details>5 minutes</details></guidance>
          <display><title>Noise control OPI</title><details>/m-TEST-BEAST/src/main/boy/sdd/TEST-BST1.opi</details></display>
      </pv>
      <pv name="TEST-BST1:RNDMxB287">
          <description>RNDMxB287 Noise signal Out of Limit</description> <latching>true</latching><annunciating >true</annunciating>
          <guidance><title>Noise out of Limit</title><details>HIHI = 90; HIGH= 80; LOW = 20; LOLO=10</details></guidance>
          <guidance><title>Consequence of deviation</title><details>Too much noise</details></guidance>
          <guidance><title>Corrective action</title><details>Disconnect the signal</details></guidance>
          <guidance><title>Time for response</title><details>5 minutes</details></guidance>
          <display><title>Noise control OPI</title><details>/m-TEST-BEAST/src/main/boy/sdd/TEST-BST1.opi</details></display>
      </pv>
      <pv name="TEST-BST1:RNDMxB288">
          <description>RNDMxB288 Noise signal Out of Limit</description> <latching>true</latching><annunciating >true</annunciating>
          <guidance><title>Noise out of Limit</title><details>HIHI = 90; HIGH= 80; LOW = 20; LOLO=10</details></guidance>
          <guidance><title>Consequence of deviation</title><details>Too much noise</details></guidance>
          <guidance><title>Corrective action</title><details>Disconnect the signal</details></guidance>
          <guidance><title>Time for response</title><details>5 minutes</details></guidance>
          <display><title>Noise control OPI</title><details>/m-TEST-BEAST/src/main/boy/sdd/TEST-BST1.opi</details></display>
      </pv>
      <pv name="TEST-BST1:RNDMxB289">
          <description>RNDMxB289 Noise signal Out of Limit</description> <latching>true</latching><annunciating >true</annunciating>
          <guidance><title>Noise out of Limit</title><details>HIHI = 90; HIGH= 80; LOW = 20; LOLO=10</details></guidance>
          <guidance><title>Consequence of deviation</title><details>Too much noise</details></guidance>
          <guidance><title>Corrective action</title><details>Disconnect the signal</details></guidance>
          <guidance><title>Time for response</title><details>5 minutes</details></guidance>
          <display><title>Noise control OPI</title><details>/m-TEST-BEAST/src/main/boy/sdd/TEST-BST1.opi</details></display>
      </pv>
      <pv name="TEST-BST1:RNDMxB290">
          <description>RNDMxB290 Noise signal Out of Limit</description> <latching>true</latching><annunciating >true</annunciating>
          <guidance><title>Noise out of Limit</title><details>HIHI = 90; HIGH= 80; LOW = 20; LOLO=10</details></guidance>
          <guidance><title>Consequence of deviation</title><details>Too much noise</details></guidance>
          <guidance><title>Corrective action</title><details>Disconnect the signal</details></guidance>
          <guidance><title>Time for response</title><details>5 minutes</details></guidance>
          <display><title>Noise control OPI</title><details>/m-TEST-BEAST/src/main/boy/sdd/TEST-BST1.opi</details></display>
      </pv>
      <pv name="TEST-BST1:RNDMxB291">
          <description>RNDMxB291 Noise signal Out of Limit</description> <latching>true</latching><annunciating >true</annunciating>
          <guidance><title>Noise out of Limit</title><details>HIHI = 90; HIGH= 80; LOW = 20; LOLO=10</details></guidance>
          <guidance><title>Consequence of deviation</title><details>Too much noise</details></guidance>
          <guidance><title>Corrective action</title><details>Disconnect the signal</details></guidance>
          <guidance><title>Time for response</title><details>5 minutes</details></guidance>
          <display><title>Noise control OPI</title><details>/m-TEST-BEAST/src/main/boy/sdd/TEST-BST1.opi</details></display>
      </pv>
      <pv name="TEST-BST1:RNDMxB292">
          <description>RNDMxB292 Noise signal Out of Limit</description> <latching>true</latching><annunciating >true</annunciating>
          <guidance><title>Noise out of Limit</title><details>HIHI = 90; HIGH= 80; LOW = 20; LOLO=10</details></guidance>
          <guidance><title>Consequence of deviation</title><details>Too much noise</details></guidance>
          <guidance><title>Corrective action</title><details>Disconnect the signal</details></guidance>
          <guidance><title>Time for response</title><details>5 minutes</details></guidance>
          <display><title>Noise control OPI</title><details>/m-TEST-BEAST/src/main/boy/sdd/TEST-BST1.opi</details></display>
      </pv>
      <pv name="TEST-BST1:RNDMxB293">
          <description>RNDMxB293 Noise signal Out of Limit</description> <latching>true</latching><annunciating >true</annunciating>
          <guidance><title>Noise out of Limit</title><details>HIHI = 90; HIGH= 80; LOW = 20; LOLO=10</details></guidance>
          <guidance><title>Consequence of deviation</title><details>Too much noise</details></guidance>
          <guidance><title>Corrective action</title><details>Disconnect the signal</details></guidance>
          <guidance><title>Time for response</title><details>5 minutes</details></guidance>
          <display><title>Noise control OPI</title><details>/m-TEST-BEAST/src/main/boy/sdd/TEST-BST1.opi</details></display>
      </pv>
      <pv name="TEST-BST1:RNDMxB294">
          <description>RNDMxB294 Noise signal Out of Limit</description> <latching>true</latching><annunciating >true</annunciating>
          <guidance><title>Noise out of Limit</title><details>HIHI = 90; HIGH= 80; LOW = 20; LOLO=10</details></guidance>
          <guidance><title>Consequence of deviation</title><details>Too much noise</details></guidance>
          <guidance><title>Corrective action</title><details>Disconnect the signal</details></guidance>
          <guidance><title>Time for response</title><details>5 minutes</details></guidance>
          <display><title>Noise control OPI</title><details>/m-TEST-BEAST/src/main/boy/sdd/TEST-BST1.opi</details></display>
      </pv>
      <pv name="TEST-BST1:RNDMxB295">
          <description>RNDMxB295 Noise signal Out of Limit</description> <latching>true</latching><annunciating >true</annunciating>
          <guidance><title>Noise out of Limit</title><details>HIHI = 90; HIGH= 80; LOW = 20; LOLO=10</details></guidance>
          <guidance><title>Consequence of deviation</title><details>Too much noise</details></guidance>
          <guidance><title>Corrective action</title><details>Disconnect the signal</details></guidance>
          <guidance><title>Time for response</title><details>5 minutes</details></guidance>
          <display><title>Noise control OPI</title><details>/m-TEST-BEAST/src/main/boy/sdd/TEST-BST1.opi</details></display>
      </pv>
      <pv name="TEST-BST1:RNDMxB296">
          <description>RNDMxB296 Noise signal Out of Limit</description> <latching>true</latching><annunciating >true</annunciating>
          <guidance><title>Noise out of Limit</title><details>HIHI = 90; HIGH= 80; LOW = 20; LOLO=10</details></guidance>
          <guidance><title>Consequence of deviation</title><details>Too much noise</details></guidance>
          <guidance><title>Corrective action</title><details>Disconnect the signal</details></guidance>
          <guidance><title>Time for response</title><details>5 minutes</details></guidance>
          <display><title>Noise control OPI</title><details>/m-TEST-BEAST/src/main/boy/sdd/TEST-BST1.opi</details></display>
      </pv>
      <pv name="TEST-BST1:RNDMxB297">
          <description>RNDMxB297 Noise signal Out of Limit</description> <latching>true</latching><annunciating >true</annunciating>
          <guidance><title>Noise out of Limit</title><details>HIHI = 90; HIGH= 80; LOW = 20; LOLO=10</details></guidance>
          <guidance><title>Consequence of deviation</title><details>Too much noise</details></guidance>
          <guidance><title>Corrective action</title><details>Disconnect the signal</details></guidance>
          <guidance><title>Time for response</title><details>5 minutes</details></guidance>
          <display><title>Noise control OPI</title><details>/m-TEST-BEAST/src/main/boy/sdd/TEST-BST1.opi</details></display>
      </pv>
      <pv name="TEST-BST1:RNDMxB298">
          <description>RNDMxB298 Noise signal Out of Limit</description> <latching>true</latching><annunciating >true</annunciating>
          <guidance><title>Noise out of Limit</title><details>HIHI = 90; HIGH= 80; LOW = 20; LOLO=10</details></guidance>
          <guidance><title>Consequence of deviation</title><details>Too much noise</details></guidance>
          <guidance><title>Corrective action</title><details>Disconnect the signal</details></guidance>
          <guidance><title>Time for response</title><details>5 minutes</details></guidance>
          <display><title>Noise control OPI</title><details>/m-TEST-BEAST/src/main/boy/sdd/TEST-BST1.opi</details></display>
      </pv>
      <pv name="TEST-BST1:RNDMxB299">
          <description>RNDMxB299 Noise signal Out of Limit</description> <latching>true</latching><annunciating >true</annunciating>
          <guidance><title>Noise out of Limit</title><details>HIHI = 90; HIGH= 80; LOW = 20; LOLO=10</details></guidance>
          <guidance><title>Consequence of deviation</title><details>Too much noise</details></guidance>
          <guidance><title>Corrective action</title><details>Disconnect the signal</details></guidance>
          <guidance><title>Time for response</title><details>5 minutes</details></guidance>
          <display><title>Noise control OPI</title><details>/m-TEST-BEAST/src/main/boy/sdd/TEST-BST1.opi</details></display>
      </pv>
      <pv name="TEST-BST1:RNDMxB300">
          <description>RNDMxB300 Noise signal Out of Limit</description> <latching>true</latching><annunciating >true</annunciating>
          <guidance><title>Noise out of Limit</title><details>HIHI = 90; HIGH= 80; LOW = 20; LOLO=10</details></guidance>
          <guidance><title>Consequence of deviation</title><details>Too much noise</details></guidance>
          <guidance><title>Corrective action</title><details>Disconnect the signal</details></guidance>
          <guidance><title>Time for response</title><details>5 minutes</details></guidance>
          <display><title>Noise control OPI</title><details>/m-TEST-BEAST/src/main/boy/sdd/TEST-BST1.opi</details></display>
      </pv>
      <pv name="TEST-BST1:RNDMxB301">
          <description>RNDMxB301 Noise signal Out of Limit</description> <latching>true</latching><annunciating >true</annunciating>
          <guidance><title>Noise out of Limit</title><details>HIHI = 90; HIGH= 80; LOW = 20; LOLO=10</details></guidance>
          <guidance><title>Consequence of deviation</title><details>Too much noise</details></guidance>
          <guidance><title>Corrective action</title><details>Disconnect the signal</details></guidance>
          <guidance><title>Time for response</title><details>5 minutes</details></guidance>
          <display><title>Noise control OPI</title><details>/m-TEST-BEAST/src/main/boy/sdd/TEST-BST1.opi</details></display>
      </pv>
      <pv name="TEST-BST1:RNDMxB302">
          <description>RNDMxB302 Noise signal Out of Limit</description> <latching>true</latching><annunciating >true</annunciating>
          <guidance><title>Noise out of Limit</title><details>HIHI = 90; HIGH= 80; LOW = 20; LOLO=10</details></guidance>
          <guidance><title>Consequence of deviation</title><details>Too much noise</details></guidance>
          <guidance><title>Corrective action</title><details>Disconnect the signal</details></guidance>
          <guidance><title>Time for response</title><details>5 minutes</details></guidance>
          <display><title>Noise control OPI</title><details>/m-TEST-BEAST/src/main/boy/sdd/TEST-BST1.opi</details></display>
      </pv>
      <pv name="TEST-BST1:RNDMxB303">
          <description>RNDMxB303 Noise signal Out of Limit</description> <latching>true</latching><annunciating >true</annunciating>
          <guidance><title>Noise out of Limit</title><details>HIHI = 90; HIGH= 80; LOW = 20; LOLO=10</details></guidance>
          <guidance><title>Consequence of deviation</title><details>Too much noise</details></guidance>
          <guidance><title>Corrective action</title><details>Disconnect the signal</details></guidance>
          <guidance><title>Time for response</title><details>5 minutes</details></guidance>
          <display><title>Noise control OPI</title><details>/m-TEST-BEAST/src/main/boy/sdd/TEST-BST1.opi</details></display>
      </pv>
      <pv name="TEST-BST1:RNDMxB304">
          <description>RNDMxB304 Noise signal Out of Limit</description> <latching>true</latching><annunciating >true</annunciating>
          <guidance><title>Noise out of Limit</title><details>HIHI = 90; HIGH= 80; LOW = 20; LOLO=10</details></guidance>
          <guidance><title>Consequence of deviation</title><details>Too much noise</details></guidance>
          <guidance><title>Corrective action</title><details>Disconnect the signal</details></guidance>
          <guidance><title>Time for response</title><details>5 minutes</details></guidance>
          <display><title>Noise control OPI</title><details>/m-TEST-BEAST/src/main/boy/sdd/TEST-BST1.opi</details></display>
      </pv>
      <pv name="TEST-BST1:RNDMxB305">
          <description>RNDMxB305 Noise signal Out of Limit</description> <latching>true</latching><annunciating >true</annunciating>
          <guidance><title>Noise out of Limit</title><details>HIHI = 90; HIGH= 80; LOW = 20; LOLO=10</details></guidance>
          <guidance><title>Consequence of deviation</title><details>Too much noise</details></guidance>
          <guidance><title>Corrective action</title><details>Disconnect the signal</details></guidance>
          <guidance><title>Time for response</title><details>5 minutes</details></guidance>
          <display><title>Noise control OPI</title><details>/m-TEST-BEAST/src/main/boy/sdd/TEST-BST1.opi</details></display>
      </pv>
      <pv name="TEST-BST1:RNDMxB306">
          <description>RNDMxB306 Noise signal Out of Limit</description> <latching>true</latching><annunciating >true</annunciating>
          <guidance><title>Noise out of Limit</title><details>HIHI = 90; HIGH= 80; LOW = 20; LOLO=10</details></guidance>
          <guidance><title>Consequence of deviation</title><details>Too much noise</details></guidance>
          <guidance><title>Corrective action</title><details>Disconnect the signal</details></guidance>
          <guidance><title>Time for response</title><details>5 minutes</details></guidance>
          <display><title>Noise control OPI</title><details>/m-TEST-BEAST/src/main/boy/sdd/TEST-BST1.opi</details></display>
      </pv>
      <pv name="TEST-BST1:RNDMxB307">
          <description>RNDMxB307 Noise signal Out of Limit</description> <latching>true</latching><annunciating >true</annunciating>
          <guidance><title>Noise out of Limit</title><details>HIHI = 90; HIGH= 80; LOW = 20; LOLO=10</details></guidance>
          <guidance><title>Consequence of deviation</title><details>Too much noise</details></guidance>
          <guidance><title>Corrective action</title><details>Disconnect the signal</details></guidance>
          <guidance><title>Time for response</title><details>5 minutes</details></guidance>
          <display><title>Noise control OPI</title><details>/m-TEST-BEAST/src/main/boy/sdd/TEST-BST1.opi</details></display>
      </pv>
      <pv name="TEST-BST1:RNDMxB308">
          <description>RNDMxB308 Noise signal Out of Limit</description> <latching>true</latching><annunciating >true</annunciating>
          <guidance><title>Noise out of Limit</title><details>HIHI = 90; HIGH= 80; LOW = 20; LOLO=10</details></guidance>
          <guidance><title>Consequence of deviation</title><details>Too much noise</details></guidance>
          <guidance><title>Corrective action</title><details>Disconnect the signal</details></guidance>
          <guidance><title>Time for response</title><details>5 minutes</details></guidance>
          <display><title>Noise control OPI</title><details>/m-TEST-BEAST/src/main/boy/sdd/TEST-BST1.opi</details></display>
      </pv>
      <pv name="TEST-BST1:RNDMxB309">
          <description>RNDMxB309 Noise signal Out of Limit</description> <latching>true</latching><annunciating >true</annunciating>
          <guidance><title>Noise out of Limit</title><details>HIHI = 90; HIGH= 80; LOW = 20; LOLO=10</details></guidance>
          <guidance><title>Consequence of deviation</title><details>Too much noise</details></guidance>
          <guidance><title>Corrective action</title><details>Disconnect the signal</details></guidance>
          <guidance><title>Time for response</title><details>5 minutes</details></guidance>
          <display><title>Noise control OPI</title><details>/m-TEST-BEAST/src/main/boy/sdd/TEST-BST1.opi</details></display>
      </pv>
      <pv name="TEST-BST1:RNDMxB310">
          <description>RNDMxB310 Noise signal Out of Limit</description> <latching>true</latching><annunciating >true</annunciating>
          <guidance><title>Noise out of Limit</title><details>HIHI = 90; HIGH= 80; LOW = 20; LOLO=10</details></guidance>
          <guidance><title>Consequence of deviation</title><details>Too much noise</details></guidance>
          <guidance><title>Corrective action</title><details>Disconnect the signal</details></guidance>
          <guidance><title>Time for response</title><details>5 minutes</details></guidance>
          <display><title>Noise control OPI</title><details>/m-TEST-BEAST/src/main/boy/sdd/TEST-BST1.opi</details></display>
      </pv>
      <pv name="TEST-BST1:RNDMxB311">
          <description>RNDMxB311 Noise signal Out of Limit</description> <latching>true</latching><annunciating >true</annunciating>
          <guidance><title>Noise out of Limit</title><details>HIHI = 90; HIGH= 80; LOW = 20; LOLO=10</details></guidance>
          <guidance><title>Consequence of deviation</title><details>Too much noise</details></guidance>
          <guidance><title>Corrective action</title><details>Disconnect the signal</details></guidance>
          <guidance><title>Time for response</title><details>5 minutes</details></guidance>
          <display><title>Noise control OPI</title><details>/m-TEST-BEAST/src/main/boy/sdd/TEST-BST1.opi</details></display>
      </pv>
      <pv name="TEST-BST1:RNDMxB312">
          <description>RNDMxB312 Noise signal Out of Limit</description> <latching>true</latching><annunciating >true</annunciating>
          <guidance><title>Noise out of Limit</title><details>HIHI = 90; HIGH= 80; LOW = 20; LOLO=10</details></guidance>
          <guidance><title>Consequence of deviation</title><details>Too much noise</details></guidance>
          <guidance><title>Corrective action</title><details>Disconnect the signal</details></guidance>
          <guidance><title>Time for response</title><details>5 minutes</details></guidance>
          <display><title>Noise control OPI</title><details>/m-TEST-BEAST/src/main/boy/sdd/TEST-BST1.opi</details></display>
      </pv>
      <pv name="TEST-BST1:RNDMxB313">
          <description>RNDMxB313 Noise signal Out of Limit</description> <latching>true</latching><annunciating >true</annunciating>
          <guidance><title>Noise out of Limit</title><details>HIHI = 90; HIGH= 80; LOW = 20; LOLO=10</details></guidance>
          <guidance><title>Consequence of deviation</title><details>Too much noise</details></guidance>
          <guidance><title>Corrective action</title><details>Disconnect the signal</details></guidance>
          <guidance><title>Time for response</title><details>5 minutes</details></guidance>
          <display><title>Noise control OPI</title><details>/m-TEST-BEAST/src/main/boy/sdd/TEST-BST1.opi</details></display>
      </pv>
      <pv name="TEST-BST1:RNDMxB314">
          <description>RNDMxB314 Noise signal Out of Limit</description> <latching>true</latching><annunciating >true</annunciating>
          <guidance><title>Noise out of Limit</title><details>HIHI = 90; HIGH= 80; LOW = 20; LOLO=10</details></guidance>
          <guidance><title>Consequence of deviation</title><details>Too much noise</details></guidance>
          <guidance><title>Corrective action</title><details>Disconnect the signal</details></guidance>
          <guidance><title>Time for response</title><details>5 minutes</details></guidance>
          <display><title>Noise control OPI</title><details>/m-TEST-BEAST/src/main/boy/sdd/TEST-BST1.opi</details></display>
      </pv>
      <pv name="TEST-BST1:RNDMxB315">
          <description>RNDMxB315 Noise signal Out of Limit</description> <latching>true</latching><annunciating >true</annunciating>
          <guidance><title>Noise out of Limit</title><details>HIHI = 90; HIGH= 80; LOW = 20; LOLO=10</details></guidance>
          <guidance><title>Consequence of deviation</title><details>Too much noise</details></guidance>
          <guidance><title>Corrective action</title><details>Disconnect the signal</details></guidance>
          <guidance><title>Time for response</title><details>5 minutes</details></guidance>
          <display><title>Noise control OPI</title><details>/m-TEST-BEAST/src/main/boy/sdd/TEST-BST1.opi</details></display>
      </pv>
      <pv name="TEST-BST1:RNDMxB316">
          <description>RNDMxB316 Noise signal Out of Limit</description> <latching>true</latching><annunciating >true</annunciating>
          <guidance><title>Noise out of Limit</title><details>HIHI = 90; HIGH= 80; LOW = 20; LOLO=10</details></guidance>
          <guidance><title>Consequence of deviation</title><details>Too much noise</details></guidance>
          <guidance><title>Corrective action</title><details>Disconnect the signal</details></guidance>
          <guidance><title>Time for response</title><details>5 minutes</details></guidance>
          <display><title>Noise control OPI</title><details>/m-TEST-BEAST/src/main/boy/sdd/TEST-BST1.opi</details></display>
      </pv>
      <pv name="TEST-BST1:RNDMxB317">
          <description>RNDMxB317 Noise signal Out of Limit</description> <latching>true</latching><annunciating >true</annunciating>
          <guidance><title>Noise out of Limit</title><details>HIHI = 90; HIGH= 80; LOW = 20; LOLO=10</details></guidance>
          <guidance><title>Consequence of deviation</title><details>Too much noise</details></guidance>
          <guidance><title>Corrective action</title><details>Disconnect the signal</details></guidance>
          <guidance><title>Time for response</title><details>5 minutes</details></guidance>
          <display><title>Noise control OPI</title><details>/m-TEST-BEAST/src/main/boy/sdd/TEST-BST1.opi</details></display>
      </pv>
      <pv name="TEST-BST1:RNDMxB318">
          <description>RNDMxB318 Noise signal Out of Limit</description> <latching>true</latching><annunciating >true</annunciating>
          <guidance><title>Noise out of Limit</title><details>HIHI = 90; HIGH= 80; LOW = 20; LOLO=10</details></guidance>
          <guidance><title>Consequence of deviation</title><details>Too much noise</details></guidance>
          <guidance><title>Corrective action</title><details>Disconnect the signal</details></guidance>
          <guidance><title>Time for response</title><details>5 minutes</details></guidance>
          <display><title>Noise control OPI</title><details>/m-TEST-BEAST/src/main/boy/sdd/TEST-BST1.opi</details></display>
      </pv>
      <pv name="TEST-BST1:RNDMxB319">
          <description>RNDMxB319 Noise signal Out of Limit</description> <latching>true</latching><annunciating >true</annunciating>
          <guidance><title>Noise out of Limit</title><details>HIHI = 90; HIGH= 80; LOW = 20; LOLO=10</details></guidance>
          <guidance><title>Consequence of deviation</title><details>Too much noise</details></guidance>
          <guidance><title>Corrective action</title><details>Disconnect the signal</details></guidance>
          <guidance><title>Time for response</title><details>5 minutes</details></guidance>
          <display><title>Noise control OPI</title><details>/m-TEST-BEAST/src/main/boy/sdd/TEST-BST1.opi</details></display>
      </pv>
      <pv name="TEST-BST1:RNDMxB320">
          <description>RNDMxB320 Noise signal Out of Limit</description> <latching>true</latching><annunciating >true</annunciating>
          <guidance><title>Noise out of Limit</title><details>HIHI = 90; HIGH= 80; LOW = 20; LOLO=10</details></guidance>
          <guidance><title>Consequence of deviation</title><details>Too much noise</details></guidance>
          <guidance><title>Corrective action</title><details>Disconnect the signal</details></guidance>
          <guidance><title>Time for response</title><details>5 minutes</details></guidance>
          <display><title>Noise control OPI</title><details>/m-TEST-BEAST/src/main/boy/sdd/TEST-BST1.opi</details></display>
      </pv>
      <pv name="TEST-BST1:RNDMxB321">
          <description>RNDMxB321 Noise signal Out of Limit</description> <latching>true</latching><annunciating >true</annunciating>
          <guidance><title>Noise out of Limit</title><details>HIHI = 90; HIGH= 80; LOW = 20; LOLO=10</details></guidance>
          <guidance><title>Consequence of deviation</title><details>Too much noise</details></guidance>
          <guidance><title>Corrective action</title><details>Disconnect the signal</details></guidance>
          <guidance><title>Time for response</title><details>5 minutes</details></guidance>
          <display><title>Noise control OPI</title><details>/m-TEST-BEAST/src/main/boy/sdd/TEST-BST1.opi</details></display>
      </pv>
      <pv name="TEST-BST1:RNDMxB322">
          <description>RNDMxB322 Noise signal Out of Limit</description> <latching>true</latching><annunciating >true</annunciating>
          <guidance><title>Noise out of Limit</title><details>HIHI = 90; HIGH= 80; LOW = 20; LOLO=10</details></guidance>
          <guidance><title>Consequence of deviation</title><details>Too much noise</details></guidance>
          <guidance><title>Corrective action</title><details>Disconnect the signal</details></guidance>
          <guidance><title>Time for response</title><details>5 minutes</details></guidance>
          <display><title>Noise control OPI</title><details>/m-TEST-BEAST/src/main/boy/sdd/TEST-BST1.opi</details></display>
      </pv>
      <pv name="TEST-BST1:RNDMxB323">
          <description>RNDMxB323 Noise signal Out of Limit</description> <latching>true</latching><annunciating >true</annunciating>
          <guidance><title>Noise out of Limit</title><details>HIHI = 90; HIGH= 80; LOW = 20; LOLO=10</details></guidance>
          <guidance><title>Consequence of deviation</title><details>Too much noise</details></guidance>
          <guidance><title>Corrective action</title><details>Disconnect the signal</details></guidance>
          <guidance><title>Time for response</title><details>5 minutes</details></guidance>
          <display><title>Noise control OPI</title><details>/m-TEST-BEAST/src/main/boy/sdd/TEST-BST1.opi</details></display>
      </pv>
      <pv name="TEST-BST1:RNDMxB324">
          <description>RNDMxB324 Noise signal Out of Limit</description> <latching>true</latching><annunciating >true</annunciating>
          <guidance><title>Noise out of Limit</title><details>HIHI = 90; HIGH= 80; LOW = 20; LOLO=10</details></guidance>
          <guidance><title>Consequence of deviation</title><details>Too much noise</details></guidance>
          <guidance><title>Corrective action</title><details>Disconnect the signal</details></guidance>
          <guidance><title>Time for response</title><details>5 minutes</details></guidance>
          <display><title>Noise control OPI</title><details>/m-TEST-BEAST/src/main/boy/sdd/TEST-BST1.opi</details></display>
      </pv>
      <pv name="TEST-BST1:RNDMxB325">
          <description>RNDMxB325 Noise signal Out of Limit</description> <latching>true</latching><annunciating >true</annunciating>
          <guidance><title>Noise out of Limit</title><details>HIHI = 90; HIGH= 80; LOW = 20; LOLO=10</details></guidance>
          <guidance><title>Consequence of deviation</title><details>Too much noise</details></guidance>
          <guidance><title>Corrective action</title><details>Disconnect the signal</details></guidance>
          <guidance><title>Time for response</title><details>5 minutes</details></guidance>
          <display><title>Noise control OPI</title><details>/m-TEST-BEAST/src/main/boy/sdd/TEST-BST1.opi</details></display>
      </pv>
      <pv name="TEST-BST1:RNDMxB326">
          <description>RNDMxB326 Noise signal Out of Limit</description> <latching>true</latching><annunciating >true</annunciating>
          <guidance><title>Noise out of Limit</title><details>HIHI = 90; HIGH= 80; LOW = 20; LOLO=10</details></guidance>
          <guidance><title>Consequence of deviation</title><details>Too much noise</details></guidance>
          <guidance><title>Corrective action</title><details>Disconnect the signal</details></guidance>
          <guidance><title>Time for response</title><details>5 minutes</details></guidance>
          <display><title>Noise control OPI</title><details>/m-TEST-BEAST/src/main/boy/sdd/TEST-BST1.opi</details></display>
      </pv>
      <pv name="TEST-BST1:RNDMxB327">
          <description>RNDMxB327 Noise signal Out of Limit</description> <latching>true</latching><annunciating >true</annunciating>
          <guidance><title>Noise out of Limit</title><details>HIHI = 90; HIGH= 80; LOW = 20; LOLO=10</details></guidance>
          <guidance><title>Consequence of deviation</title><details>Too much noise</details></guidance>
          <guidance><title>Corrective action</title><details>Disconnect the signal</details></guidance>
          <guidance><title>Time for response</title><details>5 minutes</details></guidance>
          <display><title>Noise control OPI</title><details>/m-TEST-BEAST/src/main/boy/sdd/TEST-BST1.opi</details></display>
      </pv>
      <pv name="TEST-BST1:RNDMxB328">
          <description>RNDMxB328 Noise signal Out of Limit</description> <latching>true</latching><annunciating >true</annunciating>
          <guidance><title>Noise out of Limit</title><details>HIHI = 90; HIGH= 80; LOW = 20; LOLO=10</details></guidance>
          <guidance><title>Consequence of deviation</title><details>Too much noise</details></guidance>
          <guidance><title>Corrective action</title><details>Disconnect the signal</details></guidance>
          <guidance><title>Time for response</title><details>5 minutes</details></guidance>
          <display><title>Noise control OPI</title><details>/m-TEST-BEAST/src/main/boy/sdd/TEST-BST1.opi</details></display>
      </pv>
      <pv name="TEST-BST1:RNDMxB329">
          <description>RNDMxB329 Noise signal Out of Limit</description> <latching>true</latching><annunciating >true</annunciating>
          <guidance><title>Noise out of Limit</title><details>HIHI = 90; HIGH= 80; LOW = 20; LOLO=10</details></guidance>
          <guidance><title>Consequence of deviation</title><details>Too much noise</details></guidance>
          <guidance><title>Corrective action</title><details>Disconnect the signal</details></guidance>
          <guidance><title>Time for response</title><details>5 minutes</details></guidance>
          <display><title>Noise control OPI</title><details>/m-TEST-BEAST/src/main/boy/sdd/TEST-BST1.opi</details></display>
      </pv>
      <pv name="TEST-BST1:RNDMxB330">
          <description>RNDMxB330 Noise signal Out of Limit</description> <latching>true</latching><annunciating >true</annunciating>
          <guidance><title>Noise out of Limit</title><details>HIHI = 90; HIGH= 80; LOW = 20; LOLO=10</details></guidance>
          <guidance><title>Consequence of deviation</title><details>Too much noise</details></guidance>
          <guidance><title>Corrective action</title><details>Disconnect the signal</details></guidance>
          <guidance><title>Time for response</title><details>5 minutes</details></guidance>
          <display><title>Noise control OPI</title><details>/m-TEST-BEAST/src/main/boy/sdd/TEST-BST1.opi</details></display>
      </pv>
      <pv name="TEST-BST1:RNDMxB331">
          <description>RNDMxB331 Noise signal Out of Limit</description> <latching>true</latching><annunciating >true</annunciating>
          <guidance><title>Noise out of Limit</title><details>HIHI = 90; HIGH= 80; LOW = 20; LOLO=10</details></guidance>
          <guidance><title>Consequence of deviation</title><details>Too much noise</details></guidance>
          <guidance><title>Corrective action</title><details>Disconnect the signal</details></guidance>
          <guidance><title>Time for response</title><details>5 minutes</details></guidance>
          <display><title>Noise control OPI</title><details>/m-TEST-BEAST/src/main/boy/sdd/TEST-BST1.opi</details></display>
      </pv>
      <pv name="TEST-BST1:RNDMxB332">
          <description>RNDMxB332 Noise signal Out of Limit</description> <latching>true</latching><annunciating >true</annunciating>
          <guidance><title>Noise out of Limit</title><details>HIHI = 90; HIGH= 80; LOW = 20; LOLO=10</details></guidance>
          <guidance><title>Consequence of deviation</title><details>Too much noise</details></guidance>
          <guidance><title>Corrective action</title><details>Disconnect the signal</details></guidance>
          <guidance><title>Time for response</title><details>5 minutes</details></guidance>
          <display><title>Noise control OPI</title><details>/m-TEST-BEAST/src/main/boy/sdd/TEST-BST1.opi</details></display>
      </pv>
      <pv name="TEST-BST1:RNDMxB333">
          <description>RNDMxB333 Noise signal Out of Limit</description> <latching>true</latching><annunciating >true</annunciating>
          <guidance><title>Noise out of Limit</title><details>HIHI = 90; HIGH= 80; LOW = 20; LOLO=10</details></guidance>
          <guidance><title>Consequence of deviation</title><details>Too much noise</details></guidance>
          <guidance><title>Corrective action</title><details>Disconnect the signal</details></guidance>
          <guidance><title>Time for response</title><details>5 minutes</details></guidance>
          <display><title>Noise control OPI</title><details>/m-TEST-BEAST/src/main/boy/sdd/TEST-BST1.opi</details></display>
      </pv>
      <pv name="TEST-BST1:RNDMxB334">
          <description>RNDMxB334 Noise signal Out of Limit</description> <latching>true</latching><annunciating >true</annunciating>
          <guidance><title>Noise out of Limit</title><details>HIHI = 90; HIGH= 80; LOW = 20; LOLO=10</details></guidance>
          <guidance><title>Consequence of deviation</title><details>Too much noise</details></guidance>
          <guidance><title>Corrective action</title><details>Disconnect the signal</details></guidance>
          <guidance><title>Time for response</title><details>5 minutes</details></guidance>
          <display><title>Noise control OPI</title><details>/m-TEST-BEAST/src/main/boy/sdd/TEST-BST1.opi</details></display>
      </pv>
      <pv name="TEST-BST1:RNDMxB335">
          <description>RNDMxB335 Noise signal Out of Limit</description> <latching>true</latching><annunciating >true</annunciating>
          <guidance><title>Noise out of Limit</title><details>HIHI = 90; HIGH= 80; LOW = 20; LOLO=10</details></guidance>
          <guidance><title>Consequence of deviation</title><details>Too much noise</details></guidance>
          <guidance><title>Corrective action</title><details>Disconnect the signal</details></guidance>
          <guidance><title>Time for response</title><details>5 minutes</details></guidance>
          <display><title>Noise control OPI</title><details>/m-TEST-BEAST/src/main/boy/sdd/TEST-BST1.opi</details></display>
      </pv>
      <pv name="TEST-BST1:RNDMxB336">
          <description>RNDMxB336 Noise signal Out of Limit</description> <latching>true</latching><annunciating >true</annunciating>
          <guidance><title>Noise out of Limit</title><details>HIHI = 90; HIGH= 80; LOW = 20; LOLO=10</details></guidance>
          <guidance><title>Consequence of deviation</title><details>Too much noise</details></guidance>
          <guidance><title>Corrective action</title><details>Disconnect the signal</details></guidance>
          <guidance><title>Time for response</title><details>5 minutes</details></guidance>
          <display><title>Noise control OPI</title><details>/m-TEST-BEAST/src/main/boy/sdd/TEST-BST1.opi</details></display>
      </pv>
      <pv name="TEST-BST1:RNDMxB337">
          <description>RNDMxB337 Noise signal Out of Limit</description> <latching>true</latching><annunciating >true</annunciating>
          <guidance><title>Noise out of Limit</title><details>HIHI = 90; HIGH= 80; LOW = 20; LOLO=10</details></guidance>
          <guidance><title>Consequence of deviation</title><details>Too much noise</details></guidance>
          <guidance><title>Corrective action</title><details>Disconnect the signal</details></guidance>
          <guidance><title>Time for response</title><details>5 minutes</details></guidance>
          <display><title>Noise control OPI</title><details>/m-TEST-BEAST/src/main/boy/sdd/TEST-BST1.opi</details></display>
      </pv>
      <pv name="TEST-BST1:RNDMxB338">
          <description>RNDMxB338 Noise signal Out of Limit</description> <latching>true</latching><annunciating >true</annunciating>
          <guidance><title>Noise out of Limit</title><details>HIHI = 90; HIGH= 80; LOW = 20; LOLO=10</details></guidance>
          <guidance><title>Consequence of deviation</title><details>Too much noise</details></guidance>
          <guidance><title>Corrective action</title><details>Disconnect the signal</details></guidance>
          <guidance><title>Time for response</title><details>5 minutes</details></guidance>
          <display><title>Noise control OPI</title><details>/m-TEST-BEAST/src/main/boy/sdd/TEST-BST1.opi</details></display>
      </pv>
      <pv name="TEST-BST1:RNDMxB339">
          <description>RNDMxB339 Noise signal Out of Limit</description> <latching>true</latching><annunciating >true</annunciating>
          <guidance><title>Noise out of Limit</title><details>HIHI = 90; HIGH= 80; LOW = 20; LOLO=10</details></guidance>
          <guidance><title>Consequence of deviation</title><details>Too much noise</details></guidance>
          <guidance><title>Corrective action</title><details>Disconnect the signal</details></guidance>
          <guidance><title>Time for response</title><details>5 minutes</details></guidance>
          <display><title>Noise control OPI</title><details>/m-TEST-BEAST/src/main/boy/sdd/TEST-BST1.opi</details></display>
      </pv>
      <pv name="TEST-BST1:RNDMxB340">
          <description>RNDMxB340 Noise signal Out of Limit</description> <latching>true</latching><annunciating >true</annunciating>
          <guidance><title>Noise out of Limit</title><details>HIHI = 90; HIGH= 80; LOW = 20; LOLO=10</details></guidance>
          <guidance><title>Consequence of deviation</title><details>Too much noise</details></guidance>
          <guidance><title>Corrective action</title><details>Disconnect the signal</details></guidance>
          <guidance><title>Time for response</title><details>5 minutes</details></guidance>
          <display><title>Noise control OPI</title><details>/m-TEST-BEAST/src/main/boy/sdd/TEST-BST1.opi</details></display>
      </pv>
      <pv name="TEST-BST1:RNDMxB341">
          <description>RNDMxB341 Noise signal Out of Limit</description> <latching>true</latching><annunciating >true</annunciating>
          <guidance><title>Noise out of Limit</title><details>HIHI = 90; HIGH= 80; LOW = 20; LOLO=10</details></guidance>
          <guidance><title>Consequence of deviation</title><details>Too much noise</details></guidance>
          <guidance><title>Corrective action</title><details>Disconnect the signal</details></guidance>
          <guidance><title>Time for response</title><details>5 minutes</details></guidance>
          <display><title>Noise control OPI</title><details>/m-TEST-BEAST/src/main/boy/sdd/TEST-BST1.opi</details></display>
      </pv>
      <pv name="TEST-BST1:RNDMxB342">
          <description>RNDMxB342 Noise signal Out of Limit</description> <latching>true</latching><annunciating >true</annunciating>
          <guidance><title>Noise out of Limit</title><details>HIHI = 90; HIGH= 80; LOW = 20; LOLO=10</details></guidance>
          <guidance><title>Consequence of deviation</title><details>Too much noise</details></guidance>
          <guidance><title>Corrective action</title><details>Disconnect the signal</details></guidance>
          <guidance><title>Time for response</title><details>5 minutes</details></guidance>
          <display><title>Noise control OPI</title><details>/m-TEST-BEAST/src/main/boy/sdd/TEST-BST1.opi</details></display>
      </pv>
      <pv name="TEST-BST1:RNDMxB343">
          <description>RNDMxB343 Noise signal Out of Limit</description> <latching>true</latching><annunciating >true</annunciating>
          <guidance><title>Noise out of Limit</title><details>HIHI = 90; HIGH= 80; LOW = 20; LOLO=10</details></guidance>
          <guidance><title>Consequence of deviation</title><details>Too much noise</details></guidance>
          <guidance><title>Corrective action</title><details>Disconnect the signal</details></guidance>
          <guidance><title>Time for response</title><details>5 minutes</details></guidance>
          <display><title>Noise control OPI</title><details>/m-TEST-BEAST/src/main/boy/sdd/TEST-BST1.opi</details></display>
      </pv>
      <pv name="TEST-BST1:RNDMxB344">
          <description>RNDMxB344 Noise signal Out of Limit</description> <latching>true</latching><annunciating >true</annunciating>
          <guidance><title>Noise out of Limit</title><details>HIHI = 90; HIGH= 80; LOW = 20; LOLO=10</details></guidance>
          <guidance><title>Consequence of deviation</title><details>Too much noise</details></guidance>
          <guidance><title>Corrective action</title><details>Disconnect the signal</details></guidance>
          <guidance><title>Time for response</title><details>5 minutes</details></guidance>
          <display><title>Noise control OPI</title><details>/m-TEST-BEAST/src/main/boy/sdd/TEST-BST1.opi</details></display>
      </pv>
      <pv name="TEST-BST1:RNDMxB345">
          <description>RNDMxB345 Noise signal Out of Limit</description> <latching>true</latching><annunciating >true</annunciating>
          <guidance><title>Noise out of Limit</title><details>HIHI = 90; HIGH= 80; LOW = 20; LOLO=10</details></guidance>
          <guidance><title>Consequence of deviation</title><details>Too much noise</details></guidance>
          <guidance><title>Corrective action</title><details>Disconnect the signal</details></guidance>
          <guidance><title>Time for response</title><details>5 minutes</details></guidance>
          <display><title>Noise control OPI</title><details>/m-TEST-BEAST/src/main/boy/sdd/TEST-BST1.opi</details></display>
      </pv>
      <pv name="TEST-BST1:RNDMxB346">
          <description>RNDMxB346 Noise signal Out of Limit</description> <latching>true</latching><annunciating >true</annunciating>
          <guidance><title>Noise out of Limit</title><details>HIHI = 90; HIGH= 80; LOW = 20; LOLO=10</details></guidance>
          <guidance><title>Consequence of deviation</title><details>Too much noise</details></guidance>
          <guidance><title>Corrective action</title><details>Disconnect the signal</details></guidance>
          <guidance><title>Time for response</title><details>5 minutes</details></guidance>
          <display><title>Noise control OPI</title><details>/m-TEST-BEAST/src/main/boy/sdd/TEST-BST1.opi</details></display>
      </pv>
      <pv name="TEST-BST1:RNDMxB347">
          <description>RNDMxB347 Noise signal Out of Limit</description> <latching>true</latching><annunciating >true</annunciating>
          <guidance><title>Noise out of Limit</title><details>HIHI = 90; HIGH= 80; LOW = 20; LOLO=10</details></guidance>
          <guidance><title>Consequence of deviation</title><details>Too much noise</details></guidance>
          <guidance><title>Corrective action</title><details>Disconnect the signal</details></guidance>
          <guidance><title>Time for response</title><details>5 minutes</details></guidance>
          <display><title>Noise control OPI</title><details>/m-TEST-BEAST/src/main/boy/sdd/TEST-BST1.opi</details></display>
      </pv>
      <pv name="TEST-BST1:RNDMxB348">
          <description>RNDMxB348 Noise signal Out of Limit</description> <latching>true</latching><annunciating >true</annunciating>
          <guidance><title>Noise out of Limit</title><details>HIHI = 90; HIGH= 80; LOW = 20; LOLO=10</details></guidance>
          <guidance><title>Consequence of deviation</title><details>Too much noise</details></guidance>
          <guidance><title>Corrective action</title><details>Disconnect the signal</details></guidance>
          <guidance><title>Time for response</title><details>5 minutes</details></guidance>
          <display><title>Noise control OPI</title><details>/m-TEST-BEAST/src/main/boy/sdd/TEST-BST1.opi</details></display>
      </pv>
      <pv name="TEST-BST1:RNDMxB349">
          <description>RNDMxB349 Noise signal Out of Limit</description> <latching>true</latching><annunciating >true</annunciating>
          <guidance><title>Noise out of Limit</title><details>HIHI = 90; HIGH= 80; LOW = 20; LOLO=10</details></guidance>
          <guidance><title>Consequence of deviation</title><details>Too much noise</details></guidance>
          <guidance><title>Corrective action</title><details>Disconnect the signal</details></guidance>
          <guidance><title>Time for response</title><details>5 minutes</details></guidance>
          <display><title>Noise control OPI</title><details>/m-TEST-BEAST/src/main/boy/sdd/TEST-BST1.opi</details></display>
      </pv>
      <pv name="TEST-BST1:RNDMxB350">
          <description>RNDMxB350 Noise signal Out of Limit</description> <latching>true</latching><annunciating >true</annunciating>
          <guidance><title>Noise out of Limit</title><details>HIHI = 90; HIGH= 80; LOW = 20; LOLO=10</details></guidance>
          <guidance><title>Consequence of deviation</title><details>Too much noise</details></guidance>
          <guidance><title>Corrective action</title><details>Disconnect the signal</details></guidance>
          <guidance><title>Time for response</title><details>5 minutes</details></guidance>
          <display><title>Noise control OPI</title><details>/m-TEST-BEAST/src/main/boy/sdd/TEST-BST1.opi</details></display>
      </pv>
      <pv name="TEST-BST1:RNDMxB351">
          <description>RNDMxB351 Noise signal Out of Limit</description> <latching>true</latching><annunciating >true</annunciating>
          <guidance><title>Noise out of Limit</title><details>HIHI = 90; HIGH= 80; LOW = 20; LOLO=10</details></guidance>
          <guidance><title>Consequence of deviation</title><details>Too much noise</details></guidance>
          <guidance><title>Corrective action</title><details>Disconnect the signal</details></guidance>
          <guidance><title>Time for response</title><details>5 minutes</details></guidance>
          <display><title>Noise control OPI</title><details>/m-TEST-BEAST/src/main/boy/sdd/TEST-BST1.opi</details></display>
      </pv>
      <pv name="TEST-BST1:RNDMxB352">
          <description>RNDMxB352 Noise signal Out of Limit</description> <latching>true</latching><annunciating >true</annunciating>
          <guidance><title>Noise out of Limit</title><details>HIHI = 90; HIGH= 80; LOW = 20; LOLO=10</details></guidance>
          <guidance><title>Consequence of deviation</title><details>Too much noise</details></guidance>
          <guidance><title>Corrective action</title><details>Disconnect the signal</details></guidance>
          <guidance><title>Time for response</title><details>5 minutes</details></guidance>
          <display><title>Noise control OPI</title><details>/m-TEST-BEAST/src/main/boy/sdd/TEST-BST1.opi</details></display>
      </pv>
      <pv name="TEST-BST1:RNDMxB353">
          <description>RNDMxB353 Noise signal Out of Limit</description> <latching>true</latching><annunciating >true</annunciating>
          <guidance><title>Noise out of Limit</title><details>HIHI = 90; HIGH= 80; LOW = 20; LOLO=10</details></guidance>
          <guidance><title>Consequence of deviation</title><details>Too much noise</details></guidance>
          <guidance><title>Corrective action</title><details>Disconnect the signal</details></guidance>
          <guidance><title>Time for response</title><details>5 minutes</details></guidance>
          <display><title>Noise control OPI</title><details>/m-TEST-BEAST/src/main/boy/sdd/TEST-BST1.opi</details></display>
      </pv>
      <pv name="TEST-BST1:RNDMxB354">
          <description>RNDMxB354 Noise signal Out of Limit</description> <latching>true</latching><annunciating >true</annunciating>
          <guidance><title>Noise out of Limit</title><details>HIHI = 90; HIGH= 80; LOW = 20; LOLO=10</details></guidance>
          <guidance><title>Consequence of deviation</title><details>Too much noise</details></guidance>
          <guidance><title>Corrective action</title><details>Disconnect the signal</details></guidance>
          <guidance><title>Time for response</title><details>5 minutes</details></guidance>
          <display><title>Noise control OPI</title><details>/m-TEST-BEAST/src/main/boy/sdd/TEST-BST1.opi</details></display>
      </pv>
      <pv name="TEST-BST1:RNDMxB355">
          <description>RNDMxB355 Noise signal Out of Limit</description> <latching>true</latching><annunciating >true</annunciating>
          <guidance><title>Noise out of Limit</title><details>HIHI = 90; HIGH= 80; LOW = 20; LOLO=10</details></guidance>
          <guidance><title>Consequence of deviation</title><details>Too much noise</details></guidance>
          <guidance><title>Corrective action</title><details>Disconnect the signal</details></guidance>
          <guidance><title>Time for response</title><details>5 minutes</details></guidance>
          <display><title>Noise control OPI</title><details>/m-TEST-BEAST/src/main/boy/sdd/TEST-BST1.opi</details></display>
      </pv>
      <pv name="TEST-BST1:RNDMxB356">
          <description>RNDMxB356 Noise signal Out of Limit</description> <latching>true</latching><annunciating >true</annunciating>
          <guidance><title>Noise out of Limit</title><details>HIHI = 90; HIGH= 80; LOW = 20; LOLO=10</details></guidance>
          <guidance><title>Consequence of deviation</title><details>Too much noise</details></guidance>
          <guidance><title>Corrective action</title><details>Disconnect the signal</details></guidance>
          <guidance><title>Time for response</title><details>5 minutes</details></guidance>
          <display><title>Noise control OPI</title><details>/m-TEST-BEAST/src/main/boy/sdd/TEST-BST1.opi</details></display>
      </pv>
      <pv name="TEST-BST1:RNDMxB357">
          <description>RNDMxB357 Noise signal Out of Limit</description> <latching>true</latching><annunciating >true</annunciating>
          <guidance><title>Noise out of Limit</title><details>HIHI = 90; HIGH= 80; LOW = 20; LOLO=10</details></guidance>
          <guidance><title>Consequence of deviation</title><details>Too much noise</details></guidance>
          <guidance><title>Corrective action</title><details>Disconnect the signal</details></guidance>
          <guidance><title>Time for response</title><details>5 minutes</details></guidance>
          <display><title>Noise control OPI</title><details>/m-TEST-BEAST/src/main/boy/sdd/TEST-BST1.opi</details></display>
      </pv>
      <pv name="TEST-BST1:RNDMxB358">
          <description>RNDMxB358 Noise signal Out of Limit</description> <latching>true</latching><annunciating >true</annunciating>
          <guidance><title>Noise out of Limit</title><details>HIHI = 90; HIGH= 80; LOW = 20; LOLO=10</details></guidance>
          <guidance><title>Consequence of deviation</title><details>Too much noise</details></guidance>
          <guidance><title>Corrective action</title><details>Disconnect the signal</details></guidance>
          <guidance><title>Time for response</title><details>5 minutes</details></guidance>
          <display><title>Noise control OPI</title><details>/m-TEST-BEAST/src/main/boy/sdd/TEST-BST1.opi</details></display>
      </pv>
      <pv name="TEST-BST1:RNDMxB359">
          <description>RNDMxB359 Noise signal Out of Limit</description> <latching>true</latching><annunciating >true</annunciating>
          <guidance><title>Noise out of Limit</title><details>HIHI = 90; HIGH= 80; LOW = 20; LOLO=10</details></guidance>
          <guidance><title>Consequence of deviation</title><details>Too much noise</details></guidance>
          <guidance><title>Corrective action</title><details>Disconnect the signal</details></guidance>
          <guidance><title>Time for response</title><details>5 minutes</details></guidance>
          <display><title>Noise control OPI</title><details>/m-TEST-BEAST/src/main/boy/sdd/TEST-BST1.opi</details></display>
      </pv>
      <pv name="TEST-BST1:RNDMxB360">
          <description>RNDMxB360 Noise signal Out of Limit</description> <latching>true</latching><annunciating >true</annunciating>
          <guidance><title>Noise out of Limit</title><details>HIHI = 90; HIGH= 80; LOW = 20; LOLO=10</details></guidance>
          <guidance><title>Consequence of deviation</title><details>Too much noise</details></guidance>
          <guidance><title>Corrective action</title><details>Disconnect the signal</details></guidance>
          <guidance><title>Time for response</title><details>5 minutes</details></guidance>
          <display><title>Noise control OPI</title><details>/m-TEST-BEAST/src/main/boy/sdd/TEST-BST1.opi</details></display>
      </pv>
      <pv name="TEST-BST1:RNDMxB361">
          <description>RNDMxB361 Noise signal Out of Limit</description> <latching>true</latching><annunciating >true</annunciating>
          <guidance><title>Noise out of Limit</title><details>HIHI = 90; HIGH= 80; LOW = 20; LOLO=10</details></guidance>
          <guidance><title>Consequence of deviation</title><details>Too much noise</details></guidance>
          <guidance><title>Corrective action</title><details>Disconnect the signal</details></guidance>
          <guidance><title>Time for response</title><details>5 minutes</details></guidance>
          <display><title>Noise control OPI</title><details>/m-TEST-BEAST/src/main/boy/sdd/TEST-BST1.opi</details></display>
      </pv>
      <pv name="TEST-BST1:RNDMxB362">
          <description>RNDMxB362 Noise signal Out of Limit</description> <latching>true</latching><annunciating >true</annunciating>
          <guidance><title>Noise out of Limit</title><details>HIHI = 90; HIGH= 80; LOW = 20; LOLO=10</details></guidance>
          <guidance><title>Consequence of deviation</title><details>Too much noise</details></guidance>
          <guidance><title>Corrective action</title><details>Disconnect the signal</details></guidance>
          <guidance><title>Time for response</title><details>5 minutes</details></guidance>
          <display><title>Noise control OPI</title><details>/m-TEST-BEAST/src/main/boy/sdd/TEST-BST1.opi</details></display>
      </pv>
      <pv name="TEST-BST1:RNDMxB363">
          <description>RNDMxB363 Noise signal Out of Limit</description> <latching>true</latching><annunciating >true</annunciating>
          <guidance><title>Noise out of Limit</title><details>HIHI = 90; HIGH= 80; LOW = 20; LOLO=10</details></guidance>
          <guidance><title>Consequence of deviation</title><details>Too much noise</details></guidance>
          <guidance><title>Corrective action</title><details>Disconnect the signal</details></guidance>
          <guidance><title>Time for response</title><details>5 minutes</details></guidance>
          <display><title>Noise control OPI</title><details>/m-TEST-BEAST/src/main/boy/sdd/TEST-BST1.opi</details></display>
      </pv>
      <pv name="TEST-BST1:RNDMxB364">
          <description>RNDMxB364 Noise signal Out of Limit</description> <latching>true</latching><annunciating >true</annunciating>
          <guidance><title>Noise out of Limit</title><details>HIHI = 90; HIGH= 80; LOW = 20; LOLO=10</details></guidance>
          <guidance><title>Consequence of deviation</title><details>Too much noise</details></guidance>
          <guidance><title>Corrective action</title><details>Disconnect the signal</details></guidance>
          <guidance><title>Time for response</title><details>5 minutes</details></guidance>
          <display><title>Noise control OPI</title><details>/m-TEST-BEAST/src/main/boy/sdd/TEST-BST1.opi</details></display>
      </pv>
      <pv name="TEST-BST1:RNDMxB365">
          <description>RNDMxB365 Noise signal Out of Limit</description> <latching>true</latching><annunciating >true</annunciating>
          <guidance><title>Noise out of Limit</title><details>HIHI = 90; HIGH= 80; LOW = 20; LOLO=10</details></guidance>
          <guidance><title>Consequence of deviation</title><details>Too much noise</details></guidance>
          <guidance><title>Corrective action</title><details>Disconnect the signal</details></guidance>
          <guidance><title>Time for response</title><details>5 minutes</details></guidance>
          <display><title>Noise control OPI</title><details>/m-TEST-BEAST/src/main/boy/sdd/TEST-BST1.opi</details></display>
      </pv>
      <pv name="TEST-BST1:RNDMxB366">
          <description>RNDMxB366 Noise signal Out of Limit</description> <latching>true</latching><annunciating >true</annunciating>
          <guidance><title>Noise out of Limit</title><details>HIHI = 90; HIGH= 80; LOW = 20; LOLO=10</details></guidance>
          <guidance><title>Consequence of deviation</title><details>Too much noise</details></guidance>
          <guidance><title>Corrective action</title><details>Disconnect the signal</details></guidance>
          <guidance><title>Time for response</title><details>5 minutes</details></guidance>
          <display><title>Noise control OPI</title><details>/m-TEST-BEAST/src/main/boy/sdd/TEST-BST1.opi</details></display>
      </pv>
      <pv name="TEST-BST1:RNDMxB367">
          <description>RNDMxB367 Noise signal Out of Limit</description> <latching>true</latching><annunciating >true</annunciating>
          <guidance><title>Noise out of Limit</title><details>HIHI = 90; HIGH= 80; LOW = 20; LOLO=10</details></guidance>
          <guidance><title>Consequence of deviation</title><details>Too much noise</details></guidance>
          <guidance><title>Corrective action</title><details>Disconnect the signal</details></guidance>
          <guidance><title>Time for response</title><details>5 minutes</details></guidance>
          <display><title>Noise control OPI</title><details>/m-TEST-BEAST/src/main/boy/sdd/TEST-BST1.opi</details></display>
      </pv>
      <pv name="TEST-BST1:RNDMxB368">
          <description>RNDMxB368 Noise signal Out of Limit</description> <latching>true</latching><annunciating >true</annunciating>
          <guidance><title>Noise out of Limit</title><details>HIHI = 90; HIGH= 80; LOW = 20; LOLO=10</details></guidance>
          <guidance><title>Consequence of deviation</title><details>Too much noise</details></guidance>
          <guidance><title>Corrective action</title><details>Disconnect the signal</details></guidance>
          <guidance><title>Time for response</title><details>5 minutes</details></guidance>
          <display><title>Noise control OPI</title><details>/m-TEST-BEAST/src/main/boy/sdd/TEST-BST1.opi</details></display>
      </pv>
      <pv name="TEST-BST1:RNDMxB369">
          <description>RNDMxB369 Noise signal Out of Limit</description> <latching>true</latching><annunciating >true</annunciating>
          <guidance><title>Noise out of Limit</title><details>HIHI = 90; HIGH= 80; LOW = 20; LOLO=10</details></guidance>
          <guidance><title>Consequence of deviation</title><details>Too much noise</details></guidance>
          <guidance><title>Corrective action</title><details>Disconnect the signal</details></guidance>
          <guidance><title>Time for response</title><details>5 minutes</details></guidance>
          <display><title>Noise control OPI</title><details>/m-TEST-BEAST/src/main/boy/sdd/TEST-BST1.opi</details></display>
      </pv>
      <pv name="TEST-BST1:RNDMxB370">
          <description>RNDMxB370 Noise signal Out of Limit</description> <latching>true</latching><annunciating >true</annunciating>
          <guidance><title>Noise out of Limit</title><details>HIHI = 90; HIGH= 80; LOW = 20; LOLO=10</details></guidance>
          <guidance><title>Consequence of deviation</title><details>Too much noise</details></guidance>
          <guidance><title>Corrective action</title><details>Disconnect the signal</details></guidance>
          <guidance><title>Time for response</title><details>5 minutes</details></guidance>
          <display><title>Noise control OPI</title><details>/m-TEST-BEAST/src/main/boy/sdd/TEST-BST1.opi</details></display>
      </pv>
      <pv name="TEST-BST1:RNDMxB371">
          <description>RNDMxB371 Noise signal Out of Limit</description> <latching>true</latching><annunciating >true</annunciating>
          <guidance><title>Noise out of Limit</title><details>HIHI = 90; HIGH= 80; LOW = 20; LOLO=10</details></guidance>
          <guidance><title>Consequence of deviation</title><details>Too much noise</details></guidance>
          <guidance><title>Corrective action</title><details>Disconnect the signal</details></guidance>
          <guidance><title>Time for response</title><details>5 minutes</details></guidance>
          <display><title>Noise control OPI</title><details>/m-TEST-BEAST/src/main/boy/sdd/TEST-BST1.opi</details></display>
      </pv>
      <pv name="TEST-BST1:RNDMxB372">
          <description>RNDMxB372 Noise signal Out of Limit</description> <latching>true</latching><annunciating >true</annunciating>
          <guidance><title>Noise out of Limit</title><details>HIHI = 90; HIGH= 80; LOW = 20; LOLO=10</details></guidance>
          <guidance><title>Consequence of deviation</title><details>Too much noise</details></guidance>
          <guidance><title>Corrective action</title><details>Disconnect the signal</details></guidance>
          <guidance><title>Time for response</title><details>5 minutes</details></guidance>
          <display><title>Noise control OPI</title><details>/m-TEST-BEAST/src/main/boy/sdd/TEST-BST1.opi</details></display>
      </pv>
      <pv name="TEST-BST1:RNDMxB373">
          <description>RNDMxB373 Noise signal Out of Limit</description> <latching>true</latching><annunciating >true</annunciating>
          <guidance><title>Noise out of Limit</title><details>HIHI = 90; HIGH= 80; LOW = 20; LOLO=10</details></guidance>
          <guidance><title>Consequence of deviation</title><details>Too much noise</details></guidance>
          <guidance><title>Corrective action</title><details>Disconnect the signal</details></guidance>
          <guidance><title>Time for response</title><details>5 minutes</details></guidance>
          <display><title>Noise control OPI</title><details>/m-TEST-BEAST/src/main/boy/sdd/TEST-BST1.opi</details></display>
      </pv>
      <pv name="TEST-BST1:RNDMxB374">
          <description>RNDMxB374 Noise signal Out of Limit</description> <latching>true</latching><annunciating >true</annunciating>
          <guidance><title>Noise out of Limit</title><details>HIHI = 90; HIGH= 80; LOW = 20; LOLO=10</details></guidance>
          <guidance><title>Consequence of deviation</title><details>Too much noise</details></guidance>
          <guidance><title>Corrective action</title><details>Disconnect the signal</details></guidance>
          <guidance><title>Time for response</title><details>5 minutes</details></guidance>
          <display><title>Noise control OPI</title><details>/m-TEST-BEAST/src/main/boy/sdd/TEST-BST1.opi</details></display>
      </pv>
      <pv name="TEST-BST1:RNDMxB375">
          <description>RNDMxB375 Noise signal Out of Limit</description> <latching>true</latching><annunciating >true</annunciating>
          <guidance><title>Noise out of Limit</title><details>HIHI = 90; HIGH= 80; LOW = 20; LOLO=10</details></guidance>
          <guidance><title>Consequence of deviation</title><details>Too much noise</details></guidance>
          <guidance><title>Corrective action</title><details>Disconnect the signal</details></guidance>
          <guidance><title>Time for response</title><details>5 minutes</details></guidance>
          <display><title>Noise control OPI</title><details>/m-TEST-BEAST/src/main/boy/sdd/TEST-BST1.opi</details></display>
      </pv>
      <pv name="TEST-BST1:RNDMxB376">
          <description>RNDMxB376 Noise signal Out of Limit</description> <latching>true</latching><annunciating >true</annunciating>
          <guidance><title>Noise out of Limit</title><details>HIHI = 90; HIGH= 80; LOW = 20; LOLO=10</details></guidance>
          <guidance><title>Consequence of deviation</title><details>Too much noise</details></guidance>
          <guidance><title>Corrective action</title><details>Disconnect the signal</details></guidance>
          <guidance><title>Time for response</title><details>5 minutes</details></guidance>
          <display><title>Noise control OPI</title><details>/m-TEST-BEAST/src/main/boy/sdd/TEST-BST1.opi</details></display>
      </pv>
      <pv name="TEST-BST1:RNDMxB377">
          <description>RNDMxB377 Noise signal Out of Limit</description> <latching>true</latching><annunciating >true</annunciating>
          <guidance><title>Noise out of Limit</title><details>HIHI = 90; HIGH= 80; LOW = 20; LOLO=10</details></guidance>
          <guidance><title>Consequence of deviation</title><details>Too much noise</details></guidance>
          <guidance><title>Corrective action</title><details>Disconnect the signal</details></guidance>
          <guidance><title>Time for response</title><details>5 minutes</details></guidance>
          <display><title>Noise control OPI</title><details>/m-TEST-BEAST/src/main/boy/sdd/TEST-BST1.opi</details></display>
      </pv>
      <pv name="TEST-BST1:RNDMxB378">
          <description>RNDMxB378 Noise signal Out of Limit</description> <latching>true</latching><annunciating >true</annunciating>
          <guidance><title>Noise out of Limit</title><details>HIHI = 90; HIGH= 80; LOW = 20; LOLO=10</details></guidance>
          <guidance><title>Consequence of deviation</title><details>Too much noise</details></guidance>
          <guidance><title>Corrective action</title><details>Disconnect the signal</details></guidance>
          <guidance><title>Time for response</title><details>5 minutes</details></guidance>
          <display><title>Noise control OPI</title><details>/m-TEST-BEAST/src/main/boy/sdd/TEST-BST1.opi</details></display>
      </pv>
      <pv name="TEST-BST1:RNDMxB379">
          <description>RNDMxB379 Noise signal Out of Limit</description> <latching>true</latching><annunciating >true</annunciating>
          <guidance><title>Noise out of Limit</title><details>HIHI = 90; HIGH= 80; LOW = 20; LOLO=10</details></guidance>
          <guidance><title>Consequence of deviation</title><details>Too much noise</details></guidance>
          <guidance><title>Corrective action</title><details>Disconnect the signal</details></guidance>
          <guidance><title>Time for response</title><details>5 minutes</details></guidance>
          <display><title>Noise control OPI</title><details>/m-TEST-BEAST/src/main/boy/sdd/TEST-BST1.opi</details></display>
      </pv>
      <pv name="TEST-BST1:RNDMxB380">
          <description>RNDMxB380 Noise signal Out of Limit</description> <latching>true</latching><annunciating >true</annunciating>
          <guidance><title>Noise out of Limit</title><details>HIHI = 90; HIGH= 80; LOW = 20; LOLO=10</details></guidance>
          <guidance><title>Consequence of deviation</title><details>Too much noise</details></guidance>
          <guidance><title>Corrective action</title><details>Disconnect the signal</details></guidance>
          <guidance><title>Time for response</title><details>5 minutes</details></guidance>
          <display><title>Noise control OPI</title><details>/m-TEST-BEAST/src/main/boy/sdd/TEST-BST1.opi</details></display>
      </pv>
      <pv name="TEST-BST1:RNDMxB381">
          <description>RNDMxB381 Noise signal Out of Limit</description> <latching>true</latching><annunciating >true</annunciating>
          <guidance><title>Noise out of Limit</title><details>HIHI = 90; HIGH= 80; LOW = 20; LOLO=10</details></guidance>
          <guidance><title>Consequence of deviation</title><details>Too much noise</details></guidance>
          <guidance><title>Corrective action</title><details>Disconnect the signal</details></guidance>
          <guidance><title>Time for response</title><details>5 minutes</details></guidance>
          <display><title>Noise control OPI</title><details>/m-TEST-BEAST/src/main/boy/sdd/TEST-BST1.opi</details></display>
      </pv>
      <pv name="TEST-BST1:RNDMxB382">
          <description>RNDMxB382 Noise signal Out of Limit</description> <latching>true</latching><annunciating >true</annunciating>
          <guidance><title>Noise out of Limit</title><details>HIHI = 90; HIGH= 80; LOW = 20; LOLO=10</details></guidance>
          <guidance><title>Consequence of deviation</title><details>Too much noise</details></guidance>
          <guidance><title>Corrective action</title><details>Disconnect the signal</details></guidance>
          <guidance><title>Time for response</title><details>5 minutes</details></guidance>
          <display><title>Noise control OPI</title><details>/m-TEST-BEAST/src/main/boy/sdd/TEST-BST1.opi</details></display>
      </pv>
      <pv name="TEST-BST1:RNDMxB383">
          <description>RNDMxB383 Noise signal Out of Limit</description> <latching>true</latching><annunciating >true</annunciating>
          <guidance><title>Noise out of Limit</title><details>HIHI = 90; HIGH= 80; LOW = 20; LOLO=10</details></guidance>
          <guidance><title>Consequence of deviation</title><details>Too much noise</details></guidance>
          <guidance><title>Corrective action</title><details>Disconnect the signal</details></guidance>
          <guidance><title>Time for response</title><details>5 minutes</details></guidance>
          <display><title>Noise control OPI</title><details>/m-TEST-BEAST/src/main/boy/sdd/TEST-BST1.opi</details></display>
      </pv>
      <pv name="TEST-BST1:RNDMxB384">
          <description>RNDMxB384 Noise signal Out of Limit</description> <latching>true</latching><annunciating >true</annunciating>
          <guidance><title>Noise out of Limit</title><details>HIHI = 90; HIGH= 80; LOW = 20; LOLO=10</details></guidance>
          <guidance><title>Consequence of deviation</title><details>Too much noise</details></guidance>
          <guidance><title>Corrective action</title><details>Disconnect the signal</details></guidance>
          <guidance><title>Time for response</title><details>5 minutes</details></guidance>
          <display><title>Noise control OPI</title><details>/m-TEST-BEAST/src/main/boy/sdd/TEST-BST1.opi</details></display>
      </pv>
      <pv name="TEST-BST1:RNDMxB385">
          <description>RNDMxB385 Noise signal Out of Limit</description> <latching>true</latching><annunciating >true</annunciating>
          <guidance><title>Noise out of Limit</title><details>HIHI = 90; HIGH= 80; LOW = 20; LOLO=10</details></guidance>
          <guidance><title>Consequence of deviation</title><details>Too much noise</details></guidance>
          <guidance><title>Corrective action</title><details>Disconnect the signal</details></guidance>
          <guidance><title>Time for response</title><details>5 minutes</details></guidance>
          <display><title>Noise control OPI</title><details>/m-TEST-BEAST/src/main/boy/sdd/TEST-BST1.opi</details></display>
      </pv>
      <pv name="TEST-BST1:RNDMxB386">
          <description>RNDMxB386 Noise signal Out of Limit</description> <latching>true</latching><annunciating >true</annunciating>
          <guidance><title>Noise out of Limit</title><details>HIHI = 90; HIGH= 80; LOW = 20; LOLO=10</details></guidance>
          <guidance><title>Consequence of deviation</title><details>Too much noise</details></guidance>
          <guidance><title>Corrective action</title><details>Disconnect the signal</details></guidance>
          <guidance><title>Time for response</title><details>5 minutes</details></guidance>
          <display><title>Noise control OPI</title><details>/m-TEST-BEAST/src/main/boy/sdd/TEST-BST1.opi</details></display>
      </pv>
      <pv name="TEST-BST1:RNDMxB387">
          <description>RNDMxB387 Noise signal Out of Limit</description> <latching>true</latching><annunciating >true</annunciating>
          <guidance><title>Noise out of Limit</title><details>HIHI = 90; HIGH= 80; LOW = 20; LOLO=10</details></guidance>
          <guidance><title>Consequence of deviation</title><details>Too much noise</details></guidance>
          <guidance><title>Corrective action</title><details>Disconnect the signal</details></guidance>
          <guidance><title>Time for response</title><details>5 minutes</details></guidance>
          <display><title>Noise control OPI</title><details>/m-TEST-BEAST/src/main/boy/sdd/TEST-BST1.opi</details></display>
      </pv>
      <pv name="TEST-BST1:RNDMxB388">
          <description>RNDMxB388 Noise signal Out of Limit</description> <latching>true</latching><annunciating >true</annunciating>
          <guidance><title>Noise out of Limit</title><details>HIHI = 90; HIGH= 80; LOW = 20; LOLO=10</details></guidance>
          <guidance><title>Consequence of deviation</title><details>Too much noise</details></guidance>
          <guidance><title>Corrective action</title><details>Disconnect the signal</details></guidance>
          <guidance><title>Time for response</title><details>5 minutes</details></guidance>
          <display><title>Noise control OPI</title><details>/m-TEST-BEAST/src/main/boy/sdd/TEST-BST1.opi</details></display>
      </pv>
      <pv name="TEST-BST1:RNDMxB389">
          <description>RNDMxB389 Noise signal Out of Limit</description> <latching>true</latching><annunciating >true</annunciating>
          <guidance><title>Noise out of Limit</title><details>HIHI = 90; HIGH= 80; LOW = 20; LOLO=10</details></guidance>
          <guidance><title>Consequence of deviation</title><details>Too much noise</details></guidance>
          <guidance><title>Corrective action</title><details>Disconnect the signal</details></guidance>
          <guidance><title>Time for response</title><details>5 minutes</details></guidance>
          <display><title>Noise control OPI</title><details>/m-TEST-BEAST/src/main/boy/sdd/TEST-BST1.opi</details></display>
      </pv>
      <pv name="TEST-BST1:RNDMxB390">
          <description>RNDMxB390 Noise signal Out of Limit</description> <latching>true</latching><annunciating >true</annunciating>
          <guidance><title>Noise out of Limit</title><details>HIHI = 90; HIGH= 80; LOW = 20; LOLO=10</details></guidance>
          <guidance><title>Consequence of deviation</title><details>Too much noise</details></guidance>
          <guidance><title>Corrective action</title><details>Disconnect the signal</details></guidance>
          <guidance><title>Time for response</title><details>5 minutes</details></guidance>
          <display><title>Noise control OPI</title><details>/m-TEST-BEAST/src/main/boy/sdd/TEST-BST1.opi</details></display>
      </pv>
      <pv name="TEST-BST1:RNDMxB391">
          <description>RNDMxB391 Noise signal Out of Limit</description> <latching>true</latching><annunciating >true</annunciating>
          <guidance><title>Noise out of Limit</title><details>HIHI = 90; HIGH= 80; LOW = 20; LOLO=10</details></guidance>
          <guidance><title>Consequence of deviation</title><details>Too much noise</details></guidance>
          <guidance><title>Corrective action</title><details>Disconnect the signal</details></guidance>
          <guidance><title>Time for response</title><details>5 minutes</details></guidance>
          <display><title>Noise control OPI</title><details>/m-TEST-BEAST/src/main/boy/sdd/TEST-BST1.opi</details></display>
      </pv>
      <pv name="TEST-BST1:RNDMxB392">
          <description>RNDMxB392 Noise signal Out of Limit</description> <latching>true</latching><annunciating >true</annunciating>
          <guidance><title>Noise out of Limit</title><details>HIHI = 90; HIGH= 80; LOW = 20; LOLO=10</details></guidance>
          <guidance><title>Consequence of deviation</title><details>Too much noise</details></guidance>
          <guidance><title>Corrective action</title><details>Disconnect the signal</details></guidance>
          <guidance><title>Time for response</title><details>5 minutes</details></guidance>
          <display><title>Noise control OPI</title><details>/m-TEST-BEAST/src/main/boy/sdd/TEST-BST1.opi</details></display>
      </pv>
      <pv name="TEST-BST1:RNDMxB393">
          <description>RNDMxB393 Noise signal Out of Limit</description> <latching>true</latching><annunciating >true</annunciating>
          <guidance><title>Noise out of Limit</title><details>HIHI = 90; HIGH= 80; LOW = 20; LOLO=10</details></guidance>
          <guidance><title>Consequence of deviation</title><details>Too much noise</details></guidance>
          <guidance><title>Corrective action</title><details>Disconnect the signal</details></guidance>
          <guidance><title>Time for response</title><details>5 minutes</details></guidance>
          <display><title>Noise control OPI</title><details>/m-TEST-BEAST/src/main/boy/sdd/TEST-BST1.opi</details></display>
      </pv>
      <pv name="TEST-BST1:RNDMxB394">
          <description>RNDMxB394 Noise signal Out of Limit</description> <latching>true</latching><annunciating >true</annunciating>
          <guidance><title>Noise out of Limit</title><details>HIHI = 90; HIGH= 80; LOW = 20; LOLO=10</details></guidance>
          <guidance><title>Consequence of deviation</title><details>Too much noise</details></guidance>
          <guidance><title>Corrective action</title><details>Disconnect the signal</details></guidance>
          <guidance><title>Time for response</title><details>5 minutes</details></guidance>
          <display><title>Noise control OPI</title><details>/m-TEST-BEAST/src/main/boy/sdd/TEST-BST1.opi</details></display>
      </pv>
      <pv name="TEST-BST1:RNDMxB395">
          <description>RNDMxB395 Noise signal Out of Limit</description> <latching>true</latching><annunciating >true</annunciating>
          <guidance><title>Noise out of Limit</title><details>HIHI = 90; HIGH= 80; LOW = 20; LOLO=10</details></guidance>
          <guidance><title>Consequence of deviation</title><details>Too much noise</details></guidance>
          <guidance><title>Corrective action</title><details>Disconnect the signal</details></guidance>
          <guidance><title>Time for response</title><details>5 minutes</details></guidance>
          <display><title>Noise control OPI</title><details>/m-TEST-BEAST/src/main/boy/sdd/TEST-BST1.opi</details></display>
      </pv>
      <pv name="TEST-BST1:RNDMxB396">
          <description>RNDMxB396 Noise signal Out of Limit</description> <latching>true</latching><annunciating >true</annunciating>
          <guidance><title>Noise out of Limit</title><details>HIHI = 90; HIGH= 80; LOW = 20; LOLO=10</details></guidance>
          <guidance><title>Consequence of deviation</title><details>Too much noise</details></guidance>
          <guidance><title>Corrective action</title><details>Disconnect the signal</details></guidance>
          <guidance><title>Time for response</title><details>5 minutes</details></guidance>
          <display><title>Noise control OPI</title><details>/m-TEST-BEAST/src/main/boy/sdd/TEST-BST1.opi</details></display>
      </pv>
      <pv name="TEST-BST1:RNDMxB397">
          <description>RNDMxB397 Noise signal Out of Limit</description> <latching>true</latching><annunciating >true</annunciating>
          <guidance><title>Noise out of Limit</title><details>HIHI = 90; HIGH= 80; LOW = 20; LOLO=10</details></guidance>
          <guidance><title>Consequence of deviation</title><details>Too much noise</details></guidance>
          <guidance><title>Corrective action</title><details>Disconnect the signal</details></guidance>
          <guidance><title>Time for response</title><details>5 minutes</details></guidance>
          <display><title>Noise control OPI</title><details>/m-TEST-BEAST/src/main/boy/sdd/TEST-BST1.opi</details></display>
      </pv>
      <pv name="TEST-BST1:RNDMxB398">
          <description>RNDMxB398 Noise signal Out of Limit</description> <latching>true</latching><annunciating >true</annunciating>
          <guidance><title>Noise out of Limit</title><details>HIHI = 90; HIGH= 80; LOW = 20; LOLO=10</details></guidance>
          <guidance><title>Consequence of deviation</title><details>Too much noise</details></guidance>
          <guidance><title>Corrective action</title><details>Disconnect the signal</details></guidance>
          <guidance><title>Time for response</title><details>5 minutes</details></guidance>
          <display><title>Noise control OPI</title><details>/m-TEST-BEAST/src/main/boy/sdd/TEST-BST1.opi</details></display>
      </pv>
      <pv name="TEST-BST1:RNDMxB399">
          <description>RNDMxB399 Noise signal Out of Limit</description> <latching>true</latching><annunciating >true</annunciating>
          <guidance><title>Noise out of Limit</title><details>HIHI = 90; HIGH= 80; LOW = 20; LOLO=10</details></guidance>
          <guidance><title>Consequence of deviation</title><details>Too much noise</details></guidance>
          <guidance><title>Corrective action</title><details>Disconnect the signal</details></guidance>
          <guidance><title>Time for response</title><details>5 minutes</details></guidance>
          <display><title>Noise control OPI</title><details>/m-TEST-BEAST/src/main/boy/sdd/TEST-BST1.opi</details></display>
      </pv>
      <pv name="TEST-BST1:RNDMxB400">
          <description>RNDMxB400 Noise signal Out of Limit</description> <latching>true</latching><annunciating >true</annunciating>
          <guidance><title>Noise out of Limit</title><details>HIHI = 90; HIGH= 80; LOW = 20; LOLO=10</details></guidance>
          <guidance><title>Consequence of deviation</title><details>Too much noise</details></guidance>
          <guidance><title>Corrective action</title><details>Disconnect the signal</details></guidance>
          <guidance><title>Time for response</title><details>5 minutes</details></guidance>
          <display><title>Noise control OPI</title><details>/m-TEST-BEAST/src/main/boy/sdd/TEST-BST1.opi</details></display>
      </pv>
      <pv name="TEST-BST1:RNDMxB401">
          <description>RNDMxB401 Noise signal Out of Limit</description> <latching>true</latching><annunciating >true</annunciating>
          <guidance><title>Noise out of Limit</title><details>HIHI = 90; HIGH= 80; LOW = 20; LOLO=10</details></guidance>
          <guidance><title>Consequence of deviation</title><details>Too much noise</details></guidance>
          <guidance><title>Corrective action</title><details>Disconnect the signal</details></guidance>
          <guidance><title>Time for response</title><details>5 minutes</details></guidance>
          <display><title>Noise control OPI</title><details>/m-TEST-BEAST/src/main/boy/sdd/TEST-BST1.opi</details></display>
      </pv>
      <pv name="TEST-BST1:RNDMxB402">
          <description>RNDMxB402 Noise signal Out of Limit</description> <latching>true</latching><annunciating >true</annunciating>
          <guidance><title>Noise out of Limit</title><details>HIHI = 90; HIGH= 80; LOW = 20; LOLO=10</details></guidance>
          <guidance><title>Consequence of deviation</title><details>Too much noise</details></guidance>
          <guidance><title>Corrective action</title><details>Disconnect the signal</details></guidance>
          <guidance><title>Time for response</title><details>5 minutes</details></guidance>
          <display><title>Noise control OPI</title><details>/m-TEST-BEAST/src/main/boy/sdd/TEST-BST1.opi</details></display>
      </pv>
      <pv name="TEST-BST1:RNDMxB403">
          <description>RNDMxB403 Noise signal Out of Limit</description> <latching>true</latching><annunciating >true</annunciating>
          <guidance><title>Noise out of Limit</title><details>HIHI = 90; HIGH= 80; LOW = 20; LOLO=10</details></guidance>
          <guidance><title>Consequence of deviation</title><details>Too much noise</details></guidance>
          <guidance><title>Corrective action</title><details>Disconnect the signal</details></guidance>
          <guidance><title>Time for response</title><details>5 minutes</details></guidance>
          <display><title>Noise control OPI</title><details>/m-TEST-BEAST/src/main/boy/sdd/TEST-BST1.opi</details></display>
      </pv>
      <pv name="TEST-BST1:RNDMxB404">
          <description>RNDMxB404 Noise signal Out of Limit</description> <latching>true</latching><annunciating >true</annunciating>
          <guidance><title>Noise out of Limit</title><details>HIHI = 90; HIGH= 80; LOW = 20; LOLO=10</details></guidance>
          <guidance><title>Consequence of deviation</title><details>Too much noise</details></guidance>
          <guidance><title>Corrective action</title><details>Disconnect the signal</details></guidance>
          <guidance><title>Time for response</title><details>5 minutes</details></guidance>
          <display><title>Noise control OPI</title><details>/m-TEST-BEAST/src/main/boy/sdd/TEST-BST1.opi</details></display>
      </pv>
      <pv name="TEST-BST1:RNDMxB405">
          <description>RNDMxB405 Noise signal Out of Limit</description> <latching>true</latching><annunciating >true</annunciating>
          <guidance><title>Noise out of Limit</title><details>HIHI = 90; HIGH= 80; LOW = 20; LOLO=10</details></guidance>
          <guidance><title>Consequence of deviation</title><details>Too much noise</details></guidance>
          <guidance><title>Corrective action</title><details>Disconnect the signal</details></guidance>
          <guidance><title>Time for response</title><details>5 minutes</details></guidance>
          <display><title>Noise control OPI</title><details>/m-TEST-BEAST/src/main/boy/sdd/TEST-BST1.opi</details></display>
      </pv>
      <pv name="TEST-BST1:RNDMxB406">
          <description>RNDMxB406 Noise signal Out of Limit</description> <latching>true</latching><annunciating >true</annunciating>
          <guidance><title>Noise out of Limit</title><details>HIHI = 90; HIGH= 80; LOW = 20; LOLO=10</details></guidance>
          <guidance><title>Consequence of deviation</title><details>Too much noise</details></guidance>
          <guidance><title>Corrective action</title><details>Disconnect the signal</details></guidance>
          <guidance><title>Time for response</title><details>5 minutes</details></guidance>
          <display><title>Noise control OPI</title><details>/m-TEST-BEAST/src/main/boy/sdd/TEST-BST1.opi</details></display>
      </pv>
      <pv name="TEST-BST1:RNDMxB407">
          <description>RNDMxB407 Noise signal Out of Limit</description> <latching>true</latching><annunciating >true</annunciating>
          <guidance><title>Noise out of Limit</title><details>HIHI = 90; HIGH= 80; LOW = 20; LOLO=10</details></guidance>
          <guidance><title>Consequence of deviation</title><details>Too much noise</details></guidance>
          <guidance><title>Corrective action</title><details>Disconnect the signal</details></guidance>
          <guidance><title>Time for response</title><details>5 minutes</details></guidance>
          <display><title>Noise control OPI</title><details>/m-TEST-BEAST/src/main/boy/sdd/TEST-BST1.opi</details></display>
      </pv>
      <pv name="TEST-BST1:RNDMxB408">
          <description>RNDMxB408 Noise signal Out of Limit</description> <latching>true</latching><annunciating >true</annunciating>
          <guidance><title>Noise out of Limit</title><details>HIHI = 90; HIGH= 80; LOW = 20; LOLO=10</details></guidance>
          <guidance><title>Consequence of deviation</title><details>Too much noise</details></guidance>
          <guidance><title>Corrective action</title><details>Disconnect the signal</details></guidance>
          <guidance><title>Time for response</title><details>5 minutes</details></guidance>
          <display><title>Noise control OPI</title><details>/m-TEST-BEAST/src/main/boy/sdd/TEST-BST1.opi</details></display>
      </pv>
      <pv name="TEST-BST1:RNDMxB409">
          <description>RNDMxB409 Noise signal Out of Limit</description> <latching>true</latching><annunciating >true</annunciating>
          <guidance><title>Noise out of Limit</title><details>HIHI = 90; HIGH= 80; LOW = 20; LOLO=10</details></guidance>
          <guidance><title>Consequence of deviation</title><details>Too much noise</details></guidance>
          <guidance><title>Corrective action</title><details>Disconnect the signal</details></guidance>
          <guidance><title>Time for response</title><details>5 minutes</details></guidance>
          <display><title>Noise control OPI</title><details>/m-TEST-BEAST/src/main/boy/sdd/TEST-BST1.opi</details></display>
      </pv>
      <pv name="TEST-BST1:RNDMxB410">
          <description>RNDMxB410 Noise signal Out of Limit</description> <latching>true</latching><annunciating >true</annunciating>
          <guidance><title>Noise out of Limit</title><details>HIHI = 90; HIGH= 80; LOW = 20; LOLO=10</details></guidance>
          <guidance><title>Consequence of deviation</title><details>Too much noise</details></guidance>
          <guidance><title>Corrective action</title><details>Disconnect the signal</details></guidance>
          <guidance><title>Time for response</title><details>5 minutes</details></guidance>
          <display><title>Noise control OPI</title><details>/m-TEST-BEAST/src/main/boy/sdd/TEST-BST1.opi</details></display>
      </pv>
      <pv name="TEST-BST1:RNDMxB411">
          <description>RNDMxB411 Noise signal Out of Limit</description> <latching>true</latching><annunciating >true</annunciating>
          <guidance><title>Noise out of Limit</title><details>HIHI = 90; HIGH= 80; LOW = 20; LOLO=10</details></guidance>
          <guidance><title>Consequence of deviation</title><details>Too much noise</details></guidance>
          <guidance><title>Corrective action</title><details>Disconnect the signal</details></guidance>
          <guidance><title>Time for response</title><details>5 minutes</details></guidance>
          <display><title>Noise control OPI</title><details>/m-TEST-BEAST/src/main/boy/sdd/TEST-BST1.opi</details></display>
      </pv>
      <pv name="TEST-BST1:RNDMxB412">
          <description>RNDMxB412 Noise signal Out of Limit</description> <latching>true</latching><annunciating >true</annunciating>
          <guidance><title>Noise out of Limit</title><details>HIHI = 90; HIGH= 80; LOW = 20; LOLO=10</details></guidance>
          <guidance><title>Consequence of deviation</title><details>Too much noise</details></guidance>
          <guidance><title>Corrective action</title><details>Disconnect the signal</details></guidance>
          <guidance><title>Time for response</title><details>5 minutes</details></guidance>
          <display><title>Noise control OPI</title><details>/m-TEST-BEAST/src/main/boy/sdd/TEST-BST1.opi</details></display>
      </pv>
      <pv name="TEST-BST1:RNDMxB413">
          <description>RNDMxB413 Noise signal Out of Limit</description> <latching>true</latching><annunciating >true</annunciating>
          <guidance><title>Noise out of Limit</title><details>HIHI = 90; HIGH= 80; LOW = 20; LOLO=10</details></guidance>
          <guidance><title>Consequence of deviation</title><details>Too much noise</details></guidance>
          <guidance><title>Corrective action</title><details>Disconnect the signal</details></guidance>
          <guidance><title>Time for response</title><details>5 minutes</details></guidance>
          <display><title>Noise control OPI</title><details>/m-TEST-BEAST/src/main/boy/sdd/TEST-BST1.opi</details></display>
      </pv>
      <pv name="TEST-BST1:RNDMxB414">
          <description>RNDMxB414 Noise signal Out of Limit</description> <latching>true</latching><annunciating >true</annunciating>
          <guidance><title>Noise out of Limit</title><details>HIHI = 90; HIGH= 80; LOW = 20; LOLO=10</details></guidance>
          <guidance><title>Consequence of deviation</title><details>Too much noise</details></guidance>
          <guidance><title>Corrective action</title><details>Disconnect the signal</details></guidance>
          <guidance><title>Time for response</title><details>5 minutes</details></guidance>
          <display><title>Noise control OPI</title><details>/m-TEST-BEAST/src/main/boy/sdd/TEST-BST1.opi</details></display>
      </pv>
      <pv name="TEST-BST1:RNDMxB415">
          <description>RNDMxB415 Noise signal Out of Limit</description> <latching>true</latching><annunciating >true</annunciating>
          <guidance><title>Noise out of Limit</title><details>HIHI = 90; HIGH= 80; LOW = 20; LOLO=10</details></guidance>
          <guidance><title>Consequence of deviation</title><details>Too much noise</details></guidance>
          <guidance><title>Corrective action</title><details>Disconnect the signal</details></guidance>
          <guidance><title>Time for response</title><details>5 minutes</details></guidance>
          <display><title>Noise control OPI</title><details>/m-TEST-BEAST/src/main/boy/sdd/TEST-BST1.opi</details></display>
      </pv>
      <pv name="TEST-BST1:RNDMxB416">
          <description>RNDMxB416 Noise signal Out of Limit</description> <latching>true</latching><annunciating >true</annunciating>
          <guidance><title>Noise out of Limit</title><details>HIHI = 90; HIGH= 80; LOW = 20; LOLO=10</details></guidance>
          <guidance><title>Consequence of deviation</title><details>Too much noise</details></guidance>
          <guidance><title>Corrective action</title><details>Disconnect the signal</details></guidance>
          <guidance><title>Time for response</title><details>5 minutes</details></guidance>
          <display><title>Noise control OPI</title><details>/m-TEST-BEAST/src/main/boy/sdd/TEST-BST1.opi</details></display>
      </pv>
      <pv name="TEST-BST1:RNDMxB417">
          <description>RNDMxB417 Noise signal Out of Limit</description> <latching>true</latching><annunciating >true</annunciating>
          <guidance><title>Noise out of Limit</title><details>HIHI = 90; HIGH= 80; LOW = 20; LOLO=10</details></guidance>
          <guidance><title>Consequence of deviation</title><details>Too much noise</details></guidance>
          <guidance><title>Corrective action</title><details>Disconnect the signal</details></guidance>
          <guidance><title>Time for response</title><details>5 minutes</details></guidance>
          <display><title>Noise control OPI</title><details>/m-TEST-BEAST/src/main/boy/sdd/TEST-BST1.opi</details></display>
      </pv>
      <pv name="TEST-BST1:RNDMxB418">
          <description>RNDMxB418 Noise signal Out of Limit</description> <latching>true</latching><annunciating >true</annunciating>
          <guidance><title>Noise out of Limit</title><details>HIHI = 90; HIGH= 80; LOW = 20; LOLO=10</details></guidance>
          <guidance><title>Consequence of deviation</title><details>Too much noise</details></guidance>
          <guidance><title>Corrective action</title><details>Disconnect the signal</details></guidance>
          <guidance><title>Time for response</title><details>5 minutes</details></guidance>
          <display><title>Noise control OPI</title><details>/m-TEST-BEAST/src/main/boy/sdd/TEST-BST1.opi</details></display>
      </pv>
      <pv name="TEST-BST1:RNDMxB419">
          <description>RNDMxB419 Noise signal Out of Limit</description> <latching>true</latching><annunciating >true</annunciating>
          <guidance><title>Noise out of Limit</title><details>HIHI = 90; HIGH= 80; LOW = 20; LOLO=10</details></guidance>
          <guidance><title>Consequence of deviation</title><details>Too much noise</details></guidance>
          <guidance><title>Corrective action</title><details>Disconnect the signal</details></guidance>
          <guidance><title>Time for response</title><details>5 minutes</details></guidance>
          <display><title>Noise control OPI</title><details>/m-TEST-BEAST/src/main/boy/sdd/TEST-BST1.opi</details></display>
      </pv>
      <pv name="TEST-BST1:RNDMxB420">
          <description>RNDMxB420 Noise signal Out of Limit</description> <latching>true</latching><annunciating >true</annunciating>
          <guidance><title>Noise out of Limit</title><details>HIHI = 90; HIGH= 80; LOW = 20; LOLO=10</details></guidance>
          <guidance><title>Consequence of deviation</title><details>Too much noise</details></guidance>
          <guidance><title>Corrective action</title><details>Disconnect the signal</details></guidance>
          <guidance><title>Time for response</title><details>5 minutes</details></guidance>
          <display><title>Noise control OPI</title><details>/m-TEST-BEAST/src/main/boy/sdd/TEST-BST1.opi</details></display>
      </pv>
      <pv name="TEST-BST1:RNDMxB421">
          <description>RNDMxB421 Noise signal Out of Limit</description> <latching>true</latching><annunciating >true</annunciating>
          <guidance><title>Noise out of Limit</title><details>HIHI = 90; HIGH= 80; LOW = 20; LOLO=10</details></guidance>
          <guidance><title>Consequence of deviation</title><details>Too much noise</details></guidance>
          <guidance><title>Corrective action</title><details>Disconnect the signal</details></guidance>
          <guidance><title>Time for response</title><details>5 minutes</details></guidance>
          <display><title>Noise control OPI</title><details>/m-TEST-BEAST/src/main/boy/sdd/TEST-BST1.opi</details></display>
      </pv>
      <pv name="TEST-BST1:RNDMxB422">
          <description>RNDMxB422 Noise signal Out of Limit</description> <latching>true</latching><annunciating >true</annunciating>
          <guidance><title>Noise out of Limit</title><details>HIHI = 90; HIGH= 80; LOW = 20; LOLO=10</details></guidance>
          <guidance><title>Consequence of deviation</title><details>Too much noise</details></guidance>
          <guidance><title>Corrective action</title><details>Disconnect the signal</details></guidance>
          <guidance><title>Time for response</title><details>5 minutes</details></guidance>
          <display><title>Noise control OPI</title><details>/m-TEST-BEAST/src/main/boy/sdd/TEST-BST1.opi</details></display>
      </pv>
      <pv name="TEST-BST1:RNDMxB423">
          <description>RNDMxB423 Noise signal Out of Limit</description> <latching>true</latching><annunciating >true</annunciating>
          <guidance><title>Noise out of Limit</title><details>HIHI = 90; HIGH= 80; LOW = 20; LOLO=10</details></guidance>
          <guidance><title>Consequence of deviation</title><details>Too much noise</details></guidance>
          <guidance><title>Corrective action</title><details>Disconnect the signal</details></guidance>
          <guidance><title>Time for response</title><details>5 minutes</details></guidance>
          <display><title>Noise control OPI</title><details>/m-TEST-BEAST/src/main/boy/sdd/TEST-BST1.opi</details></display>
      </pv>
      <pv name="TEST-BST1:RNDMxB424">
          <description>RNDMxB424 Noise signal Out of Limit</description> <latching>true</latching><annunciating >true</annunciating>
          <guidance><title>Noise out of Limit</title><details>HIHI = 90; HIGH= 80; LOW = 20; LOLO=10</details></guidance>
          <guidance><title>Consequence of deviation</title><details>Too much noise</details></guidance>
          <guidance><title>Corrective action</title><details>Disconnect the signal</details></guidance>
          <guidance><title>Time for response</title><details>5 minutes</details></guidance>
          <display><title>Noise control OPI</title><details>/m-TEST-BEAST/src/main/boy/sdd/TEST-BST1.opi</details></display>
      </pv>
      <pv name="TEST-BST1:RNDMxB425">
          <description>RNDMxB425 Noise signal Out of Limit</description> <latching>true</latching><annunciating >true</annunciating>
          <guidance><title>Noise out of Limit</title><details>HIHI = 90; HIGH= 80; LOW = 20; LOLO=10</details></guidance>
          <guidance><title>Consequence of deviation</title><details>Too much noise</details></guidance>
          <guidance><title>Corrective action</title><details>Disconnect the signal</details></guidance>
          <guidance><title>Time for response</title><details>5 minutes</details></guidance>
          <display><title>Noise control OPI</title><details>/m-TEST-BEAST/src/main/boy/sdd/TEST-BST1.opi</details></display>
      </pv>
      <pv name="TEST-BST1:RNDMxB426">
          <description>RNDMxB426 Noise signal Out of Limit</description> <latching>true</latching><annunciating >true</annunciating>
          <guidance><title>Noise out of Limit</title><details>HIHI = 90; HIGH= 80; LOW = 20; LOLO=10</details></guidance>
          <guidance><title>Consequence of deviation</title><details>Too much noise</details></guidance>
          <guidance><title>Corrective action</title><details>Disconnect the signal</details></guidance>
          <guidance><title>Time for response</title><details>5 minutes</details></guidance>
          <display><title>Noise control OPI</title><details>/m-TEST-BEAST/src/main/boy/sdd/TEST-BST1.opi</details></display>
      </pv>
      <pv name="TEST-BST1:RNDMxB427">
          <description>RNDMxB427 Noise signal Out of Limit</description> <latching>true</latching><annunciating >true</annunciating>
          <guidance><title>Noise out of Limit</title><details>HIHI = 90; HIGH= 80; LOW = 20; LOLO=10</details></guidance>
          <guidance><title>Consequence of deviation</title><details>Too much noise</details></guidance>
          <guidance><title>Corrective action</title><details>Disconnect the signal</details></guidance>
          <guidance><title>Time for response</title><details>5 minutes</details></guidance>
          <display><title>Noise control OPI</title><details>/m-TEST-BEAST/src/main/boy/sdd/TEST-BST1.opi</details></display>
      </pv>
      <pv name="TEST-BST1:RNDMxB428">
          <description>RNDMxB428 Noise signal Out of Limit</description> <latching>true</latching><annunciating >true</annunciating>
          <guidance><title>Noise out of Limit</title><details>HIHI = 90; HIGH= 80; LOW = 20; LOLO=10</details></guidance>
          <guidance><title>Consequence of deviation</title><details>Too much noise</details></guidance>
          <guidance><title>Corrective action</title><details>Disconnect the signal</details></guidance>
          <guidance><title>Time for response</title><details>5 minutes</details></guidance>
          <display><title>Noise control OPI</title><details>/m-TEST-BEAST/src/main/boy/sdd/TEST-BST1.opi</details></display>
      </pv>
      <pv name="TEST-BST1:RNDMxB429">
          <description>RNDMxB429 Noise signal Out of Limit</description> <latching>true</latching><annunciating >true</annunciating>
          <guidance><title>Noise out of Limit</title><details>HIHI = 90; HIGH= 80; LOW = 20; LOLO=10</details></guidance>
          <guidance><title>Consequence of deviation</title><details>Too much noise</details></guidance>
          <guidance><title>Corrective action</title><details>Disconnect the signal</details></guidance>
          <guidance><title>Time for response</title><details>5 minutes</details></guidance>
          <display><title>Noise control OPI</title><details>/m-TEST-BEAST/src/main/boy/sdd/TEST-BST1.opi</details></display>
      </pv>
      <pv name="TEST-BST1:RNDMxB430">
          <description>RNDMxB430 Noise signal Out of Limit</description> <latching>true</latching><annunciating >true</annunciating>
          <guidance><title>Noise out of Limit</title><details>HIHI = 90; HIGH= 80; LOW = 20; LOLO=10</details></guidance>
          <guidance><title>Consequence of deviation</title><details>Too much noise</details></guidance>
          <guidance><title>Corrective action</title><details>Disconnect the signal</details></guidance>
          <guidance><title>Time for response</title><details>5 minutes</details></guidance>
          <display><title>Noise control OPI</title><details>/m-TEST-BEAST/src/main/boy/sdd/TEST-BST1.opi</details></display>
      </pv>
      <pv name="TEST-BST1:RNDMxB431">
          <description>RNDMxB431 Noise signal Out of Limit</description> <latching>true</latching><annunciating >true</annunciating>
          <guidance><title>Noise out of Limit</title><details>HIHI = 90; HIGH= 80; LOW = 20; LOLO=10</details></guidance>
          <guidance><title>Consequence of deviation</title><details>Too much noise</details></guidance>
          <guidance><title>Corrective action</title><details>Disconnect the signal</details></guidance>
          <guidance><title>Time for response</title><details>5 minutes</details></guidance>
          <display><title>Noise control OPI</title><details>/m-TEST-BEAST/src/main/boy/sdd/TEST-BST1.opi</details></display>
      </pv>
      <pv name="TEST-BST1:RNDMxB432">
          <description>RNDMxB432 Noise signal Out of Limit</description> <latching>true</latching><annunciating >true</annunciating>
          <guidance><title>Noise out of Limit</title><details>HIHI = 90; HIGH= 80; LOW = 20; LOLO=10</details></guidance>
          <guidance><title>Consequence of deviation</title><details>Too much noise</details></guidance>
          <guidance><title>Corrective action</title><details>Disconnect the signal</details></guidance>
          <guidance><title>Time for response</title><details>5 minutes</details></guidance>
          <display><title>Noise control OPI</title><details>/m-TEST-BEAST/src/main/boy/sdd/TEST-BST1.opi</details></display>
      </pv>
      <pv name="TEST-BST1:RNDMxB433">
          <description>RNDMxB433 Noise signal Out of Limit</description> <latching>true</latching><annunciating >true</annunciating>
          <guidance><title>Noise out of Limit</title><details>HIHI = 90; HIGH= 80; LOW = 20; LOLO=10</details></guidance>
          <guidance><title>Consequence of deviation</title><details>Too much noise</details></guidance>
          <guidance><title>Corrective action</title><details>Disconnect the signal</details></guidance>
          <guidance><title>Time for response</title><details>5 minutes</details></guidance>
          <display><title>Noise control OPI</title><details>/m-TEST-BEAST/src/main/boy/sdd/TEST-BST1.opi</details></display>
      </pv>
      <pv name="TEST-BST1:RNDMxB434">
          <description>RNDMxB434 Noise signal Out of Limit</description> <latching>true</latching><annunciating >true</annunciating>
          <guidance><title>Noise out of Limit</title><details>HIHI = 90; HIGH= 80; LOW = 20; LOLO=10</details></guidance>
          <guidance><title>Consequence of deviation</title><details>Too much noise</details></guidance>
          <guidance><title>Corrective action</title><details>Disconnect the signal</details></guidance>
          <guidance><title>Time for response</title><details>5 minutes</details></guidance>
          <display><title>Noise control OPI</title><details>/m-TEST-BEAST/src/main/boy/sdd/TEST-BST1.opi</details></display>
      </pv>
      <pv name="TEST-BST1:RNDMxB435">
          <description>RNDMxB435 Noise signal Out of Limit</description> <latching>true</latching><annunciating >true</annunciating>
          <guidance><title>Noise out of Limit</title><details>HIHI = 90; HIGH= 80; LOW = 20; LOLO=10</details></guidance>
          <guidance><title>Consequence of deviation</title><details>Too much noise</details></guidance>
          <guidance><title>Corrective action</title><details>Disconnect the signal</details></guidance>
          <guidance><title>Time for response</title><details>5 minutes</details></guidance>
          <display><title>Noise control OPI</title><details>/m-TEST-BEAST/src/main/boy/sdd/TEST-BST1.opi</details></display>
      </pv>
      <pv name="TEST-BST1:RNDMxB436">
          <description>RNDMxB436 Noise signal Out of Limit</description> <latching>true</latching><annunciating >true</annunciating>
          <guidance><title>Noise out of Limit</title><details>HIHI = 90; HIGH= 80; LOW = 20; LOLO=10</details></guidance>
          <guidance><title>Consequence of deviation</title><details>Too much noise</details></guidance>
          <guidance><title>Corrective action</title><details>Disconnect the signal</details></guidance>
          <guidance><title>Time for response</title><details>5 minutes</details></guidance>
          <display><title>Noise control OPI</title><details>/m-TEST-BEAST/src/main/boy/sdd/TEST-BST1.opi</details></display>
      </pv>
      <pv name="TEST-BST1:RNDMxB437">
          <description>RNDMxB437 Noise signal Out of Limit</description> <latching>true</latching><annunciating >true</annunciating>
          <guidance><title>Noise out of Limit</title><details>HIHI = 90; HIGH= 80; LOW = 20; LOLO=10</details></guidance>
          <guidance><title>Consequence of deviation</title><details>Too much noise</details></guidance>
          <guidance><title>Corrective action</title><details>Disconnect the signal</details></guidance>
          <guidance><title>Time for response</title><details>5 minutes</details></guidance>
          <display><title>Noise control OPI</title><details>/m-TEST-BEAST/src/main/boy/sdd/TEST-BST1.opi</details></display>
      </pv>
      <pv name="TEST-BST1:RNDMxB438">
          <description>RNDMxB438 Noise signal Out of Limit</description> <latching>true</latching><annunciating >true</annunciating>
          <guidance><title>Noise out of Limit</title><details>HIHI = 90; HIGH= 80; LOW = 20; LOLO=10</details></guidance>
          <guidance><title>Consequence of deviation</title><details>Too much noise</details></guidance>
          <guidance><title>Corrective action</title><details>Disconnect the signal</details></guidance>
          <guidance><title>Time for response</title><details>5 minutes</details></guidance>
          <display><title>Noise control OPI</title><details>/m-TEST-BEAST/src/main/boy/sdd/TEST-BST1.opi</details></display>
      </pv>
      <pv name="TEST-BST1:RNDMxB439">
          <description>RNDMxB439 Noise signal Out of Limit</description> <latching>true</latching><annunciating >true</annunciating>
          <guidance><title>Noise out of Limit</title><details>HIHI = 90; HIGH= 80; LOW = 20; LOLO=10</details></guidance>
          <guidance><title>Consequence of deviation</title><details>Too much noise</details></guidance>
          <guidance><title>Corrective action</title><details>Disconnect the signal</details></guidance>
          <guidance><title>Time for response</title><details>5 minutes</details></guidance>
          <display><title>Noise control OPI</title><details>/m-TEST-BEAST/src/main/boy/sdd/TEST-BST1.opi</details></display>
      </pv>
      <pv name="TEST-BST1:RNDMxB440">
          <description>RNDMxB440 Noise signal Out of Limit</description> <latching>true</latching><annunciating >true</annunciating>
          <guidance><title>Noise out of Limit</title><details>HIHI = 90; HIGH= 80; LOW = 20; LOLO=10</details></guidance>
          <guidance><title>Consequence of deviation</title><details>Too much noise</details></guidance>
          <guidance><title>Corrective action</title><details>Disconnect the signal</details></guidance>
          <guidance><title>Time for response</title><details>5 minutes</details></guidance>
          <display><title>Noise control OPI</title><details>/m-TEST-BEAST/src/main/boy/sdd/TEST-BST1.opi</details></display>
      </pv>
      <pv name="TEST-BST1:RNDMxB441">
          <description>RNDMxB441 Noise signal Out of Limit</description> <latching>true</latching><annunciating >true</annunciating>
          <guidance><title>Noise out of Limit</title><details>HIHI = 90; HIGH= 80; LOW = 20; LOLO=10</details></guidance>
          <guidance><title>Consequence of deviation</title><details>Too much noise</details></guidance>
          <guidance><title>Corrective action</title><details>Disconnect the signal</details></guidance>
          <guidance><title>Time for response</title><details>5 minutes</details></guidance>
          <display><title>Noise control OPI</title><details>/m-TEST-BEAST/src/main/boy/sdd/TEST-BST1.opi</details></display>
      </pv>
      <pv name="TEST-BST1:RNDMxB442">
          <description>RNDMxB442 Noise signal Out of Limit</description> <latching>true</latching><annunciating >true</annunciating>
          <guidance><title>Noise out of Limit</title><details>HIHI = 90; HIGH= 80; LOW = 20; LOLO=10</details></guidance>
          <guidance><title>Consequence of deviation</title><details>Too much noise</details></guidance>
          <guidance><title>Corrective action</title><details>Disconnect the signal</details></guidance>
          <guidance><title>Time for response</title><details>5 minutes</details></guidance>
          <display><title>Noise control OPI</title><details>/m-TEST-BEAST/src/main/boy/sdd/TEST-BST1.opi</details></display>
      </pv>
      <pv name="TEST-BST1:RNDMxB443">
          <description>RNDMxB443 Noise signal Out of Limit</description> <latching>true</latching><annunciating >true</annunciating>
          <guidance><title>Noise out of Limit</title><details>HIHI = 90; HIGH= 80; LOW = 20; LOLO=10</details></guidance>
          <guidance><title>Consequence of deviation</title><details>Too much noise</details></guidance>
          <guidance><title>Corrective action</title><details>Disconnect the signal</details></guidance>
          <guidance><title>Time for response</title><details>5 minutes</details></guidance>
          <display><title>Noise control OPI</title><details>/m-TEST-BEAST/src/main/boy/sdd/TEST-BST1.opi</details></display>
      </pv>
      <pv name="TEST-BST1:RNDMxB444">
          <description>RNDMxB444 Noise signal Out of Limit</description> <latching>true</latching><annunciating >true</annunciating>
          <guidance><title>Noise out of Limit</title><details>HIHI = 90; HIGH= 80; LOW = 20; LOLO=10</details></guidance>
          <guidance><title>Consequence of deviation</title><details>Too much noise</details></guidance>
          <guidance><title>Corrective action</title><details>Disconnect the signal</details></guidance>
          <guidance><title>Time for response</title><details>5 minutes</details></guidance>
          <display><title>Noise control OPI</title><details>/m-TEST-BEAST/src/main/boy/sdd/TEST-BST1.opi</details></display>
      </pv>
      <pv name="TEST-BST1:RNDMxB445">
          <description>RNDMxB445 Noise signal Out of Limit</description> <latching>true</latching><annunciating >true</annunciating>
          <guidance><title>Noise out of Limit</title><details>HIHI = 90; HIGH= 80; LOW = 20; LOLO=10</details></guidance>
          <guidance><title>Consequence of deviation</title><details>Too much noise</details></guidance>
          <guidance><title>Corrective action</title><details>Disconnect the signal</details></guidance>
          <guidance><title>Time for response</title><details>5 minutes</details></guidance>
          <display><title>Noise control OPI</title><details>/m-TEST-BEAST/src/main/boy/sdd/TEST-BST1.opi</details></display>
      </pv>
      <pv name="TEST-BST1:RNDMxB446">
          <description>RNDMxB446 Noise signal Out of Limit</description> <latching>true</latching><annunciating >true</annunciating>
          <guidance><title>Noise out of Limit</title><details>HIHI = 90; HIGH= 80; LOW = 20; LOLO=10</details></guidance>
          <guidance><title>Consequence of deviation</title><details>Too much noise</details></guidance>
          <guidance><title>Corrective action</title><details>Disconnect the signal</details></guidance>
          <guidance><title>Time for response</title><details>5 minutes</details></guidance>
          <display><title>Noise control OPI</title><details>/m-TEST-BEAST/src/main/boy/sdd/TEST-BST1.opi</details></display>
      </pv>
      <pv name="TEST-BST1:RNDMxB447">
          <description>RNDMxB447 Noise signal Out of Limit</description> <latching>true</latching><annunciating >true</annunciating>
          <guidance><title>Noise out of Limit</title><details>HIHI = 90; HIGH= 80; LOW = 20; LOLO=10</details></guidance>
          <guidance><title>Consequence of deviation</title><details>Too much noise</details></guidance>
          <guidance><title>Corrective action</title><details>Disconnect the signal</details></guidance>
          <guidance><title>Time for response</title><details>5 minutes</details></guidance>
          <display><title>Noise control OPI</title><details>/m-TEST-BEAST/src/main/boy/sdd/TEST-BST1.opi</details></display>
      </pv>
      <pv name="TEST-BST1:RNDMxB448">
          <description>RNDMxB448 Noise signal Out of Limit</description> <latching>true</latching><annunciating >true</annunciating>
          <guidance><title>Noise out of Limit</title><details>HIHI = 90; HIGH= 80; LOW = 20; LOLO=10</details></guidance>
          <guidance><title>Consequence of deviation</title><details>Too much noise</details></guidance>
          <guidance><title>Corrective action</title><details>Disconnect the signal</details></guidance>
          <guidance><title>Time for response</title><details>5 minutes</details></guidance>
          <display><title>Noise control OPI</title><details>/m-TEST-BEAST/src/main/boy/sdd/TEST-BST1.opi</details></display>
      </pv>
      <pv name="TEST-BST1:RNDMxB449">
          <description>RNDMxB449 Noise signal Out of Limit</description> <latching>true</latching><annunciating >true</annunciating>
          <guidance><title>Noise out of Limit</title><details>HIHI = 90; HIGH= 80; LOW = 20; LOLO=10</details></guidance>
          <guidance><title>Consequence of deviation</title><details>Too much noise</details></guidance>
          <guidance><title>Corrective action</title><details>Disconnect the signal</details></guidance>
          <guidance><title>Time for response</title><details>5 minutes</details></guidance>
          <display><title>Noise control OPI</title><details>/m-TEST-BEAST/src/main/boy/sdd/TEST-BST1.opi</details></display>
      </pv>
      <pv name="TEST-BST1:RNDMxB450">
          <description>RNDMxB450 Noise signal Out of Limit</description> <latching>true</latching><annunciating >true</annunciating>
          <guidance><title>Noise out of Limit</title><details>HIHI = 90; HIGH= 80; LOW = 20; LOLO=10</details></guidance>
          <guidance><title>Consequence of deviation</title><details>Too much noise</details></guidance>
          <guidance><title>Corrective action</title><details>Disconnect the signal</details></guidance>
          <guidance><title>Time for response</title><details>5 minutes</details></guidance>
          <display><title>Noise control OPI</title><details>/m-TEST-BEAST/src/main/boy/sdd/TEST-BST1.opi</details></display>
      </pv>
      <pv name="TEST-BST1:RNDMxB451">
          <description>RNDMxB451 Noise signal Out of Limit</description> <latching>true</latching><annunciating >true</annunciating>
          <guidance><title>Noise out of Limit</title><details>HIHI = 90; HIGH= 80; LOW = 20; LOLO=10</details></guidance>
          <guidance><title>Consequence of deviation</title><details>Too much noise</details></guidance>
          <guidance><title>Corrective action</title><details>Disconnect the signal</details></guidance>
          <guidance><title>Time for response</title><details>5 minutes</details></guidance>
          <display><title>Noise control OPI</title><details>/m-TEST-BEAST/src/main/boy/sdd/TEST-BST1.opi</details></display>
      </pv>
      <pv name="TEST-BST1:RNDMxB452">
          <description>RNDMxB452 Noise signal Out of Limit</description> <latching>true</latching><annunciating >true</annunciating>
          <guidance><title>Noise out of Limit</title><details>HIHI = 90; HIGH= 80; LOW = 20; LOLO=10</details></guidance>
          <guidance><title>Consequence of deviation</title><details>Too much noise</details></guidance>
          <guidance><title>Corrective action</title><details>Disconnect the signal</details></guidance>
          <guidance><title>Time for response</title><details>5 minutes</details></guidance>
          <display><title>Noise control OPI</title><details>/m-TEST-BEAST/src/main/boy/sdd/TEST-BST1.opi</details></display>
      </pv>
      <pv name="TEST-BST1:RNDMxB453">
          <description>RNDMxB453 Noise signal Out of Limit</description> <latching>true</latching><annunciating >true</annunciating>
          <guidance><title>Noise out of Limit</title><details>HIHI = 90; HIGH= 80; LOW = 20; LOLO=10</details></guidance>
          <guidance><title>Consequence of deviation</title><details>Too much noise</details></guidance>
          <guidance><title>Corrective action</title><details>Disconnect the signal</details></guidance>
          <guidance><title>Time for response</title><details>5 minutes</details></guidance>
          <display><title>Noise control OPI</title><details>/m-TEST-BEAST/src/main/boy/sdd/TEST-BST1.opi</details></display>
      </pv>
      <pv name="TEST-BST1:RNDMxB454">
          <description>RNDMxB454 Noise signal Out of Limit</description> <latching>true</latching><annunciating >true</annunciating>
          <guidance><title>Noise out of Limit</title><details>HIHI = 90; HIGH= 80; LOW = 20; LOLO=10</details></guidance>
          <guidance><title>Consequence of deviation</title><details>Too much noise</details></guidance>
          <guidance><title>Corrective action</title><details>Disconnect the signal</details></guidance>
          <guidance><title>Time for response</title><details>5 minutes</details></guidance>
          <display><title>Noise control OPI</title><details>/m-TEST-BEAST/src/main/boy/sdd/TEST-BST1.opi</details></display>
      </pv>
      <pv name="TEST-BST1:RNDMxB455">
          <description>RNDMxB455 Noise signal Out of Limit</description> <latching>true</latching><annunciating >true</annunciating>
          <guidance><title>Noise out of Limit</title><details>HIHI = 90; HIGH= 80; LOW = 20; LOLO=10</details></guidance>
          <guidance><title>Consequence of deviation</title><details>Too much noise</details></guidance>
          <guidance><title>Corrective action</title><details>Disconnect the signal</details></guidance>
          <guidance><title>Time for response</title><details>5 minutes</details></guidance>
          <display><title>Noise control OPI</title><details>/m-TEST-BEAST/src/main/boy/sdd/TEST-BST1.opi</details></display>
      </pv>
      <pv name="TEST-BST1:RNDMxB456">
          <description>RNDMxB456 Noise signal Out of Limit</description> <latching>true</latching><annunciating >true</annunciating>
          <guidance><title>Noise out of Limit</title><details>HIHI = 90; HIGH= 80; LOW = 20; LOLO=10</details></guidance>
          <guidance><title>Consequence of deviation</title><details>Too much noise</details></guidance>
          <guidance><title>Corrective action</title><details>Disconnect the signal</details></guidance>
          <guidance><title>Time for response</title><details>5 minutes</details></guidance>
          <display><title>Noise control OPI</title><details>/m-TEST-BEAST/src/main/boy/sdd/TEST-BST1.opi</details></display>
      </pv>
      <pv name="TEST-BST1:RNDMxB457">
          <description>RNDMxB457 Noise signal Out of Limit</description> <latching>true</latching><annunciating >true</annunciating>
          <guidance><title>Noise out of Limit</title><details>HIHI = 90; HIGH= 80; LOW = 20; LOLO=10</details></guidance>
          <guidance><title>Consequence of deviation</title><details>Too much noise</details></guidance>
          <guidance><title>Corrective action</title><details>Disconnect the signal</details></guidance>
          <guidance><title>Time for response</title><details>5 minutes</details></guidance>
          <display><title>Noise control OPI</title><details>/m-TEST-BEAST/src/main/boy/sdd/TEST-BST1.opi</details></display>
      </pv>
      <pv name="TEST-BST1:RNDMxB458">
          <description>RNDMxB458 Noise signal Out of Limit</description> <latching>true</latching><annunciating >true</annunciating>
          <guidance><title>Noise out of Limit</title><details>HIHI = 90; HIGH= 80; LOW = 20; LOLO=10</details></guidance>
          <guidance><title>Consequence of deviation</title><details>Too much noise</details></guidance>
          <guidance><title>Corrective action</title><details>Disconnect the signal</details></guidance>
          <guidance><title>Time for response</title><details>5 minutes</details></guidance>
          <display><title>Noise control OPI</title><details>/m-TEST-BEAST/src/main/boy/sdd/TEST-BST1.opi</details></display>
      </pv>
      <pv name="TEST-BST1:RNDMxB459">
          <description>RNDMxB459 Noise signal Out of Limit</description> <latching>true</latching><annunciating >true</annunciating>
          <guidance><title>Noise out of Limit</title><details>HIHI = 90; HIGH= 80; LOW = 20; LOLO=10</details></guidance>
          <guidance><title>Consequence of deviation</title><details>Too much noise</details></guidance>
          <guidance><title>Corrective action</title><details>Disconnect the signal</details></guidance>
          <guidance><title>Time for response</title><details>5 minutes</details></guidance>
          <display><title>Noise control OPI</title><details>/m-TEST-BEAST/src/main/boy/sdd/TEST-BST1.opi</details></display>
      </pv>
      <pv name="TEST-BST1:RNDMxB460">
          <description>RNDMxB460 Noise signal Out of Limit</description> <latching>true</latching><annunciating >true</annunciating>
          <guidance><title>Noise out of Limit</title><details>HIHI = 90; HIGH= 80; LOW = 20; LOLO=10</details></guidance>
          <guidance><title>Consequence of deviation</title><details>Too much noise</details></guidance>
          <guidance><title>Corrective action</title><details>Disconnect the signal</details></guidance>
          <guidance><title>Time for response</title><details>5 minutes</details></guidance>
          <display><title>Noise control OPI</title><details>/m-TEST-BEAST/src/main/boy/sdd/TEST-BST1.opi</details></display>
      </pv>
      <pv name="TEST-BST1:RNDMxB461">
          <description>RNDMxB461 Noise signal Out of Limit</description> <latching>true</latching><annunciating >true</annunciating>
          <guidance><title>Noise out of Limit</title><details>HIHI = 90; HIGH= 80; LOW = 20; LOLO=10</details></guidance>
          <guidance><title>Consequence of deviation</title><details>Too much noise</details></guidance>
          <guidance><title>Corrective action</title><details>Disconnect the signal</details></guidance>
          <guidance><title>Time for response</title><details>5 minutes</details></guidance>
          <display><title>Noise control OPI</title><details>/m-TEST-BEAST/src/main/boy/sdd/TEST-BST1.opi</details></display>
      </pv>
      <pv name="TEST-BST1:RNDMxB462">
          <description>RNDMxB462 Noise signal Out of Limit</description> <latching>true</latching><annunciating >true</annunciating>
          <guidance><title>Noise out of Limit</title><details>HIHI = 90; HIGH= 80; LOW = 20; LOLO=10</details></guidance>
          <guidance><title>Consequence of deviation</title><details>Too much noise</details></guidance>
          <guidance><title>Corrective action</title><details>Disconnect the signal</details></guidance>
          <guidance><title>Time for response</title><details>5 minutes</details></guidance>
          <display><title>Noise control OPI</title><details>/m-TEST-BEAST/src/main/boy/sdd/TEST-BST1.opi</details></display>
      </pv>
      <pv name="TEST-BST1:RNDMxB463">
          <description>RNDMxB463 Noise signal Out of Limit</description> <latching>true</latching><annunciating >true</annunciating>
          <guidance><title>Noise out of Limit</title><details>HIHI = 90; HIGH= 80; LOW = 20; LOLO=10</details></guidance>
          <guidance><title>Consequence of deviation</title><details>Too much noise</details></guidance>
          <guidance><title>Corrective action</title><details>Disconnect the signal</details></guidance>
          <guidance><title>Time for response</title><details>5 minutes</details></guidance>
          <display><title>Noise control OPI</title><details>/m-TEST-BEAST/src/main/boy/sdd/TEST-BST1.opi</details></display>
      </pv>
      <pv name="TEST-BST1:RNDMxB464">
          <description>RNDMxB464 Noise signal Out of Limit</description> <latching>true</latching><annunciating >true</annunciating>
          <guidance><title>Noise out of Limit</title><details>HIHI = 90; HIGH= 80; LOW = 20; LOLO=10</details></guidance>
          <guidance><title>Consequence of deviation</title><details>Too much noise</details></guidance>
          <guidance><title>Corrective action</title><details>Disconnect the signal</details></guidance>
          <guidance><title>Time for response</title><details>5 minutes</details></guidance>
          <display><title>Noise control OPI</title><details>/m-TEST-BEAST/src/main/boy/sdd/TEST-BST1.opi</details></display>
      </pv>
      <pv name="TEST-BST1:RNDMxB465">
          <description>RNDMxB465 Noise signal Out of Limit</description> <latching>true</latching><annunciating >true</annunciating>
          <guidance><title>Noise out of Limit</title><details>HIHI = 90; HIGH= 80; LOW = 20; LOLO=10</details></guidance>
          <guidance><title>Consequence of deviation</title><details>Too much noise</details></guidance>
          <guidance><title>Corrective action</title><details>Disconnect the signal</details></guidance>
          <guidance><title>Time for response</title><details>5 minutes</details></guidance>
          <display><title>Noise control OPI</title><details>/m-TEST-BEAST/src/main/boy/sdd/TEST-BST1.opi</details></display>
      </pv>
      <pv name="TEST-BST1:RNDMxB466">
          <description>RNDMxB466 Noise signal Out of Limit</description> <latching>true</latching><annunciating >true</annunciating>
          <guidance><title>Noise out of Limit</title><details>HIHI = 90; HIGH= 80; LOW = 20; LOLO=10</details></guidance>
          <guidance><title>Consequence of deviation</title><details>Too much noise</details></guidance>
          <guidance><title>Corrective action</title><details>Disconnect the signal</details></guidance>
          <guidance><title>Time for response</title><details>5 minutes</details></guidance>
          <display><title>Noise control OPI</title><details>/m-TEST-BEAST/src/main/boy/sdd/TEST-BST1.opi</details></display>
      </pv>
      <pv name="TEST-BST1:RNDMxB467">
          <description>RNDMxB467 Noise signal Out of Limit</description> <latching>true</latching><annunciating >true</annunciating>
          <guidance><title>Noise out of Limit</title><details>HIHI = 90; HIGH= 80; LOW = 20; LOLO=10</details></guidance>
          <guidance><title>Consequence of deviation</title><details>Too much noise</details></guidance>
          <guidance><title>Corrective action</title><details>Disconnect the signal</details></guidance>
          <guidance><title>Time for response</title><details>5 minutes</details></guidance>
          <display><title>Noise control OPI</title><details>/m-TEST-BEAST/src/main/boy/sdd/TEST-BST1.opi</details></display>
      </pv>
      <pv name="TEST-BST1:RNDMxB468">
          <description>RNDMxB468 Noise signal Out of Limit</description> <latching>true</latching><annunciating >true</annunciating>
          <guidance><title>Noise out of Limit</title><details>HIHI = 90; HIGH= 80; LOW = 20; LOLO=10</details></guidance>
          <guidance><title>Consequence of deviation</title><details>Too much noise</details></guidance>
          <guidance><title>Corrective action</title><details>Disconnect the signal</details></guidance>
          <guidance><title>Time for response</title><details>5 minutes</details></guidance>
          <display><title>Noise control OPI</title><details>/m-TEST-BEAST/src/main/boy/sdd/TEST-BST1.opi</details></display>
      </pv>
      <pv name="TEST-BST1:RNDMxB469">
          <description>RNDMxB469 Noise signal Out of Limit</description> <latching>true</latching><annunciating >true</annunciating>
          <guidance><title>Noise out of Limit</title><details>HIHI = 90; HIGH= 80; LOW = 20; LOLO=10</details></guidance>
          <guidance><title>Consequence of deviation</title><details>Too much noise</details></guidance>
          <guidance><title>Corrective action</title><details>Disconnect the signal</details></guidance>
          <guidance><title>Time for response</title><details>5 minutes</details></guidance>
          <display><title>Noise control OPI</title><details>/m-TEST-BEAST/src/main/boy/sdd/TEST-BST1.opi</details></display>
      </pv>
      <pv name="TEST-BST1:RNDMxB470">
          <description>RNDMxB470 Noise signal Out of Limit</description> <latching>true</latching><annunciating >true</annunciating>
          <guidance><title>Noise out of Limit</title><details>HIHI = 90; HIGH= 80; LOW = 20; LOLO=10</details></guidance>
          <guidance><title>Consequence of deviation</title><details>Too much noise</details></guidance>
          <guidance><title>Corrective action</title><details>Disconnect the signal</details></guidance>
          <guidance><title>Time for response</title><details>5 minutes</details></guidance>
          <display><title>Noise control OPI</title><details>/m-TEST-BEAST/src/main/boy/sdd/TEST-BST1.opi</details></display>
      </pv>
      <pv name="TEST-BST1:RNDMxB471">
          <description>RNDMxB471 Noise signal Out of Limit</description> <latching>true</latching><annunciating >true</annunciating>
          <guidance><title>Noise out of Limit</title><details>HIHI = 90; HIGH= 80; LOW = 20; LOLO=10</details></guidance>
          <guidance><title>Consequence of deviation</title><details>Too much noise</details></guidance>
          <guidance><title>Corrective action</title><details>Disconnect the signal</details></guidance>
          <guidance><title>Time for response</title><details>5 minutes</details></guidance>
          <display><title>Noise control OPI</title><details>/m-TEST-BEAST/src/main/boy/sdd/TEST-BST1.opi</details></display>
      </pv>
      <pv name="TEST-BST1:RNDMxB472">
          <description>RNDMxB472 Noise signal Out of Limit</description> <latching>true</latching><annunciating >true</annunciating>
          <guidance><title>Noise out of Limit</title><details>HIHI = 90; HIGH= 80; LOW = 20; LOLO=10</details></guidance>
          <guidance><title>Consequence of deviation</title><details>Too much noise</details></guidance>
          <guidance><title>Corrective action</title><details>Disconnect the signal</details></guidance>
          <guidance><title>Time for response</title><details>5 minutes</details></guidance>
          <display><title>Noise control OPI</title><details>/m-TEST-BEAST/src/main/boy/sdd/TEST-BST1.opi</details></display>
      </pv>
      <pv name="TEST-BST1:RNDMxB473">
          <description>RNDMxB473 Noise signal Out of Limit</description> <latching>true</latching><annunciating >true</annunciating>
          <guidance><title>Noise out of Limit</title><details>HIHI = 90; HIGH= 80; LOW = 20; LOLO=10</details></guidance>
          <guidance><title>Consequence of deviation</title><details>Too much noise</details></guidance>
          <guidance><title>Corrective action</title><details>Disconnect the signal</details></guidance>
          <guidance><title>Time for response</title><details>5 minutes</details></guidance>
          <display><title>Noise control OPI</title><details>/m-TEST-BEAST/src/main/boy/sdd/TEST-BST1.opi</details></display>
      </pv>
      <pv name="TEST-BST1:RNDMxB474">
          <description>RNDMxB474 Noise signal Out of Limit</description> <latching>true</latching><annunciating >true</annunciating>
          <guidance><title>Noise out of Limit</title><details>HIHI = 90; HIGH= 80; LOW = 20; LOLO=10</details></guidance>
          <guidance><title>Consequence of deviation</title><details>Too much noise</details></guidance>
          <guidance><title>Corrective action</title><details>Disconnect the signal</details></guidance>
          <guidance><title>Time for response</title><details>5 minutes</details></guidance>
          <display><title>Noise control OPI</title><details>/m-TEST-BEAST/src/main/boy/sdd/TEST-BST1.opi</details></display>
      </pv>
      <pv name="TEST-BST1:RNDMxB475">
          <description>RNDMxB475 Noise signal Out of Limit</description> <latching>true</latching><annunciating >true</annunciating>
          <guidance><title>Noise out of Limit</title><details>HIHI = 90; HIGH= 80; LOW = 20; LOLO=10</details></guidance>
          <guidance><title>Consequence of deviation</title><details>Too much noise</details></guidance>
          <guidance><title>Corrective action</title><details>Disconnect the signal</details></guidance>
          <guidance><title>Time for response</title><details>5 minutes</details></guidance>
          <display><title>Noise control OPI</title><details>/m-TEST-BEAST/src/main/boy/sdd/TEST-BST1.opi</details></display>
      </pv>
      <pv name="TEST-BST1:RNDMxB476">
          <description>RNDMxB476 Noise signal Out of Limit</description> <latching>true</latching><annunciating >true</annunciating>
          <guidance><title>Noise out of Limit</title><details>HIHI = 90; HIGH= 80; LOW = 20; LOLO=10</details></guidance>
          <guidance><title>Consequence of deviation</title><details>Too much noise</details></guidance>
          <guidance><title>Corrective action</title><details>Disconnect the signal</details></guidance>
          <guidance><title>Time for response</title><details>5 minutes</details></guidance>
          <display><title>Noise control OPI</title><details>/m-TEST-BEAST/src/main/boy/sdd/TEST-BST1.opi</details></display>
      </pv>
      <pv name="TEST-BST1:RNDMxB477">
          <description>RNDMxB477 Noise signal Out of Limit</description> <latching>true</latching><annunciating >true</annunciating>
          <guidance><title>Noise out of Limit</title><details>HIHI = 90; HIGH= 80; LOW = 20; LOLO=10</details></guidance>
          <guidance><title>Consequence of deviation</title><details>Too much noise</details></guidance>
          <guidance><title>Corrective action</title><details>Disconnect the signal</details></guidance>
          <guidance><title>Time for response</title><details>5 minutes</details></guidance>
          <display><title>Noise control OPI</title><details>/m-TEST-BEAST/src/main/boy/sdd/TEST-BST1.opi</details></display>
      </pv>
      <pv name="TEST-BST1:RNDMxB478">
          <description>RNDMxB478 Noise signal Out of Limit</description> <latching>true</latching><annunciating >true</annunciating>
          <guidance><title>Noise out of Limit</title><details>HIHI = 90; HIGH= 80; LOW = 20; LOLO=10</details></guidance>
          <guidance><title>Consequence of deviation</title><details>Too much noise</details></guidance>
          <guidance><title>Corrective action</title><details>Disconnect the signal</details></guidance>
          <guidance><title>Time for response</title><details>5 minutes</details></guidance>
          <display><title>Noise control OPI</title><details>/m-TEST-BEAST/src/main/boy/sdd/TEST-BST1.opi</details></display>
      </pv>
      <pv name="TEST-BST1:RNDMxB479">
          <description>RNDMxB479 Noise signal Out of Limit</description> <latching>true</latching><annunciating >true</annunciating>
          <guidance><title>Noise out of Limit</title><details>HIHI = 90; HIGH= 80; LOW = 20; LOLO=10</details></guidance>
          <guidance><title>Consequence of deviation</title><details>Too much noise</details></guidance>
          <guidance><title>Corrective action</title><details>Disconnect the signal</details></guidance>
          <guidance><title>Time for response</title><details>5 minutes</details></guidance>
          <display><title>Noise control OPI</title><details>/m-TEST-BEAST/src/main/boy/sdd/TEST-BST1.opi</details></display>
      </pv>
      <pv name="TEST-BST1:RNDMxB480">
          <description>RNDMxB480 Noise signal Out of Limit</description> <latching>true</latching><annunciating >true</annunciating>
          <guidance><title>Noise out of Limit</title><details>HIHI = 90; HIGH= 80; LOW = 20; LOLO=10</details></guidance>
          <guidance><title>Consequence of deviation</title><details>Too much noise</details></guidance>
          <guidance><title>Corrective action</title><details>Disconnect the signal</details></guidance>
          <guidance><title>Time for response</title><details>5 minutes</details></guidance>
          <display><title>Noise control OPI</title><details>/m-TEST-BEAST/src/main/boy/sdd/TEST-BST1.opi</details></display>
      </pv>
      <pv name="TEST-BST1:RNDMxB481">
          <description>RNDMxB481 Noise signal Out of Limit</description> <latching>true</latching><annunciating >true</annunciating>
          <guidance><title>Noise out of Limit</title><details>HIHI = 90; HIGH= 80; LOW = 20; LOLO=10</details></guidance>
          <guidance><title>Consequence of deviation</title><details>Too much noise</details></guidance>
          <guidance><title>Corrective action</title><details>Disconnect the signal</details></guidance>
          <guidance><title>Time for response</title><details>5 minutes</details></guidance>
          <display><title>Noise control OPI</title><details>/m-TEST-BEAST/src/main/boy/sdd/TEST-BST1.opi</details></display>
      </pv>
      <pv name="TEST-BST1:RNDMxB482">
          <description>RNDMxB482 Noise signal Out of Limit</description> <latching>true</latching><annunciating >true</annunciating>
          <guidance><title>Noise out of Limit</title><details>HIHI = 90; HIGH= 80; LOW = 20; LOLO=10</details></guidance>
          <guidance><title>Consequence of deviation</title><details>Too much noise</details></guidance>
          <guidance><title>Corrective action</title><details>Disconnect the signal</details></guidance>
          <guidance><title>Time for response</title><details>5 minutes</details></guidance>
          <display><title>Noise control OPI</title><details>/m-TEST-BEAST/src/main/boy/sdd/TEST-BST1.opi</details></display>
      </pv>
      <pv name="TEST-BST1:RNDMxB483">
          <description>RNDMxB483 Noise signal Out of Limit</description> <latching>true</latching><annunciating >true</annunciating>
          <guidance><title>Noise out of Limit</title><details>HIHI = 90; HIGH= 80; LOW = 20; LOLO=10</details></guidance>
          <guidance><title>Consequence of deviation</title><details>Too much noise</details></guidance>
          <guidance><title>Corrective action</title><details>Disconnect the signal</details></guidance>
          <guidance><title>Time for response</title><details>5 minutes</details></guidance>
          <display><title>Noise control OPI</title><details>/m-TEST-BEAST/src/main/boy/sdd/TEST-BST1.opi</details></display>
      </pv>
      <pv name="TEST-BST1:RNDMxB484">
          <description>RNDMxB484 Noise signal Out of Limit</description> <latching>true</latching><annunciating >true</annunciating>
          <guidance><title>Noise out of Limit</title><details>HIHI = 90; HIGH= 80; LOW = 20; LOLO=10</details></guidance>
          <guidance><title>Consequence of deviation</title><details>Too much noise</details></guidance>
          <guidance><title>Corrective action</title><details>Disconnect the signal</details></guidance>
          <guidance><title>Time for response</title><details>5 minutes</details></guidance>
          <display><title>Noise control OPI</title><details>/m-TEST-BEAST/src/main/boy/sdd/TEST-BST1.opi</details></display>
      </pv>
      <pv name="TEST-BST1:RNDMxB485">
          <description>RNDMxB485 Noise signal Out of Limit</description> <latching>true</latching><annunciating >true</annunciating>
          <guidance><title>Noise out of Limit</title><details>HIHI = 90; HIGH= 80; LOW = 20; LOLO=10</details></guidance>
          <guidance><title>Consequence of deviation</title><details>Too much noise</details></guidance>
          <guidance><title>Corrective action</title><details>Disconnect the signal</details></guidance>
          <guidance><title>Time for response</title><details>5 minutes</details></guidance>
          <display><title>Noise control OPI</title><details>/m-TEST-BEAST/src/main/boy/sdd/TEST-BST1.opi</details></display>
      </pv>
      <pv name="TEST-BST1:RNDMxB486">
          <description>RNDMxB486 Noise signal Out of Limit</description> <latching>true</latching><annunciating >true</annunciating>
          <guidance><title>Noise out of Limit</title><details>HIHI = 90; HIGH= 80; LOW = 20; LOLO=10</details></guidance>
          <guidance><title>Consequence of deviation</title><details>Too much noise</details></guidance>
          <guidance><title>Corrective action</title><details>Disconnect the signal</details></guidance>
          <guidance><title>Time for response</title><details>5 minutes</details></guidance>
          <display><title>Noise control OPI</title><details>/m-TEST-BEAST/src/main/boy/sdd/TEST-BST1.opi</details></display>
      </pv>
      <pv name="TEST-BST1:RNDMxB487">
          <description>RNDMxB487 Noise signal Out of Limit</description> <latching>true</latching><annunciating >true</annunciating>
          <guidance><title>Noise out of Limit</title><details>HIHI = 90; HIGH= 80; LOW = 20; LOLO=10</details></guidance>
          <guidance><title>Consequence of deviation</title><details>Too much noise</details></guidance>
          <guidance><title>Corrective action</title><details>Disconnect the signal</details></guidance>
          <guidance><title>Time for response</title><details>5 minutes</details></guidance>
          <display><title>Noise control OPI</title><details>/m-TEST-BEAST/src/main/boy/sdd/TEST-BST1.opi</details></display>
      </pv>
      <pv name="TEST-BST1:RNDMxB488">
          <description>RNDMxB488 Noise signal Out of Limit</description> <latching>true</latching><annunciating >true</annunciating>
          <guidance><title>Noise out of Limit</title><details>HIHI = 90; HIGH= 80; LOW = 20; LOLO=10</details></guidance>
          <guidance><title>Consequence of deviation</title><details>Too much noise</details></guidance>
          <guidance><title>Corrective action</title><details>Disconnect the signal</details></guidance>
          <guidance><title>Time for response</title><details>5 minutes</details></guidance>
          <display><title>Noise control OPI</title><details>/m-TEST-BEAST/src/main/boy/sdd/TEST-BST1.opi</details></display>
      </pv>
      <pv name="TEST-BST1:RNDMxB489">
          <description>RNDMxB489 Noise signal Out of Limit</description> <latching>true</latching><annunciating >true</annunciating>
          <guidance><title>Noise out of Limit</title><details>HIHI = 90; HIGH= 80; LOW = 20; LOLO=10</details></guidance>
          <guidance><title>Consequence of deviation</title><details>Too much noise</details></guidance>
          <guidance><title>Corrective action</title><details>Disconnect the signal</details></guidance>
          <guidance><title>Time for response</title><details>5 minutes</details></guidance>
          <display><title>Noise control OPI</title><details>/m-TEST-BEAST/src/main/boy/sdd/TEST-BST1.opi</details></display>
      </pv>
      <pv name="TEST-BST1:RNDMxB490">
          <description>RNDMxB490 Noise signal Out of Limit</description> <latching>true</latching><annunciating >true</annunciating>
          <guidance><title>Noise out of Limit</title><details>HIHI = 90; HIGH= 80; LOW = 20; LOLO=10</details></guidance>
          <guidance><title>Consequence of deviation</title><details>Too much noise</details></guidance>
          <guidance><title>Corrective action</title><details>Disconnect the signal</details></guidance>
          <guidance><title>Time for response</title><details>5 minutes</details></guidance>
          <display><title>Noise control OPI</title><details>/m-TEST-BEAST/src/main/boy/sdd/TEST-BST1.opi</details></display>
      </pv>
      <pv name="TEST-BST1:RNDMxB491">
          <description>RNDMxB491 Noise signal Out of Limit</description> <latching>true</latching><annunciating >true</annunciating>
          <guidance><title>Noise out of Limit</title><details>HIHI = 90; HIGH= 80; LOW = 20; LOLO=10</details></guidance>
          <guidance><title>Consequence of deviation</title><details>Too much noise</details></guidance>
          <guidance><title>Corrective action</title><details>Disconnect the signal</details></guidance>
          <guidance><title>Time for response</title><details>5 minutes</details></guidance>
          <display><title>Noise control OPI</title><details>/m-TEST-BEAST/src/main/boy/sdd/TEST-BST1.opi</details></display>
      </pv>
      <pv name="TEST-BST1:RNDMxB492">
          <description>RNDMxB492 Noise signal Out of Limit</description> <latching>true</latching><annunciating >true</annunciating>
          <guidance><title>Noise out of Limit</title><details>HIHI = 90; HIGH= 80; LOW = 20; LOLO=10</details></guidance>
          <guidance><title>Consequence of deviation</title><details>Too much noise</details></guidance>
          <guidance><title>Corrective action</title><details>Disconnect the signal</details></guidance>
          <guidance><title>Time for response</title><details>5 minutes</details></guidance>
          <display><title>Noise control OPI</title><details>/m-TEST-BEAST/src/main/boy/sdd/TEST-BST1.opi</details></display>
      </pv>
      <pv name="TEST-BST1:RNDMxB493">
          <description>RNDMxB493 Noise signal Out of Limit</description> <latching>true</latching><annunciating >true</annunciating>
          <guidance><title>Noise out of Limit</title><details>HIHI = 90; HIGH= 80; LOW = 20; LOLO=10</details></guidance>
          <guidance><title>Consequence of deviation</title><details>Too much noise</details></guidance>
          <guidance><title>Corrective action</title><details>Disconnect the signal</details></guidance>
          <guidance><title>Time for response</title><details>5 minutes</details></guidance>
          <display><title>Noise control OPI</title><details>/m-TEST-BEAST/src/main/boy/sdd/TEST-BST1.opi</details></display>
      </pv>
      <pv name="TEST-BST1:RNDMxB494">
          <description>RNDMxB494 Noise signal Out of Limit</description> <latching>true</latching><annunciating >true</annunciating>
          <guidance><title>Noise out of Limit</title><details>HIHI = 90; HIGH= 80; LOW = 20; LOLO=10</details></guidance>
          <guidance><title>Consequence of deviation</title><details>Too much noise</details></guidance>
          <guidance><title>Corrective action</title><details>Disconnect the signal</details></guidance>
          <guidance><title>Time for response</title><details>5 minutes</details></guidance>
          <display><title>Noise control OPI</title><details>/m-TEST-BEAST/src/main/boy/sdd/TEST-BST1.opi</details></display>
      </pv>
      <pv name="TEST-BST1:RNDMxB495">
          <description>RNDMxB495 Noise signal Out of Limit</description> <latching>true</latching><annunciating >true</annunciating>
          <guidance><title>Noise out of Limit</title><details>HIHI = 90; HIGH= 80; LOW = 20; LOLO=10</details></guidance>
          <guidance><title>Consequence of deviation</title><details>Too much noise</details></guidance>
          <guidance><title>Corrective action</title><details>Disconnect the signal</details></guidance>
          <guidance><title>Time for response</title><details>5 minutes</details></guidance>
          <display><title>Noise control OPI</title><details>/m-TEST-BEAST/src/main/boy/sdd/TEST-BST1.opi</details></display>
      </pv>
      <pv name="TEST-BST1:RNDMxB496">
          <description>RNDMxB496 Noise signal Out of Limit</description> <latching>true</latching><annunciating >true</annunciating>
          <guidance><title>Noise out of Limit</title><details>HIHI = 90; HIGH= 80; LOW = 20; LOLO=10</details></guidance>
          <guidance><title>Consequence of deviation</title><details>Too much noise</details></guidance>
          <guidance><title>Corrective action</title><details>Disconnect the signal</details></guidance>
          <guidance><title>Time for response</title><details>5 minutes</details></guidance>
          <display><title>Noise control OPI</title><details>/m-TEST-BEAST/src/main/boy/sdd/TEST-BST1.opi</details></display>
      </pv>
      <pv name="TEST-BST1:RNDMxB497">
          <description>RNDMxB497 Noise signal Out of Limit</description> <latching>true</latching><annunciating >true</annunciating>
          <guidance><title>Noise out of Limit</title><details>HIHI = 90; HIGH= 80; LOW = 20; LOLO=10</details></guidance>
          <guidance><title>Consequence of deviation</title><details>Too much noise</details></guidance>
          <guidance><title>Corrective action</title><details>Disconnect the signal</details></guidance>
          <guidance><title>Time for response</title><details>5 minutes</details></guidance>
          <display><title>Noise control OPI</title><details>/m-TEST-BEAST/src/main/boy/sdd/TEST-BST1.opi</details></display>
      </pv>
      <pv name="TEST-BST1:RNDMxB498">
          <description>RNDMxB498 Noise signal Out of Limit</description> <latching>true</latching><annunciating >true</annunciating>
          <guidance><title>Noise out of Limit</title><details>HIHI = 90; HIGH= 80; LOW = 20; LOLO=10</details></guidance>
          <guidance><title>Consequence of deviation</title><details>Too much noise</details></guidance>
          <guidance><title>Corrective action</title><details>Disconnect the signal</details></guidance>
          <guidance><title>Time for response</title><details>5 minutes</details></guidance>
          <display><title>Noise control OPI</title><details>/m-TEST-BEAST/src/main/boy/sdd/TEST-BST1.opi</details></display>
      </pv>
      <pv name="TEST-BST1:RNDMxB499">
          <description>RNDMxB499 Noise signal Out of Limit</description> <latching>true</latching><annunciating >true</annunciating>
          <guidance><title>Noise out of Limit</title><details>HIHI = 90; HIGH= 80; LOW = 20; LOLO=10</details></guidance>
          <guidance><title>Consequence of deviation</title><details>Too much noise</details></guidance>
          <guidance><title>Corrective action</title><details>Disconnect the signal</details></guidance>
          <guidance><title>Time for response</title><details>5 minutes</details></guidance>
          <display><title>Noise control OPI</title><details>/m-TEST-BEAST/src/main/boy/sdd/TEST-BST1.opi</details></display>
      </pv>
      <pv name="TEST-BST1:RNDMxB500">
          <description>RNDMxB500 Noise signal Out of Limit</description> <latching>true</latching><annunciating >true</annunciating>
          <guidance><title>Noise out of Limit</title><details>HIHI = 90; HIGH= 80; LOW = 20; LOLO=10</details></guidance>
          <guidance><title>Consequence of deviation</title><details>Too much noise</details></guidance>
          <guidance><title>Corrective action</title><details>Disconnect the signal</details></guidance>
          <guidance><title>Time for response</title><details>5 minutes</details></guidance>
          <display><title>Noise control OPI</title><details>/m-TEST-BEAST/src/main/boy/sdd/TEST-BST1.opi</details></display>
      </pv>
      <pv name="TEST-BST1:RNDMxB501">
          <description>RNDMxB501 Noise signal Out of Limit</description> <latching>true</latching><annunciating >true</annunciating>
          <guidance><title>Noise out of Limit</title><details>HIHI = 90; HIGH= 80; LOW = 20; LOLO=10</details></guidance>
          <guidance><title>Consequence of deviation</title><details>Too much noise</details></guidance>
          <guidance><title>Corrective action</title><details>Disconnect the signal</details></guidance>
          <guidance><title>Time for response</title><details>5 minutes</details></guidance>
          <display><title>Noise control OPI</title><details>/m-TEST-BEAST/src/main/boy/sdd/TEST-BST1.opi</details></display>
      </pv>
      <pv name="TEST-BST1:RNDMxB502">
          <description>RNDMxB502 Noise signal Out of Limit</description> <latching>true</latching><annunciating >true</annunciating>
          <guidance><title>Noise out of Limit</title><details>HIHI = 90; HIGH= 80; LOW = 20; LOLO=10</details></guidance>
          <guidance><title>Consequence of deviation</title><details>Too much noise</details></guidance>
          <guidance><title>Corrective action</title><details>Disconnect the signal</details></guidance>
          <guidance><title>Time for response</title><details>5 minutes</details></guidance>
          <display><title>Noise control OPI</title><details>/m-TEST-BEAST/src/main/boy/sdd/TEST-BST1.opi</details></display>
      </pv>
      <pv name="TEST-BST1:RNDMxB503">
          <description>RNDMxB503 Noise signal Out of Limit</description> <latching>true</latching><annunciating >true</annunciating>
          <guidance><title>Noise out of Limit</title><details>HIHI = 90; HIGH= 80; LOW = 20; LOLO=10</details></guidance>
          <guidance><title>Consequence of deviation</title><details>Too much noise</details></guidance>
          <guidance><title>Corrective action</title><details>Disconnect the signal</details></guidance>
          <guidance><title>Time for response</title><details>5 minutes</details></guidance>
          <display><title>Noise control OPI</title><details>/m-TEST-BEAST/src/main/boy/sdd/TEST-BST1.opi</details></display>
      </pv>
      <pv name="TEST-BST1:RNDMxB504">
          <description>RNDMxB504 Noise signal Out of Limit</description> <latching>true</latching><annunciating >true</annunciating>
          <guidance><title>Noise out of Limit</title><details>HIHI = 90; HIGH= 80; LOW = 20; LOLO=10</details></guidance>
          <guidance><title>Consequence of deviation</title><details>Too much noise</details></guidance>
          <guidance><title>Corrective action</title><details>Disconnect the signal</details></guidance>
          <guidance><title>Time for response</title><details>5 minutes</details></guidance>
          <display><title>Noise control OPI</title><details>/m-TEST-BEAST/src/main/boy/sdd/TEST-BST1.opi</details></display>
      </pv>
      <pv name="TEST-BST1:RNDMxB505">
          <description>RNDMxB505 Noise signal Out of Limit</description> <latching>true</latching><annunciating >true</annunciating>
          <guidance><title>Noise out of Limit</title><details>HIHI = 90; HIGH= 80; LOW = 20; LOLO=10</details></guidance>
          <guidance><title>Consequence of deviation</title><details>Too much noise</details></guidance>
          <guidance><title>Corrective action</title><details>Disconnect the signal</details></guidance>
          <guidance><title>Time for response</title><details>5 minutes</details></guidance>
          <display><title>Noise control OPI</title><details>/m-TEST-BEAST/src/main/boy/sdd/TEST-BST1.opi</details></display>
      </pv>
      <pv name="TEST-BST1:RNDMxB506">
          <description>RNDMxB506 Noise signal Out of Limit</description> <latching>true</latching><annunciating >true</annunciating>
          <guidance><title>Noise out of Limit</title><details>HIHI = 90; HIGH= 80; LOW = 20; LOLO=10</details></guidance>
          <guidance><title>Consequence of deviation</title><details>Too much noise</details></guidance>
          <guidance><title>Corrective action</title><details>Disconnect the signal</details></guidance>
          <guidance><title>Time for response</title><details>5 minutes</details></guidance>
          <display><title>Noise control OPI</title><details>/m-TEST-BEAST/src/main/boy/sdd/TEST-BST1.opi</details></display>
      </pv>
      <pv name="TEST-BST1:RNDMxB507">
          <description>RNDMxB507 Noise signal Out of Limit</description> <latching>true</latching><annunciating >true</annunciating>
          <guidance><title>Noise out of Limit</title><details>HIHI = 90; HIGH= 80; LOW = 20; LOLO=10</details></guidance>
          <guidance><title>Consequence of deviation</title><details>Too much noise</details></guidance>
          <guidance><title>Corrective action</title><details>Disconnect the signal</details></guidance>
          <guidance><title>Time for response</title><details>5 minutes</details></guidance>
          <display><title>Noise control OPI</title><details>/m-TEST-BEAST/src/main/boy/sdd/TEST-BST1.opi</details></display>
      </pv>
      <pv name="TEST-BST1:RNDMxB508">
          <description>RNDMxB508 Noise signal Out of Limit</description> <latching>true</latching><annunciating >true</annunciating>
          <guidance><title>Noise out of Limit</title><details>HIHI = 90; HIGH= 80; LOW = 20; LOLO=10</details></guidance>
          <guidance><title>Consequence of deviation</title><details>Too much noise</details></guidance>
          <guidance><title>Corrective action</title><details>Disconnect the signal</details></guidance>
          <guidance><title>Time for response</title><details>5 minutes</details></guidance>
          <display><title>Noise control OPI</title><details>/m-TEST-BEAST/src/main/boy/sdd/TEST-BST1.opi</details></display>
      </pv>
      <pv name="TEST-BST1:RNDMxB509">
          <description>RNDMxB509 Noise signal Out of Limit</description> <latching>true</latching><annunciating >true</annunciating>
          <guidance><title>Noise out of Limit</title><details>HIHI = 90; HIGH= 80; LOW = 20; LOLO=10</details></guidance>
          <guidance><title>Consequence of deviation</title><details>Too much noise</details></guidance>
          <guidance><title>Corrective action</title><details>Disconnect the signal</details></guidance>
          <guidance><title>Time for response</title><details>5 minutes</details></guidance>
          <display><title>Noise control OPI</title><details>/m-TEST-BEAST/src/main/boy/sdd/TEST-BST1.opi</details></display>
      </pv>
      <pv name="TEST-BST1:RNDMxB510">
          <description>RNDMxB510 Noise signal Out of Limit</description> <latching>true</latching><annunciating >true</annunciating>
          <guidance><title>Noise out of Limit</title><details>HIHI = 90; HIGH= 80; LOW = 20; LOLO=10</details></guidance>
          <guidance><title>Consequence of deviation</title><details>Too much noise</details></guidance>
          <guidance><title>Corrective action</title><details>Disconnect the signal</details></guidance>
          <guidance><title>Time for response</title><details>5 minutes</details></guidance>
          <display><title>Noise control OPI</title><details>/m-TEST-BEAST/src/main/boy/sdd/TEST-BST1.opi</details></display>
      </pv>
      <pv name="TEST-BST1:RNDMxB511">
          <description>RNDMxB511 Noise signal Out of Limit</description> <latching>true</latching><annunciating >true</annunciating>
          <guidance><title>Noise out of Limit</title><details>HIHI = 90; HIGH= 80; LOW = 20; LOLO=10</details></guidance>
          <guidance><title>Consequence of deviation</title><details>Too much noise</details></guidance>
          <guidance><title>Corrective action</title><details>Disconnect the signal</details></guidance>
          <guidance><title>Time for response</title><details>5 minutes</details></guidance>
          <display><title>Noise control OPI</title><details>/m-TEST-BEAST/src/main/boy/sdd/TEST-BST1.opi</details></display>
      </pv>
      <pv name="TEST-BST1:RNDMxB512">
          <description>RNDMxB512 Noise signal Out of Limit</description> <latching>true</latching><annunciating >true</annunciating>
          <guidance><title>Noise out of Limit</title><details>HIHI = 90; HIGH= 80; LOW = 20; LOLO=10</details></guidance>
          <guidance><title>Consequence of deviation</title><details>Too much noise</details></guidance>
          <guidance><title>Corrective action</title><details>Disconnect the signal</details></guidance>
          <guidance><title>Time for response</title><details>5 minutes</details></guidance>
          <display><title>Noise control OPI</title><details>/m-TEST-BEAST/src/main/boy/sdd/TEST-BST1.opi</details></display>
      </pv>
      <pv name="TEST-BST1:RNDMxB513">
          <description>RNDMxB513 Noise signal Out of Limit</description> <latching>true</latching><annunciating >true</annunciating>
          <guidance><title>Noise out of Limit</title><details>HIHI = 90; HIGH= 80; LOW = 20; LOLO=10</details></guidance>
          <guidance><title>Consequence of deviation</title><details>Too much noise</details></guidance>
          <guidance><title>Corrective action</title><details>Disconnect the signal</details></guidance>
          <guidance><title>Time for response</title><details>5 minutes</details></guidance>
          <display><title>Noise control OPI</title><details>/m-TEST-BEAST/src/main/boy/sdd/TEST-BST1.opi</details></display>
      </pv>
      <pv name="TEST-BST1:RNDMxB514">
          <description>RNDMxB514 Noise signal Out of Limit</description> <latching>true</latching><annunciating >true</annunciating>
          <guidance><title>Noise out of Limit</title><details>HIHI = 90; HIGH= 80; LOW = 20; LOLO=10</details></guidance>
          <guidance><title>Consequence of deviation</title><details>Too much noise</details></guidance>
          <guidance><title>Corrective action</title><details>Disconnect the signal</details></guidance>
          <guidance><title>Time for response</title><details>5 minutes</details></guidance>
          <display><title>Noise control OPI</title><details>/m-TEST-BEAST/src/main/boy/sdd/TEST-BST1.opi</details></display>
      </pv>
      <pv name="TEST-BST1:RNDMxB515">
          <description>RNDMxB515 Noise signal Out of Limit</description> <latching>true</latching><annunciating >true</annunciating>
          <guidance><title>Noise out of Limit</title><details>HIHI = 90; HIGH= 80; LOW = 20; LOLO=10</details></guidance>
          <guidance><title>Consequence of deviation</title><details>Too much noise</details></guidance>
          <guidance><title>Corrective action</title><details>Disconnect the signal</details></guidance>
          <guidance><title>Time for response</title><details>5 minutes</details></guidance>
          <display><title>Noise control OPI</title><details>/m-TEST-BEAST/src/main/boy/sdd/TEST-BST1.opi</details></display>
      </pv>
      <pv name="TEST-BST1:RNDMxB516">
          <description>RNDMxB516 Noise signal Out of Limit</description> <latching>true</latching><annunciating >true</annunciating>
          <guidance><title>Noise out of Limit</title><details>HIHI = 90; HIGH= 80; LOW = 20; LOLO=10</details></guidance>
          <guidance><title>Consequence of deviation</title><details>Too much noise</details></guidance>
          <guidance><title>Corrective action</title><details>Disconnect the signal</details></guidance>
          <guidance><title>Time for response</title><details>5 minutes</details></guidance>
          <display><title>Noise control OPI</title><details>/m-TEST-BEAST/src/main/boy/sdd/TEST-BST1.opi</details></display>
      </pv>
      <pv name="TEST-BST1:RNDMxB517">
          <description>RNDMxB517 Noise signal Out of Limit</description> <latching>true</latching><annunciating >true</annunciating>
          <guidance><title>Noise out of Limit</title><details>HIHI = 90; HIGH= 80; LOW = 20; LOLO=10</details></guidance>
          <guidance><title>Consequence of deviation</title><details>Too much noise</details></guidance>
          <guidance><title>Corrective action</title><details>Disconnect the signal</details></guidance>
          <guidance><title>Time for response</title><details>5 minutes</details></guidance>
          <display><title>Noise control OPI</title><details>/m-TEST-BEAST/src/main/boy/sdd/TEST-BST1.opi</details></display>
      </pv>
      <pv name="TEST-BST1:RNDMxB518">
          <description>RNDMxB518 Noise signal Out of Limit</description> <latching>true</latching><annunciating >true</annunciating>
          <guidance><title>Noise out of Limit</title><details>HIHI = 90; HIGH= 80; LOW = 20; LOLO=10</details></guidance>
          <guidance><title>Consequence of deviation</title><details>Too much noise</details></guidance>
          <guidance><title>Corrective action</title><details>Disconnect the signal</details></guidance>
          <guidance><title>Time for response</title><details>5 minutes</details></guidance>
          <display><title>Noise control OPI</title><details>/m-TEST-BEAST/src/main/boy/sdd/TEST-BST1.opi</details></display>
      </pv>
      <pv name="TEST-BST1:RNDMxB519">
          <description>RNDMxB519 Noise signal Out of Limit</description> <latching>true</latching><annunciating >true</annunciating>
          <guidance><title>Noise out of Limit</title><details>HIHI = 90; HIGH= 80; LOW = 20; LOLO=10</details></guidance>
          <guidance><title>Consequence of deviation</title><details>Too much noise</details></guidance>
          <guidance><title>Corrective action</title><details>Disconnect the signal</details></guidance>
          <guidance><title>Time for response</title><details>5 minutes</details></guidance>
          <display><title>Noise control OPI</title><details>/m-TEST-BEAST/src/main/boy/sdd/TEST-BST1.opi</details></display>
      </pv>
      <pv name="TEST-BST1:RNDMxB520">
          <description>RNDMxB520 Noise signal Out of Limit</description> <latching>true</latching><annunciating >true</annunciating>
          <guidance><title>Noise out of Limit</title><details>HIHI = 90; HIGH= 80; LOW = 20; LOLO=10</details></guidance>
          <guidance><title>Consequence of deviation</title><details>Too much noise</details></guidance>
          <guidance><title>Corrective action</title><details>Disconnect the signal</details></guidance>
          <guidance><title>Time for response</title><details>5 minutes</details></guidance>
          <display><title>Noise control OPI</title><details>/m-TEST-BEAST/src/main/boy/sdd/TEST-BST1.opi</details></display>
      </pv>
      <pv name="TEST-BST1:RNDMxB521">
          <description>RNDMxB521 Noise signal Out of Limit</description> <latching>true</latching><annunciating >true</annunciating>
          <guidance><title>Noise out of Limit</title><details>HIHI = 90; HIGH= 80; LOW = 20; LOLO=10</details></guidance>
          <guidance><title>Consequence of deviation</title><details>Too much noise</details></guidance>
          <guidance><title>Corrective action</title><details>Disconnect the signal</details></guidance>
          <guidance><title>Time for response</title><details>5 minutes</details></guidance>
          <display><title>Noise control OPI</title><details>/m-TEST-BEAST/src/main/boy/sdd/TEST-BST1.opi</details></display>
      </pv>
      <pv name="TEST-BST1:RNDMxB522">
          <description>RNDMxB522 Noise signal Out of Limit</description> <latching>true</latching><annunciating >true</annunciating>
          <guidance><title>Noise out of Limit</title><details>HIHI = 90; HIGH= 80; LOW = 20; LOLO=10</details></guidance>
          <guidance><title>Consequence of deviation</title><details>Too much noise</details></guidance>
          <guidance><title>Corrective action</title><details>Disconnect the signal</details></guidance>
          <guidance><title>Time for response</title><details>5 minutes</details></guidance>
          <display><title>Noise control OPI</title><details>/m-TEST-BEAST/src/main/boy/sdd/TEST-BST1.opi</details></display>
      </pv>
      <pv name="TEST-BST1:RNDMxB523">
          <description>RNDMxB523 Noise signal Out of Limit</description> <latching>true</latching><annunciating >true</annunciating>
          <guidance><title>Noise out of Limit</title><details>HIHI = 90; HIGH= 80; LOW = 20; LOLO=10</details></guidance>
          <guidance><title>Consequence of deviation</title><details>Too much noise</details></guidance>
          <guidance><title>Corrective action</title><details>Disconnect the signal</details></guidance>
          <guidance><title>Time for response</title><details>5 minutes</details></guidance>
          <display><title>Noise control OPI</title><details>/m-TEST-BEAST/src/main/boy/sdd/TEST-BST1.opi</details></display>
      </pv>
      <pv name="TEST-BST1:RNDMxB524">
          <description>RNDMxB524 Noise signal Out of Limit</description> <latching>true</latching><annunciating >true</annunciating>
          <guidance><title>Noise out of Limit</title><details>HIHI = 90; HIGH= 80; LOW = 20; LOLO=10</details></guidance>
          <guidance><title>Consequence of deviation</title><details>Too much noise</details></guidance>
          <guidance><title>Corrective action</title><details>Disconnect the signal</details></guidance>
          <guidance><title>Time for response</title><details>5 minutes</details></guidance>
          <display><title>Noise control OPI</title><details>/m-TEST-BEAST/src/main/boy/sdd/TEST-BST1.opi</details></display>
      </pv>
      <pv name="TEST-BST1:RNDMxB525">
          <description>RNDMxB525 Noise signal Out of Limit</description> <latching>true</latching><annunciating >true</annunciating>
          <guidance><title>Noise out of Limit</title><details>HIHI = 90; HIGH= 80; LOW = 20; LOLO=10</details></guidance>
          <guidance><title>Consequence of deviation</title><details>Too much noise</details></guidance>
          <guidance><title>Corrective action</title><details>Disconnect the signal</details></guidance>
          <guidance><title>Time for response</title><details>5 minutes</details></guidance>
          <display><title>Noise control OPI</title><details>/m-TEST-BEAST/src/main/boy/sdd/TEST-BST1.opi</details></display>
      </pv>
      <pv name="TEST-BST1:RNDMxB526">
          <description>RNDMxB526 Noise signal Out of Limit</description> <latching>true</latching><annunciating >true</annunciating>
          <guidance><title>Noise out of Limit</title><details>HIHI = 90; HIGH= 80; LOW = 20; LOLO=10</details></guidance>
          <guidance><title>Consequence of deviation</title><details>Too much noise</details></guidance>
          <guidance><title>Corrective action</title><details>Disconnect the signal</details></guidance>
          <guidance><title>Time for response</title><details>5 minutes</details></guidance>
          <display><title>Noise control OPI</title><details>/m-TEST-BEAST/src/main/boy/sdd/TEST-BST1.opi</details></display>
      </pv>
      <pv name="TEST-BST1:RNDMxB527">
          <description>RNDMxB527 Noise signal Out of Limit</description> <latching>true</latching><annunciating >true</annunciating>
          <guidance><title>Noise out of Limit</title><details>HIHI = 90; HIGH= 80; LOW = 20; LOLO=10</details></guidance>
          <guidance><title>Consequence of deviation</title><details>Too much noise</details></guidance>
          <guidance><title>Corrective action</title><details>Disconnect the signal</details></guidance>
          <guidance><title>Time for response</title><details>5 minutes</details></guidance>
          <display><title>Noise control OPI</title><details>/m-TEST-BEAST/src/main/boy/sdd/TEST-BST1.opi</details></display>
      </pv>
      <pv name="TEST-BST1:RNDMxB528">
          <description>RNDMxB528 Noise signal Out of Limit</description> <latching>true</latching><annunciating >true</annunciating>
          <guidance><title>Noise out of Limit</title><details>HIHI = 90; HIGH= 80; LOW = 20; LOLO=10</details></guidance>
          <guidance><title>Consequence of deviation</title><details>Too much noise</details></guidance>
          <guidance><title>Corrective action</title><details>Disconnect the signal</details></guidance>
          <guidance><title>Time for response</title><details>5 minutes</details></guidance>
          <display><title>Noise control OPI</title><details>/m-TEST-BEAST/src/main/boy/sdd/TEST-BST1.opi</details></display>
      </pv>
      <pv name="TEST-BST1:RNDMxB529">
          <description>RNDMxB529 Noise signal Out of Limit</description> <latching>true</latching><annunciating >true</annunciating>
          <guidance><title>Noise out of Limit</title><details>HIHI = 90; HIGH= 80; LOW = 20; LOLO=10</details></guidance>
          <guidance><title>Consequence of deviation</title><details>Too much noise</details></guidance>
          <guidance><title>Corrective action</title><details>Disconnect the signal</details></guidance>
          <guidance><title>Time for response</title><details>5 minutes</details></guidance>
          <display><title>Noise control OPI</title><details>/m-TEST-BEAST/src/main/boy/sdd/TEST-BST1.opi</details></display>
      </pv>
      <pv name="TEST-BST1:RNDMxB530">
          <description>RNDMxB530 Noise signal Out of Limit</description> <latching>true</latching><annunciating >true</annunciating>
          <guidance><title>Noise out of Limit</title><details>HIHI = 90; HIGH= 80; LOW = 20; LOLO=10</details></guidance>
          <guidance><title>Consequence of deviation</title><details>Too much noise</details></guidance>
          <guidance><title>Corrective action</title><details>Disconnect the signal</details></guidance>
          <guidance><title>Time for response</title><details>5 minutes</details></guidance>
          <display><title>Noise control OPI</title><details>/m-TEST-BEAST/src/main/boy/sdd/TEST-BST1.opi</details></display>
      </pv>
      <pv name="TEST-BST1:RNDMxB531">
          <description>RNDMxB531 Noise signal Out of Limit</description> <latching>true</latching><annunciating >true</annunciating>
          <guidance><title>Noise out of Limit</title><details>HIHI = 90; HIGH= 80; LOW = 20; LOLO=10</details></guidance>
          <guidance><title>Consequence of deviation</title><details>Too much noise</details></guidance>
          <guidance><title>Corrective action</title><details>Disconnect the signal</details></guidance>
          <guidance><title>Time for response</title><details>5 minutes</details></guidance>
          <display><title>Noise control OPI</title><details>/m-TEST-BEAST/src/main/boy/sdd/TEST-BST1.opi</details></display>
      </pv>
      <pv name="TEST-BST1:RNDMxB532">
          <description>RNDMxB532 Noise signal Out of Limit</description> <latching>true</latching><annunciating >true</annunciating>
          <guidance><title>Noise out of Limit</title><details>HIHI = 90; HIGH= 80; LOW = 20; LOLO=10</details></guidance>
          <guidance><title>Consequence of deviation</title><details>Too much noise</details></guidance>
          <guidance><title>Corrective action</title><details>Disconnect the signal</details></guidance>
          <guidance><title>Time for response</title><details>5 minutes</details></guidance>
          <display><title>Noise control OPI</title><details>/m-TEST-BEAST/src/main/boy/sdd/TEST-BST1.opi</details></display>
      </pv>
      <pv name="TEST-BST1:RNDMxB533">
          <description>RNDMxB533 Noise signal Out of Limit</description> <latching>true</latching><annunciating >true</annunciating>
          <guidance><title>Noise out of Limit</title><details>HIHI = 90; HIGH= 80; LOW = 20; LOLO=10</details></guidance>
          <guidance><title>Consequence of deviation</title><details>Too much noise</details></guidance>
          <guidance><title>Corrective action</title><details>Disconnect the signal</details></guidance>
          <guidance><title>Time for response</title><details>5 minutes</details></guidance>
          <display><title>Noise control OPI</title><details>/m-TEST-BEAST/src/main/boy/sdd/TEST-BST1.opi</details></display>
      </pv>
      <pv name="TEST-BST1:RNDMxB534">
          <description>RNDMxB534 Noise signal Out of Limit</description> <latching>true</latching><annunciating >true</annunciating>
          <guidance><title>Noise out of Limit</title><details>HIHI = 90; HIGH= 80; LOW = 20; LOLO=10</details></guidance>
          <guidance><title>Consequence of deviation</title><details>Too much noise</details></guidance>
          <guidance><title>Corrective action</title><details>Disconnect the signal</details></guidance>
          <guidance><title>Time for response</title><details>5 minutes</details></guidance>
          <display><title>Noise control OPI</title><details>/m-TEST-BEAST/src/main/boy/sdd/TEST-BST1.opi</details></display>
      </pv>
      <pv name="TEST-BST1:RNDMxB535">
          <description>RNDMxB535 Noise signal Out of Limit</description> <latching>true</latching><annunciating >true</annunciating>
          <guidance><title>Noise out of Limit</title><details>HIHI = 90; HIGH= 80; LOW = 20; LOLO=10</details></guidance>
          <guidance><title>Consequence of deviation</title><details>Too much noise</details></guidance>
          <guidance><title>Corrective action</title><details>Disconnect the signal</details></guidance>
          <guidance><title>Time for response</title><details>5 minutes</details></guidance>
          <display><title>Noise control OPI</title><details>/m-TEST-BEAST/src/main/boy/sdd/TEST-BST1.opi</details></display>
      </pv>
      <pv name="TEST-BST1:RNDMxB536">
          <description>RNDMxB536 Noise signal Out of Limit</description> <latching>true</latching><annunciating >true</annunciating>
          <guidance><title>Noise out of Limit</title><details>HIHI = 90; HIGH= 80; LOW = 20; LOLO=10</details></guidance>
          <guidance><title>Consequence of deviation</title><details>Too much noise</details></guidance>
          <guidance><title>Corrective action</title><details>Disconnect the signal</details></guidance>
          <guidance><title>Time for response</title><details>5 minutes</details></guidance>
          <display><title>Noise control OPI</title><details>/m-TEST-BEAST/src/main/boy/sdd/TEST-BST1.opi</details></display>
      </pv>
      <pv name="TEST-BST1:RNDMxB537">
          <description>RNDMxB537 Noise signal Out of Limit</description> <latching>true</latching><annunciating >true</annunciating>
          <guidance><title>Noise out of Limit</title><details>HIHI = 90; HIGH= 80; LOW = 20; LOLO=10</details></guidance>
          <guidance><title>Consequence of deviation</title><details>Too much noise</details></guidance>
          <guidance><title>Corrective action</title><details>Disconnect the signal</details></guidance>
          <guidance><title>Time for response</title><details>5 minutes</details></guidance>
          <display><title>Noise control OPI</title><details>/m-TEST-BEAST/src/main/boy/sdd/TEST-BST1.opi</details></display>
      </pv>
      <pv name="TEST-BST1:RNDMxB538">
          <description>RNDMxB538 Noise signal Out of Limit</description> <latching>true</latching><annunciating >true</annunciating>
          <guidance><title>Noise out of Limit</title><details>HIHI = 90; HIGH= 80; LOW = 20; LOLO=10</details></guidance>
          <guidance><title>Consequence of deviation</title><details>Too much noise</details></guidance>
          <guidance><title>Corrective action</title><details>Disconnect the signal</details></guidance>
          <guidance><title>Time for response</title><details>5 minutes</details></guidance>
          <display><title>Noise control OPI</title><details>/m-TEST-BEAST/src/main/boy/sdd/TEST-BST1.opi</details></display>
      </pv>
      <pv name="TEST-BST1:RNDMxB539">
          <description>RNDMxB539 Noise signal Out of Limit</description> <latching>true</latching><annunciating >true</annunciating>
          <guidance><title>Noise out of Limit</title><details>HIHI = 90; HIGH= 80; LOW = 20; LOLO=10</details></guidance>
          <guidance><title>Consequence of deviation</title><details>Too much noise</details></guidance>
          <guidance><title>Corrective action</title><details>Disconnect the signal</details></guidance>
          <guidance><title>Time for response</title><details>5 minutes</details></guidance>
          <display><title>Noise control OPI</title><details>/m-TEST-BEAST/src/main/boy/sdd/TEST-BST1.opi</details></display>
      </pv>
      <pv name="TEST-BST1:RNDMxB540">
          <description>RNDMxB540 Noise signal Out of Limit</description> <latching>true</latching><annunciating >true</annunciating>
          <guidance><title>Noise out of Limit</title><details>HIHI = 90; HIGH= 80; LOW = 20; LOLO=10</details></guidance>
          <guidance><title>Consequence of deviation</title><details>Too much noise</details></guidance>
          <guidance><title>Corrective action</title><details>Disconnect the signal</details></guidance>
          <guidance><title>Time for response</title><details>5 minutes</details></guidance>
          <display><title>Noise control OPI</title><details>/m-TEST-BEAST/src/main/boy/sdd/TEST-BST1.opi</details></display>
      </pv>
      <pv name="TEST-BST1:RNDMxB541">
          <description>RNDMxB541 Noise signal Out of Limit</description> <latching>true</latching><annunciating >true</annunciating>
          <guidance><title>Noise out of Limit</title><details>HIHI = 90; HIGH= 80; LOW = 20; LOLO=10</details></guidance>
          <guidance><title>Consequence of deviation</title><details>Too much noise</details></guidance>
          <guidance><title>Corrective action</title><details>Disconnect the signal</details></guidance>
          <guidance><title>Time for response</title><details>5 minutes</details></guidance>
          <display><title>Noise control OPI</title><details>/m-TEST-BEAST/src/main/boy/sdd/TEST-BST1.opi</details></display>
      </pv>
      <pv name="TEST-BST1:RNDMxB542">
          <description>RNDMxB542 Noise signal Out of Limit</description> <latching>true</latching><annunciating >true</annunciating>
          <guidance><title>Noise out of Limit</title><details>HIHI = 90; HIGH= 80; LOW = 20; LOLO=10</details></guidance>
          <guidance><title>Consequence of deviation</title><details>Too much noise</details></guidance>
          <guidance><title>Corrective action</title><details>Disconnect the signal</details></guidance>
          <guidance><title>Time for response</title><details>5 minutes</details></guidance>
          <display><title>Noise control OPI</title><details>/m-TEST-BEAST/src/main/boy/sdd/TEST-BST1.opi</details></display>
      </pv>
      <pv name="TEST-BST1:RNDMxB543">
          <description>RNDMxB543 Noise signal Out of Limit</description> <latching>true</latching><annunciating >true</annunciating>
          <guidance><title>Noise out of Limit</title><details>HIHI = 90; HIGH= 80; LOW = 20; LOLO=10</details></guidance>
          <guidance><title>Consequence of deviation</title><details>Too much noise</details></guidance>
          <guidance><title>Corrective action</title><details>Disconnect the signal</details></guidance>
          <guidance><title>Time for response</title><details>5 minutes</details></guidance>
          <display><title>Noise control OPI</title><details>/m-TEST-BEAST/src/main/boy/sdd/TEST-BST1.opi</details></display>
      </pv>
      <pv name="TEST-BST1:RNDMxB544">
          <description>RNDMxB544 Noise signal Out of Limit</description> <latching>true</latching><annunciating >true</annunciating>
          <guidance><title>Noise out of Limit</title><details>HIHI = 90; HIGH= 80; LOW = 20; LOLO=10</details></guidance>
          <guidance><title>Consequence of deviation</title><details>Too much noise</details></guidance>
          <guidance><title>Corrective action</title><details>Disconnect the signal</details></guidance>
          <guidance><title>Time for response</title><details>5 minutes</details></guidance>
          <display><title>Noise control OPI</title><details>/m-TEST-BEAST/src/main/boy/sdd/TEST-BST1.opi</details></display>
      </pv>
      <pv name="TEST-BST1:RNDMxB545">
          <description>RNDMxB545 Noise signal Out of Limit</description> <latching>true</latching><annunciating >true</annunciating>
          <guidance><title>Noise out of Limit</title><details>HIHI = 90; HIGH= 80; LOW = 20; LOLO=10</details></guidance>
          <guidance><title>Consequence of deviation</title><details>Too much noise</details></guidance>
          <guidance><title>Corrective action</title><details>Disconnect the signal</details></guidance>
          <guidance><title>Time for response</title><details>5 minutes</details></guidance>
          <display><title>Noise control OPI</title><details>/m-TEST-BEAST/src/main/boy/sdd/TEST-BST1.opi</details></display>
      </pv>
      <pv name="TEST-BST1:RNDMxB546">
          <description>RNDMxB546 Noise signal Out of Limit</description> <latching>true</latching><annunciating >true</annunciating>
          <guidance><title>Noise out of Limit</title><details>HIHI = 90; HIGH= 80; LOW = 20; LOLO=10</details></guidance>
          <guidance><title>Consequence of deviation</title><details>Too much noise</details></guidance>
          <guidance><title>Corrective action</title><details>Disconnect the signal</details></guidance>
          <guidance><title>Time for response</title><details>5 minutes</details></guidance>
          <display><title>Noise control OPI</title><details>/m-TEST-BEAST/src/main/boy/sdd/TEST-BST1.opi</details></display>
      </pv>
      <pv name="TEST-BST1:RNDMxB547">
          <description>RNDMxB547 Noise signal Out of Limit</description> <latching>true</latching><annunciating >true</annunciating>
          <guidance><title>Noise out of Limit</title><details>HIHI = 90; HIGH= 80; LOW = 20; LOLO=10</details></guidance>
          <guidance><title>Consequence of deviation</title><details>Too much noise</details></guidance>
          <guidance><title>Corrective action</title><details>Disconnect the signal</details></guidance>
          <guidance><title>Time for response</title><details>5 minutes</details></guidance>
          <display><title>Noise control OPI</title><details>/m-TEST-BEAST/src/main/boy/sdd/TEST-BST1.opi</details></display>
      </pv>
      <pv name="TEST-BST1:RNDMxB548">
          <description>RNDMxB548 Noise signal Out of Limit</description> <latching>true</latching><annunciating >true</annunciating>
          <guidance><title>Noise out of Limit</title><details>HIHI = 90; HIGH= 80; LOW = 20; LOLO=10</details></guidance>
          <guidance><title>Consequence of deviation</title><details>Too much noise</details></guidance>
          <guidance><title>Corrective action</title><details>Disconnect the signal</details></guidance>
          <guidance><title>Time for response</title><details>5 minutes</details></guidance>
          <display><title>Noise control OPI</title><details>/m-TEST-BEAST/src/main/boy/sdd/TEST-BST1.opi</details></display>
      </pv>
      <pv name="TEST-BST1:RNDMxB549">
          <description>RNDMxB549 Noise signal Out of Limit</description> <latching>true</latching><annunciating >true</annunciating>
          <guidance><title>Noise out of Limit</title><details>HIHI = 90; HIGH= 80; LOW = 20; LOLO=10</details></guidance>
          <guidance><title>Consequence of deviation</title><details>Too much noise</details></guidance>
          <guidance><title>Corrective action</title><details>Disconnect the signal</details></guidance>
          <guidance><title>Time for response</title><details>5 minutes</details></guidance>
          <display><title>Noise control OPI</title><details>/m-TEST-BEAST/src/main/boy/sdd/TEST-BST1.opi</details></display>
      </pv>
      <pv name="TEST-BST1:RNDMxB550">
          <description>RNDMxB550 Noise signal Out of Limit</description> <latching>true</latching><annunciating >true</annunciating>
          <guidance><title>Noise out of Limit</title><details>HIHI = 90; HIGH= 80; LOW = 20; LOLO=10</details></guidance>
          <guidance><title>Consequence of deviation</title><details>Too much noise</details></guidance>
          <guidance><title>Corrective action</title><details>Disconnect the signal</details></guidance>
          <guidance><title>Time for response</title><details>5 minutes</details></guidance>
          <display><title>Noise control OPI</title><details>/m-TEST-BEAST/src/main/boy/sdd/TEST-BST1.opi</details></display>
      </pv>
      <pv name="TEST-BST1:RNDMxB551">
          <description>RNDMxB551 Noise signal Out of Limit</description> <latching>true</latching><annunciating >true</annunciating>
          <guidance><title>Noise out of Limit</title><details>HIHI = 90; HIGH= 80; LOW = 20; LOLO=10</details></guidance>
          <guidance><title>Consequence of deviation</title><details>Too much noise</details></guidance>
          <guidance><title>Corrective action</title><details>Disconnect the signal</details></guidance>
          <guidance><title>Time for response</title><details>5 minutes</details></guidance>
          <display><title>Noise control OPI</title><details>/m-TEST-BEAST/src/main/boy/sdd/TEST-BST1.opi</details></display>
      </pv>
      <pv name="TEST-BST1:RNDMxB552">
          <description>RNDMxB552 Noise signal Out of Limit</description> <latching>true</latching><annunciating >true</annunciating>
          <guidance><title>Noise out of Limit</title><details>HIHI = 90; HIGH= 80; LOW = 20; LOLO=10</details></guidance>
          <guidance><title>Consequence of deviation</title><details>Too much noise</details></guidance>
          <guidance><title>Corrective action</title><details>Disconnect the signal</details></guidance>
          <guidance><title>Time for response</title><details>5 minutes</details></guidance>
          <display><title>Noise control OPI</title><details>/m-TEST-BEAST/src/main/boy/sdd/TEST-BST1.opi</details></display>
      </pv>
      <pv name="TEST-BST1:RNDMxB553">
          <description>RNDMxB553 Noise signal Out of Limit</description> <latching>true</latching><annunciating >true</annunciating>
          <guidance><title>Noise out of Limit</title><details>HIHI = 90; HIGH= 80; LOW = 20; LOLO=10</details></guidance>
          <guidance><title>Consequence of deviation</title><details>Too much noise</details></guidance>
          <guidance><title>Corrective action</title><details>Disconnect the signal</details></guidance>
          <guidance><title>Time for response</title><details>5 minutes</details></guidance>
          <display><title>Noise control OPI</title><details>/m-TEST-BEAST/src/main/boy/sdd/TEST-BST1.opi</details></display>
      </pv>
      <pv name="TEST-BST1:RNDMxB554">
          <description>RNDMxB554 Noise signal Out of Limit</description> <latching>true</latching><annunciating >true</annunciating>
          <guidance><title>Noise out of Limit</title><details>HIHI = 90; HIGH= 80; LOW = 20; LOLO=10</details></guidance>
          <guidance><title>Consequence of deviation</title><details>Too much noise</details></guidance>
          <guidance><title>Corrective action</title><details>Disconnect the signal</details></guidance>
          <guidance><title>Time for response</title><details>5 minutes</details></guidance>
          <display><title>Noise control OPI</title><details>/m-TEST-BEAST/src/main/boy/sdd/TEST-BST1.opi</details></display>
      </pv>
      <pv name="TEST-BST1:RNDMxB555">
          <description>RNDMxB555 Noise signal Out of Limit</description> <latching>true</latching><annunciating >true</annunciating>
          <guidance><title>Noise out of Limit</title><details>HIHI = 90; HIGH= 80; LOW = 20; LOLO=10</details></guidance>
          <guidance><title>Consequence of deviation</title><details>Too much noise</details></guidance>
          <guidance><title>Corrective action</title><details>Disconnect the signal</details></guidance>
          <guidance><title>Time for response</title><details>5 minutes</details></guidance>
          <display><title>Noise control OPI</title><details>/m-TEST-BEAST/src/main/boy/sdd/TEST-BST1.opi</details></display>
      </pv>
      <pv name="TEST-BST1:RNDMxB556">
          <description>RNDMxB556 Noise signal Out of Limit</description> <latching>true</latching><annunciating >true</annunciating>
          <guidance><title>Noise out of Limit</title><details>HIHI = 90; HIGH= 80; LOW = 20; LOLO=10</details></guidance>
          <guidance><title>Consequence of deviation</title><details>Too much noise</details></guidance>
          <guidance><title>Corrective action</title><details>Disconnect the signal</details></guidance>
          <guidance><title>Time for response</title><details>5 minutes</details></guidance>
          <display><title>Noise control OPI</title><details>/m-TEST-BEAST/src/main/boy/sdd/TEST-BST1.opi</details></display>
      </pv>
      <pv name="TEST-BST1:RNDMxB557">
          <description>RNDMxB557 Noise signal Out of Limit</description> <latching>true</latching><annunciating >true</annunciating>
          <guidance><title>Noise out of Limit</title><details>HIHI = 90; HIGH= 80; LOW = 20; LOLO=10</details></guidance>
          <guidance><title>Consequence of deviation</title><details>Too much noise</details></guidance>
          <guidance><title>Corrective action</title><details>Disconnect the signal</details></guidance>
          <guidance><title>Time for response</title><details>5 minutes</details></guidance>
          <display><title>Noise control OPI</title><details>/m-TEST-BEAST/src/main/boy/sdd/TEST-BST1.opi</details></display>
      </pv>
      <pv name="TEST-BST1:RNDMxB558">
          <description>RNDMxB558 Noise signal Out of Limit</description> <latching>true</latching><annunciating >true</annunciating>
          <guidance><title>Noise out of Limit</title><details>HIHI = 90; HIGH= 80; LOW = 20; LOLO=10</details></guidance>
          <guidance><title>Consequence of deviation</title><details>Too much noise</details></guidance>
          <guidance><title>Corrective action</title><details>Disconnect the signal</details></guidance>
          <guidance><title>Time for response</title><details>5 minutes</details></guidance>
          <display><title>Noise control OPI</title><details>/m-TEST-BEAST/src/main/boy/sdd/TEST-BST1.opi</details></display>
      </pv>
      <pv name="TEST-BST1:RNDMxB559">
          <description>RNDMxB559 Noise signal Out of Limit</description> <latching>true</latching><annunciating >true</annunciating>
          <guidance><title>Noise out of Limit</title><details>HIHI = 90; HIGH= 80; LOW = 20; LOLO=10</details></guidance>
          <guidance><title>Consequence of deviation</title><details>Too much noise</details></guidance>
          <guidance><title>Corrective action</title><details>Disconnect the signal</details></guidance>
          <guidance><title>Time for response</title><details>5 minutes</details></guidance>
          <display><title>Noise control OPI</title><details>/m-TEST-BEAST/src/main/boy/sdd/TEST-BST1.opi</details></display>
      </pv>
      <pv name="TEST-BST1:RNDMxB560">
          <description>RNDMxB560 Noise signal Out of Limit</description> <latching>true</latching><annunciating >true</annunciating>
          <guidance><title>Noise out of Limit</title><details>HIHI = 90; HIGH= 80; LOW = 20; LOLO=10</details></guidance>
          <guidance><title>Consequence of deviation</title><details>Too much noise</details></guidance>
          <guidance><title>Corrective action</title><details>Disconnect the signal</details></guidance>
          <guidance><title>Time for response</title><details>5 minutes</details></guidance>
          <display><title>Noise control OPI</title><details>/m-TEST-BEAST/src/main/boy/sdd/TEST-BST1.opi</details></display>
      </pv>
      <pv name="TEST-BST1:RNDMxB561">
          <description>RNDMxB561 Noise signal Out of Limit</description> <latching>true</latching><annunciating >true</annunciating>
          <guidance><title>Noise out of Limit</title><details>HIHI = 90; HIGH= 80; LOW = 20; LOLO=10</details></guidance>
          <guidance><title>Consequence of deviation</title><details>Too much noise</details></guidance>
          <guidance><title>Corrective action</title><details>Disconnect the signal</details></guidance>
          <guidance><title>Time for response</title><details>5 minutes</details></guidance>
          <display><title>Noise control OPI</title><details>/m-TEST-BEAST/src/main/boy/sdd/TEST-BST1.opi</details></display>
      </pv>
      <pv name="TEST-BST1:RNDMxB562">
          <description>RNDMxB562 Noise signal Out of Limit</description> <latching>true</latching><annunciating >true</annunciating>
          <guidance><title>Noise out of Limit</title><details>HIHI = 90; HIGH= 80; LOW = 20; LOLO=10</details></guidance>
          <guidance><title>Consequence of deviation</title><details>Too much noise</details></guidance>
          <guidance><title>Corrective action</title><details>Disconnect the signal</details></guidance>
          <guidance><title>Time for response</title><details>5 minutes</details></guidance>
          <display><title>Noise control OPI</title><details>/m-TEST-BEAST/src/main/boy/sdd/TEST-BST1.opi</details></display>
      </pv>
      <pv name="TEST-BST1:RNDMxB563">
          <description>RNDMxB563 Noise signal Out of Limit</description> <latching>true</latching><annunciating >true</annunciating>
          <guidance><title>Noise out of Limit</title><details>HIHI = 90; HIGH= 80; LOW = 20; LOLO=10</details></guidance>
          <guidance><title>Consequence of deviation</title><details>Too much noise</details></guidance>
          <guidance><title>Corrective action</title><details>Disconnect the signal</details></guidance>
          <guidance><title>Time for response</title><details>5 minutes</details></guidance>
          <display><title>Noise control OPI</title><details>/m-TEST-BEAST/src/main/boy/sdd/TEST-BST1.opi</details></display>
      </pv>
      <pv name="TEST-BST1:RNDMxB564">
          <description>RNDMxB564 Noise signal Out of Limit</description> <latching>true</latching><annunciating >true</annunciating>
          <guidance><title>Noise out of Limit</title><details>HIHI = 90; HIGH= 80; LOW = 20; LOLO=10</details></guidance>
          <guidance><title>Consequence of deviation</title><details>Too much noise</details></guidance>
          <guidance><title>Corrective action</title><details>Disconnect the signal</details></guidance>
          <guidance><title>Time for response</title><details>5 minutes</details></guidance>
          <display><title>Noise control OPI</title><details>/m-TEST-BEAST/src/main/boy/sdd/TEST-BST1.opi</details></display>
      </pv>
      <pv name="TEST-BST1:RNDMxB565">
          <description>RNDMxB565 Noise signal Out of Limit</description> <latching>true</latching><annunciating >true</annunciating>
          <guidance><title>Noise out of Limit</title><details>HIHI = 90; HIGH= 80; LOW = 20; LOLO=10</details></guidance>
          <guidance><title>Consequence of deviation</title><details>Too much noise</details></guidance>
          <guidance><title>Corrective action</title><details>Disconnect the signal</details></guidance>
          <guidance><title>Time for response</title><details>5 minutes</details></guidance>
          <display><title>Noise control OPI</title><details>/m-TEST-BEAST/src/main/boy/sdd/TEST-BST1.opi</details></display>
      </pv>
      <pv name="TEST-BST1:RNDMxB566">
          <description>RNDMxB566 Noise signal Out of Limit</description> <latching>true</latching><annunciating >true</annunciating>
          <guidance><title>Noise out of Limit</title><details>HIHI = 90; HIGH= 80; LOW = 20; LOLO=10</details></guidance>
          <guidance><title>Consequence of deviation</title><details>Too much noise</details></guidance>
          <guidance><title>Corrective action</title><details>Disconnect the signal</details></guidance>
          <guidance><title>Time for response</title><details>5 minutes</details></guidance>
          <display><title>Noise control OPI</title><details>/m-TEST-BEAST/src/main/boy/sdd/TEST-BST1.opi</details></display>
      </pv>
      <pv name="TEST-BST1:RNDMxB567">
          <description>RNDMxB567 Noise signal Out of Limit</description> <latching>true</latching><annunciating >true</annunciating>
          <guidance><title>Noise out of Limit</title><details>HIHI = 90; HIGH= 80; LOW = 20; LOLO=10</details></guidance>
          <guidance><title>Consequence of deviation</title><details>Too much noise</details></guidance>
          <guidance><title>Corrective action</title><details>Disconnect the signal</details></guidance>
          <guidance><title>Time for response</title><details>5 minutes</details></guidance>
          <display><title>Noise control OPI</title><details>/m-TEST-BEAST/src/main/boy/sdd/TEST-BST1.opi</details></display>
      </pv>
      <pv name="TEST-BST1:RNDMxB568">
          <description>RNDMxB568 Noise signal Out of Limit</description> <latching>true</latching><annunciating >true</annunciating>
          <guidance><title>Noise out of Limit</title><details>HIHI = 90; HIGH= 80; LOW = 20; LOLO=10</details></guidance>
          <guidance><title>Consequence of deviation</title><details>Too much noise</details></guidance>
          <guidance><title>Corrective action</title><details>Disconnect the signal</details></guidance>
          <guidance><title>Time for response</title><details>5 minutes</details></guidance>
          <display><title>Noise control OPI</title><details>/m-TEST-BEAST/src/main/boy/sdd/TEST-BST1.opi</details></display>
      </pv>
      <pv name="TEST-BST1:RNDMxB569">
          <description>RNDMxB569 Noise signal Out of Limit</description> <latching>true</latching><annunciating >true</annunciating>
          <guidance><title>Noise out of Limit</title><details>HIHI = 90; HIGH= 80; LOW = 20; LOLO=10</details></guidance>
          <guidance><title>Consequence of deviation</title><details>Too much noise</details></guidance>
          <guidance><title>Corrective action</title><details>Disconnect the signal</details></guidance>
          <guidance><title>Time for response</title><details>5 minutes</details></guidance>
          <display><title>Noise control OPI</title><details>/m-TEST-BEAST/src/main/boy/sdd/TEST-BST1.opi</details></display>
      </pv>
      <pv name="TEST-BST1:RNDMxB570">
          <description>RNDMxB570 Noise signal Out of Limit</description> <latching>true</latching><annunciating >true</annunciating>
          <guidance><title>Noise out of Limit</title><details>HIHI = 90; HIGH= 80; LOW = 20; LOLO=10</details></guidance>
          <guidance><title>Consequence of deviation</title><details>Too much noise</details></guidance>
          <guidance><title>Corrective action</title><details>Disconnect the signal</details></guidance>
          <guidance><title>Time for response</title><details>5 minutes</details></guidance>
          <display><title>Noise control OPI</title><details>/m-TEST-BEAST/src/main/boy/sdd/TEST-BST1.opi</details></display>
      </pv>
      <pv name="TEST-BST1:RNDMxB571">
          <description>RNDMxB571 Noise signal Out of Limit</description> <latching>true</latching><annunciating >true</annunciating>
          <guidance><title>Noise out of Limit</title><details>HIHI = 90; HIGH= 80; LOW = 20; LOLO=10</details></guidance>
          <guidance><title>Consequence of deviation</title><details>Too much noise</details></guidance>
          <guidance><title>Corrective action</title><details>Disconnect the signal</details></guidance>
          <guidance><title>Time for response</title><details>5 minutes</details></guidance>
          <display><title>Noise control OPI</title><details>/m-TEST-BEAST/src/main/boy/sdd/TEST-BST1.opi</details></display>
      </pv>
      <pv name="TEST-BST1:RNDMxB572">
          <description>RNDMxB572 Noise signal Out of Limit</description> <latching>true</latching><annunciating >true</annunciating>
          <guidance><title>Noise out of Limit</title><details>HIHI = 90; HIGH= 80; LOW = 20; LOLO=10</details></guidance>
          <guidance><title>Consequence of deviation</title><details>Too much noise</details></guidance>
          <guidance><title>Corrective action</title><details>Disconnect the signal</details></guidance>
          <guidance><title>Time for response</title><details>5 minutes</details></guidance>
          <display><title>Noise control OPI</title><details>/m-TEST-BEAST/src/main/boy/sdd/TEST-BST1.opi</details></display>
      </pv>
      <pv name="TEST-BST1:RNDMxB573">
          <description>RNDMxB573 Noise signal Out of Limit</description> <latching>true</latching><annunciating >true</annunciating>
          <guidance><title>Noise out of Limit</title><details>HIHI = 90; HIGH= 80; LOW = 20; LOLO=10</details></guidance>
          <guidance><title>Consequence of deviation</title><details>Too much noise</details></guidance>
          <guidance><title>Corrective action</title><details>Disconnect the signal</details></guidance>
          <guidance><title>Time for response</title><details>5 minutes</details></guidance>
          <display><title>Noise control OPI</title><details>/m-TEST-BEAST/src/main/boy/sdd/TEST-BST1.opi</details></display>
      </pv>
      <pv name="TEST-BST1:RNDMxB574">
          <description>RNDMxB574 Noise signal Out of Limit</description> <latching>true</latching><annunciating >true</annunciating>
          <guidance><title>Noise out of Limit</title><details>HIHI = 90; HIGH= 80; LOW = 20; LOLO=10</details></guidance>
          <guidance><title>Consequence of deviation</title><details>Too much noise</details></guidance>
          <guidance><title>Corrective action</title><details>Disconnect the signal</details></guidance>
          <guidance><title>Time for response</title><details>5 minutes</details></guidance>
          <display><title>Noise control OPI</title><details>/m-TEST-BEAST/src/main/boy/sdd/TEST-BST1.opi</details></display>
      </pv>
      <pv name="TEST-BST1:RNDMxB575">
          <description>RNDMxB575 Noise signal Out of Limit</description> <latching>true</latching><annunciating >true</annunciating>
          <guidance><title>Noise out of Limit</title><details>HIHI = 90; HIGH= 80; LOW = 20; LOLO=10</details></guidance>
          <guidance><title>Consequence of deviation</title><details>Too much noise</details></guidance>
          <guidance><title>Corrective action</title><details>Disconnect the signal</details></guidance>
          <guidance><title>Time for response</title><details>5 minutes</details></guidance>
          <display><title>Noise control OPI</title><details>/m-TEST-BEAST/src/main/boy/sdd/TEST-BST1.opi</details></display>
      </pv>
      <pv name="TEST-BST1:RNDMxB576">
          <description>RNDMxB576 Noise signal Out of Limit</description> <latching>true</latching><annunciating >true</annunciating>
          <guidance><title>Noise out of Limit</title><details>HIHI = 90; HIGH= 80; LOW = 20; LOLO=10</details></guidance>
          <guidance><title>Consequence of deviation</title><details>Too much noise</details></guidance>
          <guidance><title>Corrective action</title><details>Disconnect the signal</details></guidance>
          <guidance><title>Time for response</title><details>5 minutes</details></guidance>
          <display><title>Noise control OPI</title><details>/m-TEST-BEAST/src/main/boy/sdd/TEST-BST1.opi</details></display>
      </pv>
      <pv name="TEST-BST1:RNDMxB577">
          <description>RNDMxB577 Noise signal Out of Limit</description> <latching>true</latching><annunciating >true</annunciating>
          <guidance><title>Noise out of Limit</title><details>HIHI = 90; HIGH= 80; LOW = 20; LOLO=10</details></guidance>
          <guidance><title>Consequence of deviation</title><details>Too much noise</details></guidance>
          <guidance><title>Corrective action</title><details>Disconnect the signal</details></guidance>
          <guidance><title>Time for response</title><details>5 minutes</details></guidance>
          <display><title>Noise control OPI</title><details>/m-TEST-BEAST/src/main/boy/sdd/TEST-BST1.opi</details></display>
      </pv>
      <pv name="TEST-BST1:RNDMxB578">
          <description>RNDMxB578 Noise signal Out of Limit</description> <latching>true</latching><annunciating >true</annunciating>
          <guidance><title>Noise out of Limit</title><details>HIHI = 90; HIGH= 80; LOW = 20; LOLO=10</details></guidance>
          <guidance><title>Consequence of deviation</title><details>Too much noise</details></guidance>
          <guidance><title>Corrective action</title><details>Disconnect the signal</details></guidance>
          <guidance><title>Time for response</title><details>5 minutes</details></guidance>
          <display><title>Noise control OPI</title><details>/m-TEST-BEAST/src/main/boy/sdd/TEST-BST1.opi</details></display>
      </pv>
      <pv name="TEST-BST1:RNDMxB579">
          <description>RNDMxB579 Noise signal Out of Limit</description> <latching>true</latching><annunciating >true</annunciating>
          <guidance><title>Noise out of Limit</title><details>HIHI = 90; HIGH= 80; LOW = 20; LOLO=10</details></guidance>
          <guidance><title>Consequence of deviation</title><details>Too much noise</details></guidance>
          <guidance><title>Corrective action</title><details>Disconnect the signal</details></guidance>
          <guidance><title>Time for response</title><details>5 minutes</details></guidance>
          <display><title>Noise control OPI</title><details>/m-TEST-BEAST/src/main/boy/sdd/TEST-BST1.opi</details></display>
      </pv>
      <pv name="TEST-BST1:RNDMxB580">
          <description>RNDMxB580 Noise signal Out of Limit</description> <latching>true</latching><annunciating >true</annunciating>
          <guidance><title>Noise out of Limit</title><details>HIHI = 90; HIGH= 80; LOW = 20; LOLO=10</details></guidance>
          <guidance><title>Consequence of deviation</title><details>Too much noise</details></guidance>
          <guidance><title>Corrective action</title><details>Disconnect the signal</details></guidance>
          <guidance><title>Time for response</title><details>5 minutes</details></guidance>
          <display><title>Noise control OPI</title><details>/m-TEST-BEAST/src/main/boy/sdd/TEST-BST1.opi</details></display>
      </pv>
      <pv name="TEST-BST1:RNDMxB581">
          <description>RNDMxB581 Noise signal Out of Limit</description> <latching>true</latching><annunciating >true</annunciating>
          <guidance><title>Noise out of Limit</title><details>HIHI = 90; HIGH= 80; LOW = 20; LOLO=10</details></guidance>
          <guidance><title>Consequence of deviation</title><details>Too much noise</details></guidance>
          <guidance><title>Corrective action</title><details>Disconnect the signal</details></guidance>
          <guidance><title>Time for response</title><details>5 minutes</details></guidance>
          <display><title>Noise control OPI</title><details>/m-TEST-BEAST/src/main/boy/sdd/TEST-BST1.opi</details></display>
      </pv>
      <pv name="TEST-BST1:RNDMxB582">
          <description>RNDMxB582 Noise signal Out of Limit</description> <latching>true</latching><annunciating >true</annunciating>
          <guidance><title>Noise out of Limit</title><details>HIHI = 90; HIGH= 80; LOW = 20; LOLO=10</details></guidance>
          <guidance><title>Consequence of deviation</title><details>Too much noise</details></guidance>
          <guidance><title>Corrective action</title><details>Disconnect the signal</details></guidance>
          <guidance><title>Time for response</title><details>5 minutes</details></guidance>
          <display><title>Noise control OPI</title><details>/m-TEST-BEAST/src/main/boy/sdd/TEST-BST1.opi</details></display>
      </pv>
      <pv name="TEST-BST1:RNDMxB583">
          <description>RNDMxB583 Noise signal Out of Limit</description> <latching>true</latching><annunciating >true</annunciating>
          <guidance><title>Noise out of Limit</title><details>HIHI = 90; HIGH= 80; LOW = 20; LOLO=10</details></guidance>
          <guidance><title>Consequence of deviation</title><details>Too much noise</details></guidance>
          <guidance><title>Corrective action</title><details>Disconnect the signal</details></guidance>
          <guidance><title>Time for response</title><details>5 minutes</details></guidance>
          <display><title>Noise control OPI</title><details>/m-TEST-BEAST/src/main/boy/sdd/TEST-BST1.opi</details></display>
      </pv>
      <pv name="TEST-BST1:RNDMxB584">
          <description>RNDMxB584 Noise signal Out of Limit</description> <latching>true</latching><annunciating >true</annunciating>
          <guidance><title>Noise out of Limit</title><details>HIHI = 90; HIGH= 80; LOW = 20; LOLO=10</details></guidance>
          <guidance><title>Consequence of deviation</title><details>Too much noise</details></guidance>
          <guidance><title>Corrective action</title><details>Disconnect the signal</details></guidance>
          <guidance><title>Time for response</title><details>5 minutes</details></guidance>
          <display><title>Noise control OPI</title><details>/m-TEST-BEAST/src/main/boy/sdd/TEST-BST1.opi</details></display>
      </pv>
      <pv name="TEST-BST1:RNDMxB585">
          <description>RNDMxB585 Noise signal Out of Limit</description> <latching>true</latching><annunciating >true</annunciating>
          <guidance><title>Noise out of Limit</title><details>HIHI = 90; HIGH= 80; LOW = 20; LOLO=10</details></guidance>
          <guidance><title>Consequence of deviation</title><details>Too much noise</details></guidance>
          <guidance><title>Corrective action</title><details>Disconnect the signal</details></guidance>
          <guidance><title>Time for response</title><details>5 minutes</details></guidance>
          <display><title>Noise control OPI</title><details>/m-TEST-BEAST/src/main/boy/sdd/TEST-BST1.opi</details></display>
      </pv>
      <pv name="TEST-BST1:RNDMxB586">
          <description>RNDMxB586 Noise signal Out of Limit</description> <latching>true</latching><annunciating >true</annunciating>
          <guidance><title>Noise out of Limit</title><details>HIHI = 90; HIGH= 80; LOW = 20; LOLO=10</details></guidance>
          <guidance><title>Consequence of deviation</title><details>Too much noise</details></guidance>
          <guidance><title>Corrective action</title><details>Disconnect the signal</details></guidance>
          <guidance><title>Time for response</title><details>5 minutes</details></guidance>
          <display><title>Noise control OPI</title><details>/m-TEST-BEAST/src/main/boy/sdd/TEST-BST1.opi</details></display>
      </pv>
      <pv name="TEST-BST1:RNDMxB587">
          <description>RNDMxB587 Noise signal Out of Limit</description> <latching>true</latching><annunciating >true</annunciating>
          <guidance><title>Noise out of Limit</title><details>HIHI = 90; HIGH= 80; LOW = 20; LOLO=10</details></guidance>
          <guidance><title>Consequence of deviation</title><details>Too much noise</details></guidance>
          <guidance><title>Corrective action</title><details>Disconnect the signal</details></guidance>
          <guidance><title>Time for response</title><details>5 minutes</details></guidance>
          <display><title>Noise control OPI</title><details>/m-TEST-BEAST/src/main/boy/sdd/TEST-BST1.opi</details></display>
      </pv>
      <pv name="TEST-BST1:RNDMxB588">
          <description>RNDMxB588 Noise signal Out of Limit</description> <latching>true</latching><annunciating >true</annunciating>
          <guidance><title>Noise out of Limit</title><details>HIHI = 90; HIGH= 80; LOW = 20; LOLO=10</details></guidance>
          <guidance><title>Consequence of deviation</title><details>Too much noise</details></guidance>
          <guidance><title>Corrective action</title><details>Disconnect the signal</details></guidance>
          <guidance><title>Time for response</title><details>5 minutes</details></guidance>
          <display><title>Noise control OPI</title><details>/m-TEST-BEAST/src/main/boy/sdd/TEST-BST1.opi</details></display>
      </pv>
      <pv name="TEST-BST1:RNDMxB589">
          <description>RNDMxB589 Noise signal Out of Limit</description> <latching>true</latching><annunciating >true</annunciating>
          <guidance><title>Noise out of Limit</title><details>HIHI = 90; HIGH= 80; LOW = 20; LOLO=10</details></guidance>
          <guidance><title>Consequence of deviation</title><details>Too much noise</details></guidance>
          <guidance><title>Corrective action</title><details>Disconnect the signal</details></guidance>
          <guidance><title>Time for response</title><details>5 minutes</details></guidance>
          <display><title>Noise control OPI</title><details>/m-TEST-BEAST/src/main/boy/sdd/TEST-BST1.opi</details></display>
      </pv>
      <pv name="TEST-BST1:RNDMxB590">
          <description>RNDMxB590 Noise signal Out of Limit</description> <latching>true</latching><annunciating >true</annunciating>
          <guidance><title>Noise out of Limit</title><details>HIHI = 90; HIGH= 80; LOW = 20; LOLO=10</details></guidance>
          <guidance><title>Consequence of deviation</title><details>Too much noise</details></guidance>
          <guidance><title>Corrective action</title><details>Disconnect the signal</details></guidance>
          <guidance><title>Time for response</title><details>5 minutes</details></guidance>
          <display><title>Noise control OPI</title><details>/m-TEST-BEAST/src/main/boy/sdd/TEST-BST1.opi</details></display>
      </pv>
      <pv name="TEST-BST1:RNDMxB591">
          <description>RNDMxB591 Noise signal Out of Limit</description> <latching>true</latching><annunciating >true</annunciating>
          <guidance><title>Noise out of Limit</title><details>HIHI = 90; HIGH= 80; LOW = 20; LOLO=10</details></guidance>
          <guidance><title>Consequence of deviation</title><details>Too much noise</details></guidance>
          <guidance><title>Corrective action</title><details>Disconnect the signal</details></guidance>
          <guidance><title>Time for response</title><details>5 minutes</details></guidance>
          <display><title>Noise control OPI</title><details>/m-TEST-BEAST/src/main/boy/sdd/TEST-BST1.opi</details></display>
      </pv>
      <pv name="TEST-BST1:RNDMxB592">
          <description>RNDMxB592 Noise signal Out of Limit</description> <latching>true</latching><annunciating >true</annunciating>
          <guidance><title>Noise out of Limit</title><details>HIHI = 90; HIGH= 80; LOW = 20; LOLO=10</details></guidance>
          <guidance><title>Consequence of deviation</title><details>Too much noise</details></guidance>
          <guidance><title>Corrective action</title><details>Disconnect the signal</details></guidance>
          <guidance><title>Time for response</title><details>5 minutes</details></guidance>
          <display><title>Noise control OPI</title><details>/m-TEST-BEAST/src/main/boy/sdd/TEST-BST1.opi</details></display>
      </pv>
      <pv name="TEST-BST1:RNDMxB593">
          <description>RNDMxB593 Noise signal Out of Limit</description> <latching>true</latching><annunciating >true</annunciating>
          <guidance><title>Noise out of Limit</title><details>HIHI = 90; HIGH= 80; LOW = 20; LOLO=10</details></guidance>
          <guidance><title>Consequence of deviation</title><details>Too much noise</details></guidance>
          <guidance><title>Corrective action</title><details>Disconnect the signal</details></guidance>
          <guidance><title>Time for response</title><details>5 minutes</details></guidance>
          <display><title>Noise control OPI</title><details>/m-TEST-BEAST/src/main/boy/sdd/TEST-BST1.opi</details></display>
      </pv>
      <pv name="TEST-BST1:RNDMxB594">
          <description>RNDMxB594 Noise signal Out of Limit</description> <latching>true</latching><annunciating >true</annunciating>
          <guidance><title>Noise out of Limit</title><details>HIHI = 90; HIGH= 80; LOW = 20; LOLO=10</details></guidance>
          <guidance><title>Consequence of deviation</title><details>Too much noise</details></guidance>
          <guidance><title>Corrective action</title><details>Disconnect the signal</details></guidance>
          <guidance><title>Time for response</title><details>5 minutes</details></guidance>
          <display><title>Noise control OPI</title><details>/m-TEST-BEAST/src/main/boy/sdd/TEST-BST1.opi</details></display>
      </pv>
      <pv name="TEST-BST1:RNDMxB595">
          <description>RNDMxB595 Noise signal Out of Limit</description> <latching>true</latching><annunciating >true</annunciating>
          <guidance><title>Noise out of Limit</title><details>HIHI = 90; HIGH= 80; LOW = 20; LOLO=10</details></guidance>
          <guidance><title>Consequence of deviation</title><details>Too much noise</details></guidance>
          <guidance><title>Corrective action</title><details>Disconnect the signal</details></guidance>
          <guidance><title>Time for response</title><details>5 minutes</details></guidance>
          <display><title>Noise control OPI</title><details>/m-TEST-BEAST/src/main/boy/sdd/TEST-BST1.opi</details></display>
      </pv>
      <pv name="TEST-BST1:RNDMxB596">
          <description>RNDMxB596 Noise signal Out of Limit</description> <latching>true</latching><annunciating >true</annunciating>
          <guidance><title>Noise out of Limit</title><details>HIHI = 90; HIGH= 80; LOW = 20; LOLO=10</details></guidance>
          <guidance><title>Consequence of deviation</title><details>Too much noise</details></guidance>
          <guidance><title>Corrective action</title><details>Disconnect the signal</details></guidance>
          <guidance><title>Time for response</title><details>5 minutes</details></guidance>
          <display><title>Noise control OPI</title><details>/m-TEST-BEAST/src/main/boy/sdd/TEST-BST1.opi</details></display>
      </pv>
      <pv name="TEST-BST1:RNDMxB597">
          <description>RNDMxB597 Noise signal Out of Limit</description> <latching>true</latching><annunciating >true</annunciating>
          <guidance><title>Noise out of Limit</title><details>HIHI = 90; HIGH= 80; LOW = 20; LOLO=10</details></guidance>
          <guidance><title>Consequence of deviation</title><details>Too much noise</details></guidance>
          <guidance><title>Corrective action</title><details>Disconnect the signal</details></guidance>
          <guidance><title>Time for response</title><details>5 minutes</details></guidance>
          <display><title>Noise control OPI</title><details>/m-TEST-BEAST/src/main/boy/sdd/TEST-BST1.opi</details></display>
      </pv>
      <pv name="TEST-BST1:RNDMxB598">
          <description>RNDMxB598 Noise signal Out of Limit</description> <latching>true</latching><annunciating >true</annunciating>
          <guidance><title>Noise out of Limit</title><details>HIHI = 90; HIGH= 80; LOW = 20; LOLO=10</details></guidance>
          <guidance><title>Consequence of deviation</title><details>Too much noise</details></guidance>
          <guidance><title>Corrective action</title><details>Disconnect the signal</details></guidance>
          <guidance><title>Time for response</title><details>5 minutes</details></guidance>
          <display><title>Noise control OPI</title><details>/m-TEST-BEAST/src/main/boy/sdd/TEST-BST1.opi</details></display>
      </pv>
      <pv name="TEST-BST1:RNDMxB599">
          <description>RNDMxB599 Noise signal Out of Limit</description> <latching>true</latching><annunciating >true</annunciating>
          <guidance><title>Noise out of Limit</title><details>HIHI = 90; HIGH= 80; LOW = 20; LOLO=10</details></guidance>
          <guidance><title>Consequence of deviation</title><details>Too much noise</details></guidance>
          <guidance><title>Corrective action</title><details>Disconnect the signal</details></guidance>
          <guidance><title>Time for response</title><details>5 minutes</details></guidance>
          <display><title>Noise control OPI</title><details>/m-TEST-BEAST/src/main/boy/sdd/TEST-BST1.opi</details></display>
      </pv>
    </component>
 </component>
</config>
