?xml version="1.0" encoding="UTF-8" standalone="no"?>
<!-- 
  Archive Configuration
  Root: EngineConfig
  WARNING: This is an automatically generated file. PLEASE DO NOT MODIFY.
-->

 <engineconfig >
      <group >
         <name >TEST-BST1</name>

         <channel >
             <name >TEST-BST1:RNDMxB1</name>

             <period >0.1</period>

             <monitor ></monitor>
</channel>

         <channel >
             <name >TEST-BST1:RNDMxB10</name>

             <period >0.1</period>

             <monitor ></monitor>
</channel>

         <channel >
             <name >TEST-BST1:RNDMxB100</name>

             <period >0.1</period>

             <monitor ></monitor>
</channel>

         <channel >
             <name >TEST-BST1:RNDMxB101</name>

             <period >0.1</period>

             <monitor ></monitor>
</channel>

         <channel >
             <name >TEST-BST1:RNDMxB102</name>

             <period >0.1</period>

             <monitor ></monitor>
</channel>

         <channel >
             <name >TEST-BST1:RNDMxB103</name>

             <period >0.1</period>

             <monitor ></monitor>
</channel>

         <channel >
             <name >TEST-BST1:RNDMxB104</name>

             <period >0.1</period>

             <monitor ></monitor>
</channel>

         <channel >
             <name >TEST-BST1:RNDMxB105</name>

             <period >0.1</period>

             <monitor ></monitor>
</channel>

         <channel >
             <name >TEST-BST1:RNDMxB106</name>

             <period >0.1</period>

             <monitor ></monitor>
</channel>

         <channel >
             <name >TEST-BST1:RNDMxB107</name>

             <period >0.1</period>

             <monitor ></monitor>
</channel>

         <channel >
             <name >TEST-BST1:RNDMxB108</name>

             <period >0.1</period>

             <monitor ></monitor>
</channel>

         <channel >
             <name >TEST-BST1:RNDMxB109</name>

             <period >0.1</period>

             <monitor ></monitor>
</channel>

         <channel >
             <name >TEST-BST1:RNDMxB11</name>

             <period >0.1</period>

             <monitor ></monitor>
</channel>

         <channel >
             <name >TEST-BST1:RNDMxB110</name>

             <period >0.1</period>

             <monitor ></monitor>
</channel>

         <channel >
             <name >TEST-BST1:RNDMxB111</name>

             <period >0.1</period>

             <monitor ></monitor>
</channel>

         <channel >
             <name >TEST-BST1:RNDMxB112</name>

             <period >0.1</period>

             <monitor ></monitor>
</channel>

         <channel >
             <name >TEST-BST1:RNDMxB113</name>

             <period >0.1</period>

             <monitor ></monitor>
</channel>

         <channel >
             <name >TEST-BST1:RNDMxB114</name>

             <period >0.1</period>

             <monitor ></monitor>
</channel>

         <channel >
             <name >TEST-BST1:RNDMxB115</name>

             <period >0.1</period>

             <monitor ></monitor>
</channel>

         <channel >
             <name >TEST-BST1:RNDMxB116</name>

             <period >0.1</period>

             <monitor ></monitor>
</channel>

         <channel >
             <name >TEST-BST1:RNDMxB117</name>

             <period >0.1</period>

             <monitor ></monitor>
</channel>

         <channel >
             <name >TEST-BST1:RNDMxB118</name>

             <period >0.1</period>

             <monitor ></monitor>
</channel>

         <channel >
             <name >TEST-BST1:RNDMxB119</name>

             <period >0.1</period>

             <monitor ></monitor>
</channel>

         <channel >
             <name >TEST-BST1:RNDMxB12</name>

             <period >0.1</period>

             <monitor ></monitor>
</channel>

         <channel >
             <name >TEST-BST1:RNDMxB120</name>

             <period >0.1</period>

             <monitor ></monitor>
</channel>

         <channel >
             <name >TEST-BST1:RNDMxB121</name>

             <period >0.1</period>

             <monitor ></monitor>
</channel>

         <channel >
             <name >TEST-BST1:RNDMxB122</name>

             <period >0.1</period>

             <monitor ></monitor>
</channel>

         <channel >
             <name >TEST-BST1:RNDMxB123</name>

             <period >0.1</period>

             <monitor ></monitor>
</channel>

         <channel >
             <name >TEST-BST1:RNDMxB124</name>

             <period >0.1</period>

             <monitor ></monitor>
</channel>

         <channel >
             <name >TEST-BST1:RNDMxB125</name>

             <period >0.1</period>

             <monitor ></monitor>
</channel>

         <channel >
             <name >TEST-BST1:RNDMxB126</name>

             <period >0.1</period>

             <monitor ></monitor>
</channel>

         <channel >
             <name >TEST-BST1:RNDMxB127</name>

             <period >0.1</period>

             <monitor ></monitor>
</channel>

         <channel >
             <name >TEST-BST1:RNDMxB128</name>

             <period >0.1</period>

             <monitor ></monitor>
</channel>

         <channel >
             <name >TEST-BST1:RNDMxB129</name>

             <period >0.1</period>

             <monitor ></monitor>
</channel>

         <channel >
             <name >TEST-BST1:RNDMxB13</name>

             <period >0.1</period>

             <monitor ></monitor>
</channel>

         <channel >
             <name >TEST-BST1:RNDMxB130</name>

             <period >0.1</period>

             <monitor ></monitor>
</channel>

         <channel >
             <name >TEST-BST1:RNDMxB131</name>

             <period >0.1</period>

             <monitor ></monitor>
</channel>

         <channel >
             <name >TEST-BST1:RNDMxB132</name>

             <period >0.1</period>

             <monitor ></monitor>
</channel>

         <channel >
             <name >TEST-BST1:RNDMxB133</name>

             <period >0.1</period>

             <monitor ></monitor>
</channel>

         <channel >
             <name >TEST-BST1:RNDMxB134</name>

             <period >0.1</period>

             <monitor ></monitor>
</channel>

         <channel >
             <name >TEST-BST1:RNDMxB135</name>

             <period >0.1</period>

             <monitor ></monitor>
</channel>

         <channel >
             <name >TEST-BST1:RNDMxB136</name>

             <period >0.1</period>

             <monitor ></monitor>
</channel>

         <channel >
             <name >TEST-BST1:RNDMxB137</name>

             <period >0.1</period>

             <monitor ></monitor>
</channel>

         <channel >
             <name >TEST-BST1:RNDMxB138</name>

             <period >0.1</period>

             <monitor ></monitor>
</channel>

         <channel >
             <name >TEST-BST1:RNDMxB139</name>

             <period >0.1</period>

             <monitor ></monitor>
</channel>

         <channel >
             <name >TEST-BST1:RNDMxB14</name>

             <period >0.1</period>

             <monitor ></monitor>
</channel>

         <channel >
             <name >TEST-BST1:RNDMxB140</name>

             <period >0.1</period>

             <monitor ></monitor>
</channel>

         <channel >
             <name >TEST-BST1:RNDMxB141</name>

             <period >0.1</period>

             <monitor ></monitor>
</channel>

         <channel >
             <name >TEST-BST1:RNDMxB142</name>

             <period >0.1</period>

             <monitor ></monitor>
</channel>

         <channel >
             <name >TEST-BST1:RNDMxB143</name>

             <period >0.1</period>

             <monitor ></monitor>
</channel>

         <channel >
             <name >TEST-BST1:RNDMxB144</name>

             <period >0.1</period>

             <monitor ></monitor>
</channel>

         <channel >
             <name >TEST-BST1:RNDMxB145</name>

             <period >0.1</period>

             <monitor ></monitor>
</channel>

         <channel >
             <name >TEST-BST1:RNDMxB146</name>

             <period >0.1</period>

             <monitor ></monitor>
</channel>

         <channel >
             <name >TEST-BST1:RNDMxB147</name>

             <period >0.1</period>

             <monitor ></monitor>
</channel>

         <channel >
             <name >TEST-BST1:RNDMxB148</name>

             <period >0.1</period>

             <monitor ></monitor>
</channel>

         <channel >
             <name >TEST-BST1:RNDMxB149</name>

             <period >0.1</period>

             <monitor ></monitor>
</channel>

         <channel >
             <name >TEST-BST1:RNDMxB15</name>

             <period >0.1</period>

             <monitor ></monitor>
</channel>

         <channel >
             <name >TEST-BST1:RNDMxB150</name>

             <period >0.1</period>

             <monitor ></monitor>
</channel>

         <channel >
             <name >TEST-BST1:RNDMxB151</name>

             <period >0.1</period>

             <monitor ></monitor>
</channel>

         <channel >
             <name >TEST-BST1:RNDMxB152</name>

             <period >0.1</period>

             <monitor ></monitor>
</channel>

         <channel >
             <name >TEST-BST1:RNDMxB153</name>

             <period >0.1</period>

             <monitor ></monitor>
</channel>

         <channel >
             <name >TEST-BST1:RNDMxB154</name>

             <period >0.1</period>

             <monitor ></monitor>
</channel>

         <channel >
             <name >TEST-BST1:RNDMxB155</name>

             <period >0.1</period>

             <monitor ></monitor>
</channel>

         <channel >
             <name >TEST-BST1:RNDMxB156</name>

             <period >0.1</period>

             <monitor ></monitor>
</channel>

         <channel >
             <name >TEST-BST1:RNDMxB157</name>

             <period >0.1</period>

             <monitor ></monitor>
</channel>

         <channel >
             <name >TEST-BST1:RNDMxB158</name>

             <period >0.1</period>

             <monitor ></monitor>
</channel>

         <channel >
             <name >TEST-BST1:RNDMxB159</name>

             <period >0.1</period>

             <monitor ></monitor>
</channel>

         <channel >
             <name >TEST-BST1:RNDMxB16</name>

             <period >0.1</period>

             <monitor ></monitor>
</channel>

         <channel >
             <name >TEST-BST1:RNDMxB160</name>

             <period >0.1</period>

             <monitor ></monitor>
</channel>

         <channel >
             <name >TEST-BST1:RNDMxB161</name>

             <period >0.1</period>

             <monitor ></monitor>
</channel>

         <channel >
             <name >TEST-BST1:RNDMxB162</name>

             <period >0.1</period>

             <monitor ></monitor>
</channel>

         <channel >
             <name >TEST-BST1:RNDMxB163</name>

             <period >0.1</period>

             <monitor ></monitor>
</channel>

         <channel >
             <name >TEST-BST1:RNDMxB164</name>

             <period >0.1</period>

             <monitor ></monitor>
</channel>

         <channel >
             <name >TEST-BST1:RNDMxB165</name>

             <period >0.1</period>

             <monitor ></monitor>
</channel>

         <channel >
             <name >TEST-BST1:RNDMxB166</name>

             <period >0.1</period>

             <monitor ></monitor>
</channel>

         <channel >
             <name >TEST-BST1:RNDMxB167</name>

             <period >0.1</period>

             <monitor ></monitor>
</channel>

         <channel >
             <name >TEST-BST1:RNDMxB168</name>

             <period >0.1</period>

             <monitor ></monitor>
</channel>

         <channel >
             <name >TEST-BST1:RNDMxB169</name>

             <period >0.1</period>

             <monitor ></monitor>
</channel>

         <channel >
             <name >TEST-BST1:RNDMxB17</name>

             <period >0.1</period>

             <monitor ></monitor>
</channel>

         <channel >
             <name >TEST-BST1:RNDMxB170</name>

             <period >0.1</period>

             <monitor ></monitor>
</channel>

         <channel >
             <name >TEST-BST1:RNDMxB171</name>

             <period >0.1</period>

             <monitor ></monitor>
</channel>

         <channel >
             <name >TEST-BST1:RNDMxB172</name>

             <period >0.1</period>

             <monitor ></monitor>
</channel>

         <channel >
             <name >TEST-BST1:RNDMxB173</name>

             <period >0.1</period>

             <monitor ></monitor>
</channel>

         <channel >
             <name >TEST-BST1:RNDMxB174</name>

             <period >0.1</period>

             <monitor ></monitor>
</channel>

         <channel >
             <name >TEST-BST1:RNDMxB175</name>

             <period >0.1</period>

             <monitor ></monitor>
</channel>

         <channel >
             <name >TEST-BST1:RNDMxB176</name>

             <period >0.1</period>

             <monitor ></monitor>
</channel>

         <channel >
             <name >TEST-BST1:RNDMxB177</name>

             <period >0.1</period>

             <monitor ></monitor>
</channel>

         <channel >
             <name >TEST-BST1:RNDMxB178</name>

             <period >0.1</period>

             <monitor ></monitor>
</channel>

         <channel >
             <name >TEST-BST1:RNDMxB179</name>

             <period >0.1</period>

             <monitor ></monitor>
</channel>

         <channel >
             <name >TEST-BST1:RNDMxB18</name>

             <period >0.1</period>

             <monitor ></monitor>
</channel>

         <channel >
             <name >TEST-BST1:RNDMxB180</name>

             <period >0.1</period>

             <monitor ></monitor>
</channel>

         <channel >
             <name >TEST-BST1:RNDMxB181</name>

             <period >0.1</period>

             <monitor ></monitor>
</channel>

         <channel >
             <name >TEST-BST1:RNDMxB182</name>

             <period >0.1</period>

             <monitor ></monitor>
</channel>

         <channel >
             <name >TEST-BST1:RNDMxB183</name>

             <period >0.1</period>

             <monitor ></monitor>
</channel>

         <channel >
             <name >TEST-BST1:RNDMxB184</name>

             <period >0.1</period>

             <monitor ></monitor>
</channel>

         <channel >
             <name >TEST-BST1:RNDMxB185</name>

             <period >0.1</period>

             <monitor ></monitor>
</channel>

         <channel >
             <name >TEST-BST1:RNDMxB186</name>

             <period >0.1</period>

             <monitor ></monitor>
</channel>

         <channel >
             <name >TEST-BST1:RNDMxB187</name>

             <period >0.1</period>

             <monitor ></monitor>
</channel>

         <channel >
             <name >TEST-BST1:RNDMxB188</name>

             <period >0.1</period>

             <monitor ></monitor>
</channel>

         <channel >
             <name >TEST-BST1:RNDMxB189</name>

             <period >0.1</period>

             <monitor ></monitor>
</channel>

         <channel >
             <name >TEST-BST1:RNDMxB19</name>

             <period >0.1</period>

             <monitor ></monitor>
</channel>

         <channel >
             <name >TEST-BST1:RNDMxB190</name>

             <period >0.1</period>

             <monitor ></monitor>
</channel>

         <channel >
             <name >TEST-BST1:RNDMxB191</name>

             <period >0.1</period>

             <monitor ></monitor>
</channel>

         <channel >
             <name >TEST-BST1:RNDMxB192</name>

             <period >0.1</period>

             <monitor ></monitor>
</channel>

         <channel >
             <name >TEST-BST1:RNDMxB193</name>

             <period >0.1</period>

             <monitor ></monitor>
</channel>

         <channel >
             <name >TEST-BST1:RNDMxB194</name>

             <period >0.1</period>

             <monitor ></monitor>
</channel>

         <channel >
             <name >TEST-BST1:RNDMxB195</name>

             <period >0.1</period>

             <monitor ></monitor>
</channel>

         <channel >
             <name >TEST-BST1:RNDMxB196</name>

             <period >0.1</period>

             <monitor ></monitor>
</channel>

         <channel >
             <name >TEST-BST1:RNDMxB197</name>

             <period >0.1</period>

             <monitor ></monitor>
</channel>

         <channel >
             <name >TEST-BST1:RNDMxB198</name>

             <period >0.1</period>

             <monitor ></monitor>
</channel>

         <channel >
             <name >TEST-BST1:RNDMxB199</name>

             <period >0.1</period>

             <monitor ></monitor>
</channel>

         <channel >
             <name >TEST-BST1:RNDMxB2</name>

             <period >0.1</period>

             <monitor ></monitor>
</channel>

         <channel >
             <name >TEST-BST1:RNDMxB20</name>

             <period >0.1</period>

             <monitor ></monitor>
</channel>

         <channel >
             <name >TEST-BST1:RNDMxB200</name>

             <period >0.1</period>

             <monitor ></monitor>
</channel>

         <channel >
             <name >TEST-BST1:RNDMxB201</name>

             <period >0.1</period>

             <monitor ></monitor>
</channel>

         <channel >
             <name >TEST-BST1:RNDMxB202</name>

             <period >0.1</period>

             <monitor ></monitor>
</channel>

         <channel >
             <name >TEST-BST1:RNDMxB203</name>

             <period >0.1</period>

             <monitor ></monitor>
</channel>

         <channel >
             <name >TEST-BST1:RNDMxB204</name>

             <period >0.1</period>

             <monitor ></monitor>
</channel>

         <channel >
             <name >TEST-BST1:RNDMxB205</name>

             <period >0.1</period>

             <monitor ></monitor>
</channel>

         <channel >
             <name >TEST-BST1:RNDMxB206</name>

             <period >0.1</period>

             <monitor ></monitor>
</channel>

         <channel >
             <name >TEST-BST1:RNDMxB207</name>

             <period >0.1</period>

             <monitor ></monitor>
</channel>

         <channel >
             <name >TEST-BST1:RNDMxB208</name>

             <period >0.1</period>

             <monitor ></monitor>
</channel>

         <channel >
             <name >TEST-BST1:RNDMxB209</name>

             <period >0.1</period>

             <monitor ></monitor>
</channel>

         <channel >
             <name >TEST-BST1:RNDMxB21</name>

             <period >0.1</period>

             <monitor ></monitor>
</channel>

         <channel >
             <name >TEST-BST1:RNDMxB210</name>

             <period >0.1</period>

             <monitor ></monitor>
</channel>

         <channel >
             <name >TEST-BST1:RNDMxB211</name>

             <period >0.1</period>

             <monitor ></monitor>
</channel>

         <channel >
             <name >TEST-BST1:RNDMxB212</name>

             <period >0.1</period>

             <monitor ></monitor>
</channel>

         <channel >
             <name >TEST-BST1:RNDMxB213</name>

             <period >0.1</period>

             <monitor ></monitor>
</channel>

         <channel >
             <name >TEST-BST1:RNDMxB214</name>

             <period >0.1</period>

             <monitor ></monitor>
</channel>

         <channel >
             <name >TEST-BST1:RNDMxB215</name>

             <period >0.1</period>

             <monitor ></monitor>
</channel>

         <channel >
             <name >TEST-BST1:RNDMxB216</name>

             <period >0.1</period>

             <monitor ></monitor>
</channel>

         <channel >
             <name >TEST-BST1:RNDMxB217</name>

             <period >0.1</period>

             <monitor ></monitor>
</channel>

         <channel >
             <name >TEST-BST1:RNDMxB218</name>

             <period >0.1</period>

             <monitor ></monitor>
</channel>

         <channel >
             <name >TEST-BST1:RNDMxB219</name>

             <period >0.1</period>

             <monitor ></monitor>
</channel>

         <channel >
             <name >TEST-BST1:RNDMxB22</name>

             <period >0.1</period>

             <monitor ></monitor>
</channel>

         <channel >
             <name >TEST-BST1:RNDMxB220</name>

             <period >0.1</period>

             <monitor ></monitor>
</channel>

         <channel >
             <name >TEST-BST1:RNDMxB221</name>

             <period >0.1</period>

             <monitor ></monitor>
</channel>

         <channel >
             <name >TEST-BST1:RNDMxB222</name>

             <period >0.1</period>

             <monitor ></monitor>
</channel>

         <channel >
             <name >TEST-BST1:RNDMxB223</name>

             <period >0.1</period>

             <monitor ></monitor>
</channel>

         <channel >
             <name >TEST-BST1:RNDMxB224</name>

             <period >0.1</period>

             <monitor ></monitor>
</channel>

         <channel >
             <name >TEST-BST1:RNDMxB225</name>

             <period >0.1</period>

             <monitor ></monitor>
</channel>

         <channel >
             <name >TEST-BST1:RNDMxB226</name>

             <period >0.1</period>

             <monitor ></monitor>
</channel>

         <channel >
             <name >TEST-BST1:RNDMxB227</name>

             <period >0.1</period>

             <monitor ></monitor>
</channel>

         <channel >
             <name >TEST-BST1:RNDMxB228</name>

             <period >0.1</period>

             <monitor ></monitor>
</channel>

         <channel >
             <name >TEST-BST1:RNDMxB229</name>

             <period >0.1</period>

             <monitor ></monitor>
</channel>

         <channel >
             <name >TEST-BST1:RNDMxB23</name>

             <period >0.1</period>

             <monitor ></monitor>
</channel>

         <channel >
             <name >TEST-BST1:RNDMxB230</name>

             <period >0.1</period>

             <monitor ></monitor>
</channel>

         <channel >
             <name >TEST-BST1:RNDMxB231</name>

             <period >0.1</period>

             <monitor ></monitor>
</channel>

         <channel >
             <name >TEST-BST1:RNDMxB232</name>

             <period >0.1</period>

             <monitor ></monitor>
</channel>

         <channel >
             <name >TEST-BST1:RNDMxB233</name>

             <period >0.1</period>

             <monitor ></monitor>
</channel>

         <channel >
             <name >TEST-BST1:RNDMxB234</name>

             <period >0.1</period>

             <monitor ></monitor>
</channel>

         <channel >
             <name >TEST-BST1:RNDMxB235</name>

             <period >0.1</period>

             <monitor ></monitor>
</channel>

         <channel >
             <name >TEST-BST1:RNDMxB236</name>

             <period >0.1</period>

             <monitor ></monitor>
</channel>

         <channel >
             <name >TEST-BST1:RNDMxB237</name>

             <period >0.1</period>

             <monitor ></monitor>
</channel>

         <channel >
             <name >TEST-BST1:RNDMxB238</name>

             <period >0.1</period>

             <monitor ></monitor>
</channel>

         <channel >
             <name >TEST-BST1:RNDMxB239</name>

             <period >0.1</period>

             <monitor ></monitor>
</channel>

         <channel >
             <name >TEST-BST1:RNDMxB24</name>

             <period >0.1</period>

             <monitor ></monitor>
</channel>

         <channel >
             <name >TEST-BST1:RNDMxB240</name>

             <period >0.1</period>

             <monitor ></monitor>
</channel>

         <channel >
             <name >TEST-BST1:RNDMxB241</name>

             <period >0.1</period>

             <monitor ></monitor>
</channel>

         <channel >
             <name >TEST-BST1:RNDMxB242</name>

             <period >0.1</period>

             <monitor ></monitor>
</channel>

         <channel >
             <name >TEST-BST1:RNDMxB243</name>

             <period >0.1</period>

             <monitor ></monitor>
</channel>

         <channel >
             <name >TEST-BST1:RNDMxB244</name>

             <period >0.1</period>

             <monitor ></monitor>
</channel>

         <channel >
             <name >TEST-BST1:RNDMxB245</name>

             <period >0.1</period>

             <monitor ></monitor>
</channel>

         <channel >
             <name >TEST-BST1:RNDMxB246</name>

             <period >0.1</period>

             <monitor ></monitor>
</channel>

         <channel >
             <name >TEST-BST1:RNDMxB247</name>

             <period >0.1</period>

             <monitor ></monitor>
</channel>

         <channel >
             <name >TEST-BST1:RNDMxB248</name>

             <period >0.1</period>

             <monitor ></monitor>
</channel>

         <channel >
             <name >TEST-BST1:RNDMxB249</name>

             <period >0.1</period>

             <monitor ></monitor>
</channel>

         <channel >
             <name >TEST-BST1:RNDMxB25</name>

             <period >0.1</period>

             <monitor ></monitor>
</channel>

         <channel >
             <name >TEST-BST1:RNDMxB250</name>

             <period >0.1</period>

             <monitor ></monitor>
</channel>

         <channel >
             <name >TEST-BST1:RNDMxB251</name>

             <period >0.1</period>

             <monitor ></monitor>
</channel>

         <channel >
             <name >TEST-BST1:RNDMxB252</name>

             <period >0.1</period>

             <monitor ></monitor>
</channel>

         <channel >
             <name >TEST-BST1:RNDMxB253</name>

             <period >0.1</period>

             <monitor ></monitor>
</channel>

         <channel >
             <name >TEST-BST1:RNDMxB254</name>

             <period >0.1</period>

             <monitor ></monitor>
</channel>

         <channel >
             <name >TEST-BST1:RNDMxB255</name>

             <period >0.1</period>

             <monitor ></monitor>
</channel>

         <channel >
             <name >TEST-BST1:RNDMxB256</name>

             <period >0.1</period>

             <monitor ></monitor>
</channel>

         <channel >
             <name >TEST-BST1:RNDMxB257</name>

             <period >0.1</period>

             <monitor ></monitor>
</channel>

         <channel >
             <name >TEST-BST1:RNDMxB258</name>

             <period >0.1</period>

             <monitor ></monitor>
</channel>

         <channel >
             <name >TEST-BST1:RNDMxB259</name>

             <period >0.1</period>

             <monitor ></monitor>
</channel>

         <channel >
             <name >TEST-BST1:RNDMxB26</name>

             <period >0.1</period>

             <monitor ></monitor>
</channel>

         <channel >
             <name >TEST-BST1:RNDMxB260</name>

             <period >0.1</period>

             <monitor ></monitor>
</channel>

         <channel >
             <name >TEST-BST1:RNDMxB261</name>

             <period >0.1</period>

             <monitor ></monitor>
</channel>

         <channel >
             <name >TEST-BST1:RNDMxB262</name>

             <period >0.1</period>

             <monitor ></monitor>
</channel>

         <channel >
             <name >TEST-BST1:RNDMxB263</name>

             <period >0.1</period>

             <monitor ></monitor>
</channel>

         <channel >
             <name >TEST-BST1:RNDMxB264</name>

             <period >0.1</period>

             <monitor ></monitor>
</channel>

         <channel >
             <name >TEST-BST1:RNDMxB265</name>

             <period >0.1</period>

             <monitor ></monitor>
</channel>

         <channel >
             <name >TEST-BST1:RNDMxB266</name>

             <period >0.1</period>

             <monitor ></monitor>
</channel>

         <channel >
             <name >TEST-BST1:RNDMxB267</name>

             <period >0.1</period>

             <monitor ></monitor>
</channel>

         <channel >
             <name >TEST-BST1:RNDMxB268</name>

             <period >0.1</period>

             <monitor ></monitor>
</channel>

         <channel >
             <name >TEST-BST1:RNDMxB269</name>

             <period >0.1</period>

             <monitor ></monitor>
</channel>

         <channel >
             <name >TEST-BST1:RNDMxB27</name>

             <period >0.1</period>

             <monitor ></monitor>
</channel>

         <channel >
             <name >TEST-BST1:RNDMxB270</name>

             <period >0.1</period>

             <monitor ></monitor>
</channel>

         <channel >
             <name >TEST-BST1:RNDMxB271</name>

             <period >0.1</period>

             <monitor ></monitor>
</channel>

         <channel >
             <name >TEST-BST1:RNDMxB272</name>

             <period >0.1</period>

             <monitor ></monitor>
</channel>

         <channel >
             <name >TEST-BST1:RNDMxB273</name>

             <period >0.1</period>

             <monitor ></monitor>
</channel>

         <channel >
             <name >TEST-BST1:RNDMxB274</name>

             <period >0.1</period>

             <monitor ></monitor>
</channel>

         <channel >
             <name >TEST-BST1:RNDMxB275</name>

             <period >0.1</period>

             <monitor ></monitor>
</channel>

         <channel >
             <name >TEST-BST1:RNDMxB276</name>

             <period >0.1</period>

             <monitor ></monitor>
</channel>

         <channel >
             <name >TEST-BST1:RNDMxB277</name>

             <period >0.1</period>

             <monitor ></monitor>
</channel>

         <channel >
             <name >TEST-BST1:RNDMxB278</name>

             <period >0.1</period>

             <monitor ></monitor>
</channel>

         <channel >
             <name >TEST-BST1:RNDMxB279</name>

             <period >0.1</period>

             <monitor ></monitor>
</channel>

         <channel >
             <name >TEST-BST1:RNDMxB28</name>

             <period >0.1</period>

             <monitor ></monitor>
</channel>

         <channel >
             <name >TEST-BST1:RNDMxB280</name>

             <period >0.1</period>

             <monitor ></monitor>
</channel>

         <channel >
             <name >TEST-BST1:RNDMxB281</name>

             <period >0.1</period>

             <monitor ></monitor>
</channel>

         <channel >
             <name >TEST-BST1:RNDMxB282</name>

             <period >0.1</period>

             <monitor ></monitor>
</channel>

         <channel >
             <name >TEST-BST1:RNDMxB283</name>

             <period >0.1</period>

             <monitor ></monitor>
</channel>

         <channel >
             <name >TEST-BST1:RNDMxB284</name>

             <period >0.1</period>

             <monitor ></monitor>
</channel>

         <channel >
             <name >TEST-BST1:RNDMxB285</name>

             <period >0.1</period>

             <monitor ></monitor>
</channel>

         <channel >
             <name >TEST-BST1:RNDMxB286</name>

             <period >0.1</period>

             <monitor ></monitor>
</channel>

         <channel >
             <name >TEST-BST1:RNDMxB287</name>

             <period >0.1</period>

             <monitor ></monitor>
</channel>

         <channel >
             <name >TEST-BST1:RNDMxB288</name>

             <period >0.1</period>

             <monitor ></monitor>
</channel>

         <channel >
             <name >TEST-BST1:RNDMxB289</name>

             <period >0.1</period>

             <monitor ></monitor>
</channel>

         <channel >
             <name >TEST-BST1:RNDMxB29</name>

             <period >0.1</period>

             <monitor ></monitor>
</channel>

         <channel >
             <name >TEST-BST1:RNDMxB290</name>

             <period >0.1</period>

             <monitor ></monitor>
</channel>

         <channel >
             <name >TEST-BST1:RNDMxB291</name>

             <period >0.1</period>

             <monitor ></monitor>
</channel>

         <channel >
             <name >TEST-BST1:RNDMxB292</name>

             <period >0.1</period>

             <monitor ></monitor>
</channel>

         <channel >
             <name >TEST-BST1:RNDMxB293</name>

             <period >0.1</period>

             <monitor ></monitor>
</channel>

         <channel >
             <name >TEST-BST1:RNDMxB294</name>

             <period >0.1</period>

             <monitor ></monitor>
</channel>

         <channel >
             <name >TEST-BST1:RNDMxB295</name>

             <period >0.1</period>

             <monitor ></monitor>
</channel>

         <channel >
             <name >TEST-BST1:RNDMxB296</name>

             <period >0.1</period>

             <monitor ></monitor>
</channel>

         <channel >
             <name >TEST-BST1:RNDMxB297</name>

             <period >0.1</period>

             <monitor ></monitor>
</channel>

         <channel >
             <name >TEST-BST1:RNDMxB298</name>

             <period >0.1</period>

             <monitor ></monitor>
</channel>

         <channel >
             <name >TEST-BST1:RNDMxB299</name>

             <period >0.1</period>

             <monitor ></monitor>
</channel>

         <channel >
             <name >TEST-BST1:RNDMxB3</name>

             <period >0.1</period>

             <monitor ></monitor>
</channel>

         <channel >
             <name >TEST-BST1:RNDMxB30</name>

             <period >0.1</period>

             <monitor ></monitor>
</channel>

         <channel >
             <name >TEST-BST1:RNDMxB300</name>

             <period >0.1</period>

             <monitor ></monitor>
</channel>

         <channel >
             <name >TEST-BST1:RNDMxB301</name>

             <period >0.1</period>

             <monitor ></monitor>
</channel>

         <channel >
             <name >TEST-BST1:RNDMxB302</name>

             <period >0.1</period>

             <monitor ></monitor>
</channel>

         <channel >
             <name >TEST-BST1:RNDMxB303</name>

             <period >0.1</period>

             <monitor ></monitor>
</channel>

         <channel >
             <name >TEST-BST1:RNDMxB304</name>

             <period >0.1</period>

             <monitor ></monitor>
</channel>

         <channel >
             <name >TEST-BST1:RNDMxB305</name>

             <period >0.1</period>

             <monitor ></monitor>
</channel>

         <channel >
             <name >TEST-BST1:RNDMxB306</name>

             <period >0.1</period>

             <monitor ></monitor>
</channel>

         <channel >
             <name >TEST-BST1:RNDMxB307</name>

             <period >0.1</period>

             <monitor ></monitor>
</channel>

         <channel >
             <name >TEST-BST1:RNDMxB308</name>

             <period >0.1</period>

             <monitor ></monitor>
</channel>

         <channel >
             <name >TEST-BST1:RNDMxB309</name>

             <period >0.1</period>

             <monitor ></monitor>
</channel>

         <channel >
             <name >TEST-BST1:RNDMxB31</name>

             <period >0.1</period>

             <monitor ></monitor>
</channel>

         <channel >
             <name >TEST-BST1:RNDMxB310</name>

             <period >0.1</period>

             <monitor ></monitor>
</channel>

         <channel >
             <name >TEST-BST1:RNDMxB311</name>

             <period >0.1</period>

             <monitor ></monitor>
</channel>

         <channel >
             <name >TEST-BST1:RNDMxB312</name>

             <period >0.1</period>

             <monitor ></monitor>
</channel>

         <channel >
             <name >TEST-BST1:RNDMxB313</name>

             <period >0.1</period>

             <monitor ></monitor>
</channel>

         <channel >
             <name >TEST-BST1:RNDMxB314</name>

             <period >0.1</period>

             <monitor ></monitor>
</channel>

         <channel >
             <name >TEST-BST1:RNDMxB315</name>

             <period >0.1</period>

             <monitor ></monitor>
</channel>

         <channel >
             <name >TEST-BST1:RNDMxB316</name>

             <period >0.1</period>

             <monitor ></monitor>
</channel>

         <channel >
             <name >TEST-BST1:RNDMxB317</name>

             <period >0.1</period>

             <monitor ></monitor>
</channel>

         <channel >
             <name >TEST-BST1:RNDMxB318</name>

             <period >0.1</period>

             <monitor ></monitor>
</channel>

         <channel >
             <name >TEST-BST1:RNDMxB319</name>

             <period >0.1</period>

             <monitor ></monitor>
</channel>

         <channel >
             <name >TEST-BST1:RNDMxB32</name>

             <period >0.1</period>

             <monitor ></monitor>
</channel>

         <channel >
             <name >TEST-BST1:RNDMxB320</name>

             <period >0.1</period>

             <monitor ></monitor>
</channel>

         <channel >
             <name >TEST-BST1:RNDMxB321</name>

             <period >0.1</period>

             <monitor ></monitor>
</channel>

         <channel >
             <name >TEST-BST1:RNDMxB322</name>

             <period >0.1</period>

             <monitor ></monitor>
</channel>

         <channel >
             <name >TEST-BST1:RNDMxB323</name>

             <period >0.1</period>

             <monitor ></monitor>
</channel>

         <channel >
             <name >TEST-BST1:RNDMxB324</name>

             <period >0.1</period>

             <monitor ></monitor>
</channel>

         <channel >
             <name >TEST-BST1:RNDMxB325</name>

             <period >0.1</period>

             <monitor ></monitor>
</channel>

         <channel >
             <name >TEST-BST1:RNDMxB326</name>

             <period >0.1</period>

             <monitor ></monitor>
</channel>

         <channel >
             <name >TEST-BST1:RNDMxB327</name>

             <period >0.1</period>

             <monitor ></monitor>
</channel>

         <channel >
             <name >TEST-BST1:RNDMxB328</name>

             <period >0.1</period>

             <monitor ></monitor>
</channel>

         <channel >
             <name >TEST-BST1:RNDMxB329</name>

             <period >0.1</period>

             <monitor ></monitor>
</channel>

         <channel >
             <name >TEST-BST1:RNDMxB33</name>

             <period >0.1</period>

             <monitor ></monitor>
</channel>

         <channel >
             <name >TEST-BST1:RNDMxB330</name>

             <period >0.1</period>

             <monitor ></monitor>
</channel>

         <channel >
             <name >TEST-BST1:RNDMxB331</name>

             <period >0.1</period>

             <monitor ></monitor>
</channel>

         <channel >
             <name >TEST-BST1:RNDMxB332</name>

             <period >0.1</period>

             <monitor ></monitor>
</channel>

         <channel >
             <name >TEST-BST1:RNDMxB333</name>

             <period >0.1</period>

             <monitor ></monitor>
</channel>

         <channel >
             <name >TEST-BST1:RNDMxB334</name>

             <period >0.1</period>

             <monitor ></monitor>
</channel>

         <channel >
             <name >TEST-BST1:RNDMxB335</name>

             <period >0.1</period>

             <monitor ></monitor>
</channel>

         <channel >
             <name >TEST-BST1:RNDMxB336</name>

             <period >0.1</period>

             <monitor ></monitor>
</channel>

         <channel >
             <name >TEST-BST1:RNDMxB337</name>

             <period >0.1</period>

             <monitor ></monitor>
</channel>

         <channel >
             <name >TEST-BST1:RNDMxB338</name>

             <period >0.1</period>

             <monitor ></monitor>
</channel>

         <channel >
             <name >TEST-BST1:RNDMxB339</name>

             <period >0.1</period>

             <monitor ></monitor>
</channel>

         <channel >
             <name >TEST-BST1:RNDMxB34</name>

             <period >0.1</period>

             <monitor ></monitor>
</channel>

         <channel >
             <name >TEST-BST1:RNDMxB340</name>

             <period >0.1</period>

             <monitor ></monitor>
</channel>

         <channel >
             <name >TEST-BST1:RNDMxB341</name>

             <period >0.1</period>

             <monitor ></monitor>
</channel>

         <channel >
             <name >TEST-BST1:RNDMxB342</name>

             <period >0.1</period>

             <monitor ></monitor>
</channel>

         <channel >
             <name >TEST-BST1:RNDMxB343</name>

             <period >0.1</period>

             <monitor ></monitor>
</channel>

         <channel >
             <name >TEST-BST1:RNDMxB344</name>

             <period >0.1</period>

             <monitor ></monitor>
</channel>

         <channel >
             <name >TEST-BST1:RNDMxB345</name>

             <period >0.1</period>

             <monitor ></monitor>
</channel>

         <channel >
             <name >TEST-BST1:RNDMxB346</name>

             <period >0.1</period>

             <monitor ></monitor>
</channel>

         <channel >
             <name >TEST-BST1:RNDMxB347</name>

             <period >0.1</period>

             <monitor ></monitor>
</channel>

         <channel >
             <name >TEST-BST1:RNDMxB348</name>

             <period >0.1</period>

             <monitor ></monitor>
</channel>

         <channel >
             <name >TEST-BST1:RNDMxB349</name>

             <period >0.1</period>

             <monitor ></monitor>
</channel>

         <channel >
             <name >TEST-BST1:RNDMxB35</name>

             <period >0.1</period>

             <monitor ></monitor>
</channel>

         <channel >
             <name >TEST-BST1:RNDMxB350</name>

             <period >0.1</period>

             <monitor ></monitor>
</channel>

         <channel >
             <name >TEST-BST1:RNDMxB351</name>

             <period >0.1</period>

             <monitor ></monitor>
</channel>

         <channel >
             <name >TEST-BST1:RNDMxB352</name>

             <period >0.1</period>

             <monitor ></monitor>
</channel>

         <channel >
             <name >TEST-BST1:RNDMxB353</name>

             <period >0.1</period>

             <monitor ></monitor>
</channel>

         <channel >
             <name >TEST-BST1:RNDMxB354</name>

             <period >0.1</period>

             <monitor ></monitor>
</channel>

         <channel >
             <name >TEST-BST1:RNDMxB355</name>

             <period >0.1</period>

             <monitor ></monitor>
</channel>

         <channel >
             <name >TEST-BST1:RNDMxB356</name>

             <period >0.1</period>

             <monitor ></monitor>
</channel>

         <channel >
             <name >TEST-BST1:RNDMxB357</name>

             <period >0.1</period>

             <monitor ></monitor>
</channel>

         <channel >
             <name >TEST-BST1:RNDMxB358</name>

             <period >0.1</period>

             <monitor ></monitor>
</channel>

         <channel >
             <name >TEST-BST1:RNDMxB359</name>

             <period >0.1</period>

             <monitor ></monitor>
</channel>

         <channel >
             <name >TEST-BST1:RNDMxB36</name>

             <period >0.1</period>

             <monitor ></monitor>
</channel>

         <channel >
             <name >TEST-BST1:RNDMxB360</name>

             <period >0.1</period>

             <monitor ></monitor>
</channel>

         <channel >
             <name >TEST-BST1:RNDMxB361</name>

             <period >0.1</period>

             <monitor ></monitor>
</channel>

         <channel >
             <name >TEST-BST1:RNDMxB362</name>

             <period >0.1</period>

             <monitor ></monitor>
</channel>

         <channel >
             <name >TEST-BST1:RNDMxB363</name>

             <period >0.1</period>

             <monitor ></monitor>
</channel>

         <channel >
             <name >TEST-BST1:RNDMxB364</name>

             <period >0.1</period>

             <monitor ></monitor>
</channel>

         <channel >
             <name >TEST-BST1:RNDMxB365</name>

             <period >0.1</period>

             <monitor ></monitor>
</channel>

         <channel >
             <name >TEST-BST1:RNDMxB366</name>

             <period >0.1</period>

             <monitor ></monitor>
</channel>

         <channel >
             <name >TEST-BST1:RNDMxB367</name>

             <period >0.1</period>

             <monitor ></monitor>
</channel>

         <channel >
             <name >TEST-BST1:RNDMxB368</name>

             <period >0.1</period>

             <monitor ></monitor>
</channel>

         <channel >
             <name >TEST-BST1:RNDMxB369</name>

             <period >0.1</period>

             <monitor ></monitor>
</channel>

         <channel >
             <name >TEST-BST1:RNDMxB37</name>

             <period >0.1</period>

             <monitor ></monitor>
</channel>

         <channel >
             <name >TEST-BST1:RNDMxB370</name>

             <period >0.1</period>

             <monitor ></monitor>
</channel>

         <channel >
             <name >TEST-BST1:RNDMxB371</name>

             <period >0.1</period>

             <monitor ></monitor>
</channel>

         <channel >
             <name >TEST-BST1:RNDMxB372</name>

             <period >0.1</period>

             <monitor ></monitor>
</channel>

         <channel >
             <name >TEST-BST1:RNDMxB373</name>

             <period >0.1</period>

             <monitor ></monitor>
</channel>

         <channel >
             <name >TEST-BST1:RNDMxB374</name>

             <period >0.1</period>

             <monitor ></monitor>
</channel>

         <channel >
             <name >TEST-BST1:RNDMxB375</name>

             <period >0.1</period>

             <monitor ></monitor>
</channel>

         <channel >
             <name >TEST-BST1:RNDMxB376</name>

             <period >0.1</period>

             <monitor ></monitor>
</channel>

         <channel >
             <name >TEST-BST1:RNDMxB377</name>

             <period >0.1</period>

             <monitor ></monitor>
</channel>

         <channel >
             <name >TEST-BST1:RNDMxB378</name>

             <period >0.1</period>

             <monitor ></monitor>
</channel>

         <channel >
             <name >TEST-BST1:RNDMxB379</name>

             <period >0.1</period>

             <monitor ></monitor>
</channel>

         <channel >
             <name >TEST-BST1:RNDMxB38</name>

             <period >0.1</period>

             <monitor ></monitor>
</channel>

         <channel >
             <name >TEST-BST1:RNDMxB380</name>

             <period >0.1</period>

             <monitor ></monitor>
</channel>

         <channel >
             <name >TEST-BST1:RNDMxB381</name>

             <period >0.1</period>

             <monitor ></monitor>
</channel>

         <channel >
             <name >TEST-BST1:RNDMxB382</name>

             <period >0.1</period>

             <monitor ></monitor>
</channel>

         <channel >
             <name >TEST-BST1:RNDMxB383</name>

             <period >0.1</period>

             <monitor ></monitor>
</channel>

         <channel >
             <name >TEST-BST1:RNDMxB384</name>

             <period >0.1</period>

             <monitor ></monitor>
</channel>

         <channel >
             <name >TEST-BST1:RNDMxB385</name>

             <period >0.1</period>

             <monitor ></monitor>
</channel>

         <channel >
             <name >TEST-BST1:RNDMxB386</name>

             <period >0.1</period>

             <monitor ></monitor>
</channel>

         <channel >
             <name >TEST-BST1:RNDMxB387</name>

             <period >0.1</period>

             <monitor ></monitor>
</channel>

         <channel >
             <name >TEST-BST1:RNDMxB388</name>

             <period >0.1</period>

             <monitor ></monitor>
</channel>

         <channel >
             <name >TEST-BST1:RNDMxB389</name>

             <period >0.1</period>

             <monitor ></monitor>
</channel>

         <channel >
             <name >TEST-BST1:RNDMxB39</name>

             <period >0.1</period>

             <monitor ></monitor>
</channel>

         <channel >
             <name >TEST-BST1:RNDMxB390</name>

             <period >0.1</period>

             <monitor ></monitor>
</channel>

         <channel >
             <name >TEST-BST1:RNDMxB391</name>

             <period >0.1</period>

             <monitor ></monitor>
</channel>

         <channel >
             <name >TEST-BST1:RNDMxB392</name>

             <period >0.1</period>

             <monitor ></monitor>
</channel>

         <channel >
             <name >TEST-BST1:RNDMxB393</name>

             <period >0.1</period>

             <monitor ></monitor>
</channel>

         <channel >
             <name >TEST-BST1:RNDMxB394</name>

             <period >0.1</period>

             <monitor ></monitor>
</channel>

         <channel >
             <name >TEST-BST1:RNDMxB395</name>

             <period >0.1</period>

             <monitor ></monitor>
</channel>

         <channel >
             <name >TEST-BST1:RNDMxB396</name>

             <period >0.1</period>

             <monitor ></monitor>
</channel>

         <channel >
             <name >TEST-BST1:RNDMxB397</name>

             <period >0.1</period>

             <monitor ></monitor>
</channel>

         <channel >
             <name >TEST-BST1:RNDMxB398</name>

             <period >0.1</period>

             <monitor ></monitor>
</channel>

         <channel >
             <name >TEST-BST1:RNDMxB399</name>

             <period >0.1</period>

             <monitor ></monitor>
</channel>

         <channel >
             <name >TEST-BST1:RNDMxB4</name>

             <period >0.1</period>

             <monitor ></monitor>
</channel>

         <channel >
             <name >TEST-BST1:RNDMxB40</name>

             <period >0.1</period>

             <monitor ></monitor>
</channel>

         <channel >
             <name >TEST-BST1:RNDMxB400</name>

             <period >0.1</period>

             <monitor ></monitor>
</channel>

         <channel >
             <name >TEST-BST1:RNDMxB401</name>

             <period >0.1</period>

             <monitor ></monitor>
</channel>

         <channel >
             <name >TEST-BST1:RNDMxB402</name>

             <period >0.1</period>

             <monitor ></monitor>
</channel>

         <channel >
             <name >TEST-BST1:RNDMxB403</name>

             <period >0.1</period>

             <monitor ></monitor>
</channel>

         <channel >
             <name >TEST-BST1:RNDMxB404</name>

             <period >0.1</period>

             <monitor ></monitor>
</channel>

         <channel >
             <name >TEST-BST1:RNDMxB405</name>

             <period >0.1</period>

             <monitor ></monitor>
</channel>

         <channel >
             <name >TEST-BST1:RNDMxB406</name>

             <period >0.1</period>

             <monitor ></monitor>
</channel>

         <channel >
             <name >TEST-BST1:RNDMxB407</name>

             <period >0.1</period>

             <monitor ></monitor>
</channel>

         <channel >
             <name >TEST-BST1:RNDMxB408</name>

             <period >0.1</period>

             <monitor ></monitor>
</channel>

         <channel >
             <name >TEST-BST1:RNDMxB409</name>

             <period >0.1</period>

             <monitor ></monitor>
</channel>

         <channel >
             <name >TEST-BST1:RNDMxB41</name>

             <period >0.1</period>

             <monitor ></monitor>
</channel>

         <channel >
             <name >TEST-BST1:RNDMxB410</name>

             <period >0.1</period>

             <monitor ></monitor>
</channel>

         <channel >
             <name >TEST-BST1:RNDMxB411</name>

             <period >0.1</period>

             <monitor ></monitor>
</channel>

         <channel >
             <name >TEST-BST1:RNDMxB412</name>

             <period >0.1</period>

             <monitor ></monitor>
</channel>

         <channel >
             <name >TEST-BST1:RNDMxB413</name>

             <period >0.1</period>

             <monitor ></monitor>
</channel>

         <channel >
             <name >TEST-BST1:RNDMxB414</name>

             <period >0.1</period>

             <monitor ></monitor>
</channel>

         <channel >
             <name >TEST-BST1:RNDMxB415</name>

             <period >0.1</period>

             <monitor ></monitor>
</channel>

         <channel >
             <name >TEST-BST1:RNDMxB416</name>

             <period >0.1</period>

             <monitor ></monitor>
</channel>

         <channel >
             <name >TEST-BST1:RNDMxB417</name>

             <period >0.1</period>

             <monitor ></monitor>
</channel>

         <channel >
             <name >TEST-BST1:RNDMxB418</name>

             <period >0.1</period>

             <monitor ></monitor>
</channel>

         <channel >
             <name >TEST-BST1:RNDMxB419</name>

             <period >0.1</period>

             <monitor ></monitor>
</channel>

         <channel >
             <name >TEST-BST1:RNDMxB42</name>

             <period >0.1</period>

             <monitor ></monitor>
</channel>

         <channel >
             <name >TEST-BST1:RNDMxB420</name>

             <period >0.1</period>

             <monitor ></monitor>
</channel>

         <channel >
             <name >TEST-BST1:RNDMxB421</name>

             <period >0.1</period>

             <monitor ></monitor>
</channel>

         <channel >
             <name >TEST-BST1:RNDMxB422</name>

             <period >0.1</period>

             <monitor ></monitor>
</channel>

         <channel >
             <name >TEST-BST1:RNDMxB423</name>

             <period >0.1</period>

             <monitor ></monitor>
</channel>

         <channel >
             <name >TEST-BST1:RNDMxB424</name>

             <period >0.1</period>

             <monitor ></monitor>
</channel>

         <channel >
             <name >TEST-BST1:RNDMxB425</name>

             <period >0.1</period>

             <monitor ></monitor>
</channel>

         <channel >
             <name >TEST-BST1:RNDMxB426</name>

             <period >0.1</period>

             <monitor ></monitor>
</channel>

         <channel >
             <name >TEST-BST1:RNDMxB427</name>

             <period >0.1</period>

             <monitor ></monitor>
</channel>

         <channel >
             <name >TEST-BST1:RNDMxB428</name>

             <period >0.1</period>

             <monitor ></monitor>
</channel>

         <channel >
             <name >TEST-BST1:RNDMxB429</name>

             <period >0.1</period>

             <monitor ></monitor>
</channel>

         <channel >
             <name >TEST-BST1:RNDMxB43</name>

             <period >0.1</period>

             <monitor ></monitor>
</channel>

         <channel >
             <name >TEST-BST1:RNDMxB430</name>

             <period >0.1</period>

             <monitor ></monitor>
</channel>

         <channel >
             <name >TEST-BST1:RNDMxB431</name>

             <period >0.1</period>

             <monitor ></monitor>
</channel>

         <channel >
             <name >TEST-BST1:RNDMxB432</name>

             <period >0.1</period>

             <monitor ></monitor>
</channel>

         <channel >
             <name >TEST-BST1:RNDMxB433</name>

             <period >0.1</period>

             <monitor ></monitor>
</channel>

         <channel >
             <name >TEST-BST1:RNDMxB434</name>

             <period >0.1</period>

             <monitor ></monitor>
</channel>

         <channel >
             <name >TEST-BST1:RNDMxB435</name>

             <period >0.1</period>

             <monitor ></monitor>
</channel>

         <channel >
             <name >TEST-BST1:RNDMxB436</name>

             <period >0.1</period>

             <monitor ></monitor>
</channel>

         <channel >
             <name >TEST-BST1:RNDMxB437</name>

             <period >0.1</period>

             <monitor ></monitor>
</channel>

         <channel >
             <name >TEST-BST1:RNDMxB438</name>

             <period >0.1</period>

             <monitor ></monitor>
</channel>

         <channel >
             <name >TEST-BST1:RNDMxB439</name>

             <period >0.1</period>

             <monitor ></monitor>
</channel>

         <channel >
             <name >TEST-BST1:RNDMxB44</name>

             <period >0.1</period>

             <monitor ></monitor>
</channel>

         <channel >
             <name >TEST-BST1:RNDMxB440</name>

             <period >0.1</period>

             <monitor ></monitor>
</channel>

         <channel >
             <name >TEST-BST1:RNDMxB441</name>

             <period >0.1</period>

             <monitor ></monitor>
</channel>

         <channel >
             <name >TEST-BST1:RNDMxB442</name>

             <period >0.1</period>

             <monitor ></monitor>
</channel>

         <channel >
             <name >TEST-BST1:RNDMxB443</name>

             <period >0.1</period>

             <monitor ></monitor>
</channel>

         <channel >
             <name >TEST-BST1:RNDMxB444</name>

             <period >0.1</period>

             <monitor ></monitor>
</channel>

         <channel >
             <name >TEST-BST1:RNDMxB445</name>

             <period >0.1</period>

             <monitor ></monitor>
</channel>

         <channel >
             <name >TEST-BST1:RNDMxB446</name>

             <period >0.1</period>

             <monitor ></monitor>
</channel>

         <channel >
             <name >TEST-BST1:RNDMxB447</name>

             <period >0.1</period>

             <monitor ></monitor>
</channel>

         <channel >
             <name >TEST-BST1:RNDMxB448</name>

             <period >0.1</period>

             <monitor ></monitor>
</channel>

         <channel >
             <name >TEST-BST1:RNDMxB449</name>

             <period >0.1</period>

             <monitor ></monitor>
</channel>

         <channel >
             <name >TEST-BST1:RNDMxB45</name>

             <period >0.1</period>

             <monitor ></monitor>
</channel>

         <channel >
             <name >TEST-BST1:RNDMxB450</name>

             <period >0.1</period>

             <monitor ></monitor>
</channel>

         <channel >
             <name >TEST-BST1:RNDMxB451</name>

             <period >0.1</period>

             <monitor ></monitor>
</channel>

         <channel >
             <name >TEST-BST1:RNDMxB452</name>

             <period >0.1</period>

             <monitor ></monitor>
</channel>

         <channel >
             <name >TEST-BST1:RNDMxB453</name>

             <period >0.1</period>

             <monitor ></monitor>
</channel>

         <channel >
             <name >TEST-BST1:RNDMxB454</name>

             <period >0.1</period>

             <monitor ></monitor>
</channel>

         <channel >
             <name >TEST-BST1:RNDMxB455</name>

             <period >0.1</period>

             <monitor ></monitor>
</channel>

         <channel >
             <name >TEST-BST1:RNDMxB456</name>

             <period >0.1</period>

             <monitor ></monitor>
</channel>

         <channel >
             <name >TEST-BST1:RNDMxB457</name>

             <period >0.1</period>

             <monitor ></monitor>
</channel>

         <channel >
             <name >TEST-BST1:RNDMxB458</name>

             <period >0.1</period>

             <monitor ></monitor>
</channel>

         <channel >
             <name >TEST-BST1:RNDMxB459</name>

             <period >0.1</period>

             <monitor ></monitor>
</channel>

         <channel >
             <name >TEST-BST1:RNDMxB46</name>

             <period >0.1</period>

             <monitor ></monitor>
</channel>

         <channel >
             <name >TEST-BST1:RNDMxB460</name>

             <period >0.1</period>

             <monitor ></monitor>
</channel>

         <channel >
             <name >TEST-BST1:RNDMxB461</name>

             <period >0.1</period>

             <monitor ></monitor>
</channel>

         <channel >
             <name >TEST-BST1:RNDMxB462</name>

             <period >0.1</period>

             <monitor ></monitor>
</channel>

         <channel >
             <name >TEST-BST1:RNDMxB463</name>

             <period >0.1</period>

             <monitor ></monitor>
</channel>

         <channel >
             <name >TEST-BST1:RNDMxB464</name>

             <period >0.1</period>

             <monitor ></monitor>
</channel>

         <channel >
             <name >TEST-BST1:RNDMxB465</name>

             <period >0.1</period>

             <monitor ></monitor>
</channel>

         <channel >
             <name >TEST-BST1:RNDMxB466</name>

             <period >0.1</period>

             <monitor ></monitor>
</channel>

         <channel >
             <name >TEST-BST1:RNDMxB467</name>

             <period >0.1</period>

             <monitor ></monitor>
</channel>

         <channel >
             <name >TEST-BST1:RNDMxB468</name>

             <period >0.1</period>

             <monitor ></monitor>
</channel>

         <channel >
             <name >TEST-BST1:RNDMxB469</name>

             <period >0.1</period>

             <monitor ></monitor>
</channel>

         <channel >
             <name >TEST-BST1:RNDMxB47</name>

             <period >0.1</period>

             <monitor ></monitor>
</channel>

         <channel >
             <name >TEST-BST1:RNDMxB470</name>

             <period >0.1</period>

             <monitor ></monitor>
</channel>

         <channel >
             <name >TEST-BST1:RNDMxB471</name>

             <period >0.1</period>

             <monitor ></monitor>
</channel>

         <channel >
             <name >TEST-BST1:RNDMxB472</name>

             <period >0.1</period>

             <monitor ></monitor>
</channel>

         <channel >
             <name >TEST-BST1:RNDMxB473</name>

             <period >0.1</period>

             <monitor ></monitor>
</channel>

         <channel >
             <name >TEST-BST1:RNDMxB474</name>

             <period >0.1</period>

             <monitor ></monitor>
</channel>

         <channel >
             <name >TEST-BST1:RNDMxB475</name>

             <period >0.1</period>

             <monitor ></monitor>
</channel>

         <channel >
             <name >TEST-BST1:RNDMxB476</name>

             <period >0.1</period>

             <monitor ></monitor>
</channel>

         <channel >
             <name >TEST-BST1:RNDMxB477</name>

             <period >0.1</period>

             <monitor ></monitor>
</channel>

         <channel >
             <name >TEST-BST1:RNDMxB478</name>

             <period >0.1</period>

             <monitor ></monitor>
</channel>

         <channel >
             <name >TEST-BST1:RNDMxB479</name>

             <period >0.1</period>

             <monitor ></monitor>
</channel>

         <channel >
             <name >TEST-BST1:RNDMxB48</name>

             <period >0.1</period>

             <monitor ></monitor>
</channel>

         <channel >
             <name >TEST-BST1:RNDMxB480</name>

             <period >0.1</period>

             <monitor ></monitor>
</channel>

         <channel >
             <name >TEST-BST1:RNDMxB481</name>

             <period >0.1</period>

             <monitor ></monitor>
</channel>

         <channel >
             <name >TEST-BST1:RNDMxB482</name>

             <period >0.1</period>

             <monitor ></monitor>
</channel>

         <channel >
             <name >TEST-BST1:RNDMxB483</name>

             <period >0.1</period>

             <monitor ></monitor>
</channel>

         <channel >
             <name >TEST-BST1:RNDMxB484</name>

             <period >0.1</period>

             <monitor ></monitor>
</channel>

         <channel >
             <name >TEST-BST1:RNDMxB485</name>

             <period >0.1</period>

             <monitor ></monitor>
</channel>

         <channel >
             <name >TEST-BST1:RNDMxB486</name>

             <period >0.1</period>

             <monitor ></monitor>
</channel>

         <channel >
             <name >TEST-BST1:RNDMxB487</name>

             <period >0.1</period>

             <monitor ></monitor>
</channel>

         <channel >
             <name >TEST-BST1:RNDMxB488</name>

             <period >0.1</period>

             <monitor ></monitor>
</channel>

         <channel >
             <name >TEST-BST1:RNDMxB489</name>

             <period >0.1</period>

             <monitor ></monitor>
</channel>

         <channel >
             <name >TEST-BST1:RNDMxB49</name>

             <period >0.1</period>

             <monitor ></monitor>
</channel>

         <channel >
             <name >TEST-BST1:RNDMxB490</name>

             <period >0.1</period>

             <monitor ></monitor>
</channel>

         <channel >
             <name >TEST-BST1:RNDMxB491</name>

             <period >0.1</period>

             <monitor ></monitor>
</channel>

         <channel >
             <name >TEST-BST1:RNDMxB492</name>

             <period >0.1</period>

             <monitor ></monitor>
</channel>

         <channel >
             <name >TEST-BST1:RNDMxB493</name>

             <period >0.1</period>

             <monitor ></monitor>
</channel>

         <channel >
             <name >TEST-BST1:RNDMxB494</name>

             <period >0.1</period>

             <monitor ></monitor>
</channel>

         <channel >
             <name >TEST-BST1:RNDMxB495</name>

             <period >0.1</period>

             <monitor ></monitor>
</channel>

         <channel >
             <name >TEST-BST1:RNDMxB496</name>

             <period >0.1</period>

             <monitor ></monitor>
</channel>

         <channel >
             <name >TEST-BST1:RNDMxB497</name>

             <period >0.1</period>

             <monitor ></monitor>
</channel>

         <channel >
             <name >TEST-BST1:RNDMxB498</name>

             <period >0.1</period>

             <monitor ></monitor>
</channel>

         <channel >
             <name >TEST-BST1:RNDMxB499</name>

             <period >0.1</period>

             <monitor ></monitor>
</channel>

         <channel >
             <name >TEST-BST1:RNDMxB5</name>

             <period >0.1</period>

             <monitor ></monitor>
</channel>

         <channel >
             <name >TEST-BST1:RNDMxB50</name>

             <period >0.1</period>

             <monitor ></monitor>
</channel>

         <channel >
             <name >TEST-BST1:RNDMxB500</name>

             <period >0.1</period>

             <monitor ></monitor>
</channel>

         <channel >
             <name >TEST-BST1:RNDMxB501</name>

             <period >0.1</period>

             <monitor ></monitor>
</channel>

         <channel >
             <name >TEST-BST1:RNDMxB502</name>

             <period >0.1</period>

             <monitor ></monitor>
</channel>

         <channel >
             <name >TEST-BST1:RNDMxB503</name>

             <period >0.1</period>

             <monitor ></monitor>
</channel>

         <channel >
             <name >TEST-BST1:RNDMxB504</name>

             <period >0.1</period>

             <monitor ></monitor>
</channel>

         <channel >
             <name >TEST-BST1:RNDMxB505</name>

             <period >0.1</period>

             <monitor ></monitor>
</channel>

         <channel >
             <name >TEST-BST1:RNDMxB506</name>

             <period >0.1</period>

             <monitor ></monitor>
</channel>

         <channel >
             <name >TEST-BST1:RNDMxB507</name>

             <period >0.1</period>

             <monitor ></monitor>
</channel>

         <channel >
             <name >TEST-BST1:RNDMxB508</name>

             <period >0.1</period>

             <monitor ></monitor>
</channel>

         <channel >
             <name >TEST-BST1:RNDMxB509</name>

             <period >0.1</period>

             <monitor ></monitor>
</channel>

         <channel >
             <name >TEST-BST1:RNDMxB51</name>

             <period >0.1</period>

             <monitor ></monitor>
</channel>

         <channel >
             <name >TEST-BST1:RNDMxB510</name>

             <period >0.1</period>

             <monitor ></monitor>
</channel>

         <channel >
             <name >TEST-BST1:RNDMxB511</name>

             <period >0.1</period>

             <monitor ></monitor>
</channel>

         <channel >
             <name >TEST-BST1:RNDMxB512</name>

             <period >0.1</period>

             <monitor ></monitor>
</channel>

         <channel >
             <name >TEST-BST1:RNDMxB513</name>

             <period >0.1</period>

             <monitor ></monitor>
</channel>

         <channel >
             <name >TEST-BST1:RNDMxB514</name>

             <period >0.1</period>

             <monitor ></monitor>
</channel>

         <channel >
             <name >TEST-BST1:RNDMxB515</name>

             <period >0.1</period>

             <monitor ></monitor>
</channel>

         <channel >
             <name >TEST-BST1:RNDMxB516</name>

             <period >0.1</period>

             <monitor ></monitor>
</channel>

         <channel >
             <name >TEST-BST1:RNDMxB517</name>

             <period >0.1</period>

             <monitor ></monitor>
</channel>

         <channel >
             <name >TEST-BST1:RNDMxB518</name>

             <period >0.1</period>

             <monitor ></monitor>
</channel>

         <channel >
             <name >TEST-BST1:RNDMxB519</name>

             <period >0.1</period>

             <monitor ></monitor>
</channel>

         <channel >
             <name >TEST-BST1:RNDMxB52</name>

             <period >0.1</period>

             <monitor ></monitor>
</channel>

         <channel >
             <name >TEST-BST1:RNDMxB520</name>

             <period >0.1</period>

             <monitor ></monitor>
</channel>

         <channel >
             <name >TEST-BST1:RNDMxB521</name>

             <period >0.1</period>

             <monitor ></monitor>
</channel>

         <channel >
             <name >TEST-BST1:RNDMxB522</name>

             <period >0.1</period>

             <monitor ></monitor>
</channel>

         <channel >
             <name >TEST-BST1:RNDMxB523</name>

             <period >0.1</period>

             <monitor ></monitor>
</channel>

         <channel >
             <name >TEST-BST1:RNDMxB524</name>

             <period >0.1</period>

             <monitor ></monitor>
</channel>

         <channel >
             <name >TEST-BST1:RNDMxB525</name>

             <period >0.1</period>

             <monitor ></monitor>
</channel>

         <channel >
             <name >TEST-BST1:RNDMxB526</name>

             <period >0.1</period>

             <monitor ></monitor>
</channel>

         <channel >
             <name >TEST-BST1:RNDMxB527</name>

             <period >0.1</period>

             <monitor ></monitor>
</channel>

         <channel >
             <name >TEST-BST1:RNDMxB528</name>

             <period >0.1</period>

             <monitor ></monitor>
</channel>

         <channel >
             <name >TEST-BST1:RNDMxB529</name>

             <period >0.1</period>

             <monitor ></monitor>
</channel>

         <channel >
             <name >TEST-BST1:RNDMxB53</name>

             <period >0.1</period>

             <monitor ></monitor>
</channel>

         <channel >
             <name >TEST-BST1:RNDMxB530</name>

             <period >0.1</period>

             <monitor ></monitor>
</channel>

         <channel >
             <name >TEST-BST1:RNDMxB531</name>

             <period >0.1</period>

             <monitor ></monitor>
</channel>

         <channel >
             <name >TEST-BST1:RNDMxB532</name>

             <period >0.1</period>

             <monitor ></monitor>
</channel>

         <channel >
             <name >TEST-BST1:RNDMxB533</name>

             <period >0.1</period>

             <monitor ></monitor>
</channel>

         <channel >
             <name >TEST-BST1:RNDMxB534</name>

             <period >0.1</period>

             <monitor ></monitor>
</channel>

         <channel >
             <name >TEST-BST1:RNDMxB535</name>

             <period >0.1</period>

             <monitor ></monitor>
</channel>

         <channel >
             <name >TEST-BST1:RNDMxB536</name>

             <period >0.1</period>

             <monitor ></monitor>
</channel>

         <channel >
             <name >TEST-BST1:RNDMxB537</name>

             <period >0.1</period>

             <monitor ></monitor>
</channel>

         <channel >
             <name >TEST-BST1:RNDMxB538</name>

             <period >0.1</period>

             <monitor ></monitor>
</channel>

         <channel >
             <name >TEST-BST1:RNDMxB539</name>

             <period >0.1</period>

             <monitor ></monitor>
</channel>

         <channel >
             <name >TEST-BST1:RNDMxB54</name>

             <period >0.1</period>

             <monitor ></monitor>
</channel>

         <channel >
             <name >TEST-BST1:RNDMxB540</name>

             <period >0.1</period>

             <monitor ></monitor>
</channel>

         <channel >
             <name >TEST-BST1:RNDMxB541</name>

             <period >0.1</period>

             <monitor ></monitor>
</channel>

         <channel >
             <name >TEST-BST1:RNDMxB542</name>

             <period >0.1</period>

             <monitor ></monitor>
</channel>

         <channel >
             <name >TEST-BST1:RNDMxB543</name>

             <period >0.1</period>

             <monitor ></monitor>
</channel>

         <channel >
             <name >TEST-BST1:RNDMxB544</name>

             <period >0.1</period>

             <monitor ></monitor>
</channel>

         <channel >
             <name >TEST-BST1:RNDMxB545</name>

             <period >0.1</period>

             <monitor ></monitor>
</channel>

         <channel >
             <name >TEST-BST1:RNDMxB546</name>

             <period >0.1</period>

             <monitor ></monitor>
</channel>

         <channel >
             <name >TEST-BST1:RNDMxB547</name>

             <period >0.1</period>

             <monitor ></monitor>
</channel>

         <channel >
             <name >TEST-BST1:RNDMxB548</name>

             <period >0.1</period>

             <monitor ></monitor>
</channel>

         <channel >
             <name >TEST-BST1:RNDMxB549</name>

             <period >0.1</period>

             <monitor ></monitor>
</channel>

         <channel >
             <name >TEST-BST1:RNDMxB55</name>

             <period >0.1</period>

             <monitor ></monitor>
</channel>

         <channel >
             <name >TEST-BST1:RNDMxB550</name>

             <period >0.1</period>

             <monitor ></monitor>
</channel>

         <channel >
             <name >TEST-BST1:RNDMxB551</name>

             <period >0.1</period>

             <monitor ></monitor>
</channel>

         <channel >
             <name >TEST-BST1:RNDMxB552</name>

             <period >0.1</period>

             <monitor ></monitor>
</channel>

         <channel >
             <name >TEST-BST1:RNDMxB553</name>

             <period >0.1</period>

             <monitor ></monitor>
</channel>

         <channel >
             <name >TEST-BST1:RNDMxB554</name>

             <period >0.1</period>

             <monitor ></monitor>
</channel>

         <channel >
             <name >TEST-BST1:RNDMxB555</name>

             <period >0.1</period>

             <monitor ></monitor>
</channel>

         <channel >
             <name >TEST-BST1:RNDMxB556</name>

             <period >0.1</period>

             <monitor ></monitor>
</channel>

         <channel >
             <name >TEST-BST1:RNDMxB557</name>

             <period >0.1</period>

             <monitor ></monitor>
</channel>

         <channel >
             <name >TEST-BST1:RNDMxB558</name>

             <period >0.1</period>

             <monitor ></monitor>
</channel>

         <channel >
             <name >TEST-BST1:RNDMxB559</name>

             <period >0.1</period>

             <monitor ></monitor>
</channel>

         <channel >
             <name >TEST-BST1:RNDMxB56</name>

             <period >0.1</period>

             <monitor ></monitor>
</channel>

         <channel >
             <name >TEST-BST1:RNDMxB560</name>

             <period >0.1</period>

             <monitor ></monitor>
</channel>

         <channel >
             <name >TEST-BST1:RNDMxB561</name>

             <period >0.1</period>

             <monitor ></monitor>
</channel>

         <channel >
             <name >TEST-BST1:RNDMxB562</name>

             <period >0.1</period>

             <monitor ></monitor>
</channel>

         <channel >
             <name >TEST-BST1:RNDMxB563</name>

             <period >0.1</period>

             <monitor ></monitor>
</channel>

         <channel >
             <name >TEST-BST1:RNDMxB564</name>

             <period >0.1</period>

             <monitor ></monitor>
</channel>

         <channel >
             <name >TEST-BST1:RNDMxB565</name>

             <period >0.1</period>

             <monitor ></monitor>
</channel>

         <channel >
             <name >TEST-BST1:RNDMxB566</name>

             <period >0.1</period>

             <monitor ></monitor>
</channel>

         <channel >
             <name >TEST-BST1:RNDMxB567</name>

             <period >0.1</period>

             <monitor ></monitor>
</channel>

         <channel >
             <name >TEST-BST1:RNDMxB568</name>

             <period >0.1</period>

             <monitor ></monitor>
</channel>

         <channel >
             <name >TEST-BST1:RNDMxB569</name>

             <period >0.1</period>

             <monitor ></monitor>
</channel>

         <channel >
             <name >TEST-BST1:RNDMxB57</name>

             <period >0.1</period>

             <monitor ></monitor>
</channel>

         <channel >
             <name >TEST-BST1:RNDMxB570</name>

             <period >0.1</period>

             <monitor ></monitor>
</channel>

         <channel >
             <name >TEST-BST1:RNDMxB571</name>

             <period >0.1</period>

             <monitor ></monitor>
</channel>

         <channel >
             <name >TEST-BST1:RNDMxB572</name>

             <period >0.1</period>

             <monitor ></monitor>
</channel>

         <channel >
             <name >TEST-BST1:RNDMxB573</name>

             <period >0.1</period>

             <monitor ></monitor>
</channel>

         <channel >
             <name >TEST-BST1:RNDMxB574</name>

             <period >0.1</period>

             <monitor ></monitor>
</channel>

         <channel >
             <name >TEST-BST1:RNDMxB575</name>

             <period >0.1</period>

             <monitor ></monitor>
</channel>

         <channel >
             <name >TEST-BST1:RNDMxB576</name>

             <period >0.1</period>

             <monitor ></monitor>
</channel>

         <channel >
             <name >TEST-BST1:RNDMxB577</name>

             <period >0.1</period>

             <monitor ></monitor>
</channel>

         <channel >
             <name >TEST-BST1:RNDMxB578</name>

             <period >0.1</period>

             <monitor ></monitor>
</channel>

         <channel >
             <name >TEST-BST1:RNDMxB579</name>

             <period >0.1</period>

             <monitor ></monitor>
</channel>

         <channel >
             <name >TEST-BST1:RNDMxB58</name>

             <period >0.1</period>

             <monitor ></monitor>
</channel>

         <channel >
             <name >TEST-BST1:RNDMxB580</name>

             <period >0.1</period>

             <monitor ></monitor>
</channel>

         <channel >
             <name >TEST-BST1:RNDMxB581</name>

             <period >0.1</period>

             <monitor ></monitor>
</channel>

         <channel >
             <name >TEST-BST1:RNDMxB582</name>

             <period >0.1</period>

             <monitor ></monitor>
</channel>

         <channel >
             <name >TEST-BST1:RNDMxB583</name>

             <period >0.1</period>

             <monitor ></monitor>
</channel>

         <channel >
             <name >TEST-BST1:RNDMxB584</name>

             <period >0.1</period>

             <monitor ></monitor>
</channel>

         <channel >
             <name >TEST-BST1:RNDMxB585</name>

             <period >0.1</period>

             <monitor ></monitor>
</channel>

         <channel >
             <name >TEST-BST1:RNDMxB586</name>

             <period >0.1</period>

             <monitor ></monitor>
</channel>

         <channel >
             <name >TEST-BST1:RNDMxB587</name>

             <period >0.1</period>

             <monitor ></monitor>
</channel>

         <channel >
             <name >TEST-BST1:RNDMxB588</name>

             <period >0.1</period>

             <monitor ></monitor>
</channel>

         <channel >
             <name >TEST-BST1:RNDMxB589</name>

             <period >0.1</period>

             <monitor ></monitor>
</channel>

         <channel >
             <name >TEST-BST1:RNDMxB59</name>

             <period >0.1</period>

             <monitor ></monitor>
</channel>

         <channel >
             <name >TEST-BST1:RNDMxB590</name>

             <period >0.1</period>

             <monitor ></monitor>
</channel>

         <channel >
             <name >TEST-BST1:RNDMxB591</name>

             <period >0.1</period>

             <monitor ></monitor>
</channel>

         <channel >
             <name >TEST-BST1:RNDMxB592</name>

             <period >0.1</period>

             <monitor ></monitor>
</channel>

         <channel >
             <name >TEST-BST1:RNDMxB593</name>

             <period >0.1</period>

             <monitor ></monitor>
</channel>

         <channel >
             <name >TEST-BST1:RNDMxB594</name>

             <period >0.1</period>

             <monitor ></monitor>
</channel>

         <channel >
             <name >TEST-BST1:RNDMxB595</name>

             <period >0.1</period>

             <monitor ></monitor>
</channel>

         <channel >
             <name >TEST-BST1:RNDMxB596</name>

             <period >0.1</period>

             <monitor ></monitor>
</channel>

         <channel >
             <name >TEST-BST1:RNDMxB597</name>

             <period >0.1</period>

             <monitor ></monitor>
</channel>

         <channel >
             <name >TEST-BST1:RNDMxB598</name>

             <period >0.1</period>

             <monitor ></monitor>
</channel>

         <channel >
             <name >TEST-BST1:RNDMxB599</name>

             <period >0.1</period>

             <monitor ></monitor>
</channel>

         <channel >
             <name >TEST-BST1:RNDMxB6</name>

             <period >0.1</period>

             <monitor ></monitor>
</channel>

         <channel >
             <name >TEST-BST1:RNDMxB60</name>

             <period >0.1</period>

             <monitor ></monitor>
</channel>

         <channel >
             <name >TEST-BST1:RNDMxB61</name>

             <period >0.1</period>

             <monitor ></monitor>
</channel>

         <channel >
             <name >TEST-BST1:RNDMxB62</name>

             <period >0.1</period>

             <monitor ></monitor>
</channel>

         <channel >
             <name >TEST-BST1:RNDMxB63</name>

             <period >0.1</period>

             <monitor ></monitor>
</channel>

         <channel >
             <name >TEST-BST1:RNDMxB64</name>

             <period >0.1</period>

             <monitor ></monitor>
</channel>

         <channel >
             <name >TEST-BST1:RNDMxB65</name>

             <period >0.1</period>

             <monitor ></monitor>
</channel>

         <channel >
             <name >TEST-BST1:RNDMxB66</name>

             <period >0.1</period>

             <monitor ></monitor>
</channel>

         <channel >
             <name >TEST-BST1:RNDMxB67</name>

             <period >0.1</period>

             <monitor ></monitor>
</channel>

         <channel >
             <name >TEST-BST1:RNDMxB68</name>

             <period >0.1</period>

             <monitor ></monitor>
</channel>

         <channel >
             <name >TEST-BST1:RNDMxB69</name>

             <period >0.1</period>

             <monitor ></monitor>
</channel>

         <channel >
             <name >TEST-BST1:RNDMxB7</name>

             <period >0.1</period>

             <monitor ></monitor>
</channel>

         <channel >
             <name >TEST-BST1:RNDMxB70</name>

             <period >0.1</period>

             <monitor ></monitor>
</channel>

         <channel >
             <name >TEST-BST1:RNDMxB71</name>

             <period >0.1</period>

             <monitor ></monitor>
</channel>

         <channel >
             <name >TEST-BST1:RNDMxB72</name>

             <period >0.1</period>

             <monitor ></monitor>
</channel>

         <channel >
             <name >TEST-BST1:RNDMxB73</name>

             <period >0.1</period>

             <monitor ></monitor>
</channel>

         <channel >
             <name >TEST-BST1:RNDMxB74</name>

             <period >0.1</period>

             <monitor ></monitor>
</channel>

         <channel >
             <name >TEST-BST1:RNDMxB75</name>

             <period >0.1</period>

             <monitor ></monitor>
</channel>

         <channel >
             <name >TEST-BST1:RNDMxB76</name>

             <period >0.1</period>

             <monitor ></monitor>
</channel>

         <channel >
             <name >TEST-BST1:RNDMxB77</name>

             <period >0.1</period>

             <monitor ></monitor>
</channel>

         <channel >
             <name >TEST-BST1:RNDMxB78</name>

             <period >0.1</period>

             <monitor ></monitor>
</channel>

         <channel >
             <name >TEST-BST1:RNDMxB79</name>

             <period >0.1</period>

             <monitor ></monitor>
</channel>

         <channel >
             <name >TEST-BST1:RNDMxB8</name>

             <period >0.1</period>

             <monitor ></monitor>
</channel>

         <channel >
             <name >TEST-BST1:RNDMxB80</name>

             <period >0.1</period>

             <monitor ></monitor>
</channel>

         <channel >
             <name >TEST-BST1:RNDMxB81</name>

             <period >0.1</period>

             <monitor ></monitor>
</channel>

         <channel >
             <name >TEST-BST1:RNDMxB82</name>

             <period >0.1</period>

             <monitor ></monitor>
</channel>

         <channel >
             <name >TEST-BST1:RNDMxB83</name>

             <period >0.1</period>

             <monitor ></monitor>
</channel>

         <channel >
             <name >TEST-BST1:RNDMxB84</name>

             <period >0.1</period>

             <monitor ></monitor>
</channel>

         <channel >
             <name >TEST-BST1:RNDMxB85</name>

             <period >0.1</period>

             <monitor ></monitor>
</channel>

         <channel >
             <name >TEST-BST1:RNDMxB86</name>

             <period >0.1</period>

             <monitor ></monitor>
</channel>

         <channel >
             <name >TEST-BST1:RNDMxB87</name>

             <period >0.1</period>

             <monitor ></monitor>
</channel>

         <channel >
             <name >TEST-BST1:RNDMxB88</name>

             <period >0.1</period>

             <monitor ></monitor>
</channel>

         <channel >
             <name >TEST-BST1:RNDMxB89</name>

             <period >0.1</period>

             <monitor ></monitor>
</channel>

         <channel >
             <name >TEST-BST1:RNDMxB9</name>

             <period >0.1</period>

             <monitor ></monitor>
</channel>

         <channel >
             <name >TEST-BST1:RNDMxB90</name>

             <period >0.1</period>

             <monitor ></monitor>
</channel>

         <channel >
             <name >TEST-BST1:RNDMxB91</name>

             <period >0.1</period>

             <monitor ></monitor>
</channel>

         <channel >
             <name >TEST-BST1:RNDMxB92</name>

             <period >0.1</period>

             <monitor ></monitor>
</channel>

         <channel >
             <name >TEST-BST1:RNDMxB93</name>

             <period >0.1</period>

             <monitor ></monitor>
</channel>

         <channel >
             <name >TEST-BST1:RNDMxB94</name>

             <period >0.1</period>

             <monitor ></monitor>
</channel>

         <channel >
             <name >TEST-BST1:RNDMxB95</name>

             <period >0.1</period>

             <monitor ></monitor>
</channel>

         <channel >
             <name >TEST-BST1:RNDMxB96</name>

             <period >0.1</period>

             <monitor ></monitor>
</channel>

         <channel >
             <name >TEST-BST1:RNDMxB97</name>

             <period >0.1</period>

             <monitor ></monitor>
</channel>

         <channel >
             <name >TEST-BST1:RNDMxB98</name>

             <period >0.1</period>

             <monitor ></monitor>
</channel>

         <channel >
             <name >TEST-BST1:RNDMxB99</name>

             <period >0.1</period>

             <monitor ></monitor>
</channel>
</group>

 </engineconfig>
