<?xml version="1.0" encoding="UTF-8" standalone="no"?>
<!-- 
  Archive Configuration
  Root: EngineConfig
  WARNING: This is an automatically generated file. PLEASE DO NOT MODIFY.
-->

 <engineconfig >
     <group >
         <name >TEST-BOY0-SYSM</name>

         <channel >
             <name >TEST-BOY0-SYSM:H0-CLOAD</name>

             <period >5.0</period>

             <monitor ></monitor>
</channel>

         <channel >
             <name >TEST-BOY0-SYSM:H0-FLOAD</name>

             <period >5.0</period>

             <monitor ></monitor>
</channel>

         <channel >
             <name >TEST-BOY0-SYSM:H0-MLOAD</name>

             <period >5.0</period>

             <monitor ></monitor>
</channel>

         <channel >
             <name >TEST-BOY0-SYSM:H0-NPRDROP</name>

             <period >5.0</period>

             <monitor ></monitor>
</channel>

         <channel >
             <name >TEST-BOY0-SYSM:H0-NPSDROP</name>

             <period >5.0</period>

             <monitor ></monitor>
</channel>

         <channel >
             <name >TEST-BOY0-SYSM:H0CORE-CPUUTL</name>

             <period >5.0</period>

             <monitor ></monitor>
</channel>

         <channel >
             <name >TEST-BOY0-SYSM:H0CORE-DBDLC</name>

             <period >300.0</period>

             <monitor ></monitor>
</channel>

         <channel >
             <name >TEST-BOY0-SYSM:H0CORE-FDUTL</name>

             <period >5.0</period>

             <monitor ></monitor>
</channel>

         <channel >
             <name >TEST-BOY0-SYSM:H0CORE-MEMUTL</name>

             <period >5.0</period>

             <monitor ></monitor>
</channel>

         <channel >
             <name >TEST-BOY0-SYSM:H0CORE-UPT</name>

             <period >300.0</period>

             <scan ></scan>
</channel>

         <channel >
             <name >TEST-BOY0-SYSM:H0SYSM-CPUUTL</name>

             <period >5.0</period>

             <monitor ></monitor>
</channel>

         <channel >
             <name >TEST-BOY0-SYSM:H0SYSM-DBDLC</name>

             <period >300.0</period>

             <monitor ></monitor>
</channel>

         <channel >
             <name >TEST-BOY0-SYSM:H0SYSM-FDUTL</name>

             <period >5.0</period>

             <monitor ></monitor>
</channel>

         <channel >
             <name >TEST-BOY0-SYSM:H0SYSM-MEMUTL</name>

             <period >5.0</period>

             <monitor ></monitor>
</channel>

         <channel >
             <name >TEST-BOY0-SYSM:H0SYSM-UPT</name>

             <period >300.0</period>

             <scan ></scan>
</channel>
</group>
</engineconfig>
