<?xml version="1.0"?>
<!-- 
  Alarm configuration
  Root: CODAC_AlarmHandler
  WARNING: This is an automatically generated file. PLEASE DO NOT MODIFY.
-->

 <config name="CODAC_AlarmHandler" >
     <component name="TEST-BOY1" >
         <component name="TEST-BOY1" >
             <component name="TEST-BOY1-SYSM" >
                 <pv name="TEST-BOY1-SYSM:H0-SYSHLTS" >
                     <latching >true</latching>
</pv>

                 <pv name="TEST-BOY1-SYSM:H0CORE-IOCHLTS" >
                     <latching >true</latching>
</pv>

                 <pv name="TEST-BOY1-SYSM:H0SYSM-IOCHLTS" >
                     <latching >true</latching>
</pv>
</component>
</component>
</component>
</config>
