<?xml version="1.0" encoding="UTF-8" standalone="no"?>
<!-- 
  Archive Configuration
  Root: EngineConfig
  WARNING: This is an automatically generated file. PLEASE DO NOT MODIFY.
-->

 <engineconfig >
     <group >
         <name >TEST-BTY0</name>

         <channel >
             <name >TEST-BTY0:AI1</name>

             <period >0.1</period>

             <monitor ></monitor>
</channel>

         <channel >
             <name >TEST-BTY0:AI2</name>

             <period >0.1</period>

             <monitor ></monitor>
</channel>

         <channel >
             <name >TEST-BTY0:AI3</name>

             <period >0.1</period>

             <monitor ></monitor>
</channel>

         <channel >
             <name >TEST-BTY0:ARCHIVE</name>

             <period >1.0</period>

             <monitor ></monitor>

             <enable ></enable>
</channel>

         <channel >
             <name >TEST-BTY0:BI</name>

             <period >1.0</period>

             <monitor ></monitor>
</channel>

         <channel >
             <name >TEST-BTY0:LONGIN</name>

             <period >0.1</period>

             <monitor ></monitor>
</channel>

         <channel >
             <name >TEST-BTY0:MBBI</name>

             <period >1.0</period>

             <monitor ></monitor>
</channel>

         <channel >
             <name >TEST-BTY0:RAMP1</name>

             <period >2.0</period>

             <monitor ></monitor>
</channel>

         <channel >
             <name >TEST-BTY0:RAMP2</name>

             <period >2.0</period>

             <monitor ></monitor>
</channel>

         <channel >
             <name >TEST-BTY0:STRING</name>

             <period >300.0</period>

             <scan ></scan>
</channel>

         <channel >
             <name >TEST-BTY0:WAVEFORM</name>

             <period >60.0</period>

             <scan ></scan>
</channel>
</group>
</engineconfig>
